Log file open, 01/23/20 17:30:34
LogWindows: Failed to load 'aqProf.dll' (GetLastError=126)
LogWindows: File 'aqProf.dll' does not exist
LogWindows: Failed to load 'VSPerf140.dll' (GetLastError=126)
LogWindows: File 'VSPerf140.dll' does not exist
LogWindows: Failed to load 'VtuneApi.dll' (GetLastError=126)
LogWindows: File 'VtuneApi.dll' does not exist
LogWindows: Failed to load 'VtuneApi32e.dll' (GetLastError=126)
LogWindows: File 'VtuneApi32e.dll' does not exist
LogInit: Display: Running engine for game: ProjektAdamK
LogPlatformFile: Not using cached read wrapper
LogTaskGraph: Started task graph with 5 named threads and 35 total threads with 3 sets of task threads.
LogStats: Stats thread started at 0.406706
LogD3D11RHI: Loaded GFSDK_Aftermath_Lib.x64.dll
LogICUInternationalization: Display: ICU TimeZone Detection - Raw Offset: +1:00, Platform Override: ''
LogPluginManager: Mounting plugin Paper2D
LogPluginManager: Mounting plugin AISupport
LogPluginManager: Mounting plugin LightPropagationVolume
LogPluginManager: Mounting plugin CLionSourceCodeAccess
LogPluginManager: Mounting plugin CodeLiteSourceCodeAccess
LogPluginManager: Mounting plugin GitSourceControl
LogPluginManager: Mounting plugin KDevelopSourceCodeAccess
LogPluginManager: Mounting plugin NullSourceCodeAccess
LogPluginManager: Mounting plugin PerforceSourceControl
LogPluginManager: Mounting plugin SubversionSourceControl
LogPluginManager: Mounting plugin UObjectPlugin
LogPluginManager: Mounting plugin VisualStudioCodeSourceCodeAccess
LogPluginManager: Mounting plugin VisualStudioSourceCodeAccess
LogPluginManager: Mounting plugin XCodeSourceCodeAccess
LogPluginManager: Mounting plugin AssetManagerEditor
LogPluginManager: Mounting plugin CryptoKeys
LogPluginManager: Mounting plugin DataValidation
LogPluginManager: Mounting plugin FacialAnimation
LogPluginManager: Mounting plugin GameplayTagsEditor
LogPluginManager: Mounting plugin MacGraphicsSwitching
LogPluginManager: Mounting plugin MeshEditor
LogPluginManager: Mounting plugin MobileLauncherProfileWizard
LogPluginManager: Mounting plugin PluginBrowser
LogPluginManager: Mounting plugin SpeedTreeImporter
LogPluginManager: Mounting plugin DatasmithContent
LogPluginManager: Mounting plugin AlembicImporter
LogPluginManager: Mounting plugin AppleImageUtils
LogPluginManager: Mounting plugin AppleVision
LogPluginManager: Mounting plugin BackChannel
LogPluginManager: Mounting plugin CharacterAI
LogPluginManager: Mounting plugin GeometryCache
LogPluginManager: Mounting plugin HTML5Networking
LogPluginManager: Mounting plugin ProxyLODPlugin
LogPluginManager: Mounting plugin MagicLeap
LogPluginManager: Mounting plugin MagicLeapEmulator
LogPluginManager: Mounting plugin MagicLeapMedia
LogPluginManager: Mounting plugin AndroidMedia
LogPluginManager: Mounting plugin AvfMedia
LogPluginManager: Mounting plugin ImgMedia
LogPluginManager: Mounting plugin LinearTimecode
LogPluginManager: Mounting plugin MediaCompositing
LogPluginManager: Mounting plugin MediaPlayerEditor
LogPluginManager: Mounting plugin WmfMedia
LogPluginManager: Mounting plugin TcpMessaging
LogPluginManager: Mounting plugin UdpMessaging
LogPluginManager: Mounting plugin ActorSequence
LogPluginManager: Mounting plugin LevelSequenceEditor
LogPluginManager: Mounting plugin MatineeToLevelSequence
LogPluginManager: Mounting plugin NetcodeUnitTest
LogPluginManager: Mounting plugin NUTUnrealEngine4
LogPluginManager: Mounting plugin OnlineSubsystemGooglePlay
LogPluginManager: Mounting plugin OnlineSubsystemIOS
LogPluginManager: Mounting plugin OnlineSubsystem
LogPluginManager: Mounting plugin OnlineSubsystemNull
LogPluginManager: Mounting plugin OnlineSubsystemUtils
LogPluginManager: Mounting plugin LauncherChunkInstaller
LogPluginManager: Mounting plugin AndroidDeviceProfileSelector
LogPluginManager: Mounting plugin AndroidMoviePlayer
LogPluginManager: Mounting plugin AndroidPermission
LogPluginManager: Mounting plugin AppleMoviePlayer
LogPluginManager: Mounting plugin ArchVisCharacter
LogPluginManager: Mounting plugin AudioCapture
LogPluginManager: Mounting plugin CableComponent
LogPluginManager: Mounting plugin CustomMeshComponent
LogPluginManager: Mounting plugin EditableMesh
LogPluginManager: Mounting plugin ExampleDeviceProfileSelector
LogPluginManager: Mounting plugin GoogleCloudMessaging
LogPluginManager: Mounting plugin ImmediatePhysics
LogPluginManager: Mounting plugin IOSDeviceProfileSelector
LogPluginManager: Mounting plugin LinuxDeviceProfileSelector
LogPluginManager: Mounting plugin LocationServicesBPLibrary
LogPluginManager: Mounting plugin MobilePatchingUtils
LogPluginManager: Mounting plugin OculusVR
LogPluginManager: Plugin shader directory ../../../Engine/Plugins/Runtime/Oculus/OculusVR/Shaders found
LogPluginManager: Mapping shader source directory ../../../Engine/Plugins/Runtime/Oculus/OculusVR/Shaders to virtual directory /Plugin/OculusVR
LogPluginManager: Mounting plugin PhysXVehicles
LogPluginManager: Mounting plugin ProceduralMeshComponent
LogPluginManager: Mounting plugin RuntimePhysXCooking
LogPluginManager: Mounting plugin SteamVR
LogPluginManager: Mounting plugin WindowsMoviePlayer
LogStreaming: Display: Took  0.145s to configure plugins.
LogInit: Using libcurl 7.55.1-DEV
LogInit:  - built for x86_64-pc-win32
LogInit:  - supports SSL with OpenSSL/1.0.2h
LogInit:  - supports HTTP deflate (compression) using libz 1.2.8
LogInit:  - other features:
LogInit:      CURL_VERSION_SSL
LogInit:      CURL_VERSION_LIBZ
LogInit:      CURL_VERSION_IPV6
LogInit:      CURL_VERSION_ASYNCHDNS
LogInit:      CURL_VERSION_LARGEFILE
LogInit:      CURL_VERSION_IDN
LogInit:  CurlRequestOptions (configurable via config and command line):
LogInit:  - bVerifyPeer = false  - Libcurl will NOT verify peer certificate
LogInit:  - bUseHttpProxy = false  - Libcurl will NOT use HTTP proxy
LogInit:  - bDontReuseConnections = false  - Libcurl will reuse connections
LogInit:  - CertBundlePath = nullptr  - Libcurl will use whatever was configured at build time.
LogInit:  - MaxHostConnections = 16  - Libcurl will limit the number of connections to a host
LogInit:  - LocalHostAddr = Default
LogInit:  - BufferSize = 65536
LogInit: WinSock: version 1.1 (2.2), MaxSocks=32767, MaxUdp=65467
LogInit: Build: ++UE4+Release-4.20-CL-4369336
LogInit: Engine Version: 4.20.3-4369336+++UE4+Release-4.20
LogInit: Compatible Engine Version: 4.20.0-4212847+++UE4+Release-4.20
LogInit: Net CL: 4212847
LogInit: OS: Windows 10 (), CPU: Intel(R) Core(TM) i7-8750H CPU @ 2.20GHz, GPU: Intel(R) UHD Graphics 630
LogInit: Compiled (64-bit): Sep 17 2018 12:26:19
LogInit: Compiled with Visual C++: 19.13.26129.00
LogInit: Build Configuration: Development
LogInit: Branch Name: ++UE4+Release-4.20
LogInit: Command Line: -EpicPortal  -epicusername="Theotokopulos" -epicuserid=e6512cb8604744178bf061b68307babf -epiclocale=pl-PL
LogInit: Base Directory: C:/Program Files/Epic Games/UE_4.20/Engine/Binaries/Win64/
LogInit: Installed Engine Build: 1
LogDevObjectVersion: Number of dev versions registered: 20
LogDevObjectVersion:   Dev-Blueprints (B0D832E4-1F89-4F0D-ACCF-7EB736FD4AA2): 10
LogDevObjectVersion:   Dev-Build (E1C64328-A22C-4D53-A36C-8E866417BD8C): 0
LogDevObjectVersion:   Dev-Core (375EC13C-06E4-48FB-B500-84F0262A717E): 2
LogDevObjectVersion:   Dev-Editor (E4B068ED-F494-42E9-A231-DA0B2E46BB41): 24
LogDevObjectVersion:   Dev-Framework (CFFC743F-43B0-4480-9391-14DF171D2073): 34
LogDevObjectVersion:   Dev-Mobile (B02B49B5-BB20-44E9-A304-32B752E40360): 2
LogDevObjectVersion:   Dev-Networking (A4E4105C-59A1-49B5-A7C5-40C4547EDFEE): 0
LogDevObjectVersion:   Dev-Online (39C831C9-5AE6-47DC-9A44-9C173E1C8E7C): 0
LogDevObjectVersion:   Dev-Physics (78F01B33-EBEA-4F98-B9B4-84EACCB95AA2): 0
LogDevObjectVersion:   Dev-Platform (6631380F-2D4D-43E0-8009-CF276956A95A): 0
LogDevObjectVersion:   Dev-Rendering (12F88B9F-8875-4AFC-A67C-D90C383ABD29): 26
LogDevObjectVersion:   Dev-Sequencer (7B5AE74C-D270-4C10-A958-57980B212A5A): 9
LogDevObjectVersion:   Dev-VR (D7296918-1DD6-4BDD-9DE2-64A83CC13884): 2
LogDevObjectVersion:   Dev-LoadTimes (C2A15278-BFE7-4AFE-6C17-90FF531DF755): 1
LogDevObjectVersion:   Private-Geometry (6EACA3D4-40EC-4CC1-B786-8BED09428FC5): 3
LogDevObjectVersion:   Dev-AnimPhys (29E575DD-E0A3-4627-9D10-D276232CDCEA): 17
LogDevObjectVersion:   Dev-ReflectionCapture (6B266CEC-1EC7-4B8F-A30B-E4D90942FC07): 1
LogDevObjectVersion:   Dev-Automation (0DF73D61-A23F-47EA-B727-89E90C41499A): 1
LogDevObjectVersion:   FortniteMain (601D1886-AC64-4F84-AA16-D3DE0DEAC7D6): 12
LogDevObjectVersion:   Dev-Enterprise (9DFFBCD6-494F-0158-E221-12823C92A888): 1
LogStreaming: Display: Took  0.006s to delete old logs.
LogInit: Presizing for max 8388607 objects, including 0 objects not considered by GC, pre-allocating 0 bytes for permanent pool.
LogInit: Object subsystem initialized
[2020.01.23-16.30.34:441][  0]LogInit: Selected Device Profile: [Windows]
[2020.01.23-16.30.34:441][  0]LogInit: Applying CVar settings loaded from the selected device profile: [Windows]
[2020.01.23-16.30.34:448][  0]LogHAL: Display: Platform has ~ 16 GB [17015590912 / 17179869184 / 16], which maps to Larger [LargestMinGB=32, LargerMinGB=12, DefaultMinGB=8, SmallerMinGB=6, SmallestMinGB=0)
[2020.01.23-16.30.34:448][  0]LogInit: Setting Device Profile CVar: [[r.Vulkan.UseRealUBs:1]]
[2020.01.23-16.30.34:449][  0]LogInit: Going up to parent DeviceProfile []
[2020.01.23-16.30.34:449][  0]LogInit: Computer: DESKTOP-UNUEO59
[2020.01.23-16.30.34:449][  0]LogInit: User: torra
[2020.01.23-16.30.34:449][  0]LogInit: CPU Page size=4096, Cores=6
[2020.01.23-16.30.34:449][  0]LogInit: High frequency timer resolution =10.000000 MHz
[2020.01.23-16.30.34:449][  0]LogMemory: Memory total: Physical=15.8GB (16GB approx)
[2020.01.23-16.30.34:449][  0]LogMemory: Platform Memory Stats for Windows
[2020.01.23-16.30.34:449][  0]LogMemory: Process Physical Memory: 101.80 MB used, 101.80 MB peak
[2020.01.23-16.30.34:449][  0]LogMemory: Process Virtual Memory: 86.18 MB used, 86.18 MB peak
[2020.01.23-16.30.34:449][  0]LogMemory: Physical Memory: 7336.74 MB used,  8890.59 MB free, 16227.33 MB total
[2020.01.23-16.30.34:449][  0]LogMemory: Virtual Memory: 4640.64 MB used,  8890.59 MB free, 134217728.00 MB total
[2020.01.23-16.30.34:468][  0]LogInit: Using OS detected language (pl-PL).
[2020.01.23-16.30.34:468][  0]LogInit: Using OS detected locale (pl-PL).
[2020.01.23-16.30.34:469][  0]LogTextLocalizationManager: No specific localization for 'pl-PL' exists, so the 'pl' localization will be used.
[2020.01.23-16.30.34:471][  0]LogStreaming: Display: Took  0.003s to InitEngineTextLocalization.
[2020.01.23-16.30.34:526][  0]LogSlate: New Slate User Created.  User Index 0, Is Virtual User: 0
[2020.01.23-16.30.34:526][  0]LogSlate: Slate User Registered.  User Index 0, Is Virtual User: 0
[2020.01.23-16.30.34:757][  0]LogHMD: Failed to initialize OpenVR with code 110
[2020.01.23-16.30.34:757][  0]LogD3D11RHI: D3D11 adapters:
[2020.01.23-16.30.34:837][  0]LogD3D11RHI:    0. 'NVIDIA GeForce GTX 1650' (Feature Level 11_0)
[2020.01.23-16.30.34:838][  0]LogD3D11RHI:       3962/0/8113 MB DedicatedVideo/DedicatedSystem/SharedSystem, Outputs:2, VendorId:0x10de
[2020.01.23-16.30.34:851][  0]LogD3D11RHI:    1. 'Intel(R) UHD Graphics 630' (Feature Level 11_0)
[2020.01.23-16.30.34:851][  0]LogD3D11RHI:       128/0/8113 MB DedicatedVideo/DedicatedSystem/SharedSystem, Outputs:0, VendorId:0x8086
[2020.01.23-16.30.34:853][  0]LogD3D11RHI:    2. 'Microsoft Basic Render Driver' (Feature Level 11_0)
[2020.01.23-16.30.34:853][  0]LogD3D11RHI:       0/0/8113 MB DedicatedVideo/DedicatedSystem/SharedSystem, Outputs:0, VendorId:0x1414
[2020.01.23-16.30.34:853][  0]LogD3D11RHI: Chosen D3D11 Adapter: 0
[2020.01.23-16.30.34:877][  0]LogD3D11RHI: Creating new Direct3DDevice
[2020.01.23-16.30.34:877][  0]LogD3D11RHI:     GPU DeviceId: 0x1f91 (for the marketing name, search the web for "GPU Device Id")
[2020.01.23-16.30.34:877][  0]LogWindows: EnumDisplayDevices:
[2020.01.23-16.30.34:877][  0]LogWindows:    0. 'Intel(R) UHD Graphics 630' (P:1 D:1)
[2020.01.23-16.30.34:878][  0]LogWindows:    1. 'Intel(R) UHD Graphics 630' (P:0 D:1)
[2020.01.23-16.30.34:878][  0]LogWindows:    2. 'Intel(R) UHD Graphics 630' (P:0 D:0)
[2020.01.23-16.30.34:878][  0]LogWindows: DebugString: PrimaryIsNotTheChoosenAdapter PrimaryIsNotTheChoosenAdapter PrimaryIsNotTheChoosenAdapter FoundDriverCount:0 
[2020.01.23-16.30.34:878][  0]LogD3D11RHI:     Adapter Name: NVIDIA GeForce GTX 1650
[2020.01.23-16.30.34:878][  0]LogD3D11RHI:   Driver Version: Unknown (internal:Unknown, unified:Unknown)
[2020.01.23-16.30.34:878][  0]LogD3D11RHI:      Driver Date: Unknown
[2020.01.23-16.30.34:878][  0]LogRHI: Texture pool is 2773 MB (70% of 3962 MB)
[2020.01.23-16.30.34:930][  0]LogD3D11RHI: Async texture creation enabled
[2020.01.23-16.30.34:947][  0]LogD3D11RHI: GPU Timing Frequency: 1000.000000 (Debug: 2 1)
[2020.01.23-16.30.34:949][  0]LogShaderCompilers: Guid format shader working directory is -14 characters bigger than the processId version (../../../../../../Users/torra/Documents/Unreal/ProjektAdamK/Intermediate/Shaders/WorkingDirectory/15900/).
[2020.01.23-16.30.34:949][  0]LogShaderCompilers: Cleaned the shader compiler working directory 'C:/Users/torra/AppData/Local/Temp/UnrealShaderWorkingDir/6AD0766842B37A14A1E238A1E16D6D32/'.
[2020.01.23-16.30.35:199][  0]LogTemp: Display: Loaded TP AllDesktopTargetPlatform
[2020.01.23-16.30.35:215][  0]LogTemp: Display: Loaded TP MacClientTargetPlatform
[2020.01.23-16.30.35:228][  0]LogTemp: Display: Loaded TP MacNoEditorTargetPlatform
[2020.01.23-16.30.35:240][  0]LogTemp: Display: Loaded TP MacServerTargetPlatform
[2020.01.23-16.30.35:253][  0]LogTemp: Display: Loaded TP MacTargetPlatform
[2020.01.23-16.30.35:265][  0]LogTemp: Display: Loaded TP WindowsClientTargetPlatform
[2020.01.23-16.30.35:277][  0]LogTemp: Display: Loaded TP WindowsNoEditorTargetPlatform
[2020.01.23-16.30.35:289][  0]LogTemp: Display: Loaded TP WindowsServerTargetPlatform
[2020.01.23-16.30.35:295][  0]LogTemp: Display: Loaded TP WindowsTargetPlatform
[2020.01.23-16.30.35:365][  0]LogTemp: Display: Loaded TP AndroidTargetPlatform
[2020.01.23-16.30.35:365][  0]LogTemp: Display: Loaded TP AndroidTargetPlatform
[2020.01.23-16.30.35:365][  0]LogTemp: Display: Loaded TP AndroidTargetPlatform
[2020.01.23-16.30.35:365][  0]LogTemp: Display: Loaded TP AndroidTargetPlatform
[2020.01.23-16.30.35:365][  0]LogTemp: Display: Loaded TP AndroidTargetPlatform
[2020.01.23-16.30.35:365][  0]LogTemp: Display: Loaded TP AndroidTargetPlatform
[2020.01.23-16.30.35:365][  0]LogTemp: Display: Loaded TP AndroidTargetPlatform
[2020.01.23-16.30.35:365][  0]LogTemp: Display: Loaded TP AndroidTargetPlatform
[2020.01.23-16.30.35:365][  0]LogTemp: Display: Loaded TP AndroidTargetPlatform
[2020.01.23-16.30.35:365][  0]LogTemp: Display: Loaded TP AndroidTargetPlatform
[2020.01.23-16.30.35:365][  0]LogTemp: Display: Loaded TP AndroidTargetPlatform
[2020.01.23-16.30.35:365][  0]LogTemp: Display: Loaded TP AndroidTargetPlatform
[2020.01.23-16.30.35:365][  0]LogTemp: Display: Loaded TP AndroidTargetPlatform
[2020.01.23-16.30.35:365][  0]LogTemp: Display: Loaded TP AndroidTargetPlatform
[2020.01.23-16.30.35:365][  0]LogTemp: Display: Loaded TP AndroidTargetPlatform
[2020.01.23-16.30.35:365][  0]LogTemp: Display: Loaded TP AndroidTargetPlatform
[2020.01.23-16.30.35:365][  0]LogTemp: Display: Loaded TP AndroidTargetPlatform
[2020.01.23-16.30.35:365][  0]LogTemp: Display: Loaded TP AndroidTargetPlatform
[2020.01.23-16.30.35:366][  0]LogTemp: Display: Loaded TP HTML5TargetPlatform
[2020.01.23-16.30.35:422][  0]LogTemp: Display: Loaded TP IOSTargetPlatform
[2020.01.23-16.30.35:422][  0]LogTemp: Display: Loaded TP IOSTargetPlatform
[2020.01.23-16.30.35:441][  0]LogTemp: Display: Loaded TP TVOSTargetPlatform
[2020.01.23-16.30.35:441][  0]LogTemp: Display: Loaded TP TVOSTargetPlatform
[2020.01.23-16.30.35:452][  0]LogTemp: Display: Loaded TP LinuxClientTargetPlatform
[2020.01.23-16.30.35:462][  0]LogTemp: Display: Loaded TP LinuxNoEditorTargetPlatform
[2020.01.23-16.30.35:472][  0]LogTemp: Display: Loaded TP LinuxServerTargetPlatform
[2020.01.23-16.30.35:484][  0]LogTemp: Display: Loaded TP LinuxTargetPlatform
[2020.01.23-16.30.35:491][  0]LogTemp: Display: Loaded TP LuminTargetPlatform
[2020.01.23-16.30.35:491][  0]LogTargetPlatformManager: Display: Building Assets For Windows
[2020.01.23-16.30.35:547][  0]LogXGEController: Cannot use XGE Controller as Incredibuild is not installed on this machine.
[2020.01.23-16.30.35:548][  0]LogShaderCompilers: Cannot use XGE Shader Compiler as Incredibuild is not installed on this machine.
[2020.01.23-16.30.35:548][  0]LogShaderCompilers: Display: Using Local Shader Compiler.
[2020.01.23-16.30.36:221][  0]LogDerivedDataCache: Display: Max Cache Size: 512 MB
[2020.01.23-16.30.36:267][  0]LogDerivedDataCache: Loaded boot cache 0.05s 71MB C:/Users/torra/AppData/Local/UnrealEngine/4.20/DerivedDataCache/Boot.ddc.
[2020.01.23-16.30.36:267][  0]LogDerivedDataCache: Display: Loaded Boot cache: C:/Users/torra/AppData/Local/UnrealEngine/4.20/DerivedDataCache/Boot.ddc
[2020.01.23-16.30.36:267][  0]LogDerivedDataCache: FDerivedDataBackendGraph:  Pak pak cache file ../../../../../../Users/torra/Documents/Unreal/ProjektAdamK/DerivedDataCache/DDC.ddp not found, will not use a pak cache.
[2020.01.23-16.30.36:267][  0]LogDerivedDataCache: Unable to find inner node Pak for hierarchical cache Hierarchy.
[2020.01.23-16.30.36:267][  0]LogDerivedDataCache: FDerivedDataBackendGraph:  CompressedPak pak cache file ../../../../../../Users/torra/Documents/Unreal/ProjektAdamK/DerivedDataCache/Compressed.ddp not found, will not use a pak cache.
[2020.01.23-16.30.36:267][  0]LogDerivedDataCache: Unable to find inner node CompressedPak for hierarchical cache Hierarchy.
[2020.01.23-16.30.36:280][  0]LogDerivedDataCache: Display: Pak cache opened for reading ../../../Engine/DerivedDataCache/Compressed.ddp.
[2020.01.23-16.30.36:292][  0]LogDerivedDataCache: Using Local data cache path C:/Users/torra/AppData/Local/UnrealEngine/Common/DerivedDataCache: Writable
[2020.01.23-16.30.36:292][  0]LogDerivedDataCache: Shared data cache path not found in *engine.ini, will not use an Shared cache.
[2020.01.23-16.30.36:292][  0]LogDerivedDataCache: Unable to find inner node Shared for hierarchical cache Hierarchy.
[2020.01.23-16.30.36:307][  0]LogMaterial: Verifying Global Shaders for PCD3D_SM5
[2020.01.23-16.30.36:308][  0]LogSlate: Using FreeType 2.6.0
[2020.01.23-16.30.36:309][  0]LogSlate: SlateFontServices - WITH_FREETYPE: 1, WITH_HARFBUZZ: 1
[2020.01.23-16.30.36:380][  0]LogAssetRegistry: FAssetRegistry took 0.0256 seconds to start up
[2020.01.23-16.30.36:642][  0]LogInit: Selected Device Profile: [Windows]
[2020.01.23-16.30.36:753][  0]LogSimplygon: Simplygon DLL not present - disabling.
[2020.01.23-16.30.36:756][  0]LogMeshReduction: Using SimplygonSwarm for distributed automatic mesh merging
[2020.01.23-16.30.36:756][  0]LogMeshReduction: Using ProxyLODMeshReduction for automatic mesh merging
[2020.01.23-16.30.36:756][  0]LogMeshReduction: Using QuadricMeshReduction for automatic static mesh reduction
[2020.01.23-16.30.36:756][  0]LogMeshReduction: No automatic skeletal mesh reduction module available
[2020.01.23-16.30.36:775][  0]LogNetVersion: ProjektAdamK 1.0.0, NetCL: 4212847, EngineNetVer: 5, GameNetVer: 0 (Checksum: 1935249037)
[2020.01.23-16.30.37:204][  0]LogPackageLocalizationCache: Processed 11 localized package path(s) for 2 prioritized culture(s) in 0.082919 seconds
[2020.01.23-16.30.37:208][  0]LogUObjectArray: 38425 objects as part of root set at end of initial load.
[2020.01.23-16.30.37:208][  0]LogUObjectAllocator: 6690872 out of 0 bytes used by permanent object pool.
[2020.01.23-16.30.37:208][  0]LogUObjectArray: CloseDisregardForGC: 0/0 objects in disregard for GC pool
[2020.01.23-16.30.38:000][  0]LogTcpMessaging: Initializing TcpMessaging bridge
[2020.01.23-16.30.38:011][  0]LogUdpMessaging: Initializing bridge on interface 0.0.0.0:0 to multicast group 230.0.0.1:6666.
[2020.01.23-16.30.38:142][  0]SourceControl: Source control is disabled
[2020.01.23-16.30.38:142][  0]SourceControl: Source control is disabled
[2020.01.23-16.30.38:143][  0]SourceControl: Source control is disabled
[2020.01.23-16.30.38:143][  0]SourceControl: Source control is disabled
[2020.01.23-16.30.38:294][  0]LogAndroidPermission: UAndroidPermissionCallbackProxy::GetInstance
[2020.01.23-16.30.38:389][  0]LogOcInput: OculusInput pre-init called
[2020.01.23-16.30.38:442][  0]LogEngine: Initializing Engine...
[2020.01.23-16.30.38:442][  0]LogHMD: Failed to initialize OpenVR with code 110
[2020.01.23-16.30.38:443][  0]LogStats: UGameplayTagsManager::ConstructGameplayTagTree: ImportINI prefixes -  0.000 s
[2020.01.23-16.30.38:443][  0]LogStats: UGameplayTagsManager::ConstructGameplayTagTree: Construct from data asset -  0.000 s
[2020.01.23-16.30.38:444][  0]LogStats: UGameplayTagsManager::ConstructGameplayTagTree: ImportINI -  0.000 s
[2020.01.23-16.30.38:444][  0]LogStats: UGameplayTagsManager::ConstructGameplayTagTree: GameplayTagTreeChangedEvent.Broadcast -  0.000 s
[2020.01.23-16.30.38:616][  0]LogInit: Initializing FReadOnlyCVARCache
[2020.01.23-16.30.38:628][  0]LogAIModule: Creating AISystem for world Untitled
[2020.01.23-16.30.38:659][  0]LogInit: XAudio2 using 'Głośniki (Realtek(R) Audio)' : 2 channels at 48 kHz using 32 bits per sample (channel mask 0x3)
[2020.01.23-16.30.38:773][  0]LogInit: FAudioDevice initialized.
[2020.01.23-16.30.38:773][  0]LogNetVersion: Set ProjectVersion to 1.0.0.0. Version Checksum will be recalculated on next use.
[2020.01.23-16.30.38:883][  0]LogDerivedDataCache: Saved boot cache 0.11s 71MB C:/Users/torra/AppData/Local/UnrealEngine/4.20/DerivedDataCache/Boot.ddc.
[2020.01.23-16.30.38:889][  0]LogInit: Texture streaming: Enabled
[2020.01.23-16.30.38:907][  0]LogEngineSessionManager: EngineSessionManager initialized
[2020.01.23-16.30.38:918][  0]LogInit: Transaction tracking system initialized
[2020.01.23-16.30.38:940][  0]BlueprintLog: New page: Editor Load
[2020.01.23-16.30.39:013][  0]LocalizationService: Localization service is disabled
[2020.01.23-16.30.39:236][  0]LogCook: Display: Max memory allowance for cook 16384mb min free memory 0mb
[2020.01.23-16.30.39:236][  0]LogCook: Display: Mobile HDR setting 1
[2020.01.23-16.30.39:236][  0]LogGameplayTags: Display: UGameplayTagsManager::DoneAddingNativeTags. DelegateIsBound: 0
[2020.01.23-16.30.39:236][  0]LogStats: UGameplayTagsManager::ConstructGameplayTagTree: ImportINI prefixes -  0.000 s
[2020.01.23-16.30.39:236][  0]LogStats: UGameplayTagsManager::ConstructGameplayTagTree: Construct from data asset -  0.000 s
[2020.01.23-16.30.39:236][  0]LogStats: UGameplayTagsManager::ConstructGameplayTagTree: ImportINI -  0.000 s
[2020.01.23-16.30.39:236][  0]LogStats: UGameplayTagsManager::ConstructGameplayTagTree: GameplayTagTreeChangedEvent.Broadcast -  0.000 s
[2020.01.23-16.30.39:334][  0]LogFileCache: Scanning file cache for directory 'C:/Users/torra/Documents/Unreal/ProjektAdamK/Content/' took 0.01s
[2020.01.23-16.30.39:341][  0]SourceControl: Source control is disabled
[2020.01.23-16.30.39:341][  0]Cmd: MAP LOAD FILE="../../../../../../Users/torra/Documents/Unreal/ProjektAdamK/Content/StarterContent/Maps/Minimal_Default.umap" TEMPLATE=0 SHOWPROGRESS=1 FEATURELEVEL=3
[2020.01.23-16.30.39:344][  0]LightingResults: New page: Lighting Build
[2020.01.23-16.30.39:346][  0]MapCheck: New page: Map Check
[2020.01.23-16.30.39:346][  0]LightingResults: New page: Lighting Build
[2020.01.23-16.30.39:886][  0]LogAIModule: Creating AISystem for world Minimal_Default
[2020.01.23-16.30.39:895][  0]LogEditorServer: Finished looking for orphan Actors (0.000 secs)
[2020.01.23-16.30.39:919][  0]Cmd: MAP CHECKDEP NOCLEARLOG
[2020.01.23-16.30.39:985][  0]MapCheck: Map check complete: 0 Error(s), 0 Warning(s), took 66,687ms to complete.
[2020.01.23-16.30.39:985][  0]LogFileHelpers: Loading map 'Minimal_Default' took 0.644
[2020.01.23-16.30.40:092][  0]LogSlate: Updating window title bar state: overlay mode, drag disabled, window buttons hidden, title bar hidden
[2020.01.23-16.30.40:099][  0]LogSlate: Updating window title bar state: overlay mode, drag disabled, window buttons hidden, title bar hidden
[2020.01.23-16.30.40:105][  0]LogSlate: Updating window title bar state: overlay mode, drag disabled, window buttons hidden, title bar hidden
[2020.01.23-16.30.40:111][  0]LogSlate: Updating window title bar state: overlay mode, drag disabled, window buttons hidden, title bar hidden
[2020.01.23-16.30.40:121][  0]LogCollectionManager: Loaded 0 collections in 0.004522 seconds
[2020.01.23-16.30.40:164][  0]LogFileCache: Scanning file cache for directory 'C:/Users/torra/Documents/Unreal/ProjektAdamK/Saved/Collections/' took 0.01s
[2020.01.23-16.30.40:164][  0]LogFileCache: Scanning file cache for directory 'C:/Users/torra/Documents/Unreal/ProjektAdamK/Content/Developers/torra/Collections/' took 0.01s
[2020.01.23-16.30.40:164][  0]LogFileCache: Scanning file cache for directory 'C:/Users/torra/Documents/Unreal/ProjektAdamK/Content/Collections/' took 0.01s
[2020.01.23-16.30.40:164][  0]LogCollectionManager: Rebuilt the GUID cache for 0 collections in 0.000000 seconds
[2020.01.23-16.30.40:172][  0]LogContentBrowser: Native class hierarchy populated in 0.0075 seconds. Added 2572 classes and 603 folders.
[2020.01.23-16.30.40:178][  0]LogContentBrowser: Native class hierarchy updated for 'WidgetCarousel' in 0.0002 seconds. Added 0 classes and 0 folders.
[2020.01.23-16.30.40:232][  0]LogContentBrowser: Native class hierarchy updated for 'AddContentDialog' in 0.0002 seconds. Added 0 classes and 0 folders.
[2020.01.23-16.30.40:237][  0]LogContentBrowser: Native class hierarchy updated for 'SceneOutliner' in 0.0002 seconds. Added 1 classes and 2 folders.
[2020.01.23-16.30.40:258][  0]LogSlate: Took 0.000178 seconds to synchronously load lazily loaded font '../../../Engine/Content/Slate/Fonts/Roboto-Regular.ttf' (155K)
[2020.01.23-16.30.40:259][  0]LogSlate: Took 0.000182 seconds to synchronously load lazily loaded font '../../../Engine/Content/Slate/Fonts/Roboto-Bold.ttf' (160K)
[2020.01.23-16.30.40:265][  0]LogSlate: Took 0.000252 seconds to synchronously load lazily loaded font '../../../Engine/Content/Editor/Slate/Fonts/FontAwesome.ttf' (139K)
[2020.01.23-16.30.40:332][  0]LogRenderer: Reallocating scene render targets to support 964x488 Format 10 NumSamples 1 (Frame:1).
[2020.01.23-16.30.40:505][  0]LogContentBrowser: Native class hierarchy updated for 'HierarchicalLODOutliner' in 0.0003 seconds. Added 0 classes and 0 folders.
[2020.01.23-16.30.40:505][  0]LogLoad: (Engine Initialization) Total time: 8.26 seconds
[2020.01.23-16.30.40:505][  0]LogLoad: (Engine Initialization) Total Blueprint compile time: 0.00 seconds
[2020.01.23-16.30.40:542][  0]LogAssetRegistry: Asset discovery search completed in 4.1846 seconds
[2020.01.23-16.30.40:544][  0]LogCollectionManager: Rebuilt the object cache for 0 collections in 0.000001 seconds (found 0 objects)
[2020.01.23-16.30.40:544][  0]LogCollectionManager: Fixed up redirectors for 0 collections in 0.000040 seconds (updated 0 objects)
[2020.01.23-16.30.40:545][  0]LogContentStreaming: Texture pool size now 1000 MB
[2020.01.23-16.30.40:589][  0]LogSlate: Took 0.002951 seconds to synchronously load lazily loaded font '../../../Engine/Content/Slate/Fonts/Roboto-Light.ttf' (167K)
[2020.01.23-16.30.42:271][ 84]LogSlate: FSceneViewport::OnFocusLost() reason 2
[2020.01.23-16.30.43:795][153]LogSlate: FSceneViewport::OnFocusLost() reason 2
[2020.01.23-16.31.25:427][647]LogSlate: Window 'Open Level' being destroyed
[2020.01.23-16.31.30:471][949]LogSlate: FSceneViewport::OnFocusLost() reason 0
[2020.01.23-16.31.31:962][ 38]LogSlate: Took 0.000345 seconds to synchronously load lazily loaded font '../../../Engine/Content/Slate/Fonts/Roboto-Light.ttf' (167K)
[2020.01.23-16.31.32:092][ 38]LogAIModule: Creating AISystem for world Adam
[2020.01.23-16.31.32:096][ 38]LogAssetEditorManager: Opening Asset editor for World /Game/StarterContent/Maps/Adam.Adam
[2020.01.23-16.31.32:119][ 38]Cmd: MAP LOAD FILE="../../../../../../Users/torra/Documents/Unreal/ProjektAdamK/Content/StarterContent/Maps/Adam.umap" TEMPLATE=0 SHOWPROGRESS=1 FEATURELEVEL=3
[2020.01.23-16.31.32:119][ 38]LightingResults: New page: Lighting Build
[2020.01.23-16.31.32:120][ 38]LoadErrors: New page: Loading map: Adam.umap
[2020.01.23-16.31.32:121][ 38]MapCheck: New page: Map Check
[2020.01.23-16.31.32:121][ 38]LightingResults: New page: Lighting Build
[2020.01.23-16.31.32:148][ 38]LogEditorServer: Finished looking for orphan Actors (0.000 secs)
[2020.01.23-16.31.32:185][ 38]Cmd: MAP CHECKDEP NOCLEARLOG
[2020.01.23-16.31.32:254][ 38]MapCheck: Map check complete: 0 Error(s), 0 Warning(s), took 69,862ms to complete.
[2020.01.23-16.31.32:254][ 38]LogFileHelpers: Loading map 'Adam' took 0.136
[2020.01.23-16.31.41:253][571]LogSlate: FSceneViewport::OnFocusLost() reason 0
[2020.01.23-16.31.41:336][576]LogTemp: Repeating last play command: Selected Viewport
[2020.01.23-16.31.41:347][576]LogBlueprintUserMessages: Early PlayInEditor Detection: Level '/Game/StarterContent/Maps/Adam.Adam:PersistentLevel' has LevelScriptBlueprint '/Game/StarterContent/Maps/Adam.Adam:PersistentLevel.Adam' with GeneratedClass '/Game/StarterContent/Maps/Adam.Adam_C' with ClassGeneratedBy '/Game/StarterContent/Maps/Adam.Adam:PersistentLevel.Adam'
[2020.01.23-16.31.41:347][576]LogPlayLevel: PlayLevel: No blueprints needed recompiling
[2020.01.23-16.31.41:374][576]PIE: New page: PIE session: Adam (23 sty 2020, 18:31:41)
[2020.01.23-16.31.41:374][576]LogPlayLevel: Creating play world package: /Game/StarterContent/Maps/UEDPIE_0_Adam
[2020.01.23-16.31.41:378][576]LogPlayLevel: PIE: StaticDuplicateObject took: (0.004165s)
[2020.01.23-16.31.41:379][576]LogAIModule: Creating AISystem for world Adam
[2020.01.23-16.31.41:379][576]LogPlayLevel: PIE: World Init took: (0.000675s)
[2020.01.23-16.31.41:379][576]LogPlayLevel: PIE: Created PIE world by copying editor world from /Game/StarterContent/Maps/Adam.Adam to /Game/StarterContent/Maps/UEDPIE_0_Adam.Adam (0.004963s)
[2020.01.23-16.31.41:425][576]LogInit: XAudio2 using 'Głośniki (Realtek(R) Audio)' : 2 channels at 48 kHz using 32 bits per sample (channel mask 0x3)
[2020.01.23-16.31.41:477][576]LogInit: FAudioDevice initialized.
[2020.01.23-16.31.41:537][576]LogLoad: Game class is 'GameModeBase'
[2020.01.23-16.31.41:539][576]LogWorld: Bringing World /Game/StarterContent/Maps/UEDPIE_0_Adam.Adam up for play (max tick rate 60) at 2020.01.23-17.31.41
[2020.01.23-16.31.41:539][576]LogWorld: Bringing up level for play took: 0.000545
[2020.01.23-16.31.41:556][576]LogContentBrowser: Native class hierarchy updated for 'MovieSceneCapture' in 0.0002 seconds. Added 10 classes and 0 folders.
[2020.01.23-16.31.41:556][576]PIE: Play in editor start time for /Game/StarterContent/Maps/UEDPIE_0_Adam 1,075
[2020.01.23-16.31.41:556][576]LogBlueprintUserMessages: Late PlayInEditor Detection: Level '/Game/StarterContent/Maps/Adam.Adam:PersistentLevel' has LevelScriptBlueprint '/Game/StarterContent/Maps/Adam.Adam:PersistentLevel.Adam' with GeneratedClass '/Game/StarterContent/Maps/Adam.Adam_C' with ClassGeneratedBy '/Game/StarterContent/Maps/Adam.Adam:PersistentLevel.Adam'
[2020.01.23-16.32.08:052][154]LogBlueprintUserMessages: Early EndPlayMap Detection: Level '/Game/StarterContent/Maps/Adam.Adam:PersistentLevel' has LevelScriptBlueprint '/Game/StarterContent/Maps/Adam.Adam:PersistentLevel.Adam' with GeneratedClass '/Game/StarterContent/Maps/Adam.Adam_C' with ClassGeneratedBy '/Game/StarterContent/Maps/Adam.Adam:PersistentLevel.Adam'
[2020.01.23-16.32.08:052][154]LogSlate: Updating window title bar state: overlay mode, drag disabled, window buttons hidden, title bar hidden
[2020.01.23-16.32.08:083][154]LogPlayLevel: Display: Shutting down PIE online subsystems
[2020.01.23-16.32.08:083][154]LogBlueprintUserMessages: Late EndPlayMap Detection: Level '/Game/StarterContent/Maps/Adam.Adam:PersistentLevel' has LevelScriptBlueprint '/Game/StarterContent/Maps/Adam.Adam:PersistentLevel.Adam' with GeneratedClass '/Game/StarterContent/Maps/Adam.Adam_C' with ClassGeneratedBy '/Game/StarterContent/Maps/Adam.Adam:PersistentLevel.Adam'
[2020.01.23-16.32.08:106][154]LogSlate: Updating window title bar state: overlay mode, drag disabled, window buttons hidden, title bar hidden
[2020.01.23-16.32.08:155][157]LogPlayLevel: Display: Destroying online subsystem :Context_1
[2020.01.23-16.33.02:836][436]LogSlate: FSceneViewport::OnFocusLost() reason 0
[2020.01.23-16.33.40:263][677]Cmd: BRUSH ADD SELECTNEWBRUSH
[2020.01.23-16.34.07:449][304]LogSlate: FSceneViewport::OnFocusLost() reason 0
[2020.01.23-16.36.37:508][305]LogSlate: FSceneViewport::OnFocusLost() reason 0
[2020.01.23-16.36.37:591][310]Cmd: MODE GRID=0
[2020.01.23-16.36.38:074][339]Cmd: MODE GRID=1
[2020.01.23-16.37.35:050][660]LogSlate: FSceneViewport::OnFocusLost() reason 2
[2020.01.23-16.37.35:959][713]LogSlate: FSceneViewport::OnFocusLost() reason 2
[2020.01.23-16.37.36:169][713]LogSavePackage: Moving '../../../../../../Users/torra/Documents/Unreal/ProjektAdamK/Saved/Adam07284F3F49F6B67363EBD48ABF3D48A4.tmp' to '../../../../../../Users/torra/Documents/Unreal/ProjektAdamK/Content/StarterContent/Maps/Adam.umap'
[2020.01.23-16.37.36:193][713]LogFileHelpers: Saving map 'Adam' took 0.218
[2020.01.23-16.37.36:873][754]LogSlate: FSceneViewport::OnFocusLost() reason 0
[2020.01.23-16.45.20:087][559]LogSlate: FSceneViewport::OnFocusLost() reason 0
[2020.01.23-16.47.39:193][893]LogSavePackage: Moving '../../../../../../Users/torra/Documents/Unreal/ProjektAdamK/Saved/Adam_Auto13969E5A542FDD8CB2E3562AF72E67623.tmp' to '../../../../../../Users/torra/Documents/Unreal/ProjektAdamK/Saved/Autosaves/Game/StarterContent/Maps/Adam_Auto1.umap'
[2020.01.23-16.47.39:196][893]LogFileHelpers: Editor autosave (incl. sublevels) for '/Game/StarterContent/Maps/Adam' took 0.108
[2020.01.23-16.47.39:196][893]LogFileHelpers: Editor autosave (incl. sublevels) for all levels took 0.108
[2020.01.23-16.48.15:492][ 69]Cmd: BRUSH ADD SELECTNEWBRUSH
[2020.01.23-16.48.18:129][226]LogSlate: FSceneViewport::OnFocusLost() reason 0
[2020.01.23-16.49.23:264][130]Cmd: TRANSACTION UNDO
[2020.01.23-16.49.23:264][130]LogEditorTransaction: Undo Move Actors
[2020.01.23-16.50.41:492][818]LogSlate: FSceneViewport::OnFocusLost() reason 0
[2020.01.23-16.54.18:530][836]LogWindows: LaunchURL http://docs.unrealengine.com/latest/INT/Engine/UI/LevelEditor/Viewports/ViewportControls/index.html
[2020.01.23-16.54.18:535][836]LogSlate: FSceneViewport::OnFocusLost() reason 0
[2020.01.23-16.54.43:065][423]Cmd: TRANSACTION UNDO
[2020.01.23-16.54.43:065][423]LogEditorTransaction: Undo Move Actors
[2020.01.23-16.54.44:415][503]LogEditorViewport: Clicking on Actor (LMB): StaticMeshActor (Floor)
[2020.01.23-16.55.05:400][753]LogSlate: FSceneViewport::OnFocusLost() reason 0
[2020.01.23-16.55.22:955][803]LogSlate: FSceneViewport::OnFocusLost() reason 0
[2020.01.23-16.55.58:982][957]LogSlate: FSceneViewport::OnFocusLost() reason 0
[2020.01.23-16.58.32:837][182]LogEditorViewport: Clicking on Actor (LMB): StaticMeshActor (Floor)
[2020.01.23-16.58.45:665][943]LogSlate: FSceneViewport::OnFocusLost() reason 0
[2020.01.23-16.58.58:523][713]LogSlate: FSceneViewport::OnFocusLost() reason 0
[2020.01.23-16.59.11:279][476]LogSlate: FSceneViewport::OnFocusLost() reason 0
[2020.01.23-16.59.22:804][166]LogSlate: FSceneViewport::OnFocusLost() reason 0
[2020.01.23-16.59.37:127][ 24]LogSlate: FSceneViewport::OnFocusLost() reason 0
[2020.01.23-17.01.29:779][776]LogSlate: FSceneViewport::OnFocusLost() reason 0
[2020.01.23-17.01.53:217][180]LogSlate: FSceneViewport::OnFocusLost() reason 0
[2020.01.23-17.03.13:748][  1]LogSlate: FSceneViewport::OnFocusLost() reason 2
[2020.01.23-17.05.10:334][975]LogSlate: FSceneViewport::OnFocusLost() reason 0
[2020.01.23-17.06.10:447][571]LogSlate: FSceneViewport::OnFocusLost() reason 0
[2020.01.23-17.06.15:925][897]LogSlate: FSceneViewport::OnFocusLost() reason 0
[2020.01.23-17.06.24:147][388]LogSlate: FSceneViewport::OnFocusLost() reason 0
[2020.01.23-17.06.48:355][838]LogSlate: FSceneViewport::OnFocusLost() reason 0
[2020.01.23-17.07.12:108][262]Cmd: POLY SELECT ADJACENT ALL
[2020.01.23-17.08.37:683][371]LogSavePackage: Moving '../../../../../../Users/torra/Documents/Unreal/ProjektAdamK/Saved/Adam_Auto2C579D2774A86E4CECD0B58AD37D1467A.tmp' to '../../../../../../Users/torra/Documents/Unreal/ProjektAdamK/Saved/Autosaves/Game/StarterContent/Maps/Adam_Auto2.umap'
[2020.01.23-17.08.37:686][371]LogFileHelpers: Editor autosave (incl. sublevels) for '/Game/StarterContent/Maps/Adam' took 0.140
[2020.01.23-17.08.37:686][371]LogFileHelpers: Editor autosave (incl. sublevels) for all levels took 0.140
[2020.01.23-17.08.59:419][671]Cmd: TRANSACTION UNDO
[2020.01.23-17.08.59:419][671]LogEditorTransaction: Undo Select All Adjacent
[2020.01.23-17.09.08:783][232]Cmd: POLY SELECT ADJACENT ALL
[2020.01.23-17.09.10:800][353]Cmd: POLY SELECT ADJACENT ALL
[2020.01.23-17.09.11:434][391]Cmd: POLY SELECT ADJACENT ALL
[2020.01.23-17.09.12:401][449]Cmd: TRANSACTION UNDO
[2020.01.23-17.09.12:401][449]LogEditorTransaction: Undo Select All Adjacent
[2020.01.23-17.09.12:795][472]Cmd: TRANSACTION UNDO
[2020.01.23-17.09.12:795][472]LogEditorTransaction: Undo Select All Adjacent
[2020.01.23-17.09.13:253][499]Cmd: TRANSACTION UNDO
[2020.01.23-17.09.13:253][499]LogEditorTransaction: Undo Select All Adjacent
[2020.01.23-17.09.13:657][523]Cmd: TRANSACTION UNDO
[2020.01.23-17.09.13:657][523]LogEditorTransaction: Undo Modifier [Edit]
[2020.01.23-17.09.15:012][604]Cmd: TRANSACTION UNDO
[2020.01.23-17.09.15:012][604]LogEditorTransaction: Undo Modifier [Edit]
[2020.01.23-17.09.20:399][927]Cmd: POLY SELECT ADJACENT ALL
[2020.01.23-17.12.42:467][ 29]LogSlate: Window 'Select Path' being destroyed
[2020.01.23-17.12.58:251][974]LogEditorViewport: Clicking on Actor (LMB): BP_Sky_Sphere_C (Sky Sphere)
[2020.01.23-17.13.01:828][186]LogSlate: FSceneViewport::OnFocusLost() reason 0
[2020.01.23-17.13.16:204][ 45]LogSlate: FSceneViewport::OnFocusLost() reason 0
[2020.01.23-17.13.19:932][268]LogEditorViewport: Clicking on Actor (LMB): BP_Sky_Sphere_C (Sky Sphere)
[2020.01.23-17.13.21:940][387]Cmd: TRANSACTION UNDO
[2020.01.23-17.13.21:940][387]LogEditorTransaction: Undo Clicking on Actors
[2020.01.23-17.13.23:141][457]LogSlate: FSceneViewport::OnFocusLost() reason 0
[2020.01.23-17.13.25:018][568]LogEditorViewport: Clicking on Actor (LMB): BP_Sky_Sphere_C (Sky Sphere)
[2020.01.23-17.13.31:429][949]LogSlate: FSceneViewport::OnFocusLost() reason 0
[2020.01.23-17.13.38:774][388]Cmd: TRANSACTION UNDO
[2020.01.23-17.13.38:774][388]LogEditorTransaction: Undo Set Material
[2020.01.23-17.13.45:371][781]Cmd: POLY SELECT ADJACENT ALL
[2020.01.23-17.13.46:883][870]LogSlate: FSceneViewport::OnFocusLost() reason 0
[2020.01.23-17.13.58:822][580]Cmd: BRUSH ADD SELECTNEWBRUSH
[2020.01.23-17.14.23:891][ 81]LogSlate: FSceneViewport::OnFocusLost() reason 0
[2020.01.23-17.15.36:634][437]LogSlate: FSceneViewport::OnFocusLost() reason 0
[2020.01.23-17.16.05:553][154]LogEditorViewport: Clicking on Actor (LMB): BP_Sky_Sphere_C (Sky Sphere)
[2020.01.23-17.16.05:830][169]LogSlate: FSceneViewport::OnFocusLost() reason 0
[2020.01.23-17.16.27:951][490]LogSlate: FSceneViewport::OnFocusLost() reason 0
[2020.01.23-17.16.42:448][357]LogSlate: FSceneViewport::OnFocusLost() reason 0
[2020.01.23-17.16.58:139][291]Cmd: TRANSACTION UNDO
[2020.01.23-17.16.58:139][291]LogEditorTransaction: Undo Set Location
[2020.01.23-17.16.58:143][291]LogActorComponent: ~FComponentReregisterContext: (/Game/StarterContent/Maps/Adam.Adam:PersistentLevel.BoxBrush3.BrushComponent0) Component already registered.
[2020.01.23-17.16.58:391][305]Cmd: TRANSACTION UNDO
[2020.01.23-17.16.58:391][305]LogEditorTransaction: Undo Move Actors
[2020.01.23-17.16.58:395][305]LogActorComponent: ~FComponentReregisterContext: (/Game/StarterContent/Maps/Adam.Adam:PersistentLevel.BoxBrush3.BrushComponent0) Component already registered.
[2020.01.23-17.16.58:653][320]Cmd: TRANSACTION UNDO
[2020.01.23-17.16.58:653][320]LogEditorTransaction: Undo Move Actors
[2020.01.23-17.16.58:658][320]LogActorComponent: ~FComponentReregisterContext: (/Game/StarterContent/Maps/Adam.Adam:PersistentLevel.BoxBrush3.BrushComponent0) Component already registered.
[2020.01.23-17.16.59:111][347]Cmd: TRANSACTION UNDO
[2020.01.23-17.16.59:111][347]LogEditorTransaction: Undo Move Actors
[2020.01.23-17.16.59:115][347]LogActorComponent: ~FComponentReregisterContext: (/Game/StarterContent/Maps/Adam.Adam:PersistentLevel.BoxBrush3.BrushComponent0) Component already registered.
[2020.01.23-17.17.17:761][458]LogSlate: FSceneViewport::OnFocusLost() reason 0
[2020.01.23-17.17.21:977][709]LogSlate: FSceneViewport::OnFocusLost() reason 0
[2020.01.23-17.18.03:957][220]LogSlate: FSceneViewport::OnFocusLost() reason 0
[2020.01.23-17.18.52:934][148]LogSlate: FSceneViewport::OnFocusLost() reason 0
[2020.01.23-17.19.09:008][104]LogSlate: FSceneViewport::OnFocusLost() reason 0
[2020.01.23-17.19.11:080][228]LogGeometryMode: Warning: Unable to find BoxBrush3 Brush(s) in new BSP
[2020.01.23-17.19.11:080][228]LogGeometryMode: Warning: Unable to find all previously selected geometry data, resetting selection
[2020.01.23-17.19.23:746][979]LogSlate: FSceneViewport::OnFocusLost() reason 0
[2020.01.23-17.19.29:457][321]LogSlate: FSceneViewport::OnFocusLost() reason 0
[2020.01.23-17.19.37:112][779]LogSlate: FSceneViewport::OnFocusLost() reason 0
[2020.01.23-17.20.07:184][571]LogSavePackage: Moving '../../../../../../Users/torra/Documents/Unreal/ProjektAdamK/Saved/Adam_Auto3DF67FFAB43FE4AF9721E00B76D5CF46C.tmp' to '../../../../../../Users/torra/Documents/Unreal/ProjektAdamK/Saved/Autosaves/Game/StarterContent/Maps/Adam_Auto3.umap'
[2020.01.23-17.20.07:188][571]LogFileHelpers: Editor autosave (incl. sublevels) for '/Game/StarterContent/Maps/Adam' took 0.170
[2020.01.23-17.20.07:188][571]LogFileHelpers: Editor autosave (incl. sublevels) for all levels took 0.170
[2020.01.23-17.20.32:147][ 66]Cmd: TRANSACTION UNDO
[2020.01.23-17.20.32:147][ 66]LogEditorTransaction: Undo Move Actors
[2020.01.23-17.20.41:683][635]LogEditorViewport: Clicking Background
[2020.01.23-17.21.00:133][732]Cmd: TRANSACTION UNDO
[2020.01.23-17.21.00:133][732]LogEditorTransaction: Undo Move Actors
[2020.01.23-17.21.03:067][905]Cmd: TRANSACTION UNDO
[2020.01.23-17.21.03:067][905]LogEditorTransaction: Undo Move Actors
[2020.01.23-17.21.03:072][905]LogActorComponent: ~FComponentReregisterContext: (/Game/StarterContent/Maps/Adam.Adam:PersistentLevel.BoxBrush3.BrushComponent0) Component already registered.
[2020.01.23-17.21.43:678][322]LogSlate: FSceneViewport::OnFocusLost() reason 2
[2020.01.23-17.21.53:270][895]LogSlate: FSceneViewport::OnFocusLost() reason 0
[2020.01.23-17.21.55:615][ 35]LogGeometryMode: Warning: Unable to find BoxBrush4 Brush(s) in new BSP
[2020.01.23-17.21.55:615][ 35]LogGeometryMode: Warning: Unable to find all previously selected geometry data, resetting selection
[2020.01.23-17.22.05:775][637]LogSlate: FSceneViewport::OnFocusLost() reason 0
[2020.01.23-17.22.08:836][820]LogSlate: FSceneViewport::OnFocusLost() reason 0
[2020.01.23-17.23.09:958][484]LogSlate: FSceneViewport::OnFocusLost() reason 0
[2020.01.23-17.23.17:179][914]Cmd: BRUSH ADD SELECTNEWBRUSH
[2020.01.23-17.23.21:580][177]LogSlate: FSceneViewport::OnFocusLost() reason 0
[2020.01.23-17.23.25:998][440]LogSlate: FSceneViewport::OnFocusLost() reason 0
[2020.01.23-17.23.34:866][969]LogSlate: FSceneViewport::OnFocusLost() reason 0
[2020.01.23-17.24.01:732][575]LogEditorViewport: Clicking on Actor (LMB): StaticMeshActor (Ball)
[2020.01.23-17.24.08:654][987]Cmd: TRANSACTION UNDO
[2020.01.23-17.24.08:654][987]LogEditorTransaction: Undo Move Actors
[2020.01.23-17.24.29:705][236]LogSlate: FSceneViewport::OnFocusLost() reason 0
[2020.01.23-17.25.18:276][124]LogSlate: FSceneViewport::OnFocusLost() reason 2
[2020.01.23-17.25.46:611][819]Cmd: TRANSACTION UNDO
[2020.01.23-17.25.46:611][819]LogEditorTransaction: Undo Move Actors
[2020.01.23-17.25.46:620][819]LogActorComponent: ~FComponentReregisterContext: (/Game/StarterContent/Maps/Adam.Adam:PersistentLevel.BoxBrush5.BrushComponent0) Component already registered.
[2020.01.23-17.25.46:621][819]LogActorComponent: ~FComponentReregisterContext: (/Game/StarterContent/Maps/Adam.Adam:PersistentLevel.BoxBrush15.BrushComponent0) Component already registered.
[2020.01.23-17.25.46:621][819]LogActorComponent: ~FComponentReregisterContext: (/Game/StarterContent/Maps/Adam.Adam:PersistentLevel.BoxBrush14.BrushComponent0) Component already registered.
[2020.01.23-17.25.46:623][819]LogGeometryMode: Warning: Unable to find 1 Poly(s) in new BSP
[2020.01.23-17.25.46:623][819]LogGeometryMode: Warning: Unable to resolve BoxBrush6 Brush in new BSP, see above
[2020.01.23-17.25.46:623][819]LogGeometryMode: Warning: Unable to find all previously selected geometry data, resetting selection
[2020.01.23-17.26.03:432][821]LogSlate: FSceneViewport::OnFocusLost() reason 0
[2020.01.23-17.26.04:665][895]LogGeometryMode: Warning: Unable to find BoxBrush11 Brush(s) in new BSP
[2020.01.23-17.26.04:665][895]LogGeometryMode: Warning: Unable to find all previously selected geometry data, resetting selection
[2020.01.23-17.26.14:487][479]Cmd: TRANSACTION UNDO
[2020.01.23-17.26.14:487][479]LogEditorTransaction: Undo Move Actors
[2020.01.23-17.26.14:496][479]LogActorComponent: ~FComponentReregisterContext: (/Game/StarterContent/Maps/Adam.Adam:PersistentLevel.BoxBrush6.BrushComponent0) Component already registered.
[2020.01.23-17.26.14:496][479]LogActorComponent: ~FComponentReregisterContext: (/Game/StarterContent/Maps/Adam.Adam:PersistentLevel.BoxBrush5.BrushComponent0) Component already registered.
[2020.01.23-17.26.14:497][479]LogActorComponent: ~FComponentReregisterContext: (/Game/StarterContent/Maps/Adam.Adam:PersistentLevel.BoxBrush13.BrushComponent0) Component already registered.
[2020.01.23-17.26.30:935][459]Cmd: TRANSACTION UNDO
[2020.01.23-17.26.30:935][459]LogEditorTransaction: Undo Move Actors
[2020.01.23-17.26.30:944][459]LogActorComponent: ~FComponentReregisterContext: (/Game/StarterContent/Maps/Adam.Adam:PersistentLevel.BoxBrush6.BrushComponent0) Component already registered.
[2020.01.23-17.26.30:945][459]LogActorComponent: ~FComponentReregisterContext: (/Game/StarterContent/Maps/Adam.Adam:PersistentLevel.BoxBrush5.BrushComponent0) Component already registered.
[2020.01.23-17.26.30:945][459]LogActorComponent: ~FComponentReregisterContext: (/Game/StarterContent/Maps/Adam.Adam:PersistentLevel.BoxBrush13.BrushComponent0) Component already registered.
[2020.01.23-17.26.30:947][459]LogGeometryMode: Warning: Unable to find 1 Poly(s) in new BSP
[2020.01.23-17.26.30:947][459]LogGeometryMode: Warning: Unable to resolve BoxBrush11 Brush in new BSP, see above
[2020.01.23-17.26.30:947][459]LogGeometryMode: Warning: Unable to find all previously selected geometry data, resetting selection
[2020.01.23-17.26.32:962][577]Cmd: TRANSACTION UNDO
[2020.01.23-17.26.32:962][577]LogEditorTransaction: Undo Move Actors
[2020.01.23-17.26.32:972][577]LogActorComponent: ~FComponentReregisterContext: (/Game/StarterContent/Maps/Adam.Adam:PersistentLevel.BoxBrush6.BrushComponent0) Component already registered.
[2020.01.23-17.26.32:972][577]LogActorComponent: ~FComponentReregisterContext: (/Game/StarterContent/Maps/Adam.Adam:PersistentLevel.BoxBrush5.BrushComponent0) Component already registered.
[2020.01.23-17.26.32:972][577]LogActorComponent: ~FComponentReregisterContext: (/Game/StarterContent/Maps/Adam.Adam:PersistentLevel.BoxBrush13.BrushComponent0) Component already registered.
[2020.01.23-17.26.32:974][577]LogGeometryMode: Warning: Unable to find 1 Poly(s) in new BSP
[2020.01.23-17.26.32:975][577]LogGeometryMode: Warning: Unable to resolve BoxBrush11 Brush in new BSP, see above
[2020.01.23-17.26.32:975][577]LogGeometryMode: Warning: Unable to find all previously selected geometry data, resetting selection
[2020.01.23-17.26.34:264][653]Cmd: TRANSACTION UNDO
[2020.01.23-17.26.34:264][653]LogEditorTransaction: Undo Modifier [Edit]
[2020.01.23-17.26.36:534][788]Cmd: TRANSACTION UNDO
[2020.01.23-17.26.36:534][788]LogEditorTransaction: Undo Select Brush Surface
[2020.01.23-17.26.43:863][226]LogSlate: FSceneViewport::OnFocusLost() reason 0
[2020.01.23-17.26.44:887][287]LogEditorViewport: Clicking on Actor (LMB): StaticMeshActor (Ball)
[2020.01.23-17.27.10:077][792]Cmd: TRANSACTION UNDO
[2020.01.23-17.27.10:077][792]LogEditorTransaction: Undo Move Actors
[2020.01.23-17.27.10:410][812]Cmd: TRANSACTION UNDO
[2020.01.23-17.27.10:410][812]LogEditorTransaction: Undo Move Actors
[2020.01.23-17.27.13:862][ 18]Cmd: TRANSACTION UNDO
[2020.01.23-17.27.13:862][ 18]LogEditorTransaction: Undo Clicking on Actors
[2020.01.23-17.27.14:176][ 36]Cmd: TRANSACTION UNDO
[2020.01.23-17.27.14:176][ 36]LogEditorTransaction: Undo Modifier [Edit]
[2020.01.23-17.27.14:373][ 47]Cmd: TRANSACTION UNDO
[2020.01.23-17.27.14:373][ 47]LogEditorTransaction: Undo Move Actors
[2020.01.23-17.27.14:382][ 47]LogActorComponent: ~FComponentReregisterContext: (/Game/StarterContent/Maps/Adam.Adam:PersistentLevel.BoxBrush5.BrushComponent0) Component already registered.
[2020.01.23-17.27.14:382][ 47]LogPhysics: Warning: Found bad index buffer when cooking UModelComponent physics data! Component: /Game/StarterContent/Maps/Adam.Adam:PersistentLevel.ModelComponent_557, Buffer: 0, Buffer Size: 0, Element: 0
[2020.01.23-17.27.14:382][ 47]LogPhysics: Warning: Found bad index buffer when cooking UModelComponent physics data! Component: /Game/StarterContent/Maps/Adam.Adam:PersistentLevel.ModelComponent_557, Buffer: 0, Buffer Size: 0, Element: 1
[2020.01.23-17.27.14:382][ 47]LogPhysics: Warning: Found bad index buffer when cooking UModelComponent physics data! Component: /Game/StarterContent/Maps/Adam.Adam:PersistentLevel.ModelComponent_557, Buffer: 0, Buffer Size: 0, Element: 2
[2020.01.23-17.27.14:382][ 47]LogPhysics: Warning: Found bad index buffer when cooking UModelComponent physics data! Component: /Game/StarterContent/Maps/Adam.Adam:PersistentLevel.ModelComponent_557, Buffer: 0, Buffer Size: 0, Element: 3
[2020.01.23-17.27.14:382][ 47]LogPhysics: Warning: Found bad index buffer when cooking UModelComponent physics data! Component: /Game/StarterContent/Maps/Adam.Adam:PersistentLevel.ModelComponent_557, Buffer: 0, Buffer Size: 0, Element: 4
[2020.01.23-17.27.14:382][ 47]LogPhysics: Warning: Found bad index buffer when cooking UModelComponent physics data! Component: /Game/StarterContent/Maps/Adam.Adam:PersistentLevel.ModelComponent_557, Buffer: 0, Buffer Size: 0, Element: 5
[2020.01.23-17.27.14:382][ 47]LogPhysics: Warning: Found bad index buffer when cooking UModelComponent physics data! Component: /Game/StarterContent/Maps/Adam.Adam:PersistentLevel.ModelComponent_557, Buffer: 0, Buffer Size: 0, Element: 6
[2020.01.23-17.27.14:382][ 47]LogPhysics: Warning: Found bad index buffer when cooking UModelComponent physics data! Component: /Game/StarterContent/Maps/Adam.Adam:PersistentLevel.ModelComponent_557, Buffer: 0, Buffer Size: 0, Element: 7
[2020.01.23-17.27.14:382][ 47]LogPhysics: Warning: Found bad index buffer when cooking UModelComponent physics data! Component: /Game/StarterContent/Maps/Adam.Adam:PersistentLevel.ModelComponent_557, Buffer: 0, Buffer Size: 0, Element: 8
[2020.01.23-17.27.14:382][ 47]LogPhysics: Warning: Found bad index buffer when cooking UModelComponent physics data! Component: /Game/StarterContent/Maps/Adam.Adam:PersistentLevel.ModelComponent_557, Buffer: 0, Buffer Size: 0, Element: 9
[2020.01.23-17.27.14:382][ 47]LogPhysics: Warning: Found bad index buffer when cooking UModelComponent physics data! Component: /Game/StarterContent/Maps/Adam.Adam:PersistentLevel.ModelComponent_557, Buffer: 0, Buffer Size: 0, Element: 10
[2020.01.23-17.27.14:382][ 47]LogPhysics: Warning: Found bad index buffer when cooking UModelComponent physics data! Component: /Game/StarterContent/Maps/Adam.Adam:PersistentLevel.ModelComponent_557, Buffer: 0, Buffer Size: 0, Element: 11
[2020.01.23-17.27.14:382][ 47]LogPhysics: Warning: Found bad index buffer when cooking UModelComponent physics data! Component: /Game/StarterContent/Maps/Adam.Adam:PersistentLevel.ModelComponent_557, Buffer: 0, Buffer Size: 0, Element: 12
[2020.01.23-17.27.14:382][ 47]LogPhysics: Warning: Found bad index buffer when cooking UModelComponent physics data! Component: /Game/StarterContent/Maps/Adam.Adam:PersistentLevel.ModelComponent_557, Buffer: 0, Buffer Size: 0, Element: 13
[2020.01.23-17.27.14:382][ 47]LogPhysics: Warning: Found bad index buffer when cooking UModelComponent physics data! Component: /Game/StarterContent/Maps/Adam.Adam:PersistentLevel.ModelComponent_557, Buffer: 0, Buffer Size: 0, Element: 14
[2020.01.23-17.27.14:382][ 47]LogPhysics: Warning: Found bad index buffer when cooking UModelComponent physics data! Component: /Game/StarterContent/Maps/Adam.Adam:PersistentLevel.ModelComponent_557, Buffer: 0, Buffer Size: 0, Element: 15
[2020.01.23-17.27.14:383][ 47]LogPhysics: Warning: Found bad index buffer when cooking UModelComponent physics data! Component: /Game/StarterContent/Maps/Adam.Adam:PersistentLevel.ModelComponent_557, Buffer: 0, Buffer Size: 0, Element: 16
[2020.01.23-17.27.14:383][ 47]LogPhysics: Warning: Found bad index buffer when cooking UModelComponent physics data! Component: /Game/StarterContent/Maps/Adam.Adam:PersistentLevel.ModelComponent_557, Buffer: 0, Buffer Size: 0, Element: 17
[2020.01.23-17.27.14:383][ 47]LogPhysics: Warning: Found bad index buffer when cooking UModelComponent physics data! Component: /Game/StarterContent/Maps/Adam.Adam:PersistentLevel.ModelComponent_557, Buffer: 0, Buffer Size: 0, Element: 18
[2020.01.23-17.27.14:383][ 47]LogPhysics: Warning: Found bad index buffer when cooking UModelComponent physics data! Component: /Game/StarterContent/Maps/Adam.Adam:PersistentLevel.ModelComponent_557, Buffer: 0, Buffer Size: 0, Element: 19
[2020.01.23-17.27.14:383][ 47]LogPhysics: Warning: UBodySetup::GetCookInfo: Triangle data from '/Game/StarterContent/Maps/Adam.Adam:PersistentLevel.ModelComponent_557' invalid (362 verts, 0 indices).
[2020.01.23-17.27.14:383][ 47]LogPhysics: Warning: Attempt to build physics data for /Game/StarterContent/Maps/Adam.Adam:PersistentLevel.ModelComponent_557.BodySetup_0 when we are unable to.
[2020.01.23-17.27.14:383][ 47]LogPhysics: Warning: Found bad index buffer when cooking UModelComponent physics data! Component: /Game/StarterContent/Maps/Adam.Adam:PersistentLevel.ModelComponent_558, Buffer: 0, Buffer Size: 0, Element: 0
[2020.01.23-17.27.14:383][ 47]LogPhysics: Warning: Found bad index buffer when cooking UModelComponent physics data! Component: /Game/StarterContent/Maps/Adam.Adam:PersistentLevel.ModelComponent_558, Buffer: 0, Buffer Size: 0, Element: 1
[2020.01.23-17.27.14:383][ 47]LogPhysics: Warning: Found bad index buffer when cooking UModelComponent physics data! Component: /Game/StarterContent/Maps/Adam.Adam:PersistentLevel.ModelComponent_558, Buffer: 0, Buffer Size: 0, Element: 2
[2020.01.23-17.27.14:383][ 47]LogPhysics: Warning: Found bad index buffer when cooking UModelComponent physics data! Component: /Game/StarterContent/Maps/Adam.Adam:PersistentLevel.ModelComponent_558, Buffer: 0, Buffer Size: 0, Element: 3
[2020.01.23-17.27.14:383][ 47]LogPhysics: Warning: Found bad index buffer when cooking UModelComponent physics data! Component: /Game/StarterContent/Maps/Adam.Adam:PersistentLevel.ModelComponent_558, Buffer: 0, Buffer Size: 0, Element: 4
[2020.01.23-17.27.14:383][ 47]LogPhysics: Warning: Found bad index buffer when cooking UModelComponent physics data! Component: /Game/StarterContent/Maps/Adam.Adam:PersistentLevel.ModelComponent_558, Buffer: 0, Buffer Size: 0, Element: 5
[2020.01.23-17.27.14:383][ 47]LogPhysics: Warning: Found bad index buffer when cooking UModelComponent physics data! Component: /Game/StarterContent/Maps/Adam.Adam:PersistentLevel.ModelComponent_558, Buffer: 0, Buffer Size: 0, Element: 6
[2020.01.23-17.27.14:383][ 47]LogPhysics: Warning: Found bad index buffer when cooking UModelComponent physics data! Component: /Game/StarterContent/Maps/Adam.Adam:PersistentLevel.ModelComponent_558, Buffer: 0, Buffer Size: 0, Element: 7
[2020.01.23-17.27.14:383][ 47]LogPhysics: Warning: Found bad index buffer when cooking UModelComponent physics data! Component: /Game/StarterContent/Maps/Adam.Adam:PersistentLevel.ModelComponent_558, Buffer: 0, Buffer Size: 0, Element: 8
[2020.01.23-17.27.14:383][ 47]LogPhysics: Warning: Found bad index buffer when cooking UModelComponent physics data! Component: /Game/StarterContent/Maps/Adam.Adam:PersistentLevel.ModelComponent_558, Buffer: 0, Buffer Size: 0, Element: 9
[2020.01.23-17.27.14:383][ 47]LogPhysics: Warning: Found bad index buffer when cooking UModelComponent physics data! Component: /Game/StarterContent/Maps/Adam.Adam:PersistentLevel.ModelComponent_558, Buffer: 0, Buffer Size: 0, Element: 10
[2020.01.23-17.27.14:383][ 47]LogPhysics: Warning: Found bad index buffer when cooking UModelComponent physics data! Component: /Game/StarterContent/Maps/Adam.Adam:PersistentLevel.ModelComponent_558, Buffer: 0, Buffer Size: 0, Element: 11
[2020.01.23-17.27.14:383][ 47]LogPhysics: Warning: Found bad index buffer when cooking UModelComponent physics data! Component: /Game/StarterContent/Maps/Adam.Adam:PersistentLevel.ModelComponent_558, Buffer: 0, Buffer Size: 0, Element: 12
[2020.01.23-17.27.14:383][ 47]LogPhysics: Warning: Found bad index buffer when cooking UModelComponent physics data! Component: /Game/StarterContent/Maps/Adam.Adam:PersistentLevel.ModelComponent_558, Buffer: 0, Buffer Size: 0, Element: 13
[2020.01.23-17.27.14:383][ 47]LogPhysics: Warning: Found bad index buffer when cooking UModelComponent physics data! Component: /Game/StarterContent/Maps/Adam.Adam:PersistentLevel.ModelComponent_558, Buffer: 0, Buffer Size: 0, Element: 14
[2020.01.23-17.27.14:383][ 47]LogPhysics: Warning: Found bad index buffer when cooking UModelComponent physics data! Component: /Game/StarterContent/Maps/Adam.Adam:PersistentLevel.ModelComponent_558, Buffer: 0, Buffer Size: 0, Element: 15
[2020.01.23-17.27.14:383][ 47]LogPhysics: Warning: Found bad index buffer when cooking UModelComponent physics data! Component: /Game/StarterContent/Maps/Adam.Adam:PersistentLevel.ModelComponent_558, Buffer: 0, Buffer Size: 0, Element: 16
[2020.01.23-17.27.14:383][ 47]LogPhysics: Warning: Found bad index buffer when cooking UModelComponent physics data! Component: /Game/StarterContent/Maps/Adam.Adam:PersistentLevel.ModelComponent_558, Buffer: 0, Buffer Size: 0, Element: 17
[2020.01.23-17.27.14:383][ 47]LogPhysics: Warning: Found bad index buffer when cooking UModelComponent physics data! Component: /Game/StarterContent/Maps/Adam.Adam:PersistentLevel.ModelComponent_558, Buffer: 0, Buffer Size: 0, Element: 18
[2020.01.23-17.27.14:383][ 47]LogPhysics: Warning: Found bad index buffer when cooking UModelComponent physics data! Component: /Game/StarterContent/Maps/Adam.Adam:PersistentLevel.ModelComponent_558, Buffer: 0, Buffer Size: 0, Element: 19
[2020.01.23-17.27.14:383][ 47]LogPhysics: Warning: Found bad index buffer when cooking UModelComponent physics data! Component: /Game/StarterContent/Maps/Adam.Adam:PersistentLevel.ModelComponent_558, Buffer: 0, Buffer Size: 0, Element: 20
[2020.01.23-17.27.14:383][ 47]LogPhysics: Warning: UBodySetup::GetCookInfo: Triangle data from '/Game/StarterContent/Maps/Adam.Adam:PersistentLevel.ModelComponent_558' invalid (362 verts, 0 indices).
[2020.01.23-17.27.14:383][ 47]LogPhysics: Warning: Attempt to build physics data for /Game/StarterContent/Maps/Adam.Adam:PersistentLevel.ModelComponent_558.BodySetup_0 when we are unable to.
[2020.01.23-17.27.14:383][ 47]LogPhysics: Warning: Found bad index buffer when cooking UModelComponent physics data! Component: /Game/StarterContent/Maps/Adam.Adam:PersistentLevel.ModelComponent_559, Buffer: 0, Buffer Size: 0, Element: 0
[2020.01.23-17.27.14:383][ 47]LogPhysics: Warning: Found bad index buffer when cooking UModelComponent physics data! Component: /Game/StarterContent/Maps/Adam.Adam:PersistentLevel.ModelComponent_559, Buffer: 0, Buffer Size: 0, Element: 1
[2020.01.23-17.27.14:383][ 47]LogPhysics: Warning: Found bad index buffer when cooking UModelComponent physics data! Component: /Game/StarterContent/Maps/Adam.Adam:PersistentLevel.ModelComponent_559, Buffer: 0, Buffer Size: 0, Element: 2
[2020.01.23-17.27.14:383][ 47]LogPhysics: Warning: Found bad index buffer when cooking UModelComponent physics data! Component: /Game/StarterContent/Maps/Adam.Adam:PersistentLevel.ModelComponent_559, Buffer: 0, Buffer Size: 0, Element: 3
[2020.01.23-17.27.14:383][ 47]LogPhysics: Warning: Found bad index buffer when cooking UModelComponent physics data! Component: /Game/StarterContent/Maps/Adam.Adam:PersistentLevel.ModelComponent_559, Buffer: 0, Buffer Size: 0, Element: 4
[2020.01.23-17.27.14:383][ 47]LogPhysics: Warning: Found bad index buffer when cooking UModelComponent physics data! Component: /Game/StarterContent/Maps/Adam.Adam:PersistentLevel.ModelComponent_559, Buffer: 0, Buffer Size: 0, Element: 5
[2020.01.23-17.27.14:383][ 47]LogPhysics: Warning: Found bad index buffer when cooking UModelComponent physics data! Component: /Game/StarterContent/Maps/Adam.Adam:PersistentLevel.ModelComponent_559, Buffer: 0, Buffer Size: 0, Element: 6
[2020.01.23-17.27.14:383][ 47]LogPhysics: Warning: Found bad index buffer when cooking UModelComponent physics data! Component: /Game/StarterContent/Maps/Adam.Adam:PersistentLevel.ModelComponent_559, Buffer: 0, Buffer Size: 0, Element: 7
[2020.01.23-17.27.14:383][ 47]LogPhysics: Warning: Found bad index buffer when cooking UModelComponent physics data! Component: /Game/StarterContent/Maps/Adam.Adam:PersistentLevel.ModelComponent_559, Buffer: 0, Buffer Size: 0, Element: 8
[2020.01.23-17.27.14:383][ 47]LogPhysics: Warning: Found bad index buffer when cooking UModelComponent physics data! Component: /Game/StarterContent/Maps/Adam.Adam:PersistentLevel.ModelComponent_559, Buffer: 0, Buffer Size: 0, Element: 9
[2020.01.23-17.27.14:383][ 47]LogPhysics: Warning: Found bad index buffer when cooking UModelComponent physics data! Component: /Game/StarterContent/Maps/Adam.Adam:PersistentLevel.ModelComponent_559, Buffer: 0, Buffer Size: 0, Element: 10
[2020.01.23-17.27.14:383][ 47]LogPhysics: Warning: Found bad index buffer when cooking UModelComponent physics data! Component: /Game/StarterContent/Maps/Adam.Adam:PersistentLevel.ModelComponent_559, Buffer: 0, Buffer Size: 0, Element: 11
[2020.01.23-17.27.14:383][ 47]LogPhysics: Warning: Found bad index buffer when cooking UModelComponent physics data! Component: /Game/StarterContent/Maps/Adam.Adam:PersistentLevel.ModelComponent_559, Buffer: 0, Buffer Size: 0, Element: 12
[2020.01.23-17.27.14:383][ 47]LogPhysics: Warning: Found bad index buffer when cooking UModelComponent physics data! Component: /Game/StarterContent/Maps/Adam.Adam:PersistentLevel.ModelComponent_559, Buffer: 0, Buffer Size: 0, Element: 13
[2020.01.23-17.27.14:383][ 47]LogPhysics: Warning: Found bad index buffer when cooking UModelComponent physics data! Component: /Game/StarterContent/Maps/Adam.Adam:PersistentLevel.ModelComponent_559, Buffer: 0, Buffer Size: 0, Element: 14
[2020.01.23-17.27.14:383][ 47]LogPhysics: Warning: Found bad index buffer when cooking UModelComponent physics data! Component: /Game/StarterContent/Maps/Adam.Adam:PersistentLevel.ModelComponent_559, Buffer: 0, Buffer Size: 0, Element: 15
[2020.01.23-17.27.14:383][ 47]LogPhysics: Warning: Found bad index buffer when cooking UModelComponent physics data! Component: /Game/StarterContent/Maps/Adam.Adam:PersistentLevel.ModelComponent_559, Buffer: 0, Buffer Size: 0, Element: 16
[2020.01.23-17.27.14:383][ 47]LogPhysics: Warning: Found bad index buffer when cooking UModelComponent physics data! Component: /Game/StarterContent/Maps/Adam.Adam:PersistentLevel.ModelComponent_559, Buffer: 0, Buffer Size: 0, Element: 17
[2020.01.23-17.27.14:383][ 47]LogPhysics: Warning: Found bad index buffer when cooking UModelComponent physics data! Component: /Game/StarterContent/Maps/Adam.Adam:PersistentLevel.ModelComponent_559, Buffer: 0, Buffer Size: 0, Element: 18
[2020.01.23-17.27.14:383][ 47]LogPhysics: Warning: Found bad index buffer when cooking UModelComponent physics data! Component: /Game/StarterContent/Maps/Adam.Adam:PersistentLevel.ModelComponent_559, Buffer: 0, Buffer Size: 0, Element: 19
[2020.01.23-17.27.14:384][ 47]LogPhysics: Warning: Found bad index buffer when cooking UModelComponent physics data! Component: /Game/StarterContent/Maps/Adam.Adam:PersistentLevel.ModelComponent_559, Buffer: 0, Buffer Size: 0, Element: 20
[2020.01.23-17.27.14:384][ 47]LogPhysics: Warning: Found bad index buffer when cooking UModelComponent physics data! Component: /Game/StarterContent/Maps/Adam.Adam:PersistentLevel.ModelComponent_559, Buffer: 0, Buffer Size: 0, Element: 21
[2020.01.23-17.27.14:384][ 47]LogPhysics: Warning: UBodySetup::GetCookInfo: Triangle data from '/Game/StarterContent/Maps/Adam.Adam:PersistentLevel.ModelComponent_559' invalid (362 verts, 0 indices).
[2020.01.23-17.27.14:384][ 47]LogPhysics: Warning: Attempt to build physics data for /Game/StarterContent/Maps/Adam.Adam:PersistentLevel.ModelComponent_559.BodySetup_0 when we are unable to.
[2020.01.23-17.27.14:384][ 47]LogPhysics: Warning: Found bad index buffer when cooking UModelComponent physics data! Component: /Game/StarterContent/Maps/Adam.Adam:PersistentLevel.ModelComponent_560, Buffer: 0, Buffer Size: 0, Element: 0
[2020.01.23-17.27.14:384][ 47]LogPhysics: Warning: UBodySetup::GetCookInfo: Triangle data from '/Game/StarterContent/Maps/Adam.Adam:PersistentLevel.ModelComponent_560' invalid (362 verts, 0 indices).
[2020.01.23-17.27.14:384][ 47]LogPhysics: Warning: Attempt to build physics data for /Game/StarterContent/Maps/Adam.Adam:PersistentLevel.ModelComponent_560.BodySetup_0 when we are unable to.
[2020.01.23-17.27.14:384][ 47]LogPhysics: Warning: Found bad index buffer when cooking UModelComponent physics data! Component: /Game/StarterContent/Maps/Adam.Adam:PersistentLevel.ModelComponent_561, Buffer: 0, Buffer Size: 0, Element: 0
[2020.01.23-17.27.14:384][ 47]LogPhysics: Warning: Found bad index buffer when cooking UModelComponent physics data! Component: /Game/StarterContent/Maps/Adam.Adam:PersistentLevel.ModelComponent_561, Buffer: 0, Buffer Size: 0, Element: 1
[2020.01.23-17.27.14:384][ 47]LogPhysics: Warning: Found bad index buffer when cooking UModelComponent physics data! Component: /Game/StarterContent/Maps/Adam.Adam:PersistentLevel.ModelComponent_561, Buffer: 0, Buffer Size: 0, Element: 2
[2020.01.23-17.27.14:384][ 47]LogPhysics: Warning: Found bad index buffer when cooking UModelComponent physics data! Component: /Game/StarterContent/Maps/Adam.Adam:PersistentLevel.ModelComponent_561, Buffer: 0, Buffer Size: 0, Element: 3
[2020.01.23-17.27.14:384][ 47]LogPhysics: Warning: Found bad index buffer when cooking UModelComponent physics data! Component: /Game/StarterContent/Maps/Adam.Adam:PersistentLevel.ModelComponent_561, Buffer: 0, Buffer Size: 0, Element: 4
[2020.01.23-17.27.14:384][ 47]LogPhysics: Warning: Found bad index buffer when cooking UModelComponent physics data! Component: /Game/StarterContent/Maps/Adam.Adam:PersistentLevel.ModelComponent_561, Buffer: 0, Buffer Size: 0, Element: 5
[2020.01.23-17.27.14:384][ 47]LogPhysics: Warning: Found bad index buffer when cooking UModelComponent physics data! Component: /Game/StarterContent/Maps/Adam.Adam:PersistentLevel.ModelComponent_561, Buffer: 0, Buffer Size: 0, Element: 6
[2020.01.23-17.27.14:384][ 47]LogPhysics: Warning: Found bad index buffer when cooking UModelComponent physics data! Component: /Game/StarterContent/Maps/Adam.Adam:PersistentLevel.ModelComponent_561, Buffer: 0, Buffer Size: 0, Element: 7
[2020.01.23-17.27.14:384][ 47]LogPhysics: Warning: Found bad index buffer when cooking UModelComponent physics data! Component: /Game/StarterContent/Maps/Adam.Adam:PersistentLevel.ModelComponent_561, Buffer: 0, Buffer Size: 0, Element: 8
[2020.01.23-17.27.14:384][ 47]LogPhysics: Warning: Found bad index buffer when cooking UModelComponent physics data! Component: /Game/StarterContent/Maps/Adam.Adam:PersistentLevel.ModelComponent_561, Buffer: 0, Buffer Size: 0, Element: 9
[2020.01.23-17.27.14:384][ 47]LogPhysics: Warning: Found bad index buffer when cooking UModelComponent physics data! Component: /Game/StarterContent/Maps/Adam.Adam:PersistentLevel.ModelComponent_561, Buffer: 0, Buffer Size: 0, Element: 10
[2020.01.23-17.27.14:384][ 47]LogPhysics: Warning: Found bad index buffer when cooking UModelComponent physics data! Component: /Game/StarterContent/Maps/Adam.Adam:PersistentLevel.ModelComponent_561, Buffer: 0, Buffer Size: 0, Element: 11
[2020.01.23-17.27.14:384][ 47]LogPhysics: Warning: Found bad index buffer when cooking UModelComponent physics data! Component: /Game/StarterContent/Maps/Adam.Adam:PersistentLevel.ModelComponent_561, Buffer: 0, Buffer Size: 0, Element: 12
[2020.01.23-17.27.14:384][ 47]LogPhysics: Warning: UBodySetup::GetCookInfo: Triangle data from '/Game/StarterContent/Maps/Adam.Adam:PersistentLevel.ModelComponent_561' invalid (362 verts, 0 indices).
[2020.01.23-17.27.14:384][ 47]LogPhysics: Warning: Attempt to build physics data for /Game/StarterContent/Maps/Adam.Adam:PersistentLevel.ModelComponent_561.BodySetup_0 when we are unable to.
[2020.01.23-17.27.14:385][ 47]LogActorComponent: ~FComponentReregisterContext: (/Game/StarterContent/Maps/Adam.Adam:PersistentLevel.BoxBrush15.BrushComponent0) Component already registered.
[2020.01.23-17.27.14:385][ 47]LogActorComponent: ~FComponentReregisterContext: (/Game/StarterContent/Maps/Adam.Adam:PersistentLevel.BoxBrush14.BrushComponent0) Component already registered.
[2020.01.23-17.27.14:598][ 58]Cmd: TRANSACTION UNDO
[2020.01.23-17.27.14:598][ 58]LogEditorTransaction: Undo Apply Material to Selected Surfaces
[2020.01.23-17.27.14:802][ 69]Cmd: TRANSACTION UNDO
[2020.01.23-17.27.14:802][ 69]LogEditorTransaction: Undo Modifier [Edit]
[2020.01.23-17.27.14:997][ 80]Cmd: TRANSACTION UNDO
[2020.01.23-17.27.14:997][ 80]LogEditorTransaction: Undo Select Brush Surface
[2020.01.23-17.27.15:172][ 90]Cmd: TRANSACTION UNDO
[2020.01.23-17.27.15:172][ 90]LogEditorTransaction: Undo Move Actors
[2020.01.23-17.27.15:356][100]Cmd: TRANSACTION UNDO
[2020.01.23-17.27.15:356][100]LogEditorTransaction: Undo Move Actors
[2020.01.23-17.27.15:366][100]LogActorComponent: ~FComponentReregisterContext: (/Game/StarterContent/Maps/Adam.Adam:PersistentLevel.BoxBrush4.BrushComponent0) Component already registered.
[2020.01.23-17.27.15:366][100]LogActorComponent: ~FComponentReregisterContext: (/Game/StarterContent/Maps/Adam.Adam:PersistentLevel.BoxBrush5.BrushComponent0) Component already registered.
[2020.01.23-17.27.15:367][100]LogActorComponent: ~FComponentReregisterContext: (/Game/StarterContent/Maps/Adam.Adam:PersistentLevel.BoxBrush11.BrushComponent0) Component already registered.
[2020.01.23-17.27.15:555][111]Cmd: TRANSACTION UNDO
[2020.01.23-17.27.15:555][111]LogEditorTransaction: Undo Move Actors
[2020.01.23-17.27.15:564][111]LogActorComponent: ~FComponentReregisterContext: (/Game/StarterContent/Maps/Adam.Adam:PersistentLevel.BoxBrush5.BrushComponent0) Component already registered.
[2020.01.23-17.27.15:565][111]LogActorComponent: ~FComponentReregisterContext: (/Game/StarterContent/Maps/Adam.Adam:PersistentLevel.BoxBrush.BrushComponent0) Component already registered.
[2020.01.23-17.27.15:740][121]Cmd: TRANSACTION UNDO
[2020.01.23-17.27.15:740][121]LogEditorTransaction: Undo Move Actors
[2020.01.23-17.27.15:748][121]LogActorComponent: ~FComponentReregisterContext: (/Game/StarterContent/Maps/Adam.Adam:PersistentLevel.BoxBrush4.BrushComponent0) Component already registered.
[2020.01.23-17.27.15:749][121]LogActorComponent: ~FComponentReregisterContext: (/Game/StarterContent/Maps/Adam.Adam:PersistentLevel.BoxBrush9.BrushComponent0) Component already registered.
[2020.01.23-17.27.16:170][146]Cmd: TRANSACTION UNDO
[2020.01.23-17.27.16:170][146]LogEditorTransaction: Undo Move Actors
[2020.01.23-17.27.17:152][204]Cmd: TRANSACTION UNDO
[2020.01.23-17.27.17:152][204]LogEditorTransaction: Undo Move Actors
[2020.01.23-17.27.17:161][204]LogActorComponent: ~FComponentReregisterContext: (/Game/StarterContent/Maps/Adam.Adam:PersistentLevel.BoxBrush3.BrushComponent0) Component already registered.
[2020.01.23-17.27.17:162][204]LogActorComponent: ~FComponentReregisterContext: (/Game/StarterContent/Maps/Adam.Adam:PersistentLevel.BoxBrush9.BrushComponent0) Component already registered.
[2020.01.23-17.27.20:540][406]Cmd: TRANSACTION UNDO
[2020.01.23-17.27.20:540][406]LogEditorTransaction: Undo Select Brush Surface
[2020.01.23-17.27.20:710][415]Cmd: TRANSACTION UNDO
[2020.01.23-17.27.20:710][415]LogEditorTransaction: Undo Move Actors
[2020.01.23-17.27.20:718][415]LogActorComponent: ~FComponentReregisterContext: (/Game/StarterContent/Maps/Adam.Adam:PersistentLevel.BoxBrush5.BrushComponent0) Component already registered.
[2020.01.23-17.27.20:912][425]Cmd: TRANSACTION UNDO
[2020.01.23-17.27.20:912][425]LogEditorTransaction: Undo Move Actors
[2020.01.23-17.27.20:919][425]LogActorComponent: ~FComponentReregisterContext: (/Game/StarterContent/Maps/Adam.Adam:PersistentLevel.BoxBrush2.BrushComponent0) Component already registered.
[2020.01.23-17.27.20:919][425]LogActorComponent: ~FComponentReregisterContext: (/Game/StarterContent/Maps/Adam.Adam:PersistentLevel.BoxBrush4.BrushComponent0) Component already registered.
[2020.01.23-17.27.20:919][425]LogActorComponent: ~FComponentReregisterContext: (/Game/StarterContent/Maps/Adam.Adam:PersistentLevel.BoxBrush3.BrushComponent0) Component already registered.
[2020.01.23-17.27.21:132][436]Cmd: TRANSACTION UNDO
[2020.01.23-17.27.21:132][436]LogEditorTransaction: Undo Select Brush Surface
[2020.01.23-17.27.22:896][539]Cmd: TRANSACTION UNDO
[2020.01.23-17.27.22:896][539]LogEditorTransaction: Undo Select Brush Surface
[2020.01.23-17.27.23:242][559]Cmd: TRANSACTION UNDO
[2020.01.23-17.27.23:242][559]LogEditorTransaction: Undo Select Brush Surface
[2020.01.23-17.27.23:636][582]Cmd: TRANSACTION UNDO
[2020.01.23-17.27.23:636][582]LogEditorTransaction: Undo Select Brush Surface
[2020.01.23-17.27.24:078][608]Cmd: TRANSACTION UNDO
[2020.01.23-17.27.24:078][608]LogEditorTransaction: Undo Move Actors
[2020.01.23-17.27.24:084][608]LogActorComponent: ~FComponentReregisterContext: (/Game/StarterContent/Maps/Adam.Adam:PersistentLevel.BoxBrush2.BrushComponent0) Component already registered.
[2020.01.23-17.27.24:085][608]LogActorComponent: ~FComponentReregisterContext: (/Game/StarterContent/Maps/Adam.Adam:PersistentLevel.BoxBrush5.BrushComponent0) Component already registered.
[2020.01.23-17.27.24:085][608]LogActorComponent: ~FComponentReregisterContext: (/Game/StarterContent/Maps/Adam.Adam:PersistentLevel.BoxBrush6.BrushComponent0) Component already registered.
[2020.01.23-17.27.24:393][626]Cmd: TRANSACTION UNDO
[2020.01.23-17.27.24:393][626]LogEditorTransaction: Undo Move Actors
[2020.01.23-17.27.30:714][  2]LogSlate: FSceneViewport::OnFocusLost() reason 2
[2020.01.23-17.28.06:053][116]LogSlate: FSceneViewport::OnFocusLost() reason 0
[2020.01.23-17.28.16:722][750]Cmd: TRANSACTION UNDO
[2020.01.23-17.28.16:722][750]LogEditorTransaction: Undo Move Actors
[2020.01.23-17.28.16:730][750]LogActorComponent: ~FComponentReregisterContext: (/Game/StarterContent/Maps/Adam.Adam:PersistentLevel.BoxBrush2.BrushComponent0) Component already registered.
[2020.01.23-17.28.16:730][750]LogActorComponent: ~FComponentReregisterContext: (/Game/StarterContent/Maps/Adam.Adam:PersistentLevel.BoxBrush5.BrushComponent0) Component already registered.
[2020.01.23-17.28.16:731][750]LogActorComponent: ~FComponentReregisterContext: (/Game/StarterContent/Maps/Adam.Adam:PersistentLevel.BoxBrush6.BrushComponent0) Component already registered.
[2020.01.23-17.29.07:409][770]LogSlate: FSceneViewport::OnFocusLost() reason 0
[2020.01.23-17.29.23:353][724]LogEditorViewport: Clicking on Actor (LMB): StaticMeshActor (Floor)
[2020.01.23-17.29.37:588][576]Cmd: TRANSACTION UNDO
[2020.01.23-17.29.37:588][576]LogEditorTransaction: Undo Clicking on Actors
[2020.01.23-17.29.37:778][586]Cmd: TRANSACTION UNDO
[2020.01.23-17.29.37:778][586]LogEditorTransaction: Undo Select Brush Surface
[2020.01.23-17.29.37:997][598]Cmd: TRANSACTION UNDO
[2020.01.23-17.29.37:997][598]LogEditorTransaction: Undo Move Actors
[2020.01.23-17.29.38:006][598]LogActorComponent: ~FComponentReregisterContext: (/Game/StarterContent/Maps/Adam.Adam:PersistentLevel.BoxBrush3.BrushComponent0) Component already registered.
[2020.01.23-17.29.38:186][607]Cmd: TRANSACTION UNDO
[2020.01.23-17.29.38:186][607]LogEditorTransaction: Undo Select Brush Surface
[2020.01.23-17.29.38:347][616]Cmd: TRANSACTION UNDO
[2020.01.23-17.29.38:347][616]LogEditorTransaction: Undo Move Actors
[2020.01.23-17.29.38:355][616]LogActorComponent: ~FComponentReregisterContext: (/Game/StarterContent/Maps/Adam.Adam:PersistentLevel.BoxBrush2.BrushComponent0) Component already registered.
[2020.01.23-17.29.38:355][616]LogActorComponent: ~FComponentReregisterContext: (/Game/StarterContent/Maps/Adam.Adam:PersistentLevel.BoxBrush4.BrushComponent0) Component already registered.
[2020.01.23-17.29.38:355][616]LogActorComponent: ~FComponentReregisterContext: (/Game/StarterContent/Maps/Adam.Adam:PersistentLevel.BoxBrush3.BrushComponent0) Component already registered.
[2020.01.23-17.29.38:356][616]LogActorComponent: ~FComponentReregisterContext: (/Game/StarterContent/Maps/Adam.Adam:PersistentLevel.BoxBrush6.BrushComponent0) Component already registered.
[2020.01.23-17.29.38:518][625]Cmd: TRANSACTION UNDO
[2020.01.23-17.29.38:518][625]LogEditorTransaction: Undo Select Brush Surface
[2020.01.23-17.29.38:692][635]Cmd: TRANSACTION UNDO
[2020.01.23-17.29.38:693][635]LogEditorTransaction: Undo Move Actors
[2020.01.23-17.29.38:700][635]LogActorComponent: ~FComponentReregisterContext: (/Game/StarterContent/Maps/Adam.Adam:PersistentLevel.BoxBrush4.BrushComponent0) Component already registered.
[2020.01.23-17.29.38:880][645]Cmd: TRANSACTION UNDO
[2020.01.23-17.29.38:880][645]LogEditorTransaction: Undo Select Brush Surface
[2020.01.23-17.29.39:205][664]Cmd: TRANSACTION UNDO
[2020.01.23-17.29.39:205][664]LogEditorTransaction: Undo Move Actors
[2020.01.23-17.29.39:551][684]Cmd: TRANSACTION UNDO
[2020.01.23-17.29.39:551][684]LogEditorTransaction: Undo Move Actors
[2020.01.23-17.29.39:914][705]Cmd: TRANSACTION UNDO
[2020.01.23-17.29.39:914][705]LogEditorTransaction: Undo Move Actors
[2020.01.23-17.29.41:773][813]LogSlate: FSceneViewport::OnFocusLost() reason 2
[2020.01.23-17.29.48:106][189]LogSlate: FSceneViewport::OnFocusLost() reason 0
[2020.01.23-17.30.34:897][975]LogSlate: FSceneViewport::OnFocusLost() reason 0
[2020.01.23-17.30.55:452][201]Cmd: BRUSH SUBTRACT SELECTNEWBRUSH
[2020.01.23-17.31.00:518][503]Cmd: TRANSACTION UNDO
[2020.01.23-17.31.00:518][503]LogEditorTransaction: Undo Brush Subtract
[2020.01.23-17.31.01:827][581]LogSlate: FSceneViewport::OnFocusLost() reason 0
[2020.01.23-17.31.06:624][867]Cmd: BRUSH SUBTRACT SELECTNEWBRUSH
[2020.01.23-17.31.19:280][623]LogSlate: FSceneViewport::OnFocusLost() reason 0
[2020.01.23-17.31.24:089][909]LogEditorViewport: Clicking on Actor (LMB): Brush (Cylinder Brush)
[2020.01.23-17.31.45:588][192]Cmd: TRANSACTION UNDO
[2020.01.23-17.31.45:588][192]LogEditorTransaction: Undo Scale Actors
[2020.01.23-17.31.48:685][375]Cmd: TRANSACTION UNDO
[2020.01.23-17.31.48:685][375]LogEditorTransaction: Undo Scale Actors
[2020.01.23-17.32.02:501][198]LogSlate: FSceneViewport::OnFocusLost() reason 0
[2020.01.23-17.32.10:879][698]LogEditorViewport: Clicking on Actor (LMB): BP_Sky_Sphere_C (Sky Sphere)
[2020.01.23-17.32.17:682][105]Cmd: TRANSACTION UNDO
[2020.01.23-17.32.17:682][105]LogEditorTransaction: Undo Clicking on Actors
[2020.01.23-17.32.18:202][135]Cmd: TRANSACTION UNDO
[2020.01.23-17.32.18:202][135]LogEditorTransaction: Undo Move Actors
[2020.01.23-17.32.20:795][287]LogSlate: FSceneViewport::OnFocusLost() reason 0
[2020.01.23-17.32.21:734][340]Cmd: BRUSH SUBTRACT SELECTNEWBRUSH
[2020.01.23-17.32.34:114][ 80]Cmd: TRANSACTION UNDO
[2020.01.23-17.32.34:114][ 80]LogEditorTransaction: Undo Brush Subtract
[2020.01.23-17.32.37:702][295]Cmd: TRANSACTION UNDO
[2020.01.23-17.32.37:702][295]LogEditorTransaction: Undo Move Actors
[2020.01.23-17.32.43:983][670]LogSlate: FSceneViewport::OnFocusLost() reason 0
[2020.01.23-17.32.46:471][817]Cmd: BRUSH SUBTRACT SELECTNEWBRUSH
[2020.01.23-17.32.55:427][350]LogSlate: FSceneViewport::OnFocusLost() reason 0
[2020.01.23-17.33.01:721][725]LogSlate: FSceneViewport::OnFocusLost() reason 0
[2020.01.23-17.33.05:651][959]LogEditorViewport: Clicking on Actor (LMB): BP_Sky_Sphere_C (Sky Sphere)
[2020.01.23-17.33.18:694][738]LogSlate: FSceneViewport::OnFocusLost() reason 0
[2020.01.23-17.33.20:817][865]LogEditorViewport: Clicking on Actor (LMB): BP_Sky_Sphere_C (Sky Sphere)
[2020.01.23-17.33.30:414][439]LogSlate: FSceneViewport::OnFocusLost() reason 0
[2020.01.23-17.33.34:205][662]LogSlate: FSceneViewport::OnFocusLost() reason 0
[2020.01.23-17.33.40:583][ 41]LogEditorViewport: Clicking on Actor (LMB): BP_Sky_Sphere_C (Sky Sphere)
[2020.01.23-17.33.49:912][596]Cmd: TRANSACTION UNDO
[2020.01.23-17.33.49:912][596]LogEditorTransaction: Undo Apply Material to Selected Surfaces
[2020.01.23-17.33.53:702][822]Cmd: POLY SELECT ADJACENT ALL
[2020.01.23-17.33.56:617][995]Cmd: POLY SELECT ADJACENT ALL
[2020.01.23-17.34.00:719][240]LogSlate: FSceneViewport::OnFocusLost() reason 0
[2020.01.23-17.34.06:732][599]Cmd: POLY SELECT ADJACENT ALL
[2020.01.23-17.34.08:165][683]LogSlate: FSceneViewport::OnFocusLost() reason 0
[2020.01.23-17.34.10:368][814]Cmd: POLY SELECT ADJACENT ALL
[2020.01.23-17.34.11:290][868]LogEditorViewport: Clicking Background
[2020.01.23-17.34.12:583][944]Cmd: POLY SELECT ADJACENT ALL
[2020.01.23-17.34.13:370][990]LogSlate: FSceneViewport::OnFocusLost() reason 0
[2020.01.23-17.34.15:414][111]Cmd: POLY SELECT ADJACENT ALL
[2020.01.23-17.34.16:219][158]LogSlate: FSceneViewport::OnFocusLost() reason 0
[2020.01.23-17.34.17:892][257]Cmd: POLY SELECT ADJACENT ALL
[2020.01.23-17.34.18:742][307]LogSlate: FSceneViewport::OnFocusLost() reason 0
[2020.01.23-17.34.20:720][424]Cmd: POLY SELECT ADJACENT ALL
[2020.01.23-17.34.21:900][493]LogSlate: FSceneViewport::OnFocusLost() reason 0
[2020.01.23-17.34.23:950][613]Cmd: POLY SELECT ADJACENT ALL
[2020.01.23-17.34.24:648][654]LogSlate: FSceneViewport::OnFocusLost() reason 0
[2020.01.23-17.34.26:751][778]Cmd: POLY SELECT ADJACENT ALL
[2020.01.23-17.34.27:163][802]LogSlate: FSceneViewport::OnFocusLost() reason 0
[2020.01.23-17.34.29:230][923]Cmd: POLY SELECT ADJACENT ALL
[2020.01.23-17.34.29:664][948]LogSlate: FSceneViewport::OnFocusLost() reason 0
[2020.01.23-17.34.33:834][196]LogEditorViewport: Clicking on Actor (LMB): BP_Sky_Sphere_C (Sky Sphere)
[2020.01.23-17.34.39:723][548]LogEditorViewport: Clicking on Actor (LMB): StaticMeshActor (Ball)
[2020.01.23-17.34.43:944][797]Cmd: TRANSACTION UNDO
[2020.01.23-17.34.43:944][797]LogEditorTransaction: Undo Move Actors
[2020.01.23-17.35.00:997][820]LogEditorViewport: Clicking on Actor (LMB): BP_Sky_Sphere_C (Sky Sphere)
[2020.01.23-17.35.06:145][126]LogSlate: FSceneViewport::OnFocusLost() reason 2
[2020.01.23-17.35.07:276][192]LogSlate: FSceneViewport::OnFocusLost() reason 2
[2020.01.23-17.35.07:579][192]LogSavePackage: Moving '../../../../../../Users/torra/Documents/Unreal/ProjektAdamK/Saved/AdamC532DB3A44B5FE3C1698E8ACB89FCF97.tmp' to '../../../../../../Users/torra/Documents/Unreal/ProjektAdamK/Content/StarterContent/Maps/Adam.umap'
[2020.01.23-17.35.07:599][192]LogFileHelpers: Saving map 'Adam' took 0.312
[2020.01.23-17.35.09:426][301]LogEditorViewport: Clicking on Actor (LMB): BP_Sky_Sphere_C (Sky Sphere)
[2020.01.23-17.35.09:932][331]LogEditorViewport: Clicking on Actor (LMB): BP_Sky_Sphere_C (Sky Sphere)
[2020.01.23-17.35.10:268][351]LogEditorViewport: Clicking on Actor (LMB): StaticMeshActor (Floor)
