Log file open, 01/23/20 19:46:23
LogWindows: Failed to load 'aqProf.dll' (GetLastError=126)
LogWindows: File 'aqProf.dll' does not exist
LogWindows: Failed to load 'VSPerf140.dll' (GetLastError=126)
LogWindows: File 'VSPerf140.dll' does not exist
LogWindows: Failed to load 'VtuneApi.dll' (GetLastError=126)
LogWindows: File 'VtuneApi.dll' does not exist
LogWindows: Failed to load 'VtuneApi32e.dll' (GetLastError=126)
LogWindows: File 'VtuneApi32e.dll' does not exist
LogInit: Display: Running engine for game: ProjektAdamK
LogPlatformFile: Not using cached read wrapper
LogTaskGraph: Started task graph with 5 named threads and 35 total threads with 3 sets of task threads.
LogStats: Stats thread started at 0.407623
LogD3D11RHI: Loaded GFSDK_Aftermath_Lib.x64.dll
LogICUInternationalization: Display: ICU TimeZone Detection - Raw Offset: +1:00, Platform Override: ''
LogPluginManager: Mounting plugin Paper2D
LogPluginManager: Mounting plugin AISupport
LogPluginManager: Mounting plugin LightPropagationVolume
LogPluginManager: Mounting plugin CLionSourceCodeAccess
LogPluginManager: Mounting plugin CodeLiteSourceCodeAccess
LogPluginManager: Mounting plugin GitSourceControl
LogPluginManager: Mounting plugin KDevelopSourceCodeAccess
LogPluginManager: Mounting plugin NullSourceCodeAccess
LogPluginManager: Mounting plugin PerforceSourceControl
LogPluginManager: Mounting plugin SubversionSourceControl
LogPluginManager: Mounting plugin UObjectPlugin
LogPluginManager: Mounting plugin VisualStudioCodeSourceCodeAccess
LogPluginManager: Mounting plugin VisualStudioSourceCodeAccess
LogPluginManager: Mounting plugin XCodeSourceCodeAccess
LogPluginManager: Mounting plugin AssetManagerEditor
LogPluginManager: Mounting plugin CryptoKeys
LogPluginManager: Mounting plugin DataValidation
LogPluginManager: Mounting plugin FacialAnimation
LogPluginManager: Mounting plugin GameplayTagsEditor
LogPluginManager: Mounting plugin MacGraphicsSwitching
LogPluginManager: Mounting plugin MeshEditor
LogPluginManager: Mounting plugin MobileLauncherProfileWizard
LogPluginManager: Mounting plugin PluginBrowser
LogPluginManager: Mounting plugin SpeedTreeImporter
LogPluginManager: Mounting plugin DatasmithContent
LogPluginManager: Mounting plugin AlembicImporter
LogPluginManager: Mounting plugin AppleImageUtils
LogPluginManager: Mounting plugin AppleVision
LogPluginManager: Mounting plugin BackChannel
LogPluginManager: Mounting plugin CharacterAI
LogPluginManager: Mounting plugin GeometryCache
LogPluginManager: Mounting plugin HTML5Networking
LogPluginManager: Mounting plugin ProxyLODPlugin
LogPluginManager: Mounting plugin MagicLeap
LogPluginManager: Mounting plugin MagicLeapEmulator
LogPluginManager: Mounting plugin MagicLeapMedia
LogPluginManager: Mounting plugin AndroidMedia
LogPluginManager: Mounting plugin AvfMedia
LogPluginManager: Mounting plugin ImgMedia
LogPluginManager: Mounting plugin LinearTimecode
LogPluginManager: Mounting plugin MediaCompositing
LogPluginManager: Mounting plugin MediaPlayerEditor
LogPluginManager: Mounting plugin WmfMedia
LogPluginManager: Mounting plugin TcpMessaging
LogPluginManager: Mounting plugin UdpMessaging
LogPluginManager: Mounting plugin ActorSequence
LogPluginManager: Mounting plugin LevelSequenceEditor
LogPluginManager: Mounting plugin MatineeToLevelSequence
LogPluginManager: Mounting plugin NetcodeUnitTest
LogPluginManager: Mounting plugin NUTUnrealEngine4
LogPluginManager: Mounting plugin OnlineSubsystemGooglePlay
LogPluginManager: Mounting plugin OnlineSubsystemIOS
LogPluginManager: Mounting plugin OnlineSubsystem
LogPluginManager: Mounting plugin OnlineSubsystemNull
LogPluginManager: Mounting plugin OnlineSubsystemUtils
LogPluginManager: Mounting plugin LauncherChunkInstaller
LogPluginManager: Mounting plugin AndroidDeviceProfileSelector
LogPluginManager: Mounting plugin AndroidMoviePlayer
LogPluginManager: Mounting plugin AndroidPermission
LogPluginManager: Mounting plugin AppleMoviePlayer
LogPluginManager: Mounting plugin ArchVisCharacter
LogPluginManager: Mounting plugin AudioCapture
LogPluginManager: Mounting plugin CableComponent
LogPluginManager: Mounting plugin CustomMeshComponent
LogPluginManager: Mounting plugin EditableMesh
LogPluginManager: Mounting plugin ExampleDeviceProfileSelector
LogPluginManager: Mounting plugin GoogleCloudMessaging
LogPluginManager: Mounting plugin ImmediatePhysics
LogPluginManager: Mounting plugin IOSDeviceProfileSelector
LogPluginManager: Mounting plugin LinuxDeviceProfileSelector
LogPluginManager: Mounting plugin LocationServicesBPLibrary
LogPluginManager: Mounting plugin MobilePatchingUtils
LogPluginManager: Mounting plugin OculusVR
LogPluginManager: Plugin shader directory ../../../Engine/Plugins/Runtime/Oculus/OculusVR/Shaders found
LogPluginManager: Mapping shader source directory ../../../Engine/Plugins/Runtime/Oculus/OculusVR/Shaders to virtual directory /Plugin/OculusVR
LogPluginManager: Mounting plugin PhysXVehicles
LogPluginManager: Mounting plugin ProceduralMeshComponent
LogPluginManager: Mounting plugin RuntimePhysXCooking
LogPluginManager: Mounting plugin SteamVR
LogPluginManager: Mounting plugin WindowsMoviePlayer
LogStreaming: Display: Took  0.105s to configure plugins.
LogInit: Using libcurl 7.55.1-DEV
LogInit:  - built for x86_64-pc-win32
LogInit:  - supports SSL with OpenSSL/1.0.2h
LogInit:  - supports HTTP deflate (compression) using libz 1.2.8
LogInit:  - other features:
LogInit:      CURL_VERSION_SSL
LogInit:      CURL_VERSION_LIBZ
LogInit:      CURL_VERSION_IPV6
LogInit:      CURL_VERSION_ASYNCHDNS
LogInit:      CURL_VERSION_LARGEFILE
LogInit:      CURL_VERSION_IDN
LogInit:  CurlRequestOptions (configurable via config and command line):
LogInit:  - bVerifyPeer = false  - Libcurl will NOT verify peer certificate
LogInit:  - bUseHttpProxy = false  - Libcurl will NOT use HTTP proxy
LogInit:  - bDontReuseConnections = false  - Libcurl will reuse connections
LogInit:  - CertBundlePath = nullptr  - Libcurl will use whatever was configured at build time.
LogInit:  - MaxHostConnections = 16  - Libcurl will limit the number of connections to a host
LogInit:  - LocalHostAddr = Default
LogInit:  - BufferSize = 65536
LogInit: WinSock: version 1.1 (2.2), MaxSocks=32767, MaxUdp=65467
LogInit: Build: ++UE4+Release-4.20-CL-4369336
LogInit: Engine Version: 4.20.3-4369336+++UE4+Release-4.20
LogInit: Compatible Engine Version: 4.20.0-4212847+++UE4+Release-4.20
LogInit: Net CL: 4212847
LogInit: OS: Windows 10 (), CPU: Intel(R) Core(TM) i7-8750H CPU @ 2.20GHz, GPU: Intel(R) UHD Graphics 630
LogInit: Compiled (64-bit): Sep 17 2018 12:26:19
LogInit: Compiled with Visual C++: 19.13.26129.00
LogInit: Build Configuration: Development
LogInit: Branch Name: ++UE4+Release-4.20
LogInit: Command Line:  
LogInit: Base Directory: C:/Program Files/Epic Games/UE_4.20/Engine/Binaries/Win64/
LogInit: Installed Engine Build: 1
LogDevObjectVersion: Number of dev versions registered: 20
LogDevObjectVersion:   Dev-Blueprints (B0D832E4-1F89-4F0D-ACCF-7EB736FD4AA2): 10
LogDevObjectVersion:   Dev-Build (E1C64328-A22C-4D53-A36C-8E866417BD8C): 0
LogDevObjectVersion:   Dev-Core (375EC13C-06E4-48FB-B500-84F0262A717E): 2
LogDevObjectVersion:   Dev-Editor (E4B068ED-F494-42E9-A231-DA0B2E46BB41): 24
LogDevObjectVersion:   Dev-Framework (CFFC743F-43B0-4480-9391-14DF171D2073): 34
LogDevObjectVersion:   Dev-Mobile (B02B49B5-BB20-44E9-A304-32B752E40360): 2
LogDevObjectVersion:   Dev-Networking (A4E4105C-59A1-49B5-A7C5-40C4547EDFEE): 0
LogDevObjectVersion:   Dev-Online (39C831C9-5AE6-47DC-9A44-9C173E1C8E7C): 0
LogDevObjectVersion:   Dev-Physics (78F01B33-EBEA-4F98-B9B4-84EACCB95AA2): 0
LogDevObjectVersion:   Dev-Platform (6631380F-2D4D-43E0-8009-CF276956A95A): 0
LogDevObjectVersion:   Dev-Rendering (12F88B9F-8875-4AFC-A67C-D90C383ABD29): 26
LogDevObjectVersion:   Dev-Sequencer (7B5AE74C-D270-4C10-A958-57980B212A5A): 9
LogDevObjectVersion:   Dev-VR (D7296918-1DD6-4BDD-9DE2-64A83CC13884): 2
LogDevObjectVersion:   Dev-LoadTimes (C2A15278-BFE7-4AFE-6C17-90FF531DF755): 1
LogDevObjectVersion:   Private-Geometry (6EACA3D4-40EC-4CC1-B786-8BED09428FC5): 3
LogDevObjectVersion:   Dev-AnimPhys (29E575DD-E0A3-4627-9D10-D276232CDCEA): 17
LogDevObjectVersion:   Dev-ReflectionCapture (6B266CEC-1EC7-4B8F-A30B-E4D90942FC07): 1
LogDevObjectVersion:   Dev-Automation (0DF73D61-A23F-47EA-B727-89E90C41499A): 1
LogDevObjectVersion:   FortniteMain (601D1886-AC64-4F84-AA16-D3DE0DEAC7D6): 12
LogDevObjectVersion:   Dev-Enterprise (9DFFBCD6-494F-0158-E221-12823C92A888): 1
LogStreaming: Display: Took  0.002s to delete old logs.
LogInit: Presizing for max 8388607 objects, including 0 objects not considered by GC, pre-allocating 0 bytes for permanent pool.
LogInit: Object subsystem initialized
[2020.01.23-18.46.23:951][  0]LogInit: Selected Device Profile: [Windows]
[2020.01.23-18.46.23:951][  0]LogInit: Applying CVar settings loaded from the selected device profile: [Windows]
[2020.01.23-18.46.23:958][  0]LogHAL: Display: Platform has ~ 16 GB [17015590912 / 17179869184 / 16], which maps to Larger [LargestMinGB=32, LargerMinGB=12, DefaultMinGB=8, SmallerMinGB=6, SmallestMinGB=0)
[2020.01.23-18.46.23:958][  0]LogInit: Setting Device Profile CVar: [[r.Vulkan.UseRealUBs:1]]
[2020.01.23-18.46.23:958][  0]LogInit: Going up to parent DeviceProfile []
[2020.01.23-18.46.23:959][  0]LogInit: Computer: DESKTOP-UNUEO59
[2020.01.23-18.46.23:959][  0]LogInit: User: torra
[2020.01.23-18.46.23:959][  0]LogInit: CPU Page size=4096, Cores=6
[2020.01.23-18.46.23:959][  0]LogInit: High frequency timer resolution =10.000000 MHz
[2020.01.23-18.46.23:959][  0]LogMemory: Memory total: Physical=15.8GB (16GB approx)
[2020.01.23-18.46.23:959][  0]LogMemory: Platform Memory Stats for Windows
[2020.01.23-18.46.23:959][  0]LogMemory: Process Physical Memory: 101.77 MB used, 101.77 MB peak
[2020.01.23-18.46.23:959][  0]LogMemory: Process Virtual Memory: 86.15 MB used, 86.15 MB peak
[2020.01.23-18.46.23:959][  0]LogMemory: Physical Memory: 6705.01 MB used,  9522.32 MB free, 16227.33 MB total
[2020.01.23-18.46.23:959][  0]LogMemory: Virtual Memory: 4640.64 MB used,  9522.32 MB free, 134217728.00 MB total
[2020.01.23-18.46.23:980][  0]LogInit: Using OS detected language (pl-PL).
[2020.01.23-18.46.23:980][  0]LogInit: Using OS detected locale (pl-PL).
[2020.01.23-18.46.23:981][  0]LogTextLocalizationManager: No specific localization for 'pl-PL' exists, so the 'pl' localization will be used.
[2020.01.23-18.46.23:983][  0]LogStreaming: Display: Took  0.003s to InitEngineTextLocalization.
[2020.01.23-18.46.24:023][  0]LogSlate: New Slate User Created.  User Index 0, Is Virtual User: 0
[2020.01.23-18.46.24:023][  0]LogSlate: Slate User Registered.  User Index 0, Is Virtual User: 0
[2020.01.23-18.46.24:244][  0]LogHMD: Failed to initialize OpenVR with code 110
[2020.01.23-18.46.24:244][  0]LogD3D11RHI: D3D11 adapters:
[2020.01.23-18.46.24:314][  0]LogD3D11RHI:    0. 'NVIDIA GeForce GTX 1650' (Feature Level 11_0)
[2020.01.23-18.46.24:314][  0]LogD3D11RHI:       3962/0/8113 MB DedicatedVideo/DedicatedSystem/SharedSystem, Outputs:2, VendorId:0x10de
[2020.01.23-18.46.24:333][  0]LogD3D11RHI:    1. 'Intel(R) UHD Graphics 630' (Feature Level 11_0)
[2020.01.23-18.46.24:333][  0]LogD3D11RHI:       128/0/8113 MB DedicatedVideo/DedicatedSystem/SharedSystem, Outputs:0, VendorId:0x8086
[2020.01.23-18.46.24:335][  0]LogD3D11RHI:    2. 'Microsoft Basic Render Driver' (Feature Level 11_0)
[2020.01.23-18.46.24:335][  0]LogD3D11RHI:       0/0/8113 MB DedicatedVideo/DedicatedSystem/SharedSystem, Outputs:0, VendorId:0x1414
[2020.01.23-18.46.24:335][  0]LogD3D11RHI: Chosen D3D11 Adapter: 0
[2020.01.23-18.46.24:360][  0]LogD3D11RHI: Creating new Direct3DDevice
[2020.01.23-18.46.24:360][  0]LogD3D11RHI:     GPU DeviceId: 0x1f91 (for the marketing name, search the web for "GPU Device Id")
[2020.01.23-18.46.24:360][  0]LogWindows: EnumDisplayDevices:
[2020.01.23-18.46.24:360][  0]LogWindows:    0. 'Intel(R) UHD Graphics 630' (P:1 D:1)
[2020.01.23-18.46.24:360][  0]LogWindows:    1. 'Intel(R) UHD Graphics 630' (P:0 D:1)
[2020.01.23-18.46.24:361][  0]LogWindows:    2. 'Intel(R) UHD Graphics 630' (P:0 D:0)
[2020.01.23-18.46.24:361][  0]LogWindows: DebugString: PrimaryIsNotTheChoosenAdapter PrimaryIsNotTheChoosenAdapter PrimaryIsNotTheChoosenAdapter FoundDriverCount:0 
[2020.01.23-18.46.24:361][  0]LogD3D11RHI:     Adapter Name: NVIDIA GeForce GTX 1650
[2020.01.23-18.46.24:361][  0]LogD3D11RHI:   Driver Version: Unknown (internal:Unknown, unified:Unknown)
[2020.01.23-18.46.24:361][  0]LogD3D11RHI:      Driver Date: Unknown
[2020.01.23-18.46.24:361][  0]LogRHI: Texture pool is 2773 MB (70% of 3962 MB)
[2020.01.23-18.46.24:405][  0]LogD3D11RHI: Async texture creation enabled
[2020.01.23-18.46.24:420][  0]LogD3D11RHI: GPU Timing Frequency: 1000.000000 (Debug: 2 1)
[2020.01.23-18.46.24:422][  0]LogShaderCompilers: Guid format shader working directory is -13 characters bigger than the processId version (../../../../../../Users/torra/Documents/Unreal/ProjektAdamK/Intermediate/Shaders/WorkingDirectory/9640/).
[2020.01.23-18.46.24:422][  0]LogShaderCompilers: Cleaned the shader compiler working directory 'C:/Users/torra/AppData/Local/Temp/UnrealShaderWorkingDir/DF9F3C4A4E1DEA324CB828A53E2ECAA5/'.
[2020.01.23-18.46.24:680][  0]LogTemp: Display: Loaded TP AllDesktopTargetPlatform
[2020.01.23-18.46.24:693][  0]LogTemp: Display: Loaded TP MacClientTargetPlatform
[2020.01.23-18.46.24:706][  0]LogTemp: Display: Loaded TP MacNoEditorTargetPlatform
[2020.01.23-18.46.24:718][  0]LogTemp: Display: Loaded TP MacServerTargetPlatform
[2020.01.23-18.46.24:731][  0]LogTemp: Display: Loaded TP MacTargetPlatform
[2020.01.23-18.46.24:744][  0]LogTemp: Display: Loaded TP WindowsClientTargetPlatform
[2020.01.23-18.46.24:756][  0]LogTemp: Display: Loaded TP WindowsNoEditorTargetPlatform
[2020.01.23-18.46.24:768][  0]LogTemp: Display: Loaded TP WindowsServerTargetPlatform
[2020.01.23-18.46.24:775][  0]LogTemp: Display: Loaded TP WindowsTargetPlatform
[2020.01.23-18.46.24:845][  0]LogTemp: Display: Loaded TP AndroidTargetPlatform
[2020.01.23-18.46.24:845][  0]LogTemp: Display: Loaded TP AndroidTargetPlatform
[2020.01.23-18.46.24:845][  0]LogTemp: Display: Loaded TP AndroidTargetPlatform
[2020.01.23-18.46.24:845][  0]LogTemp: Display: Loaded TP AndroidTargetPlatform
[2020.01.23-18.46.24:845][  0]LogTemp: Display: Loaded TP AndroidTargetPlatform
[2020.01.23-18.46.24:845][  0]LogTemp: Display: Loaded TP AndroidTargetPlatform
[2020.01.23-18.46.24:845][  0]LogTemp: Display: Loaded TP AndroidTargetPlatform
[2020.01.23-18.46.24:845][  0]LogTemp: Display: Loaded TP AndroidTargetPlatform
[2020.01.23-18.46.24:845][  0]LogTemp: Display: Loaded TP AndroidTargetPlatform
[2020.01.23-18.46.24:845][  0]LogTemp: Display: Loaded TP AndroidTargetPlatform
[2020.01.23-18.46.24:845][  0]LogTemp: Display: Loaded TP AndroidTargetPlatform
[2020.01.23-18.46.24:845][  0]LogTemp: Display: Loaded TP AndroidTargetPlatform
[2020.01.23-18.46.24:845][  0]LogTemp: Display: Loaded TP AndroidTargetPlatform
[2020.01.23-18.46.24:845][  0]LogTemp: Display: Loaded TP AndroidTargetPlatform
[2020.01.23-18.46.24:845][  0]LogTemp: Display: Loaded TP AndroidTargetPlatform
[2020.01.23-18.46.24:845][  0]LogTemp: Display: Loaded TP AndroidTargetPlatform
[2020.01.23-18.46.24:845][  0]LogTemp: Display: Loaded TP AndroidTargetPlatform
[2020.01.23-18.46.24:845][  0]LogTemp: Display: Loaded TP AndroidTargetPlatform
[2020.01.23-18.46.24:846][  0]LogTemp: Display: Loaded TP HTML5TargetPlatform
[2020.01.23-18.46.24:904][  0]LogTemp: Display: Loaded TP IOSTargetPlatform
[2020.01.23-18.46.24:904][  0]LogTemp: Display: Loaded TP IOSTargetPlatform
[2020.01.23-18.46.24:925][  0]LogTemp: Display: Loaded TP TVOSTargetPlatform
[2020.01.23-18.46.24:925][  0]LogTemp: Display: Loaded TP TVOSTargetPlatform
[2020.01.23-18.46.24:935][  0]LogTemp: Display: Loaded TP LinuxClientTargetPlatform
[2020.01.23-18.46.24:946][  0]LogTemp: Display: Loaded TP LinuxNoEditorTargetPlatform
[2020.01.23-18.46.24:957][  0]LogTemp: Display: Loaded TP LinuxServerTargetPlatform
[2020.01.23-18.46.24:968][  0]LogTemp: Display: Loaded TP LinuxTargetPlatform
[2020.01.23-18.46.24:976][  0]LogTemp: Display: Loaded TP LuminTargetPlatform
[2020.01.23-18.46.24:976][  0]LogTargetPlatformManager: Display: Building Assets For Windows
[2020.01.23-18.46.25:037][  0]LogXGEController: Cleaning working directory: C:/Users/torra/AppData/Local/Temp/UnrealXGEWorkingDir/
[2020.01.23-18.46.25:037][  0]LogXGEController: Cannot use XGE Controller as Incredibuild is not installed on this machine.
[2020.01.23-18.46.25:037][  0]LogShaderCompilers: Cannot use XGE Shader Compiler as Incredibuild is not installed on this machine.
[2020.01.23-18.46.25:037][  0]LogShaderCompilers: Display: Using Local Shader Compiler.
[2020.01.23-18.46.25:738][  0]LogDerivedDataCache: Display: Max Cache Size: 512 MB
[2020.01.23-18.46.25:796][  0]LogDerivedDataCache: Loaded boot cache 0.06s 71MB C:/Users/torra/AppData/Local/UnrealEngine/4.20/DerivedDataCache/Boot.ddc.
[2020.01.23-18.46.25:797][  0]LogDerivedDataCache: Display: Loaded Boot cache: C:/Users/torra/AppData/Local/UnrealEngine/4.20/DerivedDataCache/Boot.ddc
[2020.01.23-18.46.25:797][  0]LogDerivedDataCache: FDerivedDataBackendGraph:  Pak pak cache file ../../../../../../Users/torra/Documents/Unreal/ProjektAdamK/DerivedDataCache/DDC.ddp not found, will not use a pak cache.
[2020.01.23-18.46.25:797][  0]LogDerivedDataCache: Unable to find inner node Pak for hierarchical cache Hierarchy.
[2020.01.23-18.46.25:797][  0]LogDerivedDataCache: FDerivedDataBackendGraph:  CompressedPak pak cache file ../../../../../../Users/torra/Documents/Unreal/ProjektAdamK/DerivedDataCache/Compressed.ddp not found, will not use a pak cache.
[2020.01.23-18.46.25:797][  0]LogDerivedDataCache: Unable to find inner node CompressedPak for hierarchical cache Hierarchy.
[2020.01.23-18.46.25:812][  0]LogDerivedDataCache: Display: Pak cache opened for reading ../../../Engine/DerivedDataCache/Compressed.ddp.
[2020.01.23-18.46.25:824][  0]LogDerivedDataCache: Using Local data cache path C:/Users/torra/AppData/Local/UnrealEngine/Common/DerivedDataCache: Writable
[2020.01.23-18.46.25:824][  0]LogDerivedDataCache: Shared data cache path not found in *engine.ini, will not use an Shared cache.
[2020.01.23-18.46.25:824][  0]LogDerivedDataCache: Unable to find inner node Shared for hierarchical cache Hierarchy.
[2020.01.23-18.46.25:840][  0]LogMaterial: Verifying Global Shaders for PCD3D_SM5
[2020.01.23-18.46.25:842][  0]LogSlate: Using FreeType 2.6.0
[2020.01.23-18.46.25:842][  0]LogSlate: SlateFontServices - WITH_FREETYPE: 1, WITH_HARFBUZZ: 1
[2020.01.23-18.46.25:922][  0]LogAssetRegistry: FAssetRegistry took 0.0262 seconds to start up
[2020.01.23-18.46.26:234][  0]LogInit: Selected Device Profile: [Windows]
[2020.01.23-18.46.26:352][  0]LogSimplygon: Simplygon DLL not present - disabling.
[2020.01.23-18.46.26:356][  0]LogMeshReduction: Using SimplygonSwarm for distributed automatic mesh merging
[2020.01.23-18.46.26:356][  0]LogMeshReduction: Using ProxyLODMeshReduction for automatic mesh merging
[2020.01.23-18.46.26:356][  0]LogMeshReduction: Using QuadricMeshReduction for automatic static mesh reduction
[2020.01.23-18.46.26:356][  0]LogMeshReduction: No automatic skeletal mesh reduction module available
[2020.01.23-18.46.26:375][  0]LogNetVersion: ProjektAdamK 1.0.0, NetCL: 4212847, EngineNetVer: 5, GameNetVer: 0 (Checksum: 1935249037)
[2020.01.23-18.46.26:808][  0]LogPackageLocalizationCache: Processed 11 localized package path(s) for 2 prioritized culture(s) in 0.083923 seconds
[2020.01.23-18.46.26:814][  0]LogUObjectArray: 38425 objects as part of root set at end of initial load.
[2020.01.23-18.46.26:814][  0]LogUObjectAllocator: 6690872 out of 0 bytes used by permanent object pool.
[2020.01.23-18.46.26:814][  0]LogUObjectArray: CloseDisregardForGC: 0/0 objects in disregard for GC pool
[2020.01.23-18.46.27:622][  0]LogTcpMessaging: Initializing TcpMessaging bridge
[2020.01.23-18.46.27:636][  0]LogUdpMessaging: Initializing bridge on interface 0.0.0.0:0 to multicast group 230.0.0.1:6666.
[2020.01.23-18.46.27:770][  0]SourceControl: Source control is disabled
[2020.01.23-18.46.27:770][  0]SourceControl: Source control is disabled
[2020.01.23-18.46.27:771][  0]SourceControl: Source control is disabled
[2020.01.23-18.46.27:772][  0]SourceControl: Source control is disabled
[2020.01.23-18.46.27:926][  0]LogAndroidPermission: UAndroidPermissionCallbackProxy::GetInstance
[2020.01.23-18.46.28:032][  0]LogOcInput: OculusInput pre-init called
[2020.01.23-18.46.28:087][  0]LogEngine: Initializing Engine...
[2020.01.23-18.46.28:087][  0]LogHMD: Failed to initialize OpenVR with code 110
[2020.01.23-18.46.28:088][  0]LogStats: UGameplayTagsManager::ConstructGameplayTagTree: ImportINI prefixes -  0.000 s
[2020.01.23-18.46.28:088][  0]LogStats: UGameplayTagsManager::ConstructGameplayTagTree: Construct from data asset -  0.000 s
[2020.01.23-18.46.28:089][  0]LogStats: UGameplayTagsManager::ConstructGameplayTagTree: ImportINI -  0.000 s
[2020.01.23-18.46.28:089][  0]LogStats: UGameplayTagsManager::ConstructGameplayTagTree: GameplayTagTreeChangedEvent.Broadcast -  0.000 s
[2020.01.23-18.46.28:270][  0]LogInit: Initializing FReadOnlyCVARCache
[2020.01.23-18.46.28:283][  0]LogAIModule: Creating AISystem for world Untitled
[2020.01.23-18.46.28:315][  0]LogInit: XAudio2 using 'Głośniki (Realtek(R) Audio)' : 2 channels at 48 kHz using 32 bits per sample (channel mask 0x3)
[2020.01.23-18.46.28:434][  0]LogInit: FAudioDevice initialized.
[2020.01.23-18.46.28:434][  0]LogNetVersion: Set ProjectVersion to 1.0.0.0. Version Checksum will be recalculated on next use.
[2020.01.23-18.46.28:511][  0]LogDerivedDataCache: Saved boot cache 0.08s 71MB C:/Users/torra/AppData/Local/UnrealEngine/4.20/DerivedDataCache/Boot.ddc.
[2020.01.23-18.46.28:520][  0]LogInit: Texture streaming: Enabled
[2020.01.23-18.46.28:538][  0]LogEngineSessionManager: EngineSessionManager initialized
[2020.01.23-18.46.28:550][  0]LogInit: Transaction tracking system initialized
[2020.01.23-18.46.28:573][  0]BlueprintLog: New page: Editor Load
[2020.01.23-18.46.28:654][  0]LocalizationService: Localization service is disabled
[2020.01.23-18.46.28:886][  0]LogCook: Display: Max memory allowance for cook 16384mb min free memory 0mb
[2020.01.23-18.46.28:886][  0]LogCook: Display: Mobile HDR setting 1
[2020.01.23-18.46.28:886][  0]LogGameplayTags: Display: UGameplayTagsManager::DoneAddingNativeTags. DelegateIsBound: 0
[2020.01.23-18.46.28:886][  0]LogStats: UGameplayTagsManager::ConstructGameplayTagTree: ImportINI prefixes -  0.000 s
[2020.01.23-18.46.28:886][  0]LogStats: UGameplayTagsManager::ConstructGameplayTagTree: Construct from data asset -  0.000 s
[2020.01.23-18.46.28:886][  0]LogStats: UGameplayTagsManager::ConstructGameplayTagTree: ImportINI -  0.000 s
[2020.01.23-18.46.28:886][  0]LogStats: UGameplayTagsManager::ConstructGameplayTagTree: GameplayTagTreeChangedEvent.Broadcast -  0.000 s
[2020.01.23-18.46.28:998][  0]LogFileCache: Scanning file cache for directory 'C:/Users/torra/Documents/Unreal/ProjektAdamK/Content/' took 0.01s
[2020.01.23-18.46.28:998][  0]SourceControl: Source control is disabled
[2020.01.23-18.46.28:998][  0]Cmd: MAP LOAD FILE="../../../../../../Users/torra/Documents/Unreal/ProjektAdamK/Content/StarterContent/Maps/Minimal_Default.umap" TEMPLATE=0 SHOWPROGRESS=1 FEATURELEVEL=3
[2020.01.23-18.46.28:998][  0]LightingResults: New page: Lighting Build
[2020.01.23-18.46.29:001][  0]MapCheck: New page: Map Check
[2020.01.23-18.46.29:001][  0]LightingResults: New page: Lighting Build
[2020.01.23-18.46.29:282][  0]LogAIModule: Creating AISystem for world Minimal_Default
[2020.01.23-18.46.29:289][  0]LogEditorServer: Finished looking for orphan Actors (0.000 secs)
[2020.01.23-18.46.29:311][  0]Cmd: MAP CHECKDEP NOCLEARLOG
[2020.01.23-18.46.29:380][  0]MapCheck: Map check complete: 0 Error(s), 0 Warning(s), took 68,428ms to complete.
[2020.01.23-18.46.29:380][  0]LogFileHelpers: Loading map 'Minimal_Default' took 0.382
[2020.01.23-18.46.29:471][  0]LogSlate: Updating window title bar state: overlay mode, drag disabled, window buttons hidden, title bar hidden
[2020.01.23-18.46.29:477][  0]LogSlate: Updating window title bar state: overlay mode, drag disabled, window buttons hidden, title bar hidden
[2020.01.23-18.46.29:484][  0]LogSlate: Updating window title bar state: overlay mode, drag disabled, window buttons hidden, title bar hidden
[2020.01.23-18.46.29:491][  0]LogSlate: Updating window title bar state: overlay mode, drag disabled, window buttons hidden, title bar hidden
[2020.01.23-18.46.29:500][  0]LogCollectionManager: Loaded 0 collections in 0.002080 seconds
[2020.01.23-18.46.29:543][  0]LogFileCache: Scanning file cache for directory 'C:/Users/torra/Documents/Unreal/ProjektAdamK/Saved/Collections/' took 0.01s
[2020.01.23-18.46.29:543][  0]LogFileCache: Scanning file cache for directory 'C:/Users/torra/Documents/Unreal/ProjektAdamK/Content/Developers/torra/Collections/' took 0.01s
[2020.01.23-18.46.29:543][  0]LogFileCache: Scanning file cache for directory 'C:/Users/torra/Documents/Unreal/ProjektAdamK/Content/Collections/' took 0.01s
[2020.01.23-18.46.29:543][  0]LogCollectionManager: Rebuilt the GUID cache for 0 collections in 0.000000 seconds
[2020.01.23-18.46.29:551][  0]LogContentBrowser: Native class hierarchy populated in 0.0075 seconds. Added 2572 classes and 603 folders.
[2020.01.23-18.46.29:557][  0]LogContentBrowser: Native class hierarchy updated for 'WidgetCarousel' in 0.0002 seconds. Added 0 classes and 0 folders.
[2020.01.23-18.46.29:614][  0]LogContentBrowser: Native class hierarchy updated for 'AddContentDialog' in 0.0002 seconds. Added 0 classes and 0 folders.
[2020.01.23-18.46.29:619][  0]LogContentBrowser: Native class hierarchy updated for 'SceneOutliner' in 0.0003 seconds. Added 1 classes and 2 folders.
[2020.01.23-18.46.29:631][  0]LogSlate: Took 0.000195 seconds to synchronously load lazily loaded font '../../../Engine/Content/Slate/Fonts/Roboto-Regular.ttf' (155K)
[2020.01.23-18.46.29:634][  0]LogSlate: Took 0.000211 seconds to synchronously load lazily loaded font '../../../Engine/Content/Slate/Fonts/Roboto-Bold.ttf' (160K)
[2020.01.23-18.46.29:641][  0]LogSlate: Took 0.000773 seconds to synchronously load lazily loaded font '../../../Engine/Content/Editor/Slate/Fonts/FontAwesome.ttf' (139K)
[2020.01.23-18.46.29:707][  0]LogRenderer: Reallocating scene render targets to support 816x488 Format 10 NumSamples 1 (Frame:1).
[2020.01.23-18.46.29:835][  0]LogContentBrowser: Native class hierarchy updated for 'HierarchicalLODOutliner' in 0.0002 seconds. Added 0 classes and 0 folders.
[2020.01.23-18.46.29:835][  0]LogLoad: (Engine Initialization) Total time: 8.04 seconds
[2020.01.23-18.46.29:835][  0]LogLoad: (Engine Initialization) Total Blueprint compile time: 0.00 seconds
[2020.01.23-18.46.29:879][  0]LogContentStreaming: Texture pool size now 1000 MB
[2020.01.23-18.46.29:888][  0]LogSlate: Took 0.000376 seconds to synchronously load lazily loaded font '../../../Engine/Content/Slate/Fonts/Roboto-Light.ttf' (167K)
[2020.01.23-18.46.29:901][  1]LogAssetRegistry: Asset discovery search completed in 4.0012 seconds
[2020.01.23-18.46.29:902][  1]LogCollectionManager: Rebuilt the object cache for 0 collections in 0.000000 seconds (found 0 objects)
[2020.01.23-18.46.29:902][  1]LogCollectionManager: Fixed up redirectors for 0 collections in 0.000040 seconds (updated 0 objects)
[2020.01.23-18.46.30:860][ 52]LogSlate: Took 0.000190 seconds to synchronously load lazily loaded font '../../../Engine/Content/Slate/Fonts/Roboto-Light.ttf' (167K)
[2020.01.23-18.46.34:189][251]LogSlate: FSceneViewport::OnFocusLost() reason 2
[2020.01.23-18.46.35:764][345]LogSlate: FSceneViewport::OnFocusLost() reason 2
[2020.01.23-18.46.37:811][466]Cmd: MAP LOAD FILE="../../../../../../Users/torra/Documents/Unreal/ProjektAdamK/Content/StarterContent/Maps/Adam.umap" TEMPLATE=0 SHOWPROGRESS=1 FEATURELEVEL=3
[2020.01.23-18.46.37:836][466]LightingResults: New page: Lighting Build
[2020.01.23-18.46.37:836][466]LoadErrors: New page: Loading map: Adam.umap
[2020.01.23-18.46.37:838][466]MapCheck: New page: Map Check
[2020.01.23-18.46.37:838][466]LightingResults: New page: Lighting Build
[2020.01.23-18.46.37:915][466]LogAIModule: Creating AISystem for world Adam
[2020.01.23-18.46.37:921][466]LogEditorServer: Finished looking for orphan Actors (0.000 secs)
[2020.01.23-18.46.37:970][466]Cmd: MAP CHECKDEP NOCLEARLOG
[2020.01.23-18.46.38:041][466]MapCheck: Map check complete: 0 Error(s), 0 Warning(s), took 71,454ms to complete.
[2020.01.23-18.46.38:041][466]LogFileHelpers: Loading map 'Adam' took 0.231
[2020.01.23-18.46.38:042][466]LogSlate: Window 'Open Level' being destroyed
[2020.01.23-18.46.39:991][578]LogSlate: FSceneViewport::OnFocusLost() reason 0
[2020.01.23-18.46.40:074][583]LogTemp: Repeating last play command: Selected Viewport
[2020.01.23-18.46.40:087][583]LogBlueprintUserMessages: Early PlayInEditor Detection: Level '/Game/StarterContent/Maps/Adam.Adam:PersistentLevel' has LevelScriptBlueprint '/Game/StarterContent/Maps/Adam.Adam:PersistentLevel.Adam' with GeneratedClass '/Game/StarterContent/Maps/Adam.Adam_C' with ClassGeneratedBy '/Game/StarterContent/Maps/Adam.Adam:PersistentLevel.Adam'
[2020.01.23-18.46.40:087][583]LogPlayLevel: PlayLevel: No blueprints needed recompiling
[2020.01.23-18.46.40:098][583]PIE: New page: PIE session: Adam (23 sty 2020, 20:46:40)
[2020.01.23-18.46.40:098][583]LogPlayLevel: Creating play world package: /Game/StarterContent/Maps/UEDPIE_0_Adam
[2020.01.23-18.46.40:103][583]LogPlayLevel: PIE: StaticDuplicateObject took: (0.004929s)
[2020.01.23-18.46.40:104][583]LogAIModule: Creating AISystem for world Adam
[2020.01.23-18.46.40:104][583]LogPlayLevel: PIE: World Init took: (0.001027s)
[2020.01.23-18.46.40:104][583]LogPlayLevel: PIE: Created PIE world by copying editor world from /Game/StarterContent/Maps/Adam.Adam to /Game/StarterContent/Maps/UEDPIE_0_Adam.Adam (0.006141s)
[2020.01.23-18.46.40:154][583]LogInit: XAudio2 using 'Głośniki (Realtek(R) Audio)' : 2 channels at 48 kHz using 32 bits per sample (channel mask 0x3)
[2020.01.23-18.46.40:199][583]LogInit: FAudioDevice initialized.
[2020.01.23-18.46.40:241][583]LogLoad: Game class is 'GameModeBase'
[2020.01.23-18.46.40:242][583]LogWorld: Bringing World /Game/StarterContent/Maps/UEDPIE_0_Adam.Adam up for play (max tick rate 60) at 2020.01.23-19.46.40
[2020.01.23-18.46.40:243][583]LogWorld: Bringing up level for play took: 0.000860
[2020.01.23-18.46.40:261][583]LogContentBrowser: Native class hierarchy updated for 'MovieSceneCapture' in 0.0003 seconds. Added 10 classes and 0 folders.
[2020.01.23-18.46.40:262][583]PIE: Play in editor start time for /Game/StarterContent/Maps/UEDPIE_0_Adam -0,219
[2020.01.23-18.46.40:262][583]LogBlueprintUserMessages: Late PlayInEditor Detection: Level '/Game/StarterContent/Maps/Adam.Adam:PersistentLevel' has LevelScriptBlueprint '/Game/StarterContent/Maps/Adam.Adam:PersistentLevel.Adam' with GeneratedClass '/Game/StarterContent/Maps/Adam.Adam_C' with ClassGeneratedBy '/Game/StarterContent/Maps/Adam.Adam:PersistentLevel.Adam'
[2020.01.23-18.46.50:199][172]LogAssetEditorManager: Opening Asset editor for LevelScriptBlueprint /Game/StarterContent/Maps/Adam.Adam:PersistentLevel.Adam
[2020.01.23-18.46.50:582][172]LogContentBrowser: Native class hierarchy updated for 'BlueprintGraph' in 0.0005 seconds. Added 116 classes and 0 folders.
[2020.01.23-18.46.51:207][172]LogSlate: Took 0.000185 seconds to synchronously load lazily loaded font '../../../Engine/Content/Slate/Fonts/Roboto-BoldCondensed.ttf' (158K)
[2020.01.23-18.46.51:288][173]LogSlate: Took 0.000169 seconds to synchronously load lazily loaded font '../../../Engine/Content/Slate/Fonts/Roboto-Italic.ttf' (157K)
[2020.01.23-18.47.49:193][628]LogSlate: FSceneViewport::OnFocusLost() reason 0
[2020.01.23-18.47.49:243][631]LogBlueprintUserMessages: Early EndPlayMap Detection: Level '/Game/StarterContent/Maps/Adam.Adam:PersistentLevel' has LevelScriptBlueprint '/Game/StarterContent/Maps/Adam.Adam:PersistentLevel.Adam' with GeneratedClass '/Game/StarterContent/Maps/Adam.Adam_C' with ClassGeneratedBy '/Game/StarterContent/Maps/Adam.Adam:PersistentLevel.Adam'
[2020.01.23-18.47.49:244][631]LogSlate: Updating window title bar state: overlay mode, drag disabled, window buttons hidden, title bar hidden
[2020.01.23-18.47.49:278][631]LogPlayLevel: Display: Shutting down PIE online subsystems
[2020.01.23-18.47.49:278][631]LogBlueprintUserMessages: Late EndPlayMap Detection: Level '/Game/StarterContent/Maps/Adam.Adam:PersistentLevel' has LevelScriptBlueprint '/Game/StarterContent/Maps/Adam.Adam:PersistentLevel.Adam' with GeneratedClass '/Game/StarterContent/Maps/Adam.Adam_C' with ClassGeneratedBy '/Game/StarterContent/Maps/Adam.Adam:PersistentLevel.Adam'
[2020.01.23-18.47.49:305][631]LogSlate: Updating window title bar state: overlay mode, drag disabled, window buttons hidden, title bar hidden
[2020.01.23-18.47.49:352][634]LogPlayLevel: Display: Destroying online subsystem :Context_2
[2020.01.23-18.47.49:735][657]LogTemp: Repeating last play command: Selected Viewport
[2020.01.23-18.47.49:745][657]LogBlueprintUserMessages: Early PlayInEditor Detection: Level '/Game/StarterContent/Maps/Adam.Adam:PersistentLevel' has LevelScriptBlueprint '/Game/StarterContent/Maps/Adam.Adam:PersistentLevel.Adam' with GeneratedClass '/Game/StarterContent/Maps/Adam.Adam_C' with ClassGeneratedBy '/Game/StarterContent/Maps/Adam.Adam:PersistentLevel.Adam'
[2020.01.23-18.47.49:745][657]LogPlayLevel: PlayLevel: No blueprints needed recompiling
[2020.01.23-18.47.49:745][657]PIE: New page: PIE session: Adam (23 sty 2020, 20:47:49)
[2020.01.23-18.47.49:745][657]LogPlayLevel: Creating play world package: /Game/StarterContent/Maps/UEDPIE_0_Adam
[2020.01.23-18.47.49:747][657]LogPlayLevel: PIE: StaticDuplicateObject took: (0.002186s)
[2020.01.23-18.47.49:748][657]LogAIModule: Creating AISystem for world Adam
[2020.01.23-18.47.49:748][657]LogPlayLevel: PIE: World Init took: (0.000774s)
[2020.01.23-18.47.49:748][657]LogPlayLevel: PIE: Created PIE world by copying editor world from /Game/StarterContent/Maps/Adam.Adam to /Game/StarterContent/Maps/UEDPIE_0_Adam.Adam (0.003065s)
[2020.01.23-18.47.49:795][657]LogInit: XAudio2 using 'Głośniki (Realtek(R) Audio)' : 2 channels at 48 kHz using 32 bits per sample (channel mask 0x3)
[2020.01.23-18.47.49:835][657]LogInit: FAudioDevice initialized.
[2020.01.23-18.47.49:867][657]LogLoad: Game class is 'GameModeBase'
[2020.01.23-18.47.49:868][657]LogWorld: Bringing World /Game/StarterContent/Maps/UEDPIE_0_Adam.Adam up for play (max tick rate 60) at 2020.01.23-19.47.49
[2020.01.23-18.47.49:868][657]LogWorld: Bringing up level for play took: 0.000582
[2020.01.23-18.47.49:881][657]PIE: Play in editor start time for /Game/StarterContent/Maps/UEDPIE_0_Adam -0,6
[2020.01.23-18.47.49:881][657]LogBlueprintUserMessages: Late PlayInEditor Detection: Level '/Game/StarterContent/Maps/Adam.Adam:PersistentLevel' has LevelScriptBlueprint '/Game/StarterContent/Maps/Adam.Adam:PersistentLevel.Adam' with GeneratedClass '/Game/StarterContent/Maps/Adam.Adam_C' with ClassGeneratedBy '/Game/StarterContent/Maps/Adam.Adam:PersistentLevel.Adam'
[2020.01.23-18.48.02:631][341]LogBlueprintUserMessages: Early EndPlayMap Detection: Level '/Game/StarterContent/Maps/Adam.Adam:PersistentLevel' has LevelScriptBlueprint '/Game/StarterContent/Maps/Adam.Adam:PersistentLevel.Adam' with GeneratedClass '/Game/StarterContent/Maps/Adam.Adam_C' with ClassGeneratedBy '/Game/StarterContent/Maps/Adam.Adam:PersistentLevel.Adam'
[2020.01.23-18.48.02:631][341]LogSlate: Updating window title bar state: overlay mode, drag disabled, window buttons hidden, title bar hidden
[2020.01.23-18.48.02:669][341]LogPlayLevel: Display: Shutting down PIE online subsystems
[2020.01.23-18.48.02:669][341]LogBlueprintUserMessages: Late EndPlayMap Detection: Level '/Game/StarterContent/Maps/Adam.Adam:PersistentLevel' has LevelScriptBlueprint '/Game/StarterContent/Maps/Adam.Adam:PersistentLevel.Adam' with GeneratedClass '/Game/StarterContent/Maps/Adam.Adam_C' with ClassGeneratedBy '/Game/StarterContent/Maps/Adam.Adam:PersistentLevel.Adam'
[2020.01.23-18.48.02:699][341]LogSlate: Updating window title bar state: overlay mode, drag disabled, window buttons hidden, title bar hidden
[2020.01.23-18.48.02:757][342]LogPlayLevel: Display: Destroying online subsystem :Context_5
[2020.01.23-18.48.09:941][749]LogTemp: Repeating last play command: Selected Viewport
[2020.01.23-18.48.09:951][749]LogBlueprintUserMessages: Early PlayInEditor Detection: Level '/Game/StarterContent/Maps/Adam.Adam:PersistentLevel' has LevelScriptBlueprint '/Game/StarterContent/Maps/Adam.Adam:PersistentLevel.Adam' with GeneratedClass '/Game/StarterContent/Maps/Adam.Adam_C' with ClassGeneratedBy '/Game/StarterContent/Maps/Adam.Adam:PersistentLevel.Adam'
[2020.01.23-18.48.09:951][749]BlueprintLog: New page: Pre-Play auto-recompile
[2020.01.23-18.48.09:954][749]LogPlayLevel: [PlayLevel] Compiling Adam before play...
[2020.01.23-18.48.10:064][749]LogPlayLevel: PlayLevel: Blueprint regeneration took 112 ms (1 blueprints)
[2020.01.23-18.48.10:064][749]PIE: New page: PIE session: Adam (23 sty 2020, 20:48:10)
[2020.01.23-18.48.10:064][749]LogPlayLevel: Creating play world package: /Game/StarterContent/Maps/UEDPIE_0_Adam
[2020.01.23-18.48.10:066][749]LogPlayLevel: PIE: StaticDuplicateObject took: (0.002270s)
[2020.01.23-18.48.10:067][749]LogAIModule: Creating AISystem for world Adam
[2020.01.23-18.48.10:067][749]LogPlayLevel: PIE: World Init took: (0.000571s)
[2020.01.23-18.48.10:067][749]LogPlayLevel: PIE: Created PIE world by copying editor world from /Game/StarterContent/Maps/Adam.Adam to /Game/StarterContent/Maps/UEDPIE_0_Adam.Adam (0.002937s)
[2020.01.23-18.48.10:111][749]LogInit: XAudio2 using 'Głośniki (Realtek(R) Audio)' : 2 channels at 48 kHz using 32 bits per sample (channel mask 0x3)
[2020.01.23-18.48.10:151][749]LogInit: FAudioDevice initialized.
[2020.01.23-18.48.10:183][749]LogLoad: Game class is 'GameModeBase'
[2020.01.23-18.48.10:185][749]LogWorld: Bringing World /Game/StarterContent/Maps/UEDPIE_0_Adam.Adam up for play (max tick rate 60) at 2020.01.23-19.48.10
[2020.01.23-18.48.10:185][749]LogWorld: Bringing up level for play took: 0.000815
[2020.01.23-18.48.10:198][749]PIE: Play in editor start time for /Game/StarterContent/Maps/UEDPIE_0_Adam -0,284
[2020.01.23-18.48.10:198][749]LogBlueprintUserMessages: Late PlayInEditor Detection: Level '/Game/StarterContent/Maps/Adam.Adam:PersistentLevel' has LevelScriptBlueprint '/Game/StarterContent/Maps/Adam.Adam:PersistentLevel.Adam' with GeneratedClass '/Game/StarterContent/Maps/Adam.Adam_C' with ClassGeneratedBy '/Game/StarterContent/Maps/Adam.Adam:PersistentLevel.Adam'
[2020.01.23-18.48.16:361][113]LogBlueprintUserMessages: Early EndPlayMap Detection: Level '/Game/StarterContent/Maps/Adam.Adam:PersistentLevel' has LevelScriptBlueprint '/Game/StarterContent/Maps/Adam.Adam:PersistentLevel.Adam' with GeneratedClass '/Game/StarterContent/Maps/Adam.Adam_C' with ClassGeneratedBy '/Game/StarterContent/Maps/Adam.Adam:PersistentLevel.Adam'
[2020.01.23-18.48.16:362][113]LogSlate: Updating window title bar state: overlay mode, drag disabled, window buttons hidden, title bar hidden
[2020.01.23-18.48.16:395][113]LogPlayLevel: Display: Shutting down PIE online subsystems
[2020.01.23-18.48.16:395][113]LogBlueprintUserMessages: Late EndPlayMap Detection: Level '/Game/StarterContent/Maps/Adam.Adam:PersistentLevel' has LevelScriptBlueprint '/Game/StarterContent/Maps/Adam.Adam:PersistentLevel.Adam' with GeneratedClass '/Game/StarterContent/Maps/Adam.Adam_C' with ClassGeneratedBy '/Game/StarterContent/Maps/Adam.Adam:PersistentLevel.Adam'
[2020.01.23-18.48.16:422][113]LogSlate: Updating window title bar state: overlay mode, drag disabled, window buttons hidden, title bar hidden
[2020.01.23-18.48.16:480][114]LogPlayLevel: Display: Destroying online subsystem :Context_6
[2020.01.23-18.48.17:393][168]LogSlate: FSceneViewport::OnFocusLost() reason 0
[2020.01.23-18.48.17:439][171]LogTemp: Repeating last play command: Selected Viewport
[2020.01.23-18.48.17:451][171]LogBlueprintUserMessages: Early PlayInEditor Detection: Level '/Game/StarterContent/Maps/Adam.Adam:PersistentLevel' has LevelScriptBlueprint '/Game/StarterContent/Maps/Adam.Adam:PersistentLevel.Adam' with GeneratedClass '/Game/StarterContent/Maps/Adam.Adam_C' with ClassGeneratedBy '/Game/StarterContent/Maps/Adam.Adam:PersistentLevel.Adam'
[2020.01.23-18.48.17:451][171]LogPlayLevel: PlayLevel: No blueprints needed recompiling
[2020.01.23-18.48.17:451][171]PIE: New page: PIE session: Adam (23 sty 2020, 20:48:17)
[2020.01.23-18.48.17:451][171]LogPlayLevel: Creating play world package: /Game/StarterContent/Maps/UEDPIE_0_Adam
[2020.01.23-18.48.17:454][171]LogPlayLevel: PIE: StaticDuplicateObject took: (0.002738s)
[2020.01.23-18.48.17:455][171]LogAIModule: Creating AISystem for world Adam
[2020.01.23-18.48.17:455][171]LogPlayLevel: PIE: World Init took: (0.001100s)
[2020.01.23-18.48.17:455][171]LogPlayLevel: PIE: Created PIE world by copying editor world from /Game/StarterContent/Maps/Adam.Adam to /Game/StarterContent/Maps/UEDPIE_0_Adam.Adam (0.004029s)
[2020.01.23-18.48.17:500][171]LogInit: XAudio2 using 'Głośniki (Realtek(R) Audio)' : 2 channels at 48 kHz using 32 bits per sample (channel mask 0x3)
[2020.01.23-18.48.17:541][171]LogInit: FAudioDevice initialized.
[2020.01.23-18.48.17:573][171]LogLoad: Game class is 'GameModeBase'
[2020.01.23-18.48.17:575][171]LogWorld: Bringing World /Game/StarterContent/Maps/UEDPIE_0_Adam.Adam up for play (max tick rate 60) at 2020.01.23-19.48.17
[2020.01.23-18.48.17:575][171]LogWorld: Bringing up level for play took: 0.000888
[2020.01.23-18.48.17:588][171]PIE: Play in editor start time for /Game/StarterContent/Maps/UEDPIE_0_Adam 1,106
[2020.01.23-18.48.17:588][171]LogBlueprintUserMessages: Late PlayInEditor Detection: Level '/Game/StarterContent/Maps/Adam.Adam:PersistentLevel' has LevelScriptBlueprint '/Game/StarterContent/Maps/Adam.Adam:PersistentLevel.Adam' with GeneratedClass '/Game/StarterContent/Maps/Adam.Adam_C' with ClassGeneratedBy '/Game/StarterContent/Maps/Adam.Adam:PersistentLevel.Adam'
[2020.01.23-18.48.18:266][211]LogSlate: FSceneViewport::OnFocusLost() reason 0
[2020.01.23-18.48.18:330][215]LogBlueprintUserMessages: Early EndPlayMap Detection: Level '/Game/StarterContent/Maps/Adam.Adam:PersistentLevel' has LevelScriptBlueprint '/Game/StarterContent/Maps/Adam.Adam:PersistentLevel.Adam' with GeneratedClass '/Game/StarterContent/Maps/Adam.Adam_C' with ClassGeneratedBy '/Game/StarterContent/Maps/Adam.Adam:PersistentLevel.Adam'
[2020.01.23-18.48.18:330][215]LogSlate: Updating window title bar state: overlay mode, drag disabled, window buttons hidden, title bar hidden
[2020.01.23-18.48.18:363][215]LogPlayLevel: Display: Shutting down PIE online subsystems
[2020.01.23-18.48.18:363][215]LogBlueprintUserMessages: Late EndPlayMap Detection: Level '/Game/StarterContent/Maps/Adam.Adam:PersistentLevel' has LevelScriptBlueprint '/Game/StarterContent/Maps/Adam.Adam:PersistentLevel.Adam' with GeneratedClass '/Game/StarterContent/Maps/Adam.Adam_C' with ClassGeneratedBy '/Game/StarterContent/Maps/Adam.Adam:PersistentLevel.Adam'
[2020.01.23-18.48.18:391][215]LogSlate: Updating window title bar state: overlay mode, drag disabled, window buttons hidden, title bar hidden
[2020.01.23-18.48.18:447][216]LogPlayLevel: Display: Destroying online subsystem :Context_7
[2020.01.23-18.48.19:204][261]LogEditorViewport: Clicking on Actor (LMB): StaticMeshActor (Ball)
[2020.01.23-18.48.21:335][385]LogSlate: FSceneViewport::OnFocusLost() reason 0
[2020.01.23-18.48.21:401][389]LogTemp: Repeating last play command: Selected Viewport
[2020.01.23-18.48.21:412][389]LogBlueprintUserMessages: Early PlayInEditor Detection: Level '/Game/StarterContent/Maps/Adam.Adam:PersistentLevel' has LevelScriptBlueprint '/Game/StarterContent/Maps/Adam.Adam:PersistentLevel.Adam' with GeneratedClass '/Game/StarterContent/Maps/Adam.Adam_C' with ClassGeneratedBy '/Game/StarterContent/Maps/Adam.Adam:PersistentLevel.Adam'
[2020.01.23-18.48.21:412][389]LogPlayLevel: PlayLevel: No blueprints needed recompiling
[2020.01.23-18.48.21:412][389]PIE: New page: PIE session: Adam (23 sty 2020, 20:48:21)
[2020.01.23-18.48.21:412][389]LogPlayLevel: Creating play world package: /Game/StarterContent/Maps/UEDPIE_0_Adam
[2020.01.23-18.48.21:415][389]LogPlayLevel: PIE: StaticDuplicateObject took: (0.002916s)
[2020.01.23-18.48.21:416][389]LogAIModule: Creating AISystem for world Adam
[2020.01.23-18.48.21:416][389]LogPlayLevel: PIE: World Init took: (0.000660s)
[2020.01.23-18.48.21:416][389]LogPlayLevel: PIE: Created PIE world by copying editor world from /Game/StarterContent/Maps/Adam.Adam to /Game/StarterContent/Maps/UEDPIE_0_Adam.Adam (0.003678s)
[2020.01.23-18.48.21:462][389]LogInit: XAudio2 using 'Głośniki (Realtek(R) Audio)' : 2 channels at 48 kHz using 32 bits per sample (channel mask 0x3)
[2020.01.23-18.48.21:503][389]LogInit: FAudioDevice initialized.
[2020.01.23-18.48.21:530][389]LogLoad: Game class is 'GameModeBase'
[2020.01.23-18.48.21:532][389]LogWorld: Bringing World /Game/StarterContent/Maps/UEDPIE_0_Adam.Adam up for play (max tick rate 60) at 2020.01.23-19.48.21
[2020.01.23-18.48.21:532][389]LogWorld: Bringing up level for play took: 0.000650
[2020.01.23-18.48.21:545][389]PIE: Play in editor start time for /Game/StarterContent/Maps/UEDPIE_0_Adam 1,063
[2020.01.23-18.48.21:545][389]LogBlueprintUserMessages: Late PlayInEditor Detection: Level '/Game/StarterContent/Maps/Adam.Adam:PersistentLevel' has LevelScriptBlueprint '/Game/StarterContent/Maps/Adam.Adam:PersistentLevel.Adam' with GeneratedClass '/Game/StarterContent/Maps/Adam.Adam_C' with ClassGeneratedBy '/Game/StarterContent/Maps/Adam.Adam:PersistentLevel.Adam'
[2020.01.23-18.48.26:335][676]LogSlate: FSceneViewport::OnFocusLost() reason 0
[2020.01.23-18.48.26:419][681]LogBlueprintUserMessages: Early EndPlayMap Detection: Level '/Game/StarterContent/Maps/Adam.Adam:PersistentLevel' has LevelScriptBlueprint '/Game/StarterContent/Maps/Adam.Adam:PersistentLevel.Adam' with GeneratedClass '/Game/StarterContent/Maps/Adam.Adam_C' with ClassGeneratedBy '/Game/StarterContent/Maps/Adam.Adam:PersistentLevel.Adam'
[2020.01.23-18.48.26:419][681]LogSlate: Updating window title bar state: overlay mode, drag disabled, window buttons hidden, title bar hidden
[2020.01.23-18.48.26:454][681]LogPlayLevel: Display: Shutting down PIE online subsystems
[2020.01.23-18.48.26:454][681]LogBlueprintUserMessages: Late EndPlayMap Detection: Level '/Game/StarterContent/Maps/Adam.Adam:PersistentLevel' has LevelScriptBlueprint '/Game/StarterContent/Maps/Adam.Adam:PersistentLevel.Adam' with GeneratedClass '/Game/StarterContent/Maps/Adam.Adam_C' with ClassGeneratedBy '/Game/StarterContent/Maps/Adam.Adam:PersistentLevel.Adam'
[2020.01.23-18.48.26:482][681]LogSlate: Updating window title bar state: overlay mode, drag disabled, window buttons hidden, title bar hidden
[2020.01.23-18.48.26:539][682]LogPlayLevel: Display: Destroying online subsystem :Context_8
[2020.01.23-18.48.27:257][725]LogTemp: Repeating last play command: Selected Viewport
[2020.01.23-18.48.27:267][725]LogBlueprintUserMessages: Early PlayInEditor Detection: Level '/Game/StarterContent/Maps/Adam.Adam:PersistentLevel' has LevelScriptBlueprint '/Game/StarterContent/Maps/Adam.Adam:PersistentLevel.Adam' with GeneratedClass '/Game/StarterContent/Maps/Adam.Adam_C' with ClassGeneratedBy '/Game/StarterContent/Maps/Adam.Adam:PersistentLevel.Adam'
[2020.01.23-18.48.27:267][725]LogPlayLevel: PlayLevel: No blueprints needed recompiling
[2020.01.23-18.48.27:267][725]PIE: New page: PIE session: Adam (23 sty 2020, 20:48:27)
[2020.01.23-18.48.27:267][725]LogPlayLevel: Creating play world package: /Game/StarterContent/Maps/UEDPIE_0_Adam
[2020.01.23-18.48.27:269][725]LogPlayLevel: PIE: StaticDuplicateObject took: (0.002246s)
[2020.01.23-18.48.27:270][725]LogAIModule: Creating AISystem for world Adam
[2020.01.23-18.48.27:270][725]LogPlayLevel: PIE: World Init took: (0.000728s)
[2020.01.23-18.48.27:270][725]LogPlayLevel: PIE: Created PIE world by copying editor world from /Game/StarterContent/Maps/Adam.Adam to /Game/StarterContent/Maps/UEDPIE_0_Adam.Adam (0.003116s)
[2020.01.23-18.48.27:316][725]LogInit: XAudio2 using 'Głośniki (Realtek(R) Audio)' : 2 channels at 48 kHz using 32 bits per sample (channel mask 0x3)
[2020.01.23-18.48.27:355][725]LogInit: FAudioDevice initialized.
[2020.01.23-18.48.27:386][725]LogLoad: Game class is 'GameModeBase'
[2020.01.23-18.48.27:387][725]LogWorld: Bringing World /Game/StarterContent/Maps/UEDPIE_0_Adam.Adam up for play (max tick rate 60) at 2020.01.23-19.48.27
[2020.01.23-18.48.27:387][725]LogWorld: Bringing up level for play took: 0.000601
[2020.01.23-18.48.27:399][725]PIE: Play in editor start time for /Game/StarterContent/Maps/UEDPIE_0_Adam 0,917
[2020.01.23-18.48.27:399][725]LogBlueprintUserMessages: Late PlayInEditor Detection: Level '/Game/StarterContent/Maps/Adam.Adam:PersistentLevel' has LevelScriptBlueprint '/Game/StarterContent/Maps/Adam.Adam:PersistentLevel.Adam' with GeneratedClass '/Game/StarterContent/Maps/Adam.Adam_C' with ClassGeneratedBy '/Game/StarterContent/Maps/Adam.Adam:PersistentLevel.Adam'
[2020.01.23-18.48.30:727][924]LogSlate: FSceneViewport::OnFocusLost() reason 0
[2020.01.23-18.48.30:811][929]LogBlueprintUserMessages: Early EndPlayMap Detection: Level '/Game/StarterContent/Maps/Adam.Adam:PersistentLevel' has LevelScriptBlueprint '/Game/StarterContent/Maps/Adam.Adam:PersistentLevel.Adam' with GeneratedClass '/Game/StarterContent/Maps/Adam.Adam_C' with ClassGeneratedBy '/Game/StarterContent/Maps/Adam.Adam:PersistentLevel.Adam'
[2020.01.23-18.48.30:811][929]LogSlate: Updating window title bar state: overlay mode, drag disabled, window buttons hidden, title bar hidden
[2020.01.23-18.48.30:844][929]LogPlayLevel: Display: Shutting down PIE online subsystems
[2020.01.23-18.48.30:844][929]LogBlueprintUserMessages: Late EndPlayMap Detection: Level '/Game/StarterContent/Maps/Adam.Adam:PersistentLevel' has LevelScriptBlueprint '/Game/StarterContent/Maps/Adam.Adam:PersistentLevel.Adam' with GeneratedClass '/Game/StarterContent/Maps/Adam.Adam_C' with ClassGeneratedBy '/Game/StarterContent/Maps/Adam.Adam:PersistentLevel.Adam'
[2020.01.23-18.48.30:874][929]LogSlate: Updating window title bar state: overlay mode, drag disabled, window buttons hidden, title bar hidden
[2020.01.23-18.48.30:933][930]LogPlayLevel: Display: Destroying online subsystem :Context_9
[2020.01.23-18.48.40:576][507]LogSlate: FSceneViewport::OnFocusLost() reason 0
[2020.01.23-18.48.40:659][512]LogTemp: Repeating last play command: Selected Viewport
[2020.01.23-18.48.40:668][512]LogBlueprintUserMessages: Early PlayInEditor Detection: Level '/Game/StarterContent/Maps/Adam.Adam:PersistentLevel' has LevelScriptBlueprint '/Game/StarterContent/Maps/Adam.Adam:PersistentLevel.Adam' with GeneratedClass '/Game/StarterContent/Maps/Adam.Adam_C' with ClassGeneratedBy '/Game/StarterContent/Maps/Adam.Adam:PersistentLevel.Adam'
[2020.01.23-18.48.40:668][512]LogPlayLevel: PlayLevel: No blueprints needed recompiling
[2020.01.23-18.48.40:669][512]PIE: New page: PIE session: Adam (23 sty 2020, 20:48:40)
[2020.01.23-18.48.40:669][512]LogPlayLevel: Creating play world package: /Game/StarterContent/Maps/UEDPIE_0_Adam
[2020.01.23-18.48.40:671][512]LogPlayLevel: PIE: StaticDuplicateObject took: (0.002665s)
[2020.01.23-18.48.40:672][512]LogAIModule: Creating AISystem for world Adam
[2020.01.23-18.48.40:672][512]LogPlayLevel: PIE: World Init took: (0.000556s)
[2020.01.23-18.48.40:672][512]LogPlayLevel: PIE: Created PIE world by copying editor world from /Game/StarterContent/Maps/Adam.Adam to /Game/StarterContent/Maps/UEDPIE_0_Adam.Adam (0.003332s)
[2020.01.23-18.48.40:720][512]LogInit: XAudio2 using 'Głośniki (Realtek(R) Audio)' : 2 channels at 48 kHz using 32 bits per sample (channel mask 0x3)
[2020.01.23-18.48.40:760][512]LogInit: FAudioDevice initialized.
[2020.01.23-18.48.40:789][512]LogLoad: Game class is 'GameModeBase'
[2020.01.23-18.48.40:791][512]LogWorld: Bringing World /Game/StarterContent/Maps/UEDPIE_0_Adam.Adam up for play (max tick rate 60) at 2020.01.23-19.48.40
[2020.01.23-18.48.40:791][512]LogWorld: Bringing up level for play took: 0.000600
[2020.01.23-18.48.40:803][512]PIE: Play in editor start time for /Game/StarterContent/Maps/UEDPIE_0_Adam 0,322
[2020.01.23-18.48.40:803][512]LogBlueprintUserMessages: Late PlayInEditor Detection: Level '/Game/StarterContent/Maps/Adam.Adam:PersistentLevel' has LevelScriptBlueprint '/Game/StarterContent/Maps/Adam.Adam:PersistentLevel.Adam' with GeneratedClass '/Game/StarterContent/Maps/Adam.Adam_C' with ClassGeneratedBy '/Game/StarterContent/Maps/Adam.Adam:PersistentLevel.Adam'
[2020.01.23-18.48.49:823][ 16]LogBlueprintUserMessages: Early EndPlayMap Detection: Level '/Game/StarterContent/Maps/Adam.Adam:PersistentLevel' has LevelScriptBlueprint '/Game/StarterContent/Maps/Adam.Adam:PersistentLevel.Adam' with GeneratedClass '/Game/StarterContent/Maps/Adam.Adam_C' with ClassGeneratedBy '/Game/StarterContent/Maps/Adam.Adam:PersistentLevel.Adam'
[2020.01.23-18.48.49:823][ 16]LogSlate: Updating window title bar state: overlay mode, drag disabled, window buttons hidden, title bar hidden
[2020.01.23-18.48.49:857][ 16]LogPlayLevel: Display: Shutting down PIE online subsystems
[2020.01.23-18.48.49:857][ 16]LogBlueprintUserMessages: Late EndPlayMap Detection: Level '/Game/StarterContent/Maps/Adam.Adam:PersistentLevel' has LevelScriptBlueprint '/Game/StarterContent/Maps/Adam.Adam:PersistentLevel.Adam' with GeneratedClass '/Game/StarterContent/Maps/Adam.Adam_C' with ClassGeneratedBy '/Game/StarterContent/Maps/Adam.Adam:PersistentLevel.Adam'
[2020.01.23-18.48.49:883][ 16]LogSlate: Updating window title bar state: overlay mode, drag disabled, window buttons hidden, title bar hidden
[2020.01.23-18.48.49:944][ 17]LogPlayLevel: Display: Destroying online subsystem :Context_10
[2020.01.23-18.48.54:257][250]LogTemp: Repeating last play command: Selected Viewport
[2020.01.23-18.48.54:266][250]LogBlueprintUserMessages: Early PlayInEditor Detection: Level '/Game/StarterContent/Maps/Adam.Adam:PersistentLevel' has LevelScriptBlueprint '/Game/StarterContent/Maps/Adam.Adam:PersistentLevel.Adam' with GeneratedClass '/Game/StarterContent/Maps/Adam.Adam_C' with ClassGeneratedBy '/Game/StarterContent/Maps/Adam.Adam:PersistentLevel.Adam'
[2020.01.23-18.48.54:267][250]BlueprintLog: New page: Pre-Play auto-recompile
[2020.01.23-18.48.54:271][250]LogPlayLevel: [PlayLevel] Compiling Adam before play...
[2020.01.23-18.48.54:379][250]LogPlayLevel: PlayLevel: Blueprint regeneration took 111 ms (1 blueprints)
[2020.01.23-18.48.54:379][250]PIE: New page: PIE session: Adam (23 sty 2020, 20:48:54)
[2020.01.23-18.48.54:379][250]LogPlayLevel: Creating play world package: /Game/StarterContent/Maps/UEDPIE_0_Adam
[2020.01.23-18.48.54:381][250]LogPlayLevel: PIE: StaticDuplicateObject took: (0.002315s)
[2020.01.23-18.48.54:382][250]LogAIModule: Creating AISystem for world Adam
[2020.01.23-18.48.54:382][250]LogPlayLevel: PIE: World Init took: (0.000614s)
[2020.01.23-18.48.54:382][250]LogPlayLevel: PIE: Created PIE world by copying editor world from /Game/StarterContent/Maps/Adam.Adam to /Game/StarterContent/Maps/UEDPIE_0_Adam.Adam (0.003028s)
[2020.01.23-18.48.54:427][250]LogInit: XAudio2 using 'Głośniki (Realtek(R) Audio)' : 2 channels at 48 kHz using 32 bits per sample (channel mask 0x3)
[2020.01.23-18.48.54:466][250]LogInit: FAudioDevice initialized.
[2020.01.23-18.48.54:500][250]LogLoad: Game class is 'GameModeBase'
[2020.01.23-18.48.54:501][250]LogWorld: Bringing World /Game/StarterContent/Maps/UEDPIE_0_Adam.Adam up for play (max tick rate 60) at 2020.01.23-19.48.54
[2020.01.23-18.48.54:501][250]LogWorld: Bringing up level for play took: 0.000788
[2020.01.23-18.48.54:514][250]PIE: Play in editor start time for /Game/StarterContent/Maps/UEDPIE_0_Adam 0,032
[2020.01.23-18.48.54:514][250]LogBlueprintUserMessages: Late PlayInEditor Detection: Level '/Game/StarterContent/Maps/Adam.Adam:PersistentLevel' has LevelScriptBlueprint '/Game/StarterContent/Maps/Adam.Adam:PersistentLevel.Adam' with GeneratedClass '/Game/StarterContent/Maps/Adam.Adam_C' with ClassGeneratedBy '/Game/StarterContent/Maps/Adam.Adam:PersistentLevel.Adam'
[2020.01.23-18.49.56:424][886]LogBlueprintUserMessages: Early EndPlayMap Detection: Level '/Game/StarterContent/Maps/Adam.Adam:PersistentLevel' has LevelScriptBlueprint '/Game/StarterContent/Maps/Adam.Adam:PersistentLevel.Adam' with GeneratedClass '/Game/StarterContent/Maps/Adam.Adam_C' with ClassGeneratedBy '/Game/StarterContent/Maps/Adam.Adam:PersistentLevel.Adam'
[2020.01.23-18.49.56:424][886]LogSlate: Updating window title bar state: overlay mode, drag disabled, window buttons hidden, title bar hidden
[2020.01.23-18.49.56:461][886]LogPlayLevel: Display: Shutting down PIE online subsystems
[2020.01.23-18.49.56:461][886]LogBlueprintUserMessages: Late EndPlayMap Detection: Level '/Game/StarterContent/Maps/Adam.Adam:PersistentLevel' has LevelScriptBlueprint '/Game/StarterContent/Maps/Adam.Adam:PersistentLevel.Adam' with GeneratedClass '/Game/StarterContent/Maps/Adam.Adam_C' with ClassGeneratedBy '/Game/StarterContent/Maps/Adam.Adam:PersistentLevel.Adam'
[2020.01.23-18.49.56:490][886]LogSlate: Updating window title bar state: overlay mode, drag disabled, window buttons hidden, title bar hidden
[2020.01.23-18.49.56:544][887]LogPlayLevel: Display: Destroying online subsystem :Context_11
[2020.01.23-18.50.01:100][117]LogTemp: Repeating last play command: Selected Viewport
[2020.01.23-18.50.01:111][117]LogBlueprintUserMessages: Early PlayInEditor Detection: Level '/Game/StarterContent/Maps/Adam.Adam:PersistentLevel' has LevelScriptBlueprint '/Game/StarterContent/Maps/Adam.Adam:PersistentLevel.Adam' with GeneratedClass '/Game/StarterContent/Maps/Adam.Adam_C' with ClassGeneratedBy '/Game/StarterContent/Maps/Adam.Adam:PersistentLevel.Adam'
[2020.01.23-18.50.01:111][117]BlueprintLog: New page: Pre-Play auto-recompile
[2020.01.23-18.50.01:115][117]LogPlayLevel: [PlayLevel] Compiling Adam before play...
[2020.01.23-18.50.01:233][117]LogPlayLevel: PlayLevel: Blueprint regeneration took 123 ms (1 blueprints)
[2020.01.23-18.50.01:234][117]PIE: New page: PIE session: Adam (23 sty 2020, 20:50:01)
[2020.01.23-18.50.01:234][117]LogPlayLevel: Creating play world package: /Game/StarterContent/Maps/UEDPIE_0_Adam
[2020.01.23-18.50.01:237][117]LogPlayLevel: PIE: StaticDuplicateObject took: (0.002807s)
[2020.01.23-18.50.01:237][117]LogAIModule: Creating AISystem for world Adam
[2020.01.23-18.50.01:237][117]LogPlayLevel: PIE: World Init took: (0.000728s)
[2020.01.23-18.50.01:237][117]LogPlayLevel: PIE: Created PIE world by copying editor world from /Game/StarterContent/Maps/Adam.Adam to /Game/StarterContent/Maps/UEDPIE_0_Adam.Adam (0.003637s)
[2020.01.23-18.50.01:286][117]LogInit: XAudio2 using 'Głośniki (Realtek(R) Audio)' : 2 channels at 48 kHz using 32 bits per sample (channel mask 0x3)
[2020.01.23-18.50.01:327][117]LogInit: FAudioDevice initialized.
[2020.01.23-18.50.01:360][117]LogLoad: Game class is 'GameModeBase'
[2020.01.23-18.50.01:361][117]LogWorld: Bringing World /Game/StarterContent/Maps/UEDPIE_0_Adam.Adam up for play (max tick rate 60) at 2020.01.23-19.50.01
[2020.01.23-18.50.01:361][117]LogWorld: Bringing up level for play took: 0.000784
[2020.01.23-18.50.01:374][117]PIE: Play in editor start time for /Game/StarterContent/Maps/UEDPIE_0_Adam 0,892
[2020.01.23-18.50.01:374][117]LogBlueprintUserMessages: Late PlayInEditor Detection: Level '/Game/StarterContent/Maps/Adam.Adam:PersistentLevel' has LevelScriptBlueprint '/Game/StarterContent/Maps/Adam.Adam:PersistentLevel.Adam' with GeneratedClass '/Game/StarterContent/Maps/Adam.Adam_C' with ClassGeneratedBy '/Game/StarterContent/Maps/Adam.Adam:PersistentLevel.Adam'
[2020.01.23-18.50.04:820][321]LogBlueprintUserMessages: Early EndPlayMap Detection: Level '/Game/StarterContent/Maps/Adam.Adam:PersistentLevel' has LevelScriptBlueprint '/Game/StarterContent/Maps/Adam.Adam:PersistentLevel.Adam' with GeneratedClass '/Game/StarterContent/Maps/Adam.Adam_C' with ClassGeneratedBy '/Game/StarterContent/Maps/Adam.Adam:PersistentLevel.Adam'
[2020.01.23-18.50.04:820][321]LogSlate: Updating window title bar state: overlay mode, drag disabled, window buttons hidden, title bar hidden
[2020.01.23-18.50.04:854][321]LogPlayLevel: Display: Shutting down PIE online subsystems
[2020.01.23-18.50.04:854][321]LogBlueprintUserMessages: Late EndPlayMap Detection: Level '/Game/StarterContent/Maps/Adam.Adam:PersistentLevel' has LevelScriptBlueprint '/Game/StarterContent/Maps/Adam.Adam:PersistentLevel.Adam' with GeneratedClass '/Game/StarterContent/Maps/Adam.Adam_C' with ClassGeneratedBy '/Game/StarterContent/Maps/Adam.Adam:PersistentLevel.Adam'
[2020.01.23-18.50.04:881][321]LogSlate: Updating window title bar state: overlay mode, drag disabled, window buttons hidden, title bar hidden
[2020.01.23-18.50.04:932][322]LogPlayLevel: Display: Destroying online subsystem :Context_12
[2020.01.23-18.51.27:601][234]LogSlate: Window 'Adam* - Level Blueprint Editor' being destroyed
[2020.01.23-18.51.27:606][234]LogSlate: Window 'Adam* - Level Blueprint Editor' being destroyed
[2020.01.23-18.51.46:863][366]LogSavePackage: Moving '../../../../../../Users/torra/Documents/Unreal/ProjektAdamK/Saved/Adam2F0F226B41356CCC6B130C9A3EAD047C.tmp' to '../../../../../../Users/torra/Documents/Unreal/ProjektAdamK/Content/StarterContent/Maps/Adam.umap'
[2020.01.23-18.51.46:881][366]LogFileHelpers: Saving map 'Adam' took 0.277
[2020.01.23-18.51.47:983][426]LogSlate: Window 'ProjektAdamK - Unreal Editor' being destroyed
[2020.01.23-18.51.47:984][426]LogWindowsTextInputMethodSystem: Display: IME system now deactivated.
[2020.01.23-18.51.48:156][427]Cmd: QUIT_EDITOR
[2020.01.23-18.51.48:837][427]LogExit: Preparing to exit.
[2020.01.23-18.51.49:832][427]LogExit: Editor shut down
[2020.01.23-18.51.49:833][427]LogExit: Transaction tracking system shut down
[2020.01.23-18.51.50:133][427]LogExit: Object subsystem successfully closed.
[2020.01.23-18.51.50:151][427]LogShaderCompilers: Display: Shaders left to compile 0
[2020.01.23-18.51.50:153][427]LogD3D11RHI: Shutdown
[2020.01.23-18.51.50:153][427]LogD3D11RHI: CleanupD3DDevice
[2020.01.23-18.51.50:155][427]LogD3D11RHI: ~FD3D11DynamicRHI
[2020.01.23-18.51.50:172][427]LogModuleManager: Shutting down and abandoning module BlueprintGraph (616)
[2020.01.23-18.51.50:172][427]LogModuleManager: Shutting down and abandoning module MovieSceneCapture (614)
[2020.01.23-18.51.50:172][427]LogModuleManager: Shutting down and abandoning module Voice (612)
[2020.01.23-18.51.50:172][427]LogModuleManager: Shutting down and abandoning module HierarchicalLODOutliner (610)
[2020.01.23-18.51.50:172][427]LogModuleManager: Shutting down and abandoning module SceneOutliner (608)
[2020.01.23-18.51.50:172][427]LogModuleManager: Shutting down and abandoning module AddContentDialog (606)
[2020.01.23-18.51.50:172][427]LogModuleManager: Shutting down and abandoning module WidgetCarousel (605)
[2020.01.23-18.51.50:172][427]LogModuleManager: Shutting down and abandoning module EditorWidgets (602)
[2020.01.23-18.51.50:172][427]LogModuleManager: Shutting down and abandoning module CollectionManager (600)
[2020.01.23-18.51.50:173][427]LogModuleManager: Shutting down and abandoning module StatsViewer (598)
[2020.01.23-18.51.50:173][427]LogModuleManager: Shutting down and abandoning module FoliageEdit (596)
[2020.01.23-18.51.50:173][427]LogModuleManager: Shutting down and abandoning module LandscapeEditor (594)
[2020.01.23-18.51.50:173][427]LogModuleManager: Shutting down and abandoning module MeshPaintMode (592)
[2020.01.23-18.51.50:173][427]LogModuleManager: Shutting down and abandoning module SceneDepthPickerMode (590)
[2020.01.23-18.51.50:173][427]LogModuleManager: Shutting down and abandoning module ActorPickerMode (588)
[2020.01.23-18.51.50:173][427]LogModuleManager: Shutting down and abandoning module GeometryMode (586)
[2020.01.23-18.51.50:173][427]LogModuleManager: Shutting down and abandoning module TextureAlignMode (584)
[2020.01.23-18.51.50:173][427]LogModuleManager: Shutting down and abandoning module BspMode (582)
[2020.01.23-18.51.50:173][427]LogModuleManager: Shutting down and abandoning module PIEPreviewDeviceProfileSelector (580)
[2020.01.23-18.51.50:173][427]LogModuleManager: Shutting down and abandoning module SequenceRecorderSections (578)
[2020.01.23-18.51.50:173][427]LogModuleManager: Shutting down and abandoning module AutomationWorker (576)
[2020.01.23-18.51.50:173][427]LogModuleManager: Shutting down and abandoning module AudioCaptureEditor (574)
[2020.01.23-18.51.50:173][427]LogModuleManager: Shutting down and abandoning module SequenceRecorder (573)
[2020.01.23-18.51.50:173][427]LogModuleManager: Shutting down and abandoning module MatineeToLevelSequence (570)
[2020.01.23-18.51.50:173][427]LogModuleManager: Shutting down and abandoning module LevelSequenceEditor (568)
[2020.01.23-18.51.50:173][427]LogModuleManager: Shutting down and abandoning module PlacementMode (567)
[2020.01.23-18.51.50:173][427]LogModuleManager: Shutting down and abandoning module MaterialEditor (566)
[2020.01.23-18.51.50:173][427]LogModuleManager: Shutting down and abandoning module WmfMediaFactory (562)
[2020.01.23-18.51.50:173][427]LogModuleManager: Shutting down and abandoning module WmfMediaEditor (560)
[2020.01.23-18.51.50:173][427]LogModuleManager: Shutting down and abandoning module MediaPlayerEditor (558)
[2020.01.23-18.51.50:173][427]LogModuleManager: Shutting down and abandoning module OpenExrWrapper (556)
[2020.01.23-18.51.50:173][427]LogModuleManager: Shutting down and abandoning module ImgMediaFactory (554)
[2020.01.23-18.51.50:173][427]LogModuleManager: Shutting down and abandoning module ImgMediaEditor (552)
[2020.01.23-18.51.50:173][427]LogModuleManager: Shutting down and abandoning module AvfMediaFactory (550)
[2020.01.23-18.51.50:173][427]LogModuleManager: Shutting down and abandoning module AvfMediaEditor (548)
[2020.01.23-18.51.50:173][427]LogModuleManager: Shutting down and abandoning module AndroidMediaFactory (546)
[2020.01.23-18.51.50:173][427]LogModuleManager: Shutting down and abandoning module AndroidMediaEditor (544)
[2020.01.23-18.51.50:173][427]LogModuleManager: Shutting down and abandoning module MagicLeapCameraPreviewFactory (542)
[2020.01.23-18.51.50:173][427]LogModuleManager: Shutting down and abandoning module MagicLeapMediaFactory (540)
[2020.01.23-18.51.50:173][427]LogModuleManager: Shutting down and abandoning module MagicLeapMediaEditor (538)
[2020.01.23-18.51.50:173][427]LogModuleManager: Shutting down and abandoning module CharacterAI (536)
[2020.01.23-18.51.50:173][427]LogModuleManager: Shutting down and abandoning module SmartSnapping (534)
[2020.01.23-18.51.50:173][427]LogModuleManager: Shutting down and abandoning module SessionServices (532)
[2020.01.23-18.51.50:173][427]LogModuleManager: Shutting down and abandoning module ViewportSnapping (530)
[2020.01.23-18.51.50:173][427]LogModuleManager: Shutting down and abandoning module ViewportInteraction (528)
[2020.01.23-18.51.50:173][427]LogModuleManager: Shutting down and abandoning module ClothPainter (526)
[2020.01.23-18.51.50:173][427]LogModuleManager: Shutting down and abandoning module SkeletalMeshEditor (525)
[2020.01.23-18.51.50:174][427]LogModuleManager: Shutting down and abandoning module LogVisualizer (522)
[2020.01.23-18.51.50:174][427]LogModuleManager: Shutting down and abandoning module IntroTutorials (520)
[2020.01.23-18.51.50:174][427]LogModuleManager: Shutting down and abandoning module GameProjectGeneration (519)
[2020.01.23-18.51.50:174][427]LogModuleManager: Shutting down and abandoning module LuminPlatformEditor (516)
[2020.01.23-18.51.50:174][427]LogModuleManager: Shutting down and abandoning module IOSPlatformEditor (514)
[2020.01.23-18.51.50:174][427]LogModuleManager: Shutting down and abandoning module HTML5PlatformEditor (512)
[2020.01.23-18.51.50:174][427]LogModuleManager: Shutting down and abandoning module AndroidPlatformEditor (510)
[2020.01.23-18.51.50:174][427]LogModuleManager: Shutting down and abandoning module AndroidDeviceDetection (509)
[2020.01.23-18.51.50:872][427]LogModuleManager: Shutting down and abandoning module WindowsPlatformEditor (506)
[2020.01.23-18.51.50:872][427]LogModuleManager: Shutting down and abandoning module LuminRuntimeSettings (504)
[2020.01.23-18.51.50:872][427]LogModuleManager: Shutting down and abandoning module IOSRuntimeSettings (502)
[2020.01.23-18.51.50:872][427]LogModuleManager: Shutting down and abandoning module AndroidRuntimeSettings (500)
[2020.01.23-18.51.50:872][427]LogModuleManager: Shutting down and abandoning module InputBindingEditor (498)
[2020.01.23-18.51.50:872][427]LogModuleManager: Shutting down and abandoning module MergeActors (496)
[2020.01.23-18.51.50:872][427]LogModuleManager: Shutting down and abandoning module LocalizationDashboard (494)
[2020.01.23-18.51.50:872][427]LogModuleManager: Shutting down and abandoning module LocalizationService (493)
[2020.01.23-18.51.50:872][427]LogModuleManager: Shutting down and abandoning module HardwareTargeting (490)
[2020.01.23-18.51.50:872][427]LogModuleManager: Shutting down and abandoning module DeviceProfileEditor (488)
[2020.01.23-18.51.50:872][427]LogModuleManager: Shutting down and abandoning module UndoHistory (486)
[2020.01.23-18.51.50:872][427]LogModuleManager: Shutting down and abandoning module XmlParser (484)
[2020.01.23-18.51.50:872][427]LogModuleManager: Shutting down and abandoning module Blutility (482)
[2020.01.23-18.51.50:872][427]LogModuleManager: Shutting down and abandoning module ProjectSettingsViewer (480)
[2020.01.23-18.51.50:872][427]LogModuleManager: Shutting down and abandoning module ProjectTargetPlatformEditor (479)
[2020.01.23-18.51.50:872][427]LogModuleManager: Shutting down and abandoning module EditorSettingsViewer (476)
[2020.01.23-18.51.50:872][427]LogModuleManager: Shutting down and abandoning module SettingsEditor (474)
[2020.01.23-18.51.50:873][427]LogModuleManager: Shutting down and abandoning module ProjectLauncher (472)
[2020.01.23-18.51.50:873][427]LogModuleManager: Shutting down and abandoning module SessionFrontend (470)
[2020.01.23-18.51.50:873][427]LogModuleManager: Shutting down and abandoning module ProfilerClient (468)
[2020.01.23-18.51.50:873][427]LogModuleManager: Shutting down and abandoning module DeviceManager (466)
[2020.01.23-18.51.50:873][427]LogModuleManager: Shutting down and abandoning module TargetDeviceServices (465)
[2020.01.23-18.51.50:939][427]LogModuleManager: Shutting down and abandoning module AutomationController (462)
[2020.01.23-18.51.50:939][427]LogModuleManager: Shutting down and abandoning module AutomationWindow (460)
[2020.01.23-18.51.50:939][427]LogModuleManager: Shutting down and abandoning module Layers (458)
[2020.01.23-18.51.50:939][427]LogModuleManager: Shutting down and abandoning module ComponentVisualizers (456)
[2020.01.23-18.51.50:939][427]LogModuleManager: Shutting down and abandoning module DetailCustomizations (454)
[2020.01.23-18.51.50:939][427]LogModuleManager: Shutting down and abandoning module PackagesDialog (452)
[2020.01.23-18.51.50:939][427]LogModuleManager: Shutting down and abandoning module Persona (450)
[2020.01.23-18.51.50:939][427]LogModuleManager: Shutting down and abandoning module AdvancedPreviewScene (449)
[2020.01.23-18.51.50:939][427]LogModuleManager: Shutting down and abandoning module AnimGraph (447)
[2020.01.23-18.51.50:939][427]LogModuleManager: Shutting down and abandoning module Kismet (444)
[2020.01.23-18.51.50:942][427]LogModuleManager: Shutting down and abandoning module GraphEditor (442)
[2020.01.23-18.51.50:942][427]LogModuleManager: Shutting down and abandoning module ClassViewer (440)
[2020.01.23-18.51.50:942][427]LogModuleManager: Shutting down and abandoning module Toolbox (438)
[2020.01.23-18.51.50:942][427]LogModuleManager: Shutting down and abandoning module ModuleUI (436)
[2020.01.23-18.51.50:942][427]LogModuleManager: Shutting down and abandoning module MovieSceneTools (434)
[2020.01.23-18.51.50:942][427]LogModuleManager: Shutting down and abandoning module OutputLog (432)
[2020.01.23-18.51.50:942][427]LogModuleManager: Shutting down and abandoning module GammaUI (430)
[2020.01.23-18.51.50:942][427]LogModuleManager: Shutting down and abandoning module Documentation (428)
[2020.01.23-18.51.50:942][427]LogModuleManager: Shutting down and abandoning module MovieSceneTracks (426)
[2020.01.23-18.51.50:942][427]LogModuleManager: Shutting down and abandoning module MovieScene (424)
[2020.01.23-18.51.50:942][427]LogModuleManager: Shutting down and abandoning module StreamingPauseRendering (422)
[2020.01.23-18.51.50:942][427]LogModuleManager: Shutting down and abandoning module LauncherPlatform (420)
[2020.01.23-18.51.50:942][427]LogModuleManager: Shutting down and abandoning module AnalyticsET (418)
[2020.01.23-18.51.50:942][427]LogModuleManager: Shutting down and abandoning module PortalServices (416)
[2020.01.23-18.51.50:942][427]LogModuleManager: Shutting down and abandoning module PortalRpc (414)
[2020.01.23-18.51.50:942][427]LogModuleManager: Shutting down and abandoning module MessagingRpc (412)
[2020.01.23-18.51.50:942][427]LogModuleManager: Shutting down and abandoning module AIModule (410)
[2020.01.23-18.51.50:942][427]LogModuleManager: Shutting down and abandoning module GameplayDebugger (409)
[2020.01.23-18.51.50:942][427]LogModuleManager: Shutting down and abandoning module AITestSuite (407)
[2020.01.23-18.51.50:943][427]LogModuleManager: Shutting down and abandoning module NavigationSystem (405)
[2020.01.23-18.51.50:943][427]LogModuleManager: Shutting down and abandoning module DesktopPlatform (402)
[2020.01.23-18.51.50:943][427]LogModuleManager: Shutting down and abandoning module ProfilerService (400)
[2020.01.23-18.51.50:964][427]LogModuleManager: Shutting down and abandoning module TaskGraph (398)
[2020.01.23-18.51.50:964][427]LogModuleManager: Shutting down and abandoning module SteamVRController (396)
[2020.01.23-18.51.50:964][427]LogModuleManager: Shutting down and abandoning module ProceduralMeshComponentEditor (394)
[2020.01.23-18.51.50:964][427]LogModuleManager: Shutting down and abandoning module ProceduralMeshComponent (392)
[2020.01.23-18.51.50:964][427]LogModuleManager: Shutting down and abandoning module OculusInput (390)
[2020.01.23-18.51.50:964][427]LogModuleManager: Shutting down and abandoning module MobilePatchingUtils (388)
[2020.01.23-18.51.50:964][427]LogModuleManager: Shutting down and abandoning module EditableMesh (386)
[2020.01.23-18.51.50:964][427]LogModuleManager: Shutting down and abandoning module CustomMeshComponent (384)
[2020.01.23-18.51.50:964][427]LogModuleManager: Shutting down and abandoning module CableComponent (382)
[2020.01.23-18.51.50:964][427]LogModuleManager: Shutting down and abandoning module AudioCapture (380)
[2020.01.23-18.51.50:964][427]LogModuleManager: Shutting down and abandoning module ArchVisCharacter (378)
[2020.01.23-18.51.50:964][427]LogModuleManager: Shutting down and abandoning module AndroidPermission (376)
[2020.01.23-18.51.50:964][427]LogModuleManager: Shutting down and abandoning module NUTUnrealEngine4 (374)
[2020.01.23-18.51.50:964][427]LogModuleManager: Shutting down and abandoning module NetcodeUnitTest (372)
[2020.01.23-18.51.50:964][427]LogModuleManager: Shutting down and abandoning module MediaCompositingEditor (370)
[2020.01.23-18.51.50:964][427]LogModuleManager: Shutting down and abandoning module MediaCompositing (368)
[2020.01.23-18.51.50:964][427]LogModuleManager: Shutting down and abandoning module LinearTimecode (366)
[2020.01.23-18.51.50:964][427]LogModuleManager: Shutting down and abandoning module ImgMedia (364)
[2020.01.23-18.51.50:967][427]LogModuleManager: Shutting down and abandoning module HTML5Networking (362)
[2020.01.23-18.51.50:967][427]LogModuleManager: Shutting down and abandoning module GeometryCacheTracks (360)
[2020.01.23-18.51.50:967][427]LogModuleManager: Shutting down and abandoning module GeometryCacheSequencer (358)
[2020.01.23-18.51.50:967][427]LogModuleManager: Shutting down and abandoning module BackChannel (356)
[2020.01.23-18.51.50:967][427]LogModuleManager: Shutting down and abandoning module AppleVision (354)
[2020.01.23-18.51.50:967][427]LogModuleManager: Shutting down and abandoning module AppleImageUtils (352)
[2020.01.23-18.51.50:967][427]LogModuleManager: Shutting down and abandoning module AlembicImporter (350)
[2020.01.23-18.51.50:967][427]LogModuleManager: Shutting down and abandoning module AlembicLibrary (349)
[2020.01.23-18.51.50:967][427]LogModuleManager: Shutting down and abandoning module GeometryCache (348)
[2020.01.23-18.51.50:968][427]LogModuleManager: Shutting down and abandoning module GeometryCacheEd (347)
[2020.01.23-18.51.50:968][427]LogModuleManager: Shutting down and abandoning module DatasmithContentEditor (342)
[2020.01.23-18.51.50:968][427]LogModuleManager: Shutting down and abandoning module DatasmithContent (340)
[2020.01.23-18.51.50:968][427]LogModuleManager: Shutting down and abandoning module SpeedTreeImporter (338)
[2020.01.23-18.51.50:968][427]LogModuleManager: Shutting down and abandoning module PluginBrowser (336)
[2020.01.23-18.51.50:968][427]LogModuleManager: Shutting down and abandoning module MobileLauncherProfileWizard (334)
[2020.01.23-18.51.50:968][427]LogModuleManager: Shutting down and abandoning module PolygonModeling (332)
[2020.01.23-18.51.50:968][427]LogModuleManager: Shutting down and abandoning module MeshEditor (330)
[2020.01.23-18.51.50:968][427]LogModuleManager: Shutting down and abandoning module CryptoKeysOpenSSL (328)
[2020.01.23-18.51.50:968][427]LogModuleManager: Shutting down and abandoning module CryptoKeys (326)
[2020.01.23-18.51.50:968][427]LogModuleManager: Shutting down and abandoning module VisualStudioSourceCodeAccess (324)
[2020.01.23-18.51.50:968][427]LogModuleManager: Shutting down and abandoning module VisualStudioCodeSourceCodeAccess (322)
[2020.01.23-18.51.50:968][427]LogModuleManager: Shutting down and abandoning module UObjectPlugin (320)
[2020.01.23-18.51.50:968][427]LogModuleManager: Shutting down and abandoning module SubversionSourceControl (318)
[2020.01.23-18.51.50:968][427]LogModuleManager: Shutting down and abandoning module PerforceSourceControl (316)
[2020.01.23-18.51.50:968][427]LogModuleManager: Shutting down and abandoning module GitSourceControl (314)
[2020.01.23-18.51.50:968][427]LogModuleManager: Shutting down and abandoning module SourceControl (313)
[2020.01.23-18.51.50:968][427]LogModuleManager: Shutting down and abandoning module CLionSourceCodeAccess (310)
[2020.01.23-18.51.50:968][427]LogModuleManager: Shutting down and abandoning module LightPropagationVolumeEditor (308)
[2020.01.23-18.51.50:968][427]LogModuleManager: Shutting down and abandoning module PaperTiledImporter (306)
[2020.01.23-18.51.50:968][427]LogModuleManager: Shutting down and abandoning module PaperSpriteSheetImporter (304)
[2020.01.23-18.51.50:968][427]LogModuleManager: Shutting down and abandoning module Paper2DEditor (302)
[2020.01.23-18.51.50:968][427]LogModuleManager: Shutting down and abandoning module MeshPaint (301)
[2020.01.23-18.51.50:968][427]LogModuleManager: Shutting down and abandoning module RuntimePhysXCooking (298)
[2020.01.23-18.51.50:968][427]LogModuleManager: Shutting down and abandoning module PhysXVehiclesEditor (296)
[2020.01.23-18.51.50:968][427]LogModuleManager: Shutting down and abandoning module PhysXVehicles (294)
[2020.01.23-18.51.50:969][427]LogModuleManager: Shutting down and abandoning module OculusEditor (292)
[2020.01.23-18.51.50:969][427]LogModuleManager: Shutting down and abandoning module LocationServicesBPLibrary (290)
[2020.01.23-18.51.50:969][427]LogModuleManager: Shutting down and abandoning module ImmediatePhysicsEditor (288)
[2020.01.23-18.51.50:969][427]LogModuleManager: Shutting down and abandoning module ImmediatePhysics (286)
[2020.01.23-18.51.50:969][427]LogModuleManager: Shutting down and abandoning module ActorSequence (284)
[2020.01.23-18.51.50:969][427]LogModuleManager: Shutting down and abandoning module UdpMessaging (282)
[2020.01.23-18.51.51:070][427]LogModuleManager: Shutting down and abandoning module TcpMessaging (280)
[2020.01.23-18.51.51:170][427]LogModuleManager: Shutting down and abandoning module MagicLeapAudio (278)
[2020.01.23-18.51.51:170][427]LogModuleManager: Shutting down and abandoning module GameplayTagsEditor (276)
[2020.01.23-18.51.51:170][427]LogModuleManager: Shutting down and abandoning module FacialAnimationEditor (274)
[2020.01.23-18.51.51:170][427]LogModuleManager: Shutting down and abandoning module FacialAnimation (272)
[2020.01.23-18.51.51:170][427]LogModuleManager: Shutting down and abandoning module DataValidation (270)
[2020.01.23-18.51.51:170][427]LogModuleManager: Shutting down and abandoning module AssetManagerEditor (268)
[2020.01.23-18.51.51:170][427]LogModuleManager: Shutting down and abandoning module LevelEditor (267)
[2020.01.23-18.51.51:170][427]LogModuleManager: Shutting down and abandoning module PixelInspectorModule (266)
[2020.01.23-18.51.51:170][427]LogModuleManager: Shutting down and abandoning module CommonMenuExtensions (264)
[2020.01.23-18.51.51:170][427]LogModuleManager: Shutting down and abandoning module MainFrame (262)
[2020.01.23-18.51.51:171][427]LogModuleManager: Shutting down and abandoning module HotReload (261)
[2020.01.23-18.51.51:171][427]LogModuleManager: Shutting down and abandoning module ContentBrowser (257)
[2020.01.23-18.51.51:172][427]LogModuleManager: Shutting down and abandoning module TreeMap (255)
[2020.01.23-18.51.51:172][427]LogModuleManager: Shutting down and abandoning module LightPropagationVolumeRuntime (252)
[2020.01.23-18.51.51:172][427]LogModuleManager: Shutting down and abandoning module AISupportModule (250)
[2020.01.23-18.51.51:172][427]LogModuleManager: Shutting down and abandoning module Paper2D (248)
[2020.01.23-18.51.51:172][427]LogModuleManager: Shutting down and abandoning module WindowsMoviePlayer (246)
[2020.01.23-18.51.51:172][427]LogModuleManager: Shutting down and abandoning module WmfMedia (244)
[2020.01.23-18.51.51:173][427]LogModuleManager: Shutting down and abandoning module Media (243)
[2020.01.23-18.51.51:179][427]LogModuleManager: Shutting down and abandoning module PacketHandler (240)
[2020.01.23-18.51.51:179][427]LogModuleManager: Shutting down and abandoning module ClothingSystemEditor (238)
[2020.01.23-18.51.51:179][427]LogModuleManager: Shutting down and abandoning module ClothingSystemRuntime (236)
[2020.01.23-18.51.51:179][427]LogModuleManager: Shutting down and abandoning module MediaAssets (234)
[2020.01.23-18.51.51:179][427]LogModuleManager: Shutting down and abandoning module Overlay (232)
[2020.01.23-18.51.51:179][427]LogModuleManager: Shutting down and abandoning module OverlayEditor (231)
[2020.01.23-18.51.51:179][427]LogModuleManager: Shutting down and abandoning module VREditor (228)
[2020.01.23-18.51.51:179][427]LogModuleManager: Shutting down and abandoning module StringTableEditor (226)
[2020.01.23-18.51.51:179][427]LogModuleManager: Shutting down and abandoning module GameplayTasksEditor (224)
[2020.01.23-18.51.51:179][427]LogModuleManager: Shutting down and abandoning module BehaviorTreeEditor (222)
[2020.01.23-18.51.51:179][427]LogModuleManager: Shutting down and abandoning module FunctionalTesting (220)
[2020.01.23-18.51.51:179][427]LogModuleManager: Shutting down and abandoning module CollisionAnalyzer (218)
[2020.01.23-18.51.51:180][427]LogModuleManager: Shutting down and abandoning module WorkspaceMenuStructure (217)
[2020.01.23-18.51.51:180][427]LogModuleManager: Shutting down and abandoning module UMG (214)
[2020.01.23-18.51.51:180][427]LogModuleManager: Shutting down and abandoning module UMGEditor (213)
[2020.01.23-18.51.51:180][427]LogModuleManager: Shutting down and abandoning module Sequencer (212)
[2020.01.23-18.51.51:180][427]LogModuleManager: Shutting down and abandoning module MessageLog (209)
[2020.01.23-18.51.51:180][427]LogModuleManager: Shutting down and abandoning module SlateReflector (204)
[2020.01.23-18.51.51:180][427]LogModuleManager: Shutting down and abandoning module Slate (202)
[2020.01.23-18.51.51:180][427]LogModuleManager: Shutting down and abandoning module EditorStyle (200)
[2020.01.23-18.51.51:182][427]LogModuleManager: Shutting down and abandoning module MRMesh (198)
[2020.01.23-18.51.51:182][427]LogModuleManager: Shutting down and abandoning module SourceCodeAccess (196)
[2020.01.23-18.51.51:182][427]LogModuleManager: Shutting down and abandoning module HeadMountedDisplay (194)
[2020.01.23-18.51.51:182][427]LogModuleManager: Shutting down and abandoning module XAudio2 (192)
[2020.01.23-18.51.51:182][427]LogModuleManager: Shutting down and abandoning module Networking (190)
[2020.01.23-18.51.51:182][427]LogModuleManager: Shutting down and abandoning module Core (188)
[2020.01.23-18.51.51:182][427]LogModuleManager: Shutting down and abandoning module LevelSequence (186)
[2020.01.23-18.51.51:182][427]LogModuleManager: Shutting down and abandoning module KismetCompiler (184)
[2020.01.23-18.51.51:182][427]LogModuleManager: Shutting down and abandoning module MeshUtilities (182)
[2020.01.23-18.51.51:182][427]LogModuleManager: Shutting down and abandoning module MeshMergeUtilities (181)
[2020.01.23-18.51.51:182][427]LogModuleManager: Shutting down and abandoning module MeshReductionInterface (180)
[2020.01.23-18.51.51:182][427]LogModuleManager: Shutting down and abandoning module SimplygonSwarm (179)
[2020.01.23-18.51.51:182][427]LogModuleManager: Shutting down and abandoning module ProxyLODMeshReduction (177)
[2020.01.23-18.51.51:182][427]LogModuleManager: Shutting down and abandoning module SimplygonMeshReduction (175)
[2020.01.23-18.51.51:182][427]LogModuleManager: Shutting down and abandoning module QuadricMeshReduction (173)
[2020.01.23-18.51.51:182][427]LogModuleManager: Shutting down and abandoning module MaterialBaking (169)
[2020.01.23-18.51.51:182][427]LogModuleManager: Shutting down and abandoning module DirectoryWatcher (165)
[2020.01.23-18.51.51:182][427]LogModuleManager: Shutting down and abandoning module DerivedDataCache (162)
[2020.01.23-18.51.51:283][427]LogDerivedDataCache: Shutdown
[2020.01.23-18.51.51:283][427]LogModuleManager: Shutting down and abandoning module XGEController (160)
[2020.01.23-18.51.51:283][427]LogXGEController: Cleaning working directory: C:/Users/torra/AppData/Local/Temp/UnrealXGEWorkingDir/
[2020.01.23-18.51.51:283][427]LogModuleManager: Shutting down and abandoning module TargetPlatform (158)
[2020.01.23-18.51.51:283][427]LogModuleManager: Shutting down and abandoning module VulkanShaderFormat (157)
[2020.01.23-18.51.51:283][427]LogModuleManager: Shutting down and abandoning module ShaderFormatVectorVM (155)
[2020.01.23-18.51.51:283][427]LogModuleManager: Shutting down and abandoning module ShaderFormatOpenGL (153)
[2020.01.23-18.51.51:283][427]LogModuleManager: Shutting down and abandoning module ShaderFormatD3D (151)
[2020.01.23-18.51.51:283][427]LogModuleManager: Shutting down and abandoning module MetalShaderFormat (149)
[2020.01.23-18.51.51:283][427]LogModuleManager: Shutting down and abandoning module TextureFormatUncompressed (147)
[2020.01.23-18.51.51:283][427]LogModuleManager: Shutting down and abandoning module TextureFormatPVR (145)
[2020.01.23-18.51.51:283][427]LogModuleManager: Shutting down and abandoning module TextureFormatDXT (143)
[2020.01.23-18.51.51:283][427]LogModuleManager: Shutting down and abandoning module TextureFormatIntelISPCTexComp (141)
[2020.01.23-18.51.51:283][427]LogModuleManager: Shutting down and abandoning module TextureFormatASTC (139)
[2020.01.23-18.51.51:284][427]LogModuleManager: Shutting down and abandoning module ImageWrapper (138)
[2020.01.23-18.51.51:284][427]LogModuleManager: Shutting down and abandoning module TextureFormatAndroid (135)
[2020.01.23-18.51.51:284][427]LogModuleManager: Shutting down and abandoning module AudioFormatOpus (133)
[2020.01.23-18.51.51:284][427]LogModuleManager: Shutting down and abandoning module AudioFormatOgg (131)
[2020.01.23-18.51.51:284][427]LogModuleManager: Shutting down and abandoning module AudioFormatADPCM (129)
[2020.01.23-18.51.51:284][427]LogModuleManager: Shutting down and abandoning module LuminTargetPlatform (127)
[2020.01.23-18.51.51:284][427]LogModuleManager: Shutting down and abandoning module LinuxTargetPlatform (125)
[2020.01.23-18.51.51:284][427]LogModuleManager: Shutting down and abandoning module LinuxServerTargetPlatform (123)
[2020.01.23-18.51.51:284][427]LogModuleManager: Shutting down and abandoning module LinuxNoEditorTargetPlatform (121)
[2020.01.23-18.51.51:284][427]LogModuleManager: Shutting down and abandoning module LinuxClientTargetPlatform (119)
[2020.01.23-18.51.51:284][427]LogModuleManager: Shutting down and abandoning module TVOSTargetPlatform (117)
[2020.01.23-18.51.51:284][427]LogModuleManager: Shutting down and abandoning module Messaging (115)
[2020.01.23-18.51.51:284][427]LogModuleManager: Shutting down and abandoning module IOSTargetPlatform (113)
[2020.01.23-18.51.51:285][427]LogModuleManager: Shutting down and abandoning module HTML5TargetPlatform (111)
[2020.01.23-18.51.51:285][427]LogModuleManager: Shutting down and abandoning module AndroidTargetPlatform (109)
[2020.01.23-18.51.51:289][427]LogModuleManager: Shutting down and abandoning module WindowsTargetPlatform (107)
[2020.01.23-18.51.51:289][427]LogModuleManager: Shutting down and abandoning module WindowsServerTargetPlatform (105)
[2020.01.23-18.51.51:289][427]LogModuleManager: Shutting down and abandoning module WindowsNoEditorTargetPlatform (103)
[2020.01.23-18.51.51:289][427]LogModuleManager: Shutting down and abandoning module WindowsClientTargetPlatform (101)
[2020.01.23-18.51.51:289][427]LogModuleManager: Shutting down and abandoning module MacTargetPlatform (99)
[2020.01.23-18.51.51:289][427]LogModuleManager: Shutting down and abandoning module MacServerTargetPlatform (97)
[2020.01.23-18.51.51:289][427]LogModuleManager: Shutting down and abandoning module MacNoEditorTargetPlatform (95)
[2020.01.23-18.51.51:289][427]LogModuleManager: Shutting down and abandoning module MacClientTargetPlatform (93)
[2020.01.23-18.51.51:289][427]LogModuleManager: Shutting down and abandoning module AllDesktopTargetPlatform (91)
[2020.01.23-18.51.51:289][427]LogModuleManager: Shutting down and abandoning module InputCore (88)
[2020.01.23-18.51.51:289][427]LogModuleManager: Shutting down and abandoning module Settings (86)
[2020.01.23-18.51.51:289][427]LogModuleManager: Shutting down and abandoning module PhysXCooking (84)
[2020.01.23-18.51.51:289][427]LogModuleManager: Shutting down and abandoning module SteamVR (82)
[2020.01.23-18.51.51:289][427]LogModuleManager: Shutting down and abandoning module OculusHMD (80)
[2020.01.23-18.51.51:289][427]LogModuleManager: Shutting down and abandoning module ExampleDeviceProfileSelector (78)
[2020.01.23-18.51.51:289][427]LogModuleManager: Shutting down and abandoning module LauncherChunkInstaller (76)
[2020.01.23-18.51.51:289][427]LogModuleManager: Shutting down and abandoning module OnlineBlueprintSupport (74)
[2020.01.23-18.51.51:289][427]LogModuleManager: Shutting down and abandoning module OnlineSubsystem (70)
[2020.01.23-18.51.51:290][427]LogModuleManager: Shutting down and abandoning module XMPP (65)
[2020.01.23-18.51.51:290][427]LogModuleManager: Shutting down and abandoning module WebSockets (64)
[2020.01.23-18.51.51:321][427]LogModuleManager: Shutting down and abandoning module HTTP (61)
[2020.01.23-18.51.51:321][427]LogHttp: Display: Http module shutting down, but needs to wait on 1 outstanding Http requests:
[2020.01.23-18.51.51:321][427]LogHttp: Display: 	verb=[POST] url=[https://datarouter.ol.epicgames.com/datarouter/api/v1/public/data?SessionID=%7B3123C021-44B5-B909-C000-D496EDB3F280%7D&AppID=UEEditor.Rocket.Release&AppVersion=4.20.3-4369336%2B%2B%2BUE4%2BRelease-4.20&UserID=20b5a1354a8c15e0e8c66bb2a3058456%7Ce6512cb8604744178bf061b68307babf%7C03918e10-f6b0-4481-8214-2069b30b7b9f&AppEnvironment=datacollector-binary&UploadType=eteventstream] status=Processing
[2020.01.23-18.51.51:339][427]LogModuleManager: Shutting down and abandoning module SSL (60)
[2020.01.23-18.51.51:340][427]LogModuleManager: Shutting down and abandoning module MagicLeapEmulator (56)
[2020.01.23-18.51.51:340][427]LogModuleManager: Shutting down and abandoning module MagicLeapPrivileges (54)
[2020.01.23-18.51.51:340][427]LogModuleManager: Shutting down and abandoning module MagicLeapIdentity (52)
[2020.01.23-18.51.51:340][427]LogModuleManager: Shutting down and abandoning module MagicLeapHelperVulkan (50)
[2020.01.23-18.51.51:340][427]LogModuleManager: Shutting down and abandoning module MagicLeapHelperOpenGL (48)
[2020.01.23-18.51.51:340][427]LogModuleManager: Shutting down and abandoning module MagicLeapSecureStorage (46)
[2020.01.23-18.51.51:340][427]LogModuleManager: Shutting down and abandoning module MagicLeapGestures (44)
[2020.01.23-18.51.51:340][427]LogModuleManager: Shutting down and abandoning module MagicLeapEyeTracker (42)
[2020.01.23-18.51.51:340][427]LogModuleManager: Shutting down and abandoning module MagicLeapController (40)
[2020.01.23-18.51.51:340][427]LogSlate: Slate User Destroyed.  User Index 0, Is Virtual User: 0
[2020.01.23-18.51.51:340][427]LogModuleManager: Shutting down and abandoning module MagicLeap (38)
[2020.01.23-18.51.51:341][427]LogModuleManager: Shutting down and abandoning module AnimationModifiers (36)
[2020.01.23-18.51.51:341][427]LogModuleManager: Shutting down and abandoning module PropertyEditor (35)
[2020.01.23-18.51.51:341][427]LogModuleManager: Shutting down and abandoning module AudioEditor (32)
[2020.01.23-18.51.51:341][427]LogModuleManager: Shutting down and abandoning module TextureCompressor (30)
[2020.01.23-18.51.51:341][427]LogModuleManager: Shutting down and abandoning module ShaderCore (28)
[2020.01.23-18.51.51:341][427]LogModuleManager: Shutting down and abandoning module Landscape (26)
[2020.01.23-18.51.51:341][427]LogModuleManager: Shutting down and abandoning module SlateRHIRenderer (24)
[2020.01.23-18.51.51:341][427]LogModuleManager: Shutting down and abandoning module OpenGLDrv (22)
[2020.01.23-18.51.51:341][427]LogModuleManager: Shutting down and abandoning module D3D11RHI (20)
[2020.01.23-18.51.51:341][427]LogModuleManager: Shutting down and abandoning module AnimGraphRuntime (18)
[2020.01.23-18.51.51:341][427]LogModuleManager: Shutting down and abandoning module Renderer (16)
[2020.01.23-18.51.51:341][427]LogModuleManager: Shutting down and abandoning module Engine (14)
[2020.01.23-18.51.51:341][427]LogModuleManager: Shutting down and abandoning module CoreUObject (12)
[2020.01.23-18.51.51:341][427]LogModuleManager: Shutting down and abandoning module NetworkFile (10)
[2020.01.23-18.51.51:341][427]LogModuleManager: Shutting down and abandoning module CookedIterativeFile (8)
[2020.01.23-18.51.51:341][427]LogModuleManager: Shutting down and abandoning module StreamingFile (6)
[2020.01.23-18.51.51:341][427]LogModuleManager: Shutting down and abandoning module SandboxFile (4)
[2020.01.23-18.51.51:341][427]LogModuleManager: Shutting down and abandoning module PakFile (2)
[2020.01.23-18.51.51:348][427]LogExit: Exiting.
[2020.01.23-18.51.51:353][427]Log file closed, 01/23/20 19:51:51
