Log file open, 01/17/20 17:13:09
LogWindows: Failed to load 'aqProf.dll' (GetLastError=126)
LogWindows: File 'aqProf.dll' does not exist
LogWindows: Failed to load 'VSPerf140.dll' (GetLastError=126)
LogWindows: File 'VSPerf140.dll' does not exist
LogWindows: Failed to load 'VtuneApi.dll' (GetLastError=126)
LogWindows: File 'VtuneApi.dll' does not exist
LogWindows: Failed to load 'VtuneApi32e.dll' (GetLastError=126)
LogWindows: File 'VtuneApi32e.dll' does not exist
LogInit: Display: Running engine for game: ProjektAdamK
LogPlatformFile: Not using cached read wrapper
LogTaskGraph: Started task graph with 5 named threads and 35 total threads with 3 sets of task threads.
LogStats: Stats thread started at 0.403869
LogD3D11RHI: Loaded GFSDK_Aftermath_Lib.x64.dll
LogICUInternationalization: Display: ICU TimeZone Detection - Raw Offset: +1:00, Platform Override: ''
LogPluginManager: Mounting plugin Paper2D
LogPluginManager: Mounting plugin AISupport
LogPluginManager: Mounting plugin LightPropagationVolume
LogPluginManager: Mounting plugin CLionSourceCodeAccess
LogPluginManager: Mounting plugin CodeLiteSourceCodeAccess
LogPluginManager: Mounting plugin GitSourceControl
LogPluginManager: Mounting plugin KDevelopSourceCodeAccess
LogPluginManager: Mounting plugin NullSourceCodeAccess
LogPluginManager: Mounting plugin PerforceSourceControl
LogPluginManager: Mounting plugin SubversionSourceControl
LogPluginManager: Mounting plugin UObjectPlugin
LogPluginManager: Mounting plugin VisualStudioCodeSourceCodeAccess
LogPluginManager: Mounting plugin VisualStudioSourceCodeAccess
LogPluginManager: Mounting plugin XCodeSourceCodeAccess
LogPluginManager: Mounting plugin AssetManagerEditor
LogPluginManager: Mounting plugin CryptoKeys
LogPluginManager: Mounting plugin DataValidation
LogPluginManager: Mounting plugin FacialAnimation
LogPluginManager: Mounting plugin GameplayTagsEditor
LogPluginManager: Mounting plugin MacGraphicsSwitching
LogPluginManager: Mounting plugin MeshEditor
LogPluginManager: Mounting plugin MobileLauncherProfileWizard
LogPluginManager: Mounting plugin PluginBrowser
LogPluginManager: Mounting plugin SpeedTreeImporter
LogPluginManager: Mounting plugin DatasmithContent
LogPluginManager: Mounting plugin AlembicImporter
LogPluginManager: Mounting plugin AppleImageUtils
LogPluginManager: Mounting plugin AppleVision
LogPluginManager: Mounting plugin BackChannel
LogPluginManager: Mounting plugin CharacterAI
LogPluginManager: Mounting plugin GeometryCache
LogPluginManager: Mounting plugin HTML5Networking
LogPluginManager: Mounting plugin ProxyLODPlugin
LogPluginManager: Mounting plugin MagicLeap
LogPluginManager: Mounting plugin MagicLeapEmulator
LogPluginManager: Mounting plugin MagicLeapMedia
LogPluginManager: Mounting plugin AndroidMedia
LogPluginManager: Mounting plugin AvfMedia
LogPluginManager: Mounting plugin ImgMedia
LogPluginManager: Mounting plugin LinearTimecode
LogPluginManager: Mounting plugin MediaCompositing
LogPluginManager: Mounting plugin MediaPlayerEditor
LogPluginManager: Mounting plugin WmfMedia
LogPluginManager: Mounting plugin TcpMessaging
LogPluginManager: Mounting plugin UdpMessaging
LogPluginManager: Mounting plugin ActorSequence
LogPluginManager: Mounting plugin LevelSequenceEditor
LogPluginManager: Mounting plugin MatineeToLevelSequence
LogPluginManager: Mounting plugin NetcodeUnitTest
LogPluginManager: Mounting plugin NUTUnrealEngine4
LogPluginManager: Mounting plugin OnlineSubsystemGooglePlay
LogPluginManager: Mounting plugin OnlineSubsystemIOS
LogPluginManager: Mounting plugin OnlineSubsystem
LogPluginManager: Mounting plugin OnlineSubsystemNull
LogPluginManager: Mounting plugin OnlineSubsystemUtils
LogPluginManager: Mounting plugin LauncherChunkInstaller
LogPluginManager: Mounting plugin AndroidDeviceProfileSelector
LogPluginManager: Mounting plugin AndroidMoviePlayer
LogPluginManager: Mounting plugin AndroidPermission
LogPluginManager: Mounting plugin AppleMoviePlayer
LogPluginManager: Mounting plugin ArchVisCharacter
LogPluginManager: Mounting plugin AudioCapture
LogPluginManager: Mounting plugin CableComponent
LogPluginManager: Mounting plugin CustomMeshComponent
LogPluginManager: Mounting plugin EditableMesh
LogPluginManager: Mounting plugin ExampleDeviceProfileSelector
LogPluginManager: Mounting plugin GoogleCloudMessaging
LogPluginManager: Mounting plugin ImmediatePhysics
LogPluginManager: Mounting plugin IOSDeviceProfileSelector
LogPluginManager: Mounting plugin LinuxDeviceProfileSelector
LogPluginManager: Mounting plugin LocationServicesBPLibrary
LogPluginManager: Mounting plugin MobilePatchingUtils
LogPluginManager: Mounting plugin OculusVR
LogPluginManager: Plugin shader directory ../../../Engine/Plugins/Runtime/Oculus/OculusVR/Shaders found
LogPluginManager: Mapping shader source directory ../../../Engine/Plugins/Runtime/Oculus/OculusVR/Shaders to virtual directory /Plugin/OculusVR
LogPluginManager: Mounting plugin PhysXVehicles
LogPluginManager: Mounting plugin ProceduralMeshComponent
LogPluginManager: Mounting plugin RuntimePhysXCooking
LogPluginManager: Mounting plugin SteamVR
LogPluginManager: Mounting plugin WindowsMoviePlayer
LogStreaming: Display: Took  0.106s to configure plugins.
LogInit: Using libcurl 7.55.1-DEV
LogInit:  - built for x86_64-pc-win32
LogInit:  - supports SSL with OpenSSL/1.0.2h
LogInit:  - supports HTTP deflate (compression) using libz 1.2.8
LogInit:  - other features:
LogInit:      CURL_VERSION_SSL
LogInit:      CURL_VERSION_LIBZ
LogInit:      CURL_VERSION_IPV6
LogInit:      CURL_VERSION_ASYNCHDNS
LogInit:      CURL_VERSION_LARGEFILE
LogInit:      CURL_VERSION_IDN
LogInit:  CurlRequestOptions (configurable via config and command line):
LogInit:  - bVerifyPeer = false  - Libcurl will NOT verify peer certificate
LogInit:  - bUseHttpProxy = false  - Libcurl will NOT use HTTP proxy
LogInit:  - bDontReuseConnections = false  - Libcurl will reuse connections
LogInit:  - CertBundlePath = nullptr  - Libcurl will use whatever was configured at build time.
LogInit:  - MaxHostConnections = 16  - Libcurl will limit the number of connections to a host
LogInit:  - LocalHostAddr = Default
LogInit:  - BufferSize = 65536
LogInit: WinSock: version 1.1 (2.2), MaxSocks=32767, MaxUdp=65467
LogInit: Build: ++UE4+Release-4.20-CL-4369336
LogInit: Engine Version: 4.20.3-4369336+++UE4+Release-4.20
LogInit: Compatible Engine Version: 4.20.0-4212847+++UE4+Release-4.20
LogInit: Net CL: 4212847
LogInit: OS: Windows 10 (), CPU: Intel(R) Core(TM) i7-8750H CPU @ 2.20GHz, GPU: Intel(R) UHD Graphics 630
LogInit: Compiled (64-bit): Sep 17 2018 12:26:19
LogInit: Compiled with Visual C++: 19.13.26129.00
LogInit: Build Configuration: Development
LogInit: Branch Name: ++UE4+Release-4.20
LogInit: Command Line: 
LogInit: Base Directory: C:/Program Files/Epic Games/UE_4.20/Engine/Binaries/Win64/
LogInit: Installed Engine Build: 1
LogDevObjectVersion: Number of dev versions registered: 20
LogDevObjectVersion:   Dev-Blueprints (B0D832E4-1F89-4F0D-ACCF-7EB736FD4AA2): 10
LogDevObjectVersion:   Dev-Build (E1C64328-A22C-4D53-A36C-8E866417BD8C): 0
LogDevObjectVersion:   Dev-Core (375EC13C-06E4-48FB-B500-84F0262A717E): 2
LogDevObjectVersion:   Dev-Editor (E4B068ED-F494-42E9-A231-DA0B2E46BB41): 24
LogDevObjectVersion:   Dev-Framework (CFFC743F-43B0-4480-9391-14DF171D2073): 34
LogDevObjectVersion:   Dev-Mobile (B02B49B5-BB20-44E9-A304-32B752E40360): 2
LogDevObjectVersion:   Dev-Networking (A4E4105C-59A1-49B5-A7C5-40C4547EDFEE): 0
LogDevObjectVersion:   Dev-Online (39C831C9-5AE6-47DC-9A44-9C173E1C8E7C): 0
LogDevObjectVersion:   Dev-Physics (78F01B33-EBEA-4F98-B9B4-84EACCB95AA2): 0
LogDevObjectVersion:   Dev-Platform (6631380F-2D4D-43E0-8009-CF276956A95A): 0
LogDevObjectVersion:   Dev-Rendering (12F88B9F-8875-4AFC-A67C-D90C383ABD29): 26
LogDevObjectVersion:   Dev-Sequencer (7B5AE74C-D270-4C10-A958-57980B212A5A): 9
LogDevObjectVersion:   Dev-VR (D7296918-1DD6-4BDD-9DE2-64A83CC13884): 2
LogDevObjectVersion:   Dev-LoadTimes (C2A15278-BFE7-4AFE-6C17-90FF531DF755): 1
LogDevObjectVersion:   Private-Geometry (6EACA3D4-40EC-4CC1-B786-8BED09428FC5): 3
LogDevObjectVersion:   Dev-AnimPhys (29E575DD-E0A3-4627-9D10-D276232CDCEA): 17
LogDevObjectVersion:   Dev-ReflectionCapture (6B266CEC-1EC7-4B8F-A30B-E4D90942FC07): 1
LogDevObjectVersion:   Dev-Automation (0DF73D61-A23F-47EA-B727-89E90C41499A): 1
LogDevObjectVersion:   FortniteMain (601D1886-AC64-4F84-AA16-D3DE0DEAC7D6): 12
LogDevObjectVersion:   Dev-Enterprise (9DFFBCD6-494F-0158-E221-12823C92A888): 1
LogStreaming: Display: Took  0.001s to delete old logs.
LogInit: Presizing for max 8388607 objects, including 0 objects not considered by GC, pre-allocating 0 bytes for permanent pool.
LogInit: Object subsystem initialized
[2020.01.17-16.13.09:976][  0]LogInit: Selected Device Profile: [Windows]
[2020.01.17-16.13.09:977][  0]LogInit: Applying CVar settings loaded from the selected device profile: [Windows]
[2020.01.17-16.13.09:984][  0]LogHAL: Display: Platform has ~ 16 GB [17015590912 / 17179869184 / 16], which maps to Larger [LargestMinGB=32, LargerMinGB=12, DefaultMinGB=8, SmallerMinGB=6, SmallestMinGB=0)
[2020.01.17-16.13.09:984][  0]LogInit: Setting Device Profile CVar: [[r.Vulkan.UseRealUBs:1]]
[2020.01.17-16.13.09:984][  0]LogInit: Going up to parent DeviceProfile []
[2020.01.17-16.13.09:984][  0]LogInit: Computer: DESKTOP-UNUEO59
[2020.01.17-16.13.09:984][  0]LogInit: User: torra
[2020.01.17-16.13.09:984][  0]LogInit: CPU Page size=4096, Cores=6
[2020.01.17-16.13.09:984][  0]LogInit: High frequency timer resolution =10.000000 MHz
[2020.01.17-16.13.09:985][  0]LogMemory: Memory total: Physical=15.8GB (16GB approx)
[2020.01.17-16.13.09:985][  0]LogMemory: Platform Memory Stats for Windows
[2020.01.17-16.13.09:985][  0]LogMemory: Process Physical Memory: 101.48 MB used, 101.48 MB peak
[2020.01.17-16.13.09:985][  0]LogMemory: Process Virtual Memory: 85.79 MB used, 85.79 MB peak
[2020.01.17-16.13.09:985][  0]LogMemory: Physical Memory: 7317.89 MB used,  8909.44 MB free, 16227.33 MB total
[2020.01.17-16.13.09:985][  0]LogMemory: Virtual Memory: 4640.64 MB used,  8909.44 MB free, 134217728.00 MB total
[2020.01.17-16.13.10:003][  0]LogInit: Using OS detected language (pl-PL).
[2020.01.17-16.13.10:003][  0]LogInit: Using OS detected locale (pl-PL).
[2020.01.17-16.13.10:004][  0]LogTextLocalizationManager: No specific localization for 'pl-PL' exists, so the 'pl' localization will be used.
[2020.01.17-16.13.10:006][  0]LogStreaming: Display: Took  0.003s to InitEngineTextLocalization.
[2020.01.17-16.13.10:038][  0]LogSlate: New Slate User Created.  User Index 0, Is Virtual User: 0
[2020.01.17-16.13.10:038][  0]LogSlate: Slate User Registered.  User Index 0, Is Virtual User: 0
[2020.01.17-16.13.10:245][  0]LogHMD: Failed to initialize OpenVR with code 110
[2020.01.17-16.13.10:245][  0]LogD3D11RHI: D3D11 adapters:
[2020.01.17-16.13.10:327][  0]LogD3D11RHI:    0. 'NVIDIA GeForce GTX 1650' (Feature Level 11_0)
[2020.01.17-16.13.10:327][  0]LogD3D11RHI:       3962/0/8113 MB DedicatedVideo/DedicatedSystem/SharedSystem, Outputs:1, VendorId:0x10de
[2020.01.17-16.13.10:340][  0]LogD3D11RHI:    1. 'Intel(R) UHD Graphics 630' (Feature Level 11_0)
[2020.01.17-16.13.10:340][  0]LogD3D11RHI:       128/0/8113 MB DedicatedVideo/DedicatedSystem/SharedSystem, Outputs:0, VendorId:0x8086
[2020.01.17-16.13.10:342][  0]LogD3D11RHI:    2. 'Microsoft Basic Render Driver' (Feature Level 11_0)
[2020.01.17-16.13.10:342][  0]LogD3D11RHI:       0/0/8113 MB DedicatedVideo/DedicatedSystem/SharedSystem, Outputs:0, VendorId:0x1414
[2020.01.17-16.13.10:342][  0]LogD3D11RHI: Chosen D3D11 Adapter: 0
[2020.01.17-16.13.10:366][  0]LogD3D11RHI: Creating new Direct3DDevice
[2020.01.17-16.13.10:366][  0]LogD3D11RHI:     GPU DeviceId: 0x1f91 (for the marketing name, search the web for "GPU Device Id")
[2020.01.17-16.13.10:366][  0]LogWindows: EnumDisplayDevices:
[2020.01.17-16.13.10:367][  0]LogWindows:    0. 'Intel(R) UHD Graphics 630' (P:1 D:1)
[2020.01.17-16.13.10:367][  0]LogWindows:    1. 'Intel(R) UHD Graphics 630' (P:0 D:0)
[2020.01.17-16.13.10:367][  0]LogWindows:    2. 'Intel(R) UHD Graphics 630' (P:0 D:0)
[2020.01.17-16.13.10:367][  0]LogWindows: DebugString: PrimaryIsNotTheChoosenAdapter PrimaryIsNotTheChoosenAdapter PrimaryIsNotTheChoosenAdapter FoundDriverCount:0 
[2020.01.17-16.13.10:367][  0]LogD3D11RHI:     Adapter Name: NVIDIA GeForce GTX 1650
[2020.01.17-16.13.10:367][  0]LogD3D11RHI:   Driver Version: Unknown (internal:Unknown, unified:Unknown)
[2020.01.17-16.13.10:367][  0]LogD3D11RHI:      Driver Date: Unknown
[2020.01.17-16.13.10:367][  0]LogRHI: Texture pool is 2773 MB (70% of 3962 MB)
[2020.01.17-16.13.10:406][  0]LogD3D11RHI: Async texture creation enabled
[2020.01.17-16.13.10:421][  0]LogD3D11RHI: GPU Timing Frequency: 1000.000000 (Debug: 2 1)
[2020.01.17-16.13.10:422][  0]LogShaderCompilers: Guid format shader working directory is -23 characters bigger than the processId version (../../../../../../Users/torra/Documents/Unreal Projects/ProjektAdamK/Intermediate/Shaders/WorkingDirectory/14148/).
[2020.01.17-16.13.10:422][  0]LogShaderCompilers: Cleaned the shader compiler working directory 'C:/Users/torra/AppData/Local/Temp/UnrealShaderWorkingDir/8946682345493FEECE718D8BC0EE7AC5/'.
[2020.01.17-16.13.10:682][  0]LogTemp: Display: Loaded TP AllDesktopTargetPlatform
[2020.01.17-16.13.10:695][  0]LogTemp: Display: Loaded TP MacClientTargetPlatform
[2020.01.17-16.13.10:707][  0]LogTemp: Display: Loaded TP MacNoEditorTargetPlatform
[2020.01.17-16.13.10:719][  0]LogTemp: Display: Loaded TP MacServerTargetPlatform
[2020.01.17-16.13.10:732][  0]LogTemp: Display: Loaded TP MacTargetPlatform
[2020.01.17-16.13.10:744][  0]LogTemp: Display: Loaded TP WindowsClientTargetPlatform
[2020.01.17-16.13.10:756][  0]LogTemp: Display: Loaded TP WindowsNoEditorTargetPlatform
[2020.01.17-16.13.10:769][  0]LogTemp: Display: Loaded TP WindowsServerTargetPlatform
[2020.01.17-16.13.10:775][  0]LogTemp: Display: Loaded TP WindowsTargetPlatform
[2020.01.17-16.13.10:847][  0]LogTemp: Display: Loaded TP AndroidTargetPlatform
[2020.01.17-16.13.10:847][  0]LogTemp: Display: Loaded TP AndroidTargetPlatform
[2020.01.17-16.13.10:847][  0]LogTemp: Display: Loaded TP AndroidTargetPlatform
[2020.01.17-16.13.10:847][  0]LogTemp: Display: Loaded TP AndroidTargetPlatform
[2020.01.17-16.13.10:847][  0]LogTemp: Display: Loaded TP AndroidTargetPlatform
[2020.01.17-16.13.10:847][  0]LogTemp: Display: Loaded TP AndroidTargetPlatform
[2020.01.17-16.13.10:847][  0]LogTemp: Display: Loaded TP AndroidTargetPlatform
[2020.01.17-16.13.10:847][  0]LogTemp: Display: Loaded TP AndroidTargetPlatform
[2020.01.17-16.13.10:847][  0]LogTemp: Display: Loaded TP AndroidTargetPlatform
[2020.01.17-16.13.10:847][  0]LogTemp: Display: Loaded TP AndroidTargetPlatform
[2020.01.17-16.13.10:847][  0]LogTemp: Display: Loaded TP AndroidTargetPlatform
[2020.01.17-16.13.10:847][  0]LogTemp: Display: Loaded TP AndroidTargetPlatform
[2020.01.17-16.13.10:847][  0]LogTemp: Display: Loaded TP AndroidTargetPlatform
[2020.01.17-16.13.10:848][  0]LogTemp: Display: Loaded TP AndroidTargetPlatform
[2020.01.17-16.13.10:848][  0]LogTemp: Display: Loaded TP AndroidTargetPlatform
[2020.01.17-16.13.10:848][  0]LogTemp: Display: Loaded TP AndroidTargetPlatform
[2020.01.17-16.13.10:848][  0]LogTemp: Display: Loaded TP AndroidTargetPlatform
[2020.01.17-16.13.10:848][  0]LogTemp: Display: Loaded TP AndroidTargetPlatform
[2020.01.17-16.13.10:849][  0]LogTemp: Display: Loaded TP HTML5TargetPlatform
[2020.01.17-16.13.10:906][  0]LogTemp: Display: Loaded TP IOSTargetPlatform
[2020.01.17-16.13.10:906][  0]LogTemp: Display: Loaded TP IOSTargetPlatform
[2020.01.17-16.13.10:926][  0]LogTemp: Display: Loaded TP TVOSTargetPlatform
[2020.01.17-16.13.10:926][  0]LogTemp: Display: Loaded TP TVOSTargetPlatform
[2020.01.17-16.13.10:937][  0]LogTemp: Display: Loaded TP LinuxClientTargetPlatform
[2020.01.17-16.13.10:947][  0]LogTemp: Display: Loaded TP LinuxNoEditorTargetPlatform
[2020.01.17-16.13.10:957][  0]LogTemp: Display: Loaded TP LinuxServerTargetPlatform
[2020.01.17-16.13.10:968][  0]LogTemp: Display: Loaded TP LinuxTargetPlatform
[2020.01.17-16.13.10:977][  0]LogTemp: Display: Loaded TP LuminTargetPlatform
[2020.01.17-16.13.10:977][  0]LogTargetPlatformManager: Display: Building Assets For Windows
[2020.01.17-16.13.11:034][  0]LogXGEController: Cannot use XGE Controller as Incredibuild is not installed on this machine.
[2020.01.17-16.13.11:034][  0]LogShaderCompilers: Cannot use XGE Shader Compiler as Incredibuild is not installed on this machine.
[2020.01.17-16.13.11:034][  0]LogShaderCompilers: Display: Using Local Shader Compiler.
[2020.01.17-16.13.11:709][  0]LogDerivedDataCache: Display: Max Cache Size: 512 MB
[2020.01.17-16.13.11:757][  0]LogDerivedDataCache: Loaded boot cache 0.05s 71MB C:/Users/torra/AppData/Local/UnrealEngine/4.20/DerivedDataCache/Boot.ddc.
[2020.01.17-16.13.11:757][  0]LogDerivedDataCache: Display: Loaded Boot cache: C:/Users/torra/AppData/Local/UnrealEngine/4.20/DerivedDataCache/Boot.ddc
[2020.01.17-16.13.11:757][  0]LogDerivedDataCache: FDerivedDataBackendGraph:  Pak pak cache file ../../../../../../Users/torra/Documents/Unreal Projects/ProjektAdamK/DerivedDataCache/DDC.ddp not found, will not use a pak cache.
[2020.01.17-16.13.11:757][  0]LogDerivedDataCache: Unable to find inner node Pak for hierarchical cache Hierarchy.
[2020.01.17-16.13.11:757][  0]LogDerivedDataCache: FDerivedDataBackendGraph:  CompressedPak pak cache file ../../../../../../Users/torra/Documents/Unreal Projects/ProjektAdamK/DerivedDataCache/Compressed.ddp not found, will not use a pak cache.
[2020.01.17-16.13.11:757][  0]LogDerivedDataCache: Unable to find inner node CompressedPak for hierarchical cache Hierarchy.
[2020.01.17-16.13.11:770][  0]LogDerivedDataCache: Display: Pak cache opened for reading ../../../Engine/DerivedDataCache/Compressed.ddp.
[2020.01.17-16.13.11:782][  0]LogDerivedDataCache: Using Local data cache path C:/Users/torra/AppData/Local/UnrealEngine/Common/DerivedDataCache: Writable
[2020.01.17-16.13.11:782][  0]LogDerivedDataCache: Shared data cache path not found in *engine.ini, will not use an Shared cache.
[2020.01.17-16.13.11:782][  0]LogDerivedDataCache: Unable to find inner node Shared for hierarchical cache Hierarchy.
[2020.01.17-16.13.11:797][  0]LogMaterial: Verifying Global Shaders for PCD3D_SM5
[2020.01.17-16.13.11:798][  0]LogSlate: Using FreeType 2.6.0
[2020.01.17-16.13.11:799][  0]LogSlate: SlateFontServices - WITH_FREETYPE: 1, WITH_HARFBUZZ: 1
[2020.01.17-16.13.11:872][  0]LogAssetRegistry: FAssetRegistry took 0.0257 seconds to start up
[2020.01.17-16.13.12:134][  0]LogInit: Selected Device Profile: [Windows]
[2020.01.17-16.13.12:181][  0]LogSimplygon: Simplygon DLL not present - disabling.
[2020.01.17-16.13.12:184][  0]LogMeshReduction: Using SimplygonSwarm for distributed automatic mesh merging
[2020.01.17-16.13.12:184][  0]LogMeshReduction: Using ProxyLODMeshReduction for automatic mesh merging
[2020.01.17-16.13.12:184][  0]LogMeshReduction: Using QuadricMeshReduction for automatic static mesh reduction
[2020.01.17-16.13.12:184][  0]LogMeshReduction: No automatic skeletal mesh reduction module available
[2020.01.17-16.13.12:262][  0]LogNetVersion: ProjektAdamK 1.0.0, NetCL: 4212847, EngineNetVer: 5, GameNetVer: 0 (Checksum: 1935249037)
[2020.01.17-16.13.12:679][  0]LogPackageLocalizationCache: Processed 11 localized package path(s) for 2 prioritized culture(s) in 0.073139 seconds
[2020.01.17-16.13.12:684][  0]LogUObjectArray: 38425 objects as part of root set at end of initial load.
[2020.01.17-16.13.12:684][  0]LogUObjectAllocator: 6690872 out of 0 bytes used by permanent object pool.
[2020.01.17-16.13.12:684][  0]LogUObjectArray: CloseDisregardForGC: 0/0 objects in disregard for GC pool
[2020.01.17-16.13.13:484][  0]LogTcpMessaging: Initializing TcpMessaging bridge
[2020.01.17-16.13.13:497][  0]LogUdpMessaging: Initializing bridge on interface 0.0.0.0:0 to multicast group 230.0.0.1:6666.
[2020.01.17-16.13.13:498][  0]FUdpSocketBuilder: Failed to subscribe UdpMessageMulticastSocket to multicast group 230.0.0.1
[2020.01.17-16.13.13:498][  0]FUdpSocketBuilder: Failed to create and initialize socket UdpMessageMulticastSocket (last error: 0)
[2020.01.17-16.13.13:498][  0]LogUdpMessaging: Warning: StartTransport failed to create multicast socket on 0.0.0.0:0, joined to 230.0.0.1:6666 with TTL 1
[2020.01.17-16.13.13:618][  0]SourceControl: Source control is disabled
[2020.01.17-16.13.13:618][  0]SourceControl: Source control is disabled
[2020.01.17-16.13.13:619][  0]SourceControl: Source control is disabled
[2020.01.17-16.13.13:620][  0]SourceControl: Source control is disabled
[2020.01.17-16.13.13:771][  0]LogAndroidPermission: UAndroidPermissionCallbackProxy::GetInstance
[2020.01.17-16.13.13:846][  0]LogOcInput: OculusInput pre-init called
[2020.01.17-16.13.13:901][  0]LogEngine: Initializing Engine...
[2020.01.17-16.13.13:901][  0]LogHMD: Failed to initialize OpenVR with code 110
[2020.01.17-16.13.13:902][  0]LogStats: UGameplayTagsManager::ConstructGameplayTagTree: ImportINI prefixes -  0.000 s
[2020.01.17-16.13.13:902][  0]LogStats: UGameplayTagsManager::ConstructGameplayTagTree: Construct from data asset -  0.000 s
[2020.01.17-16.13.13:903][  0]LogStats: UGameplayTagsManager::ConstructGameplayTagTree: ImportINI -  0.000 s
[2020.01.17-16.13.13:903][  0]LogStats: UGameplayTagsManager::ConstructGameplayTagTree: GameplayTagTreeChangedEvent.Broadcast -  0.000 s
[2020.01.17-16.13.14:073][  0]LogInit: Initializing FReadOnlyCVARCache
[2020.01.17-16.13.14:085][  0]LogAIModule: Creating AISystem for world Untitled
[2020.01.17-16.13.14:109][  0]LogInit: XAudio2 using 'Głośniki (Realtek(R) Audio)' : 2 channels at 48 kHz using 32 bits per sample (channel mask 0x3)
[2020.01.17-16.13.14:221][  0]LogInit: FAudioDevice initialized.
[2020.01.17-16.13.14:221][  0]LogNetVersion: Set ProjectVersion to 1.0.0.0. Version Checksum will be recalculated on next use.
[2020.01.17-16.13.14:329][  0]LogDerivedDataCache: Saved boot cache 0.11s 71MB C:/Users/torra/AppData/Local/UnrealEngine/4.20/DerivedDataCache/Boot.ddc.
[2020.01.17-16.13.14:335][  0]LogInit: Texture streaming: Enabled
[2020.01.17-16.13.14:354][  0]LogEngineSessionManager: EngineSessionManager initialized
[2020.01.17-16.13.14:354][  0]LogEngineSessionManager: EngineSessionManager sent abnormal shutdown report. Type=Crashed, SessionId={A2BDED76-4175-EFDC-65BC-82BDB10A0C0F}
[2020.01.17-16.13.14:365][  0]LogInit: Transaction tracking system initialized
[2020.01.17-16.13.14:388][  0]BlueprintLog: New page: Editor Load
[2020.01.17-16.13.14:460][  0]LocalizationService: Localization service is disabled
[2020.01.17-16.13.14:687][  0]LogCook: Display: Max memory allowance for cook 16384mb min free memory 0mb
[2020.01.17-16.13.14:687][  0]LogCook: Display: Mobile HDR setting 1
[2020.01.17-16.13.14:687][  0]LogGameplayTags: Display: UGameplayTagsManager::DoneAddingNativeTags. DelegateIsBound: 0
[2020.01.17-16.13.14:687][  0]LogStats: UGameplayTagsManager::ConstructGameplayTagTree: ImportINI prefixes -  0.000 s
[2020.01.17-16.13.14:687][  0]LogStats: UGameplayTagsManager::ConstructGameplayTagTree: Construct from data asset -  0.000 s
[2020.01.17-16.13.14:687][  0]LogStats: UGameplayTagsManager::ConstructGameplayTagTree: ImportINI -  0.000 s
[2020.01.17-16.13.14:687][  0]LogStats: UGameplayTagsManager::ConstructGameplayTagTree: GameplayTagTreeChangedEvent.Broadcast -  0.000 s
[2020.01.17-16.13.14:787][  0]LogFileCache: Scanning file cache for directory 'C:/Users/torra/Documents/Unreal Projects/ProjektAdamK/Content/' took 0.01s
[2020.01.17-16.13.14:794][  0]SourceControl: Source control is disabled
[2020.01.17-16.13.14:794][  0]Cmd: MAP LOAD FILE="../../../../../../Users/torra/Documents/Unreal Projects/ProjektAdamK/Content/StarterContent/Maps/Minimal_Default.umap" TEMPLATE=0 SHOWPROGRESS=1 FEATURELEVEL=3
[2020.01.17-16.13.14:794][  0]LightingResults: New page: Lighting Build
[2020.01.17-16.13.14:797][  0]MapCheck: New page: Map Check
[2020.01.17-16.13.14:797][  0]LightingResults: New page: Lighting Build
[2020.01.17-16.13.15:077][  0]LogAIModule: Creating AISystem for world Minimal_Default
[2020.01.17-16.13.15:084][  0]LogEditorServer: Finished looking for orphan Actors (0.000 secs)
[2020.01.17-16.13.15:106][  0]Cmd: MAP CHECKDEP NOCLEARLOG
[2020.01.17-16.13.15:174][  0]MapCheck: Map check complete: 0 Error(s), 0 Warning(s), took 68,228ms to complete.
[2020.01.17-16.13.15:174][  0]LogFileHelpers: Loading map 'Minimal_Default' took 0.380
[2020.01.17-16.13.15:254][  0]LogSlate: Updating window title bar state: overlay mode, drag disabled, window buttons hidden, title bar hidden
[2020.01.17-16.13.15:260][  0]LogSlate: Updating window title bar state: overlay mode, drag disabled, window buttons hidden, title bar hidden
[2020.01.17-16.13.15:266][  0]LogSlate: Updating window title bar state: overlay mode, drag disabled, window buttons hidden, title bar hidden
[2020.01.17-16.13.15:272][  0]LogSlate: Updating window title bar state: overlay mode, drag disabled, window buttons hidden, title bar hidden
[2020.01.17-16.13.15:279][  0]LogCollectionManager: Loaded 0 collections in 0.001957 seconds
[2020.01.17-16.13.15:319][  0]LogFileCache: Scanning file cache for directory 'C:/Users/torra/Documents/Unreal Projects/ProjektAdamK/Saved/Collections/' took 0.01s
[2020.01.17-16.13.15:319][  0]LogFileCache: Scanning file cache for directory 'C:/Users/torra/Documents/Unreal Projects/ProjektAdamK/Content/Developers/torra/Collections/' took 0.01s
[2020.01.17-16.13.15:319][  0]LogFileCache: Scanning file cache for directory 'C:/Users/torra/Documents/Unreal Projects/ProjektAdamK/Content/Collections/' took 0.01s
[2020.01.17-16.13.15:319][  0]LogCollectionManager: Rebuilt the GUID cache for 0 collections in 0.000000 seconds
[2020.01.17-16.13.15:327][  0]LogContentBrowser: Native class hierarchy populated in 0.0076 seconds. Added 2572 classes and 603 folders.
[2020.01.17-16.13.15:333][  0]LogContentBrowser: Native class hierarchy updated for 'WidgetCarousel' in 0.0002 seconds. Added 0 classes and 0 folders.
[2020.01.17-16.13.15:389][  0]LogContentBrowser: Native class hierarchy updated for 'AddContentDialog' in 0.0002 seconds. Added 0 classes and 0 folders.
[2020.01.17-16.13.15:394][  0]LogContentBrowser: Native class hierarchy updated for 'SceneOutliner' in 0.0002 seconds. Added 1 classes and 2 folders.
[2020.01.17-16.13.15:406][  0]LogSlate: Took 0.000274 seconds to synchronously load lazily loaded font '../../../Engine/Content/Slate/Fonts/Roboto-Regular.ttf' (155K)
[2020.01.17-16.13.15:409][  0]LogSlate: Took 0.000225 seconds to synchronously load lazily loaded font '../../../Engine/Content/Slate/Fonts/Roboto-Bold.ttf' (160K)
[2020.01.17-16.13.15:414][  0]LogSlate: Took 0.000204 seconds to synchronously load lazily loaded font '../../../Engine/Content/Editor/Slate/Fonts/FontAwesome.ttf' (139K)
[2020.01.17-16.13.15:478][  0]LogRenderer: Reallocating scene render targets to support 964x488 Format 10 NumSamples 1 (Frame:1).
[2020.01.17-16.13.15:600][  0]LogContentBrowser: Native class hierarchy updated for 'HierarchicalLODOutliner' in 0.0002 seconds. Added 0 classes and 0 folders.
[2020.01.17-16.13.15:600][  0]LogLoad: (Engine Initialization) Total time: 7.76 seconds
[2020.01.17-16.13.15:600][  0]LogLoad: (Engine Initialization) Total Blueprint compile time: 0.00 seconds
[2020.01.17-16.13.15:633][  0]LogContentStreaming: Texture pool size now 1000 MB
[2020.01.17-16.13.15:641][  0]LogSlate: Took 0.000218 seconds to synchronously load lazily loaded font '../../../Engine/Content/Slate/Fonts/Roboto-Light.ttf' (167K)
[2020.01.17-16.13.15:651][  1]LogAssetRegistry: Asset discovery search completed in 3.8019 seconds
[2020.01.17-16.13.15:652][  1]LogCollectionManager: Rebuilt the object cache for 0 collections in 0.000000 seconds (found 0 objects)
[2020.01.17-16.13.15:652][  1]LogCollectionManager: Fixed up redirectors for 0 collections in 0.000040 seconds (updated 0 objects)
[2020.01.17-16.13.18:699][337]LogSlate: FSceneViewport::OnFocusLost() reason 2
[2020.01.17-16.13.20:422][542]LogSlate: FSceneViewport::OnFocusLost() reason 2
[2020.01.17-16.13.22:363][542]LogSlate: Window 'New Level' being destroyed
[2020.01.17-16.13.22:368][542]Cmd: MAP LOAD FILE="../../../Engine/Content/Maps/Templates/Template_Default.umap" TEMPLATE=1 SHOWPROGRESS=1 FEATURELEVEL=3
[2020.01.17-16.13.22:372][542]LogSlate: Took 0.000179 seconds to synchronously load lazily loaded font '../../../Engine/Content/Slate/Fonts/Roboto-Light.ttf' (167K)
[2020.01.17-16.13.22:374][542]LogSlate: FSceneViewport::OnFocusLost() reason 2
[2020.01.17-16.13.22:389][542]LightingResults: New page: Lighting Build
[2020.01.17-16.13.22:389][542]LoadErrors: New page: Loading map: Template_Default.umap
[2020.01.17-16.13.22:392][542]MapCheck: New page: Map Check
[2020.01.17-16.13.22:392][542]LightingResults: New page: Lighting Build
[2020.01.17-16.13.22:438][542]LogAIModule: Creating AISystem for world Untitled_1
[2020.01.17-16.13.22:448][542]LogEditorServer: Finished looking for orphan Actors (0.000 secs)
[2020.01.17-16.13.22:476][542]Cmd: MAP CHECKDEP NOCLEARLOG
[2020.01.17-16.13.22:547][542]MapCheck: Map check complete: 0 Error(s), 0 Warning(s), took 70,34ms to complete.
[2020.01.17-16.13.22:547][542]LogFileHelpers: Loading map 'Template_Default' took 0.180
[2020.01.17-16.13.24:933][810]LogSlate: FSceneViewport::OnFocusLost() reason 2
[2020.01.17-16.13.27:619][126]LogSlate: FSceneViewport::OnFocusLost() reason 2
[2020.01.17-16.13.27:623][126]LogAssetEditorManager: Opening Asset editor for LevelScriptBlueprint /Temp/Untitled_1.Untitled_1:PersistentLevel.Untitled
[2020.01.17-16.13.28:016][126]LogContentBrowser: Native class hierarchy updated for 'BlueprintGraph' in 0.0005 seconds. Added 116 classes and 0 folders.
[2020.01.17-16.13.28:598][126]LogSlate: Took 0.000201 seconds to synchronously load lazily loaded font '../../../Engine/Content/Slate/Fonts/Roboto-BoldCondensed.ttf' (158K)
[2020.01.17-16.14.15:621][750]LogHttp: Warning: 000001516840CE00: request failed, libcurl error: 6 (Couldn't resolve host name)
[2020.01.17-16.14.15:621][750]LogHttp: Warning: 000001516840CE00: libcurl info message cache 0 (Could not resolve host: datarouter.ol.epicgames.com)
[2020.01.17-16.14.15:621][750]LogHttp: Warning: 000001516840CE00: libcurl info message cache 1 (Closing connection 0)
[2020.01.17-16.16.15:631][ 89]LogHttp: Warning: 0000015168061BC0: request failed, libcurl error: 6 (Couldn't resolve host name)
[2020.01.17-16.16.15:631][ 89]LogHttp: Warning: 0000015168061BC0: libcurl info message cache 0 (Could not resolve host: datarouter.ol.epicgames.com)
[2020.01.17-16.16.15:631][ 89]LogHttp: Warning: 0000015168061BC0: libcurl info message cache 1 (Closing connection 1)
[2020.01.17-16.18.15:663][442]LogHttp: Warning: 000001516A223EC0: request failed, libcurl error: 6 (Couldn't resolve host name)
[2020.01.17-16.18.15:663][442]LogHttp: Warning: 000001516A223EC0: libcurl info message cache 0 (Could not resolve host: datarouter.ol.epicgames.com)
[2020.01.17-16.18.15:663][442]LogHttp: Warning: 000001516A223EC0: libcurl info message cache 1 (Closing connection 2)
[2020.01.17-16.18.27:438][841]LogTemp: Repeating last play command: Selected Viewport
[2020.01.17-16.18.27:451][841]LogBlueprintUserMessages: Early PlayInEditor Detection: Level '/Temp/Untitled_1.Untitled_1:PersistentLevel' has LevelScriptBlueprint '/Temp/Untitled_1.Untitled_1:PersistentLevel.Untitled' with GeneratedClass '/Temp/Untitled_1.Untitled_C' with ClassGeneratedBy '/Temp/Untitled_1.Untitled_1:PersistentLevel.Untitled'
[2020.01.17-16.18.27:451][841]BlueprintLog: New page: Pre-Play auto-recompile
[2020.01.17-16.18.27:452][841]LogPlayLevel: [PlayLevel] Compiling Untitled before play...
[2020.01.17-16.18.27:492][841]LogPlayLevel: PlayLevel: Blueprint regeneration took 40 ms (1 blueprints)
[2020.01.17-16.18.27:509][841]PIE: New page: PIE session: Untitled_1 (17 sty 2020, 18:18:27)
[2020.01.17-16.18.27:509][841]LogPlayLevel: Creating play world package: /Temp/UEDPIE_0_Untitled_1
[2020.01.17-16.18.27:513][841]LogPlayLevel: PIE: StaticDuplicateObject took: (0.004313s)
[2020.01.17-16.18.27:514][841]LogAIModule: Creating AISystem for world Untitled_1
[2020.01.17-16.18.27:514][841]LogPlayLevel: PIE: World Init took: (0.000708s)
[2020.01.17-16.18.27:514][841]LogPlayLevel: PIE: Created PIE world by copying editor world from /Temp/Untitled_1.Untitled_1 to /Temp/UEDPIE_0_Untitled_1.Untitled_1 (0.005145s)
[2020.01.17-16.18.27:554][841]LogInit: XAudio2 using 'Głośniki (Realtek(R) Audio)' : 2 channels at 48 kHz using 32 bits per sample (channel mask 0x3)
[2020.01.17-16.18.27:596][841]LogInit: FAudioDevice initialized.
[2020.01.17-16.18.27:646][841]LogLoad: Game class is 'GameModeBase'
[2020.01.17-16.18.27:648][841]LogWorld: Bringing World /Temp/UEDPIE_0_Untitled_1.Untitled_1 up for play (max tick rate 0) at 2020.01.17-17.18.27
[2020.01.17-16.18.27:649][841]LogWorld: Bringing up level for play took: 0.000563
[2020.01.17-16.18.27:678][841]LogContentBrowser: Native class hierarchy updated for 'MovieSceneCapture' in 0.0003 seconds. Added 10 classes and 0 folders.
[2020.01.17-16.18.27:682][841]PIE: Play in editor start time for /Temp/UEDPIE_0_Untitled_1 0,947
[2020.01.17-16.18.27:682][841]LogBlueprintUserMessages: Late PlayInEditor Detection: Level '/Temp/Untitled_1.Untitled_1:PersistentLevel' has LevelScriptBlueprint '/Temp/Untitled_1.Untitled_1:PersistentLevel.Untitled' with GeneratedClass '/Temp/Untitled_1.Untitled_C' with ClassGeneratedBy '/Temp/Untitled_1.Untitled_1:PersistentLevel.Untitled'
[2020.01.17-16.18.29:155][ 13]LogSlate: FSceneViewport::OnFocusLost() reason 0
[2020.01.17-16.18.32:500][414]LogBlueprintUserMessages: Early EndPlayMap Detection: Level '/Temp/Untitled_1.Untitled_1:PersistentLevel' has LevelScriptBlueprint '/Temp/Untitled_1.Untitled_1:PersistentLevel.Untitled' with GeneratedClass '/Temp/Untitled_1.Untitled_C' with ClassGeneratedBy '/Temp/Untitled_1.Untitled_1:PersistentLevel.Untitled'
[2020.01.17-16.18.32:501][414]LogSlate: Updating window title bar state: overlay mode, drag disabled, window buttons hidden, title bar hidden
[2020.01.17-16.18.32:533][414]LogPlayLevel: Display: Shutting down PIE online subsystems
[2020.01.17-16.18.32:533][414]LogBlueprintUserMessages: Late EndPlayMap Detection: Level '/Temp/Untitled_1.Untitled_1:PersistentLevel' has LevelScriptBlueprint '/Temp/Untitled_1.Untitled_1:PersistentLevel.Untitled' with GeneratedClass '/Temp/Untitled_1.Untitled_C' with ClassGeneratedBy '/Temp/Untitled_1.Untitled_1:PersistentLevel.Untitled'
[2020.01.17-16.18.32:558][414]LogSlate: Updating window title bar state: overlay mode, drag disabled, window buttons hidden, title bar hidden
[2020.01.17-16.18.32:602][418]LogPlayLevel: Display: Destroying online subsystem :Context_2
[2020.01.17-16.18.39:621][947]LogTemp: Repeating last play command: Selected Viewport
[2020.01.17-16.18.39:629][947]LogBlueprintUserMessages: Early PlayInEditor Detection: Level '/Temp/Untitled_1.Untitled_1:PersistentLevel' has LevelScriptBlueprint '/Temp/Untitled_1.Untitled_1:PersistentLevel.Untitled' with GeneratedClass '/Temp/Untitled_1.Untitled_C' with ClassGeneratedBy '/Temp/Untitled_1.Untitled_1:PersistentLevel.Untitled'
[2020.01.17-16.18.39:629][947]LogPlayLevel: PlayLevel: No blueprints needed recompiling
[2020.01.17-16.18.39:629][947]PIE: New page: PIE session: Untitled_1 (17 sty 2020, 18:18:39)
[2020.01.17-16.18.39:629][947]LogPlayLevel: Creating play world package: /Temp/UEDPIE_0_Untitled_1
[2020.01.17-16.18.39:631][947]LogPlayLevel: PIE: StaticDuplicateObject took: (0.001745s)
[2020.01.17-16.18.39:632][947]LogAIModule: Creating AISystem for world Untitled_1
[2020.01.17-16.18.39:632][947]LogPlayLevel: PIE: World Init took: (0.000697s)
[2020.01.17-16.18.39:632][947]LogPlayLevel: PIE: Created PIE world by copying editor world from /Temp/Untitled_1.Untitled_1 to /Temp/UEDPIE_0_Untitled_1.Untitled_1 (0.002541s)
[2020.01.17-16.18.39:672][947]LogInit: XAudio2 using 'Głośniki (Realtek(R) Audio)' : 2 channels at 48 kHz using 32 bits per sample (channel mask 0x3)
[2020.01.17-16.18.39:713][947]LogInit: FAudioDevice initialized.
[2020.01.17-16.18.39:746][947]LogLoad: Game class is 'GameModeBase'
[2020.01.17-16.18.39:747][947]LogWorld: Bringing World /Temp/UEDPIE_0_Untitled_1.Untitled_1 up for play (max tick rate 0) at 2020.01.17-17.18.39
[2020.01.17-16.18.39:748][947]LogWorld: Bringing up level for play took: 0.000780
[2020.01.17-16.18.39:760][947]PIE: Play in editor start time for /Temp/UEDPIE_0_Untitled_1 1,025
[2020.01.17-16.18.39:760][947]LogBlueprintUserMessages: Late PlayInEditor Detection: Level '/Temp/Untitled_1.Untitled_1:PersistentLevel' has LevelScriptBlueprint '/Temp/Untitled_1.Untitled_1:PersistentLevel.Untitled' with GeneratedClass '/Temp/Untitled_1.Untitled_C' with ClassGeneratedBy '/Temp/Untitled_1.Untitled_1:PersistentLevel.Untitled'
[2020.01.17-16.18.40:914][ 83]LogBlueprintUserMessages: [Untitled_C_0] Hello
[2020.01.17-16.18.41:694][177]LogBlueprintUserMessages: [Untitled_C_0] Hello
[2020.01.17-16.18.42:020][216]LogBlueprintUserMessages: [Untitled_C_0] Hello
[2020.01.17-16.18.42:186][236]LogBlueprintUserMessages: [Untitled_C_0] Hello
[2020.01.17-16.18.42:345][255]LogBlueprintUserMessages: [Untitled_C_0] Hello
[2020.01.17-16.18.42:511][275]LogBlueprintUserMessages: [Untitled_C_0] Hello
[2020.01.17-16.18.42:661][293]LogBlueprintUserMessages: [Untitled_C_0] Hello
[2020.01.17-16.18.42:819][312]LogBlueprintUserMessages: [Untitled_C_0] Hello
[2020.01.17-16.18.42:928][325]LogBlueprintUserMessages: [Untitled_C_0] Hello
[2020.01.17-16.18.45:060][580]LogSlate: FSceneViewport::OnFocusLost() reason 0
[2020.01.17-16.18.45:119][587]LogBlueprintUserMessages: Early EndPlayMap Detection: Level '/Temp/Untitled_1.Untitled_1:PersistentLevel' has LevelScriptBlueprint '/Temp/Untitled_1.Untitled_1:PersistentLevel.Untitled' with GeneratedClass '/Temp/Untitled_1.Untitled_C' with ClassGeneratedBy '/Temp/Untitled_1.Untitled_1:PersistentLevel.Untitled'
[2020.01.17-16.18.45:119][587]LogSlate: Updating window title bar state: overlay mode, drag disabled, window buttons hidden, title bar hidden
[2020.01.17-16.18.45:151][587]LogPlayLevel: Display: Shutting down PIE online subsystems
[2020.01.17-16.18.45:152][587]LogBlueprintUserMessages: Late EndPlayMap Detection: Level '/Temp/Untitled_1.Untitled_1:PersistentLevel' has LevelScriptBlueprint '/Temp/Untitled_1.Untitled_1:PersistentLevel.Untitled' with GeneratedClass '/Temp/Untitled_1.Untitled_C' with ClassGeneratedBy '/Temp/Untitled_1.Untitled_1:PersistentLevel.Untitled'
[2020.01.17-16.18.45:178][587]LogSlate: Updating window title bar state: overlay mode, drag disabled, window buttons hidden, title bar hidden
[2020.01.17-16.18.45:222][591]LogPlayLevel: Display: Destroying online subsystem :Context_3
[2020.01.17-16.20.15:684][281]LogHttp: Warning: 0000015138EA5580: request failed, libcurl error: 6 (Couldn't resolve host name)
[2020.01.17-16.20.15:684][281]LogHttp: Warning: 0000015138EA5580: libcurl info message cache 0 (Could not resolve host: datarouter.ol.epicgames.com)
[2020.01.17-16.20.15:684][281]LogHttp: Warning: 0000015138EA5580: libcurl info message cache 1 (Closing connection 3)
[2020.01.17-16.20.43:805][517]LogTemp: Repeating last play command: Selected Viewport
[2020.01.17-16.20.43:813][517]LogBlueprintUserMessages: Early PlayInEditor Detection: Level '/Temp/Untitled_1.Untitled_1:PersistentLevel' has LevelScriptBlueprint '/Temp/Untitled_1.Untitled_1:PersistentLevel.Untitled' with GeneratedClass '/Temp/Untitled_1.Untitled_C' with ClassGeneratedBy '/Temp/Untitled_1.Untitled_1:PersistentLevel.Untitled'
[2020.01.17-16.20.43:813][517]BlueprintLog: New page: Pre-Play auto-recompile
[2020.01.17-16.20.43:814][517]LogPlayLevel: [PlayLevel] Compiling Untitled before play...
[2020.01.17-16.20.43:929][517]LogPlayLevel: PlayLevel: Blueprint regeneration took 115 ms (1 blueprints)
[2020.01.17-16.20.43:929][517]PIE: New page: PIE session: Untitled_1 (17 sty 2020, 18:20:43)
[2020.01.17-16.20.43:929][517]LogPlayLevel: Creating play world package: /Temp/UEDPIE_0_Untitled_1
[2020.01.17-16.20.43:931][517]LogPlayLevel: PIE: StaticDuplicateObject took: (0.001890s)
[2020.01.17-16.20.43:932][517]LogAIModule: Creating AISystem for world Untitled_1
[2020.01.17-16.20.43:932][517]LogPlayLevel: PIE: World Init took: (0.000627s)
[2020.01.17-16.20.43:932][517]LogPlayLevel: PIE: Created PIE world by copying editor world from /Temp/Untitled_1.Untitled_1 to /Temp/UEDPIE_0_Untitled_1.Untitled_1 (0.002619s)
[2020.01.17-16.20.43:971][517]LogInit: XAudio2 using 'Głośniki (Realtek(R) Audio)' : 2 channels at 48 kHz using 32 bits per sample (channel mask 0x3)
[2020.01.17-16.20.44:012][517]LogInit: FAudioDevice initialized.
[2020.01.17-16.20.44:046][517]LogLoad: Game class is 'GameModeBase'
[2020.01.17-16.20.44:047][517]LogWorld: Bringing World /Temp/UEDPIE_0_Untitled_1.Untitled_1 up for play (max tick rate 0) at 2020.01.17-17.20.44
[2020.01.17-16.20.44:047][517]LogWorld: Bringing up level for play took: 0.000578
[2020.01.17-16.20.44:060][517]PIE: Play in editor start time for /Temp/UEDPIE_0_Untitled_1 -0,674
[2020.01.17-16.20.44:060][517]LogBlueprintUserMessages: Late PlayInEditor Detection: Level '/Temp/Untitled_1.Untitled_1:PersistentLevel' has LevelScriptBlueprint '/Temp/Untitled_1.Untitled_1:PersistentLevel.Untitled' with GeneratedClass '/Temp/Untitled_1.Untitled_C' with ClassGeneratedBy '/Temp/Untitled_1.Untitled_1:PersistentLevel.Untitled'
[2020.01.17-16.20.45:361][671]LogBlueprintUserMessages: [Untitled_C_1] Hello
[2020.01.17-16.20.46:854][850]LogBlueprintUserMessages: [Untitled_C_1] Hello
[2020.01.17-16.20.47:153][886]LogBlueprintUserMessages: [Untitled_C_1] Hello
[2020.01.17-16.20.47:320][906]LogBlueprintUserMessages: [Untitled_C_1] Hello
[2020.01.17-16.20.47:487][926]LogBlueprintUserMessages: [Untitled_C_1] Hello
[2020.01.17-16.20.47:636][944]LogBlueprintUserMessages: [Untitled_C_1] Hello
[2020.01.17-16.20.47:829][967]LogBlueprintUserMessages: [Untitled_C_1] Hello
[2020.01.17-16.20.48:012][989]LogBlueprintUserMessages: [Untitled_C_1] Hello
[2020.01.17-16.20.48:170][  8]LogBlueprintUserMessages: [Untitled_C_1] Hello
[2020.01.17-16.20.48:979][105]LogBlueprintUserMessages: [Untitled_C_1] Hello
[2020.01.17-16.20.49:145][125]LogBlueprintUserMessages: [Untitled_C_1] Hello
[2020.01.17-16.20.49:295][143]LogBlueprintUserMessages: [Untitled_C_1] Hello
[2020.01.17-16.20.53:729][558]LogSlate: FSceneViewport::OnFocusLost() reason 0
[2020.01.17-16.20.55:038][713]LogBlueprintUserMessages: Early EndPlayMap Detection: Level '/Temp/Untitled_1.Untitled_1:PersistentLevel' has LevelScriptBlueprint '/Temp/Untitled_1.Untitled_1:PersistentLevel.Untitled' with GeneratedClass '/Temp/Untitled_1.Untitled_C' with ClassGeneratedBy '/Temp/Untitled_1.Untitled_1:PersistentLevel.Untitled'
[2020.01.17-16.20.55:038][713]LogSlate: Updating window title bar state: overlay mode, drag disabled, window buttons hidden, title bar hidden
[2020.01.17-16.20.55:074][713]LogPlayLevel: Display: Shutting down PIE online subsystems
[2020.01.17-16.20.55:074][713]LogBlueprintUserMessages: Late EndPlayMap Detection: Level '/Temp/Untitled_1.Untitled_1:PersistentLevel' has LevelScriptBlueprint '/Temp/Untitled_1.Untitled_1:PersistentLevel.Untitled' with GeneratedClass '/Temp/Untitled_1.Untitled_C' with ClassGeneratedBy '/Temp/Untitled_1.Untitled_1:PersistentLevel.Untitled'
[2020.01.17-16.20.55:102][713]LogSlate: Updating window title bar state: overlay mode, drag disabled, window buttons hidden, title bar hidden
[2020.01.17-16.20.55:142][716]LogPlayLevel: Display: Destroying online subsystem :Context_4
[2020.01.17-16.21.41:416][190]LogEditorViewport: Clicking on Actor (LMB): StaticMeshActor (Floor)
[2020.01.17-16.21.42:321][288]LogEditorViewport: Clicking on Actor (LMB): StaticMeshActor (Floor)
[2020.01.17-16.21.48:270][992]LogSlate: FSceneViewport::OnFocusLost() reason 0
[2020.01.17-16.22.15:717][927]LogHttp: Warning: 000001516A220180: request failed, libcurl error: 6 (Couldn't resolve host name)
[2020.01.17-16.22.15:717][927]LogHttp: Warning: 000001516A220180: libcurl info message cache 0 (Could not resolve host: datarouter.ol.epicgames.com)
[2020.01.17-16.22.15:717][927]LogHttp: Warning: 000001516A220180: libcurl info message cache 1 (Closing connection 4)
[2020.01.17-16.22.19:086][328]LogSlate: Window 'Untitled* - Level Blueprint Editor' being destroyed
[2020.01.17-16.22.19:091][328]LogSlate: Window 'Untitled* - Level Blueprint Editor' being destroyed
[2020.01.17-16.23.32:756][156]LogAssetEditorManager: Opening Asset editor for LevelScriptBlueprint /Temp/Untitled_1.Untitled_1:PersistentLevel.Untitled
[2020.01.17-16.24.15:729][251]LogHttp: Warning: 000001517017F100: request failed, libcurl error: 6 (Couldn't resolve host name)
[2020.01.17-16.24.15:729][251]LogHttp: Warning: 000001517017F100: libcurl info message cache 0 (Could not resolve host: datarouter.ol.epicgames.com)
[2020.01.17-16.24.15:729][251]LogHttp: Warning: 000001517017F100: libcurl info message cache 1 (Closing connection 5)
[2020.01.17-16.24.29:686][903]LogSlate: Took 0.000225 seconds to synchronously load lazily loaded font '../../../Engine/Content/Slate/Fonts/Roboto-Italic.ttf' (157K)
[2020.01.17-16.24.59:955][475]LogSavePackage: Moving '../../../../../../Users/torra/Documents/Unreal Projects/ProjektAdamK/Saved/Untitled_1_Auto1C732B83A48FA75BD48502FB72ED86E00.tmp' to '../../../../../../Users/torra/Documents/Unreal Projects/ProjektAdamK/Saved/Autosaves/Temp/Untitled_1_Auto1.umap'
[2020.01.17-16.24.59:960][475]LogFileHelpers: Editor autosave (incl. sublevels) for '/Temp/Untitled_1' took 0.143
[2020.01.17-16.24.59:960][475]LogFileHelpers: Editor autosave (incl. sublevels) for all levels took 0.143
[2020.01.17-16.26.15:748][474]LogHttp: Warning: 000001517017E0C0: request failed, libcurl error: 6 (Couldn't resolve host name)
[2020.01.17-16.26.15:748][474]LogHttp: Warning: 000001517017E0C0: libcurl info message cache 0 (Could not resolve host: datarouter.ol.epicgames.com)
[2020.01.17-16.26.15:748][474]LogHttp: Warning: 000001517017E0C0: libcurl info message cache 1 (Closing connection 6)
[2020.01.17-16.28.15:778][485]LogHttp: Warning: 00000151036D3100: request failed, libcurl error: 6 (Couldn't resolve host name)
[2020.01.17-16.28.15:778][485]LogHttp: Warning: 00000151036D3100: libcurl info message cache 0 (Could not resolve host: datarouter.ol.epicgames.com)
[2020.01.17-16.28.15:778][485]LogHttp: Warning: 00000151036D3100: libcurl info message cache 1 (Closing connection 7)
[2020.01.17-16.30.15:821][773]LogHttp: Warning: 00000151521A9F80: request failed, libcurl error: 6 (Couldn't resolve host name)
[2020.01.17-16.30.15:821][773]LogHttp: Warning: 00000151521A9F80: libcurl info message cache 0 (Could not resolve host: datarouter.ol.epicgames.com)
[2020.01.17-16.30.15:821][773]LogHttp: Warning: 00000151521A9F80: libcurl info message cache 1 (Closing connection 8)
[2020.01.17-16.31.50:034][842]LogTemp: Repeating last play command: Selected Viewport
[2020.01.17-16.31.50:043][842]LogBlueprintUserMessages: Early PlayInEditor Detection: Level '/Temp/Untitled_1.Untitled_1:PersistentLevel' has LevelScriptBlueprint '/Temp/Untitled_1.Untitled_1:PersistentLevel.Untitled' with GeneratedClass '/Temp/Untitled_1.Untitled_C' with ClassGeneratedBy '/Temp/Untitled_1.Untitled_1:PersistentLevel.Untitled'
[2020.01.17-16.31.50:043][842]BlueprintLog: New page: Pre-Play auto-recompile
[2020.01.17-16.31.50:045][842]LogPlayLevel: [PlayLevel] Compiling Untitled before play...
[2020.01.17-16.31.50:155][842]LogPlayLevel: PlayLevel: Blueprint regeneration took 112 ms (1 blueprints)
[2020.01.17-16.31.50:155][842]PIE: New page: PIE session: Untitled_1 (17 sty 2020, 18:31:50)
[2020.01.17-16.31.50:155][842]LogPlayLevel: Creating play world package: /Temp/UEDPIE_0_Untitled_1
[2020.01.17-16.31.50:157][842]LogPlayLevel: PIE: StaticDuplicateObject took: (0.002043s)
[2020.01.17-16.31.50:158][842]LogAIModule: Creating AISystem for world Untitled_1
[2020.01.17-16.31.50:158][842]LogPlayLevel: PIE: World Init took: (0.000762s)
[2020.01.17-16.31.50:158][842]LogPlayLevel: PIE: Created PIE world by copying editor world from /Temp/Untitled_1.Untitled_1 to /Temp/UEDPIE_0_Untitled_1.Untitled_1 (0.002910s)
[2020.01.17-16.31.50:196][842]LogInit: XAudio2 using 'Głośniki (Realtek(R) Audio)' : 2 channels at 48 kHz using 32 bits per sample (channel mask 0x3)
[2020.01.17-16.31.50:236][842]LogInit: FAudioDevice initialized.
[2020.01.17-16.31.50:270][842]LogLoad: Game class is 'GameModeBase'
[2020.01.17-16.31.50:271][842]LogWorld: Bringing World /Temp/UEDPIE_0_Untitled_1.Untitled_1 up for play (max tick rate 0) at 2020.01.17-17.31.50
[2020.01.17-16.31.50:271][842]LogWorld: Bringing up level for play took: 0.000694
[2020.01.17-16.31.50:284][842]PIE: Play in editor start time for /Temp/UEDPIE_0_Untitled_1 -0,451
[2020.01.17-16.31.50:284][842]LogBlueprintUserMessages: Late PlayInEditor Detection: Level '/Temp/Untitled_1.Untitled_1:PersistentLevel' has LevelScriptBlueprint '/Temp/Untitled_1.Untitled_1:PersistentLevel.Untitled' with GeneratedClass '/Temp/Untitled_1.Untitled_C' with ClassGeneratedBy '/Temp/Untitled_1.Untitled_1:PersistentLevel.Untitled'
[2020.01.17-16.32.15:830][808]LogHttp: Warning: 00000151700FE980: request failed, libcurl error: 6 (Couldn't resolve host name)
[2020.01.17-16.32.15:830][808]LogHttp: Warning: 00000151700FE980: libcurl info message cache 0 (Could not resolve host: datarouter.ol.epicgames.com)
[2020.01.17-16.32.15:830][808]LogHttp: Warning: 00000151700FE980: libcurl info message cache 1 (Closing connection 9)
[2020.01.17-16.32.18:041][ 73]LogBlueprintUserMessages: Early EndPlayMap Detection: Level '/Temp/Untitled_1.Untitled_1:PersistentLevel' has LevelScriptBlueprint '/Temp/Untitled_1.Untitled_1:PersistentLevel.Untitled' with GeneratedClass '/Temp/Untitled_1.Untitled_C' with ClassGeneratedBy '/Temp/Untitled_1.Untitled_1:PersistentLevel.Untitled'
[2020.01.17-16.32.18:041][ 73]LogSlate: Updating window title bar state: overlay mode, drag disabled, window buttons hidden, title bar hidden
[2020.01.17-16.32.18:079][ 73]LogPlayLevel: Display: Shutting down PIE online subsystems
[2020.01.17-16.32.18:079][ 73]LogBlueprintUserMessages: Late EndPlayMap Detection: Level '/Temp/Untitled_1.Untitled_1:PersistentLevel' has LevelScriptBlueprint '/Temp/Untitled_1.Untitled_1:PersistentLevel.Untitled' with GeneratedClass '/Temp/Untitled_1.Untitled_C' with ClassGeneratedBy '/Temp/Untitled_1.Untitled_1:PersistentLevel.Untitled'
[2020.01.17-16.32.18:102][ 73]LogSlate: Updating window title bar state: overlay mode, drag disabled, window buttons hidden, title bar hidden
[2020.01.17-16.32.18:145][ 75]LogPlayLevel: Display: Destroying online subsystem :Context_8
[2020.01.17-16.32.19:254][208]LogSlate: FSceneViewport::OnFocusLost() reason 0
[2020.01.17-16.34.15:864][  3]LogHttp: Warning: 00000151521AAE80: request failed, libcurl error: 6 (Couldn't resolve host name)
[2020.01.17-16.34.15:864][  3]LogHttp: Warning: 00000151521AAE80: libcurl info message cache 0 (Could not resolve host: datarouter.ol.epicgames.com)
[2020.01.17-16.34.15:864][  3]LogHttp: Warning: 00000151521AAE80: libcurl info message cache 1 (Closing connection 10)
[2020.01.17-16.36.15:903][284]LogHttp: Warning: 00000151521AAFC0: request failed, libcurl error: 6 (Couldn't resolve host name)
[2020.01.17-16.36.15:903][284]LogHttp: Warning: 00000151521AAFC0: libcurl info message cache 0 (Could not resolve host: datarouter.ol.epicgames.com)
[2020.01.17-16.36.15:903][284]LogHttp: Warning: 00000151521AAFC0: libcurl info message cache 1 (Closing connection 11)
[2020.01.17-16.36.28:425][683]LogTemp: Repeating last play command: Selected Viewport
[2020.01.17-16.36.28:434][683]LogBlueprintUserMessages: Early PlayInEditor Detection: Level '/Temp/Untitled_1.Untitled_1:PersistentLevel' has LevelScriptBlueprint '/Temp/Untitled_1.Untitled_1:PersistentLevel.Untitled' with GeneratedClass '/Temp/Untitled_1.Untitled_C' with ClassGeneratedBy '/Temp/Untitled_1.Untitled_1:PersistentLevel.Untitled'
[2020.01.17-16.36.28:434][683]BlueprintLog: New page: Pre-Play auto-recompile
[2020.01.17-16.36.28:437][683]LogPlayLevel: [PlayLevel] Compiling Untitled before play...
[2020.01.17-16.36.28:544][683]LogPlayLevel: PlayLevel: Blueprint regeneration took 110 ms (1 blueprints)
[2020.01.17-16.36.28:545][683]PIE: New page: PIE session: Untitled_1 (17 sty 2020, 18:36:28)
[2020.01.17-16.36.28:545][683]LogPlayLevel: Creating play world package: /Temp/UEDPIE_0_Untitled_1
[2020.01.17-16.36.28:547][683]LogPlayLevel: PIE: StaticDuplicateObject took: (0.002128s)
[2020.01.17-16.36.28:547][683]LogAIModule: Creating AISystem for world Untitled_1
[2020.01.17-16.36.28:548][683]LogPlayLevel: PIE: World Init took: (0.000659s)
[2020.01.17-16.36.28:548][683]LogPlayLevel: PIE: Created PIE world by copying editor world from /Temp/Untitled_1.Untitled_1 to /Temp/UEDPIE_0_Untitled_1.Untitled_1 (0.002888s)
[2020.01.17-16.36.28:586][683]LogInit: XAudio2 using 'Głośniki (Realtek(R) Audio)' : 2 channels at 48 kHz using 32 bits per sample (channel mask 0x3)
[2020.01.17-16.36.28:626][683]LogInit: FAudioDevice initialized.
[2020.01.17-16.36.28:658][683]LogLoad: Game class is 'GameModeBase'
[2020.01.17-16.36.28:659][683]LogWorld: Bringing World /Temp/UEDPIE_0_Untitled_1.Untitled_1 up for play (max tick rate 0) at 2020.01.17-17.36.28
[2020.01.17-16.36.28:659][683]LogWorld: Bringing up level for play took: 0.000754
[2020.01.17-16.36.28:672][683]PIE: Play in editor start time for /Temp/UEDPIE_0_Untitled_1 -0,062
[2020.01.17-16.36.28:672][683]LogBlueprintUserMessages: Late PlayInEditor Detection: Level '/Temp/Untitled_1.Untitled_1:PersistentLevel' has LevelScriptBlueprint '/Temp/Untitled_1.Untitled_1:PersistentLevel.Untitled' with GeneratedClass '/Temp/Untitled_1.Untitled_C' with ClassGeneratedBy '/Temp/Untitled_1.Untitled_1:PersistentLevel.Untitled'
[2020.01.17-16.36.41:245][183]LogSlate: FSceneViewport::OnFocusLost() reason 0
[2020.01.17-16.36.46:715][837]LogBlueprintUserMessages: Early EndPlayMap Detection: Level '/Temp/Untitled_1.Untitled_1:PersistentLevel' has LevelScriptBlueprint '/Temp/Untitled_1.Untitled_1:PersistentLevel.Untitled' with GeneratedClass '/Temp/Untitled_1.Untitled_C' with ClassGeneratedBy '/Temp/Untitled_1.Untitled_1:PersistentLevel.Untitled'
[2020.01.17-16.36.46:716][837]LogSlate: Updating window title bar state: overlay mode, drag disabled, window buttons hidden, title bar hidden
[2020.01.17-16.36.46:748][837]LogPlayLevel: Display: Shutting down PIE online subsystems
[2020.01.17-16.36.46:749][837]LogBlueprintUserMessages: Late EndPlayMap Detection: Level '/Temp/Untitled_1.Untitled_1:PersistentLevel' has LevelScriptBlueprint '/Temp/Untitled_1.Untitled_1:PersistentLevel.Untitled' with GeneratedClass '/Temp/Untitled_1.Untitled_C' with ClassGeneratedBy '/Temp/Untitled_1.Untitled_1:PersistentLevel.Untitled'
[2020.01.17-16.36.46:777][837]LogSlate: Updating window title bar state: overlay mode, drag disabled, window buttons hidden, title bar hidden
[2020.01.17-16.36.46:833][839]LogPlayLevel: Display: Destroying online subsystem :Context_9
[2020.01.17-16.36.57:276][  2]LogSlate: FSceneViewport::OnFocusLost() reason 0
[2020.01.17-16.37.08:831][308]LogTemp: Repeating last play command: Selected Viewport
[2020.01.17-16.37.08:840][308]LogBlueprintUserMessages: Early PlayInEditor Detection: Level '/Temp/Untitled_1.Untitled_1:PersistentLevel' has LevelScriptBlueprint '/Temp/Untitled_1.Untitled_1:PersistentLevel.Untitled' with GeneratedClass '/Temp/Untitled_1.Untitled_C' with ClassGeneratedBy '/Temp/Untitled_1.Untitled_1:PersistentLevel.Untitled'
[2020.01.17-16.37.08:840][308]BlueprintLog: New page: Pre-Play auto-recompile
[2020.01.17-16.37.08:842][308]LogPlayLevel: [PlayLevel] Compiling Untitled before play...
[2020.01.17-16.37.08:955][308]LogPlayLevel: PlayLevel: Blueprint regeneration took 116 ms (1 blueprints)
[2020.01.17-16.37.08:955][308]PIE: New page: PIE session: Untitled_1 (17 sty 2020, 18:37:08)
[2020.01.17-16.37.08:955][308]LogPlayLevel: Creating play world package: /Temp/UEDPIE_0_Untitled_1
[2020.01.17-16.37.08:958][308]LogPlayLevel: PIE: StaticDuplicateObject took: (0.002073s)
[2020.01.17-16.37.08:958][308]LogAIModule: Creating AISystem for world Untitled_1
[2020.01.17-16.37.08:958][308]LogPlayLevel: PIE: World Init took: (0.000685s)
[2020.01.17-16.37.08:958][308]LogPlayLevel: PIE: Created PIE world by copying editor world from /Temp/Untitled_1.Untitled_1 to /Temp/UEDPIE_0_Untitled_1.Untitled_1 (0.002870s)
[2020.01.17-16.37.08:997][308]LogInit: XAudio2 using 'Głośniki (Realtek(R) Audio)' : 2 channels at 48 kHz using 32 bits per sample (channel mask 0x3)
[2020.01.17-16.37.09:036][308]LogInit: FAudioDevice initialized.
[2020.01.17-16.37.09:073][308]LogLoad: Game class is 'GameModeBase'
[2020.01.17-16.37.09:074][308]LogWorld: Bringing World /Temp/UEDPIE_0_Untitled_1.Untitled_1 up for play (max tick rate 0) at 2020.01.17-17.37.09
[2020.01.17-16.37.09:074][308]LogWorld: Bringing up level for play took: 0.000592
[2020.01.17-16.37.09:087][308]PIE: Play in editor start time for /Temp/UEDPIE_0_Untitled_1 0,353
[2020.01.17-16.37.09:087][308]LogBlueprintUserMessages: Late PlayInEditor Detection: Level '/Temp/Untitled_1.Untitled_1:PersistentLevel' has LevelScriptBlueprint '/Temp/Untitled_1.Untitled_1:PersistentLevel.Untitled' with GeneratedClass '/Temp/Untitled_1.Untitled_C' with ClassGeneratedBy '/Temp/Untitled_1.Untitled_1:PersistentLevel.Untitled'
[2020.01.17-16.37.17:098][265]LogSlate: FSceneViewport::OnFocusLost() reason 0
[2020.01.17-16.37.18:913][424]LogBlueprintUserMessages: Early EndPlayMap Detection: Level '/Temp/Untitled_1.Untitled_1:PersistentLevel' has LevelScriptBlueprint '/Temp/Untitled_1.Untitled_1:PersistentLevel.Untitled' with GeneratedClass '/Temp/Untitled_1.Untitled_C' with ClassGeneratedBy '/Temp/Untitled_1.Untitled_1:PersistentLevel.Untitled'
[2020.01.17-16.37.18:913][424]LogSlate: Updating window title bar state: overlay mode, drag disabled, window buttons hidden, title bar hidden
[2020.01.17-16.37.18:949][424]LogPlayLevel: Display: Shutting down PIE online subsystems
[2020.01.17-16.37.18:949][424]LogBlueprintUserMessages: Late EndPlayMap Detection: Level '/Temp/Untitled_1.Untitled_1:PersistentLevel' has LevelScriptBlueprint '/Temp/Untitled_1.Untitled_1:PersistentLevel.Untitled' with GeneratedClass '/Temp/Untitled_1.Untitled_C' with ClassGeneratedBy '/Temp/Untitled_1.Untitled_1:PersistentLevel.Untitled'
[2020.01.17-16.37.18:975][424]LogSlate: Updating window title bar state: overlay mode, drag disabled, window buttons hidden, title bar hidden
[2020.01.17-16.37.19:019][426]LogPlayLevel: Display: Destroying online subsystem :Context_10
[2020.01.17-16.37.33:234][946]LogTemp: Repeating last play command: Selected Viewport
[2020.01.17-16.37.33:243][946]LogBlueprintUserMessages: Early PlayInEditor Detection: Level '/Temp/Untitled_1.Untitled_1:PersistentLevel' has LevelScriptBlueprint '/Temp/Untitled_1.Untitled_1:PersistentLevel.Untitled' with GeneratedClass '/Temp/Untitled_1.Untitled_C' with ClassGeneratedBy '/Temp/Untitled_1.Untitled_1:PersistentLevel.Untitled'
[2020.01.17-16.37.33:243][946]BlueprintLog: New page: Pre-Play auto-recompile
[2020.01.17-16.37.33:245][946]LogPlayLevel: [PlayLevel] Compiling Untitled before play...
[2020.01.17-16.37.33:356][946]LogPlayLevel: PlayLevel: Blueprint regeneration took 112 ms (1 blueprints)
[2020.01.17-16.37.33:356][946]PIE: New page: PIE session: Untitled_1 (17 sty 2020, 18:37:33)
[2020.01.17-16.37.33:356][946]LogPlayLevel: Creating play world package: /Temp/UEDPIE_0_Untitled_1
[2020.01.17-16.37.33:358][946]LogPlayLevel: PIE: StaticDuplicateObject took: (0.002081s)
[2020.01.17-16.37.33:358][946]LogAIModule: Creating AISystem for world Untitled_1
[2020.01.17-16.37.33:359][946]LogPlayLevel: PIE: World Init took: (0.000583s)
[2020.01.17-16.37.33:359][946]LogPlayLevel: PIE: Created PIE world by copying editor world from /Temp/Untitled_1.Untitled_1 to /Temp/UEDPIE_0_Untitled_1.Untitled_1 (0.002768s)
[2020.01.17-16.37.33:396][946]LogInit: XAudio2 using 'Głośniki (Realtek(R) Audio)' : 2 channels at 48 kHz using 32 bits per sample (channel mask 0x3)
[2020.01.17-16.37.33:435][946]LogInit: FAudioDevice initialized.
[2020.01.17-16.37.33:470][946]LogLoad: Game class is 'GameModeBase'
[2020.01.17-16.37.33:471][946]LogWorld: Bringing World /Temp/UEDPIE_0_Untitled_1.Untitled_1 up for play (max tick rate 0) at 2020.01.17-17.37.33
[2020.01.17-16.37.33:472][946]LogWorld: Bringing up level for play took: 0.000556
[2020.01.17-16.37.33:484][946]PIE: Play in editor start time for /Temp/UEDPIE_0_Untitled_1 0,75
[2020.01.17-16.37.33:484][946]LogBlueprintUserMessages: Late PlayInEditor Detection: Level '/Temp/Untitled_1.Untitled_1:PersistentLevel' has LevelScriptBlueprint '/Temp/Untitled_1.Untitled_1:PersistentLevel.Untitled' with GeneratedClass '/Temp/Untitled_1.Untitled_C' with ClassGeneratedBy '/Temp/Untitled_1.Untitled_1:PersistentLevel.Untitled'
[2020.01.17-16.38.04:449][588]LogBlueprintUserMessages: Early EndPlayMap Detection: Level '/Temp/Untitled_1.Untitled_1:PersistentLevel' has LevelScriptBlueprint '/Temp/Untitled_1.Untitled_1:PersistentLevel.Untitled' with GeneratedClass '/Temp/Untitled_1.Untitled_C' with ClassGeneratedBy '/Temp/Untitled_1.Untitled_1:PersistentLevel.Untitled'
[2020.01.17-16.38.04:449][588]LogSlate: Updating window title bar state: overlay mode, drag disabled, window buttons hidden, title bar hidden
[2020.01.17-16.38.04:486][588]LogPlayLevel: Display: Shutting down PIE online subsystems
[2020.01.17-16.38.04:486][588]LogBlueprintUserMessages: Late EndPlayMap Detection: Level '/Temp/Untitled_1.Untitled_1:PersistentLevel' has LevelScriptBlueprint '/Temp/Untitled_1.Untitled_1:PersistentLevel.Untitled' with GeneratedClass '/Temp/Untitled_1.Untitled_C' with ClassGeneratedBy '/Temp/Untitled_1.Untitled_1:PersistentLevel.Untitled'
[2020.01.17-16.38.04:514][588]LogSlate: Updating window title bar state: overlay mode, drag disabled, window buttons hidden, title bar hidden
[2020.01.17-16.38.04:566][590]LogPlayLevel: Display: Destroying online subsystem :Context_11
[2020.01.17-16.38.07:478][936]LogEditorViewport: Clicking on Actor (LMB): SphereReflectionCapture (SphereReflectionCapture)
[2020.01.17-16.38.09:987][232]LogEditorViewport: Clicking on Actor (LMB): PlayerStart (Player Start)
[2020.01.17-16.38.12:378][514]LogEditorViewport: Clicking on Actor (LMB): SkyLight (SkyLight)
[2020.01.17-16.38.15:879][917]LogEditorViewport: Clicking on Actor (LMB): PlayerStart (Player Start)
[2020.01.17-16.38.15:934][921]LogHttp: Warning: 0000015149FE9440: request failed, libcurl error: 6 (Couldn't resolve host name)
[2020.01.17-16.38.15:934][921]LogHttp: Warning: 0000015149FE9440: libcurl info message cache 0 (Could not resolve host: datarouter.ol.epicgames.com)
[2020.01.17-16.38.15:934][921]LogHttp: Warning: 0000015149FE9440: libcurl info message cache 1 (Closing connection 12)
[2020.01.17-16.38.24:667][952]LogSlate: FSceneViewport::OnFocusLost() reason 0
[2020.01.17-16.38.27:275][260]LogNavigationPoint: PostEditMove Clear paths rebuilt
[2020.01.17-16.38.28:585][412]LogNavigationPoint: PostEditMove Clear paths rebuilt
[2020.01.17-16.38.31:534][756]LogNavigationPoint: PostEditMove Clear paths rebuilt
[2020.01.17-16.38.33:787][ 23]LogNavigationPoint: PostEditMove Clear paths rebuilt
[2020.01.17-16.38.35:496][223]LogNavigationPoint: PostEditMove Clear paths rebuilt
[2020.01.17-16.38.36:516][338]LogSlate: FSceneViewport::OnFocusLost() reason 0
[2020.01.17-16.38.36:584][346]LogTemp: Repeating last play command: Selected Viewport
[2020.01.17-16.38.36:592][346]LogBlueprintUserMessages: Early PlayInEditor Detection: Level '/Temp/Untitled_1.Untitled_1:PersistentLevel' has LevelScriptBlueprint '/Temp/Untitled_1.Untitled_1:PersistentLevel.Untitled' with GeneratedClass '/Temp/Untitled_1.Untitled_C' with ClassGeneratedBy '/Temp/Untitled_1.Untitled_1:PersistentLevel.Untitled'
[2020.01.17-16.38.36:592][346]LogPlayLevel: PlayLevel: No blueprints needed recompiling
[2020.01.17-16.38.36:593][346]PIE: New page: PIE session: Untitled_1 (17 sty 2020, 18:38:36)
[2020.01.17-16.38.36:593][346]LogPlayLevel: Creating play world package: /Temp/UEDPIE_0_Untitled_1
[2020.01.17-16.38.36:595][346]LogPlayLevel: PIE: StaticDuplicateObject took: (0.002224s)
[2020.01.17-16.38.36:595][346]LogAIModule: Creating AISystem for world Untitled_1
[2020.01.17-16.38.36:596][346]LogPlayLevel: PIE: World Init took: (0.000629s)
[2020.01.17-16.38.36:596][346]LogPlayLevel: PIE: Created PIE world by copying editor world from /Temp/Untitled_1.Untitled_1 to /Temp/UEDPIE_0_Untitled_1.Untitled_1 (0.002957s)
[2020.01.17-16.38.36:635][346]LogInit: XAudio2 using 'Głośniki (Realtek(R) Audio)' : 2 channels at 48 kHz using 32 bits per sample (channel mask 0x3)
[2020.01.17-16.38.36:675][346]LogInit: FAudioDevice initialized.
[2020.01.17-16.38.36:705][346]LogLoad: Game class is 'GameModeBase'
[2020.01.17-16.38.36:705][346]LogWorld: Bringing World /Temp/UEDPIE_0_Untitled_1.Untitled_1 up for play (max tick rate 0) at 2020.01.17-17.38.36
[2020.01.17-16.38.36:705][346]LogWorld: Bringing up level for play took: 0.000450
[2020.01.17-16.38.36:718][346]PIE: Play in editor start time for /Temp/UEDPIE_0_Untitled_1 -0,016
[2020.01.17-16.38.36:718][346]LogBlueprintUserMessages: Late PlayInEditor Detection: Level '/Temp/Untitled_1.Untitled_1:PersistentLevel' has LevelScriptBlueprint '/Temp/Untitled_1.Untitled_1:PersistentLevel.Untitled' with GeneratedClass '/Temp/Untitled_1.Untitled_C' with ClassGeneratedBy '/Temp/Untitled_1.Untitled_1:PersistentLevel.Untitled'
[2020.01.17-16.38.57:434][824]LogBlueprintUserMessages: Early EndPlayMap Detection: Level '/Temp/Untitled_1.Untitled_1:PersistentLevel' has LevelScriptBlueprint '/Temp/Untitled_1.Untitled_1:PersistentLevel.Untitled' with GeneratedClass '/Temp/Untitled_1.Untitled_C' with ClassGeneratedBy '/Temp/Untitled_1.Untitled_1:PersistentLevel.Untitled'
[2020.01.17-16.38.57:434][824]LogSlate: Updating window title bar state: overlay mode, drag disabled, window buttons hidden, title bar hidden
[2020.01.17-16.38.57:469][824]LogPlayLevel: Display: Shutting down PIE online subsystems
[2020.01.17-16.38.57:469][824]LogBlueprintUserMessages: Late EndPlayMap Detection: Level '/Temp/Untitled_1.Untitled_1:PersistentLevel' has LevelScriptBlueprint '/Temp/Untitled_1.Untitled_1:PersistentLevel.Untitled' with GeneratedClass '/Temp/Untitled_1.Untitled_C' with ClassGeneratedBy '/Temp/Untitled_1.Untitled_1:PersistentLevel.Untitled'
[2020.01.17-16.38.57:497][824]LogSlate: Updating window title bar state: overlay mode, drag disabled, window buttons hidden, title bar hidden
[2020.01.17-16.38.57:550][826]LogPlayLevel: Display: Destroying online subsystem :Context_12
[2020.01.17-16.38.58:618][954]LogSlate: FSceneViewport::OnFocusLost() reason 0
[2020.01.17-16.39.08:898][ 87]LogTemp: Repeating last play command: Selected Viewport
[2020.01.17-16.39.08:906][ 87]LogBlueprintUserMessages: Early PlayInEditor Detection: Level '/Temp/Untitled_1.Untitled_1:PersistentLevel' has LevelScriptBlueprint '/Temp/Untitled_1.Untitled_1:PersistentLevel.Untitled' with GeneratedClass '/Temp/Untitled_1.Untitled_C' with ClassGeneratedBy '/Temp/Untitled_1.Untitled_1:PersistentLevel.Untitled'
[2020.01.17-16.39.08:906][ 87]BlueprintLog: New page: Pre-Play auto-recompile
[2020.01.17-16.39.08:909][ 87]LogPlayLevel: [PlayLevel] Compiling Untitled before play...
[2020.01.17-16.39.09:018][ 87]LogPlayLevel: PlayLevel: Blueprint regeneration took 111 ms (1 blueprints)
[2020.01.17-16.39.09:018][ 87]PIE: New page: PIE session: Untitled_1 (17 sty 2020, 18:39:09)
[2020.01.17-16.39.09:018][ 87]LogPlayLevel: Creating play world package: /Temp/UEDPIE_0_Untitled_1
[2020.01.17-16.39.09:021][ 87]LogPlayLevel: PIE: StaticDuplicateObject took: (0.002147s)
[2020.01.17-16.39.09:021][ 87]LogAIModule: Creating AISystem for world Untitled_1
[2020.01.17-16.39.09:021][ 87]LogPlayLevel: PIE: World Init took: (0.000700s)
[2020.01.17-16.39.09:021][ 87]LogPlayLevel: PIE: Created PIE world by copying editor world from /Temp/Untitled_1.Untitled_1 to /Temp/UEDPIE_0_Untitled_1.Untitled_1 (0.002951s)
[2020.01.17-16.39.09:064][ 87]LogInit: XAudio2 using 'Głośniki (Realtek(R) Audio)' : 2 channels at 48 kHz using 32 bits per sample (channel mask 0x3)
[2020.01.17-16.39.09:104][ 87]LogInit: FAudioDevice initialized.
[2020.01.17-16.39.09:134][ 87]LogLoad: Game class is 'GameModeBase'
[2020.01.17-16.39.09:135][ 87]LogWorld: Bringing World /Temp/UEDPIE_0_Untitled_1.Untitled_1 up for play (max tick rate 0) at 2020.01.17-17.39.09
[2020.01.17-16.39.09:135][ 87]LogWorld: Bringing up level for play took: 0.000584
[2020.01.17-16.39.09:148][ 87]PIE: Play in editor start time for /Temp/UEDPIE_0_Untitled_1 0,413
[2020.01.17-16.39.09:148][ 87]LogBlueprintUserMessages: Late PlayInEditor Detection: Level '/Temp/Untitled_1.Untitled_1:PersistentLevel' has LevelScriptBlueprint '/Temp/Untitled_1.Untitled_1:PersistentLevel.Untitled' with GeneratedClass '/Temp/Untitled_1.Untitled_C' with ClassGeneratedBy '/Temp/Untitled_1.Untitled_1:PersistentLevel.Untitled'
[2020.01.17-16.39.32:895][887]LogBlueprintUserMessages: Early EndPlayMap Detection: Level '/Temp/Untitled_1.Untitled_1:PersistentLevel' has LevelScriptBlueprint '/Temp/Untitled_1.Untitled_1:PersistentLevel.Untitled' with GeneratedClass '/Temp/Untitled_1.Untitled_C' with ClassGeneratedBy '/Temp/Untitled_1.Untitled_1:PersistentLevel.Untitled'
[2020.01.17-16.39.32:895][887]LogSlate: Updating window title bar state: overlay mode, drag disabled, window buttons hidden, title bar hidden
[2020.01.17-16.39.32:934][887]LogPlayLevel: Display: Shutting down PIE online subsystems
[2020.01.17-16.39.32:934][887]LogBlueprintUserMessages: Late EndPlayMap Detection: Level '/Temp/Untitled_1.Untitled_1:PersistentLevel' has LevelScriptBlueprint '/Temp/Untitled_1.Untitled_1:PersistentLevel.Untitled' with GeneratedClass '/Temp/Untitled_1.Untitled_C' with ClassGeneratedBy '/Temp/Untitled_1.Untitled_1:PersistentLevel.Untitled'
[2020.01.17-16.39.32:962][887]LogSlate: Updating window title bar state: overlay mode, drag disabled, window buttons hidden, title bar hidden
[2020.01.17-16.39.33:013][889]LogPlayLevel: Display: Destroying online subsystem :Context_13
[2020.01.17-16.39.33:598][959]LogSlate: FSceneViewport::OnFocusLost() reason 0
[2020.01.17-16.39.51:418][875]LogSlate: Window 'Untitled* - Level Blueprint Editor' being destroyed
[2020.01.17-16.39.51:424][875]LogSlate: Window 'Untitled* - Level Blueprint Editor' being destroyed
[2020.01.17-16.40.14:417][330]LogTextFormatter: Warning: Failed to parse argument "ExistingAsset" as a number (using "0" as a fallback). Please check your format string for errors: "{ExistingAsset} already exists. Do you want to replace it?".
[2020.01.17-16.40.16:996][330]LogSlate: Window 'Message' being destroyed
[2020.01.17-16.40.17:001][330]LogSlate: Window 'Save Level As' being destroyed
[2020.01.17-16.40.17:350][330]LogSavePackage: Moving '../../../../../../Users/torra/Documents/Unreal Projects/ProjektAdamK/Saved/AdamBA6CC68B44E1F81D7E7C31B11451E141.tmp' to '../../../../../../Users/torra/Documents/Unreal Projects/ProjektAdamK/Content/StarterContent/Maps/Adam.umap'
[2020.01.17-16.40.17:365][330]LogFileHelpers: Saving map 'Adam' took 0.357
[2020.01.17-16.40.17:401][332]LogHttp: Warning: 00000151700FEAC0: request failed, libcurl error: 6 (Couldn't resolve host name)
[2020.01.17-16.40.17:401][332]LogHttp: Warning: 00000151700FEAC0: libcurl info message cache 0 (Could not resolve host: datarouter.ol.epicgames.com)
[2020.01.17-16.40.17:401][332]LogHttp: Warning: 00000151700FEAC0: libcurl info message cache 1 (Closing connection 13)
[2020.01.17-16.42.17:981][335]LogHttp: Warning: 00000151700FD6C0: request failed, libcurl error: 6 (Couldn't resolve host name)
[2020.01.17-16.42.17:981][335]LogHttp: Warning: 00000151700FD6C0: libcurl info message cache 0 (Could not resolve host: datarouter.ol.epicgames.com)
[2020.01.17-16.42.17:981][335]LogHttp: Warning: 00000151700FD6C0: libcurl info message cache 1 (Closing connection 14)
[2020.01.17-16.44.18:389][694]LogHttp: Warning: 00000151700FD6C0: request failed, libcurl error: 6 (Couldn't resolve host name)
[2020.01.17-16.44.18:389][694]LogHttp: Warning: 00000151700FD6C0: libcurl info message cache 0 (Could not resolve host: datarouter.ol.epicgames.com)
[2020.01.17-16.44.18:389][694]LogHttp: Warning: 00000151700FD6C0: libcurl info message cache 1 (Closing connection 15)
[2020.01.17-16.45.35:118][431]LogAssetEditorManager: Opening Asset editor for LevelScriptBlueprint /Game/StarterContent/Maps/Adam.Adam:PersistentLevel.Adam
[2020.01.17-16.46.18:426][595]LogHttp: Warning: 0000015100DAB380: request failed, libcurl error: 6 (Couldn't resolve host name)
[2020.01.17-16.46.18:426][595]LogHttp: Warning: 0000015100DAB380: libcurl info message cache 0 (Could not resolve host: datarouter.ol.epicgames.com)
[2020.01.17-16.46.18:426][595]LogHttp: Warning: 0000015100DAB380: libcurl info message cache 1 (Closing connection 16)
[2020.01.17-16.46.41:275][287]LogSlate: Window 'Adam - Level Blueprint Editor' being destroyed
[2020.01.17-16.46.41:282][287]LogSlate: Window 'Adam - Level Blueprint Editor' being destroyed
[2020.01.17-16.48.18:444][999]LogHttp: Warning: 0000015100DA87C0: request failed, libcurl error: 6 (Couldn't resolve host name)
[2020.01.17-16.48.18:444][999]LogHttp: Warning: 0000015100DA87C0: libcurl info message cache 0 (Could not resolve host: datarouter.ol.epicgames.com)
[2020.01.17-16.48.18:444][999]LogHttp: Warning: 0000015100DA87C0: libcurl info message cache 1 (Closing connection 17)
[2020.01.17-16.49.50:943][ 84]LogActorFactory: Actor Factory created Shape_Sphere
[2020.01.17-16.49.52:893][317]LogActorFactory: Actor Factory created Shape_Sphere
[2020.01.17-16.50.17:566][270]LogSlate: FSceneViewport::OnFocusLost() reason 2
[2020.01.17-16.50.18:468][379]LogHttp: Warning: 000001512969E700: request failed, libcurl error: 6 (Couldn't resolve host name)
[2020.01.17-16.50.18:468][379]LogHttp: Warning: 000001512969E700: libcurl info message cache 0 (Could not resolve host: datarouter.ol.epicgames.com)
[2020.01.17-16.50.18:468][379]LogHttp: Warning: 000001512969E700: libcurl info message cache 1 (Closing connection 18)
[2020.01.17-16.50.19:192][446]LogSavePackage: Moving '../../../../../../Users/torra/Documents/Unreal Projects/ProjektAdamK/Saved/Adam_Auto26E67229447C72A8922215DA732E729A2.tmp' to '../../../../../../Users/torra/Documents/Unreal Projects/ProjektAdamK/Saved/Autosaves/Game/StarterContent/Maps/Adam_Auto2.umap'
[2020.01.17-16.50.19:195][446]LogFileHelpers: Editor autosave (incl. sublevels) for '/Game/StarterContent/Maps/Adam' took 0.141
[2020.01.17-16.50.19:195][446]LogFileHelpers: Editor autosave (incl. sublevels) for all levels took 0.141
[2020.01.17-16.50.19:198][446]OBJ SavePackage: Generating thumbnails for [0] asset(s) in package [/Game/StarterContent/Maps/Adam_BuiltData] ([1] browsable assets)...
[2020.01.17-16.50.19:198][446]OBJ SavePackage: Finished generating thumbnails for package [/Game/StarterContent/Maps/Adam_BuiltData]
[2020.01.17-16.50.19:219][446]LogSavePackage: Moving '../../../../../../Users/torra/Documents/Unreal Projects/ProjektAdamK/Saved/Adam_BuiltData_Auto218247F58450B2B0A73591B8D4AD14597.tmp' to '../../../../../../Users/torra/Documents/Unreal Projects/ProjektAdamK/Saved/Autosaves/Game/StarterContent/Maps/Adam_BuiltData_Auto2.uasset'
[2020.01.17-16.50.19:221][446]LogFileHelpers: Auto-saving content packages took 0.024
[2020.01.17-16.50.20:983][657]Cmd: POLY SELECT MATCHING BRUSH
[2020.01.17-16.50.23:455][953]LogSlate: FSceneViewport::OnFocusLost() reason 2
[2020.01.17-16.50.26:892][365]LogSlate: FSceneViewport::OnFocusLost() reason 2
[2020.01.17-16.51.23:131][ 64]LogSlate: FSceneViewport::OnFocusLost() reason 0
[2020.01.17-16.51.29:388][793]LogSlate: FSceneViewport::OnFocusLost() reason 0
[2020.01.17-16.51.33:152][231]LogSlate: FSceneViewport::OnFocusLost() reason 0
[2020.01.17-16.51.35:124][462]LogSlate: FSceneViewport::OnFocusLost() reason 0
[2020.01.17-16.51.40:208][ 63]LogSlate: FSceneViewport::OnFocusLost() reason 0
[2020.01.17-16.51.41:623][222]LogSlate: FSceneViewport::OnFocusLost() reason 0
[2020.01.17-16.51.44:066][512]LogEditorViewport: Clicking on Actor (LMB): StaticMeshActor (Ball)
[2020.01.17-16.51.50:259][248]LogSlate: FSceneViewport::OnFocusLost() reason 0
[2020.01.17-16.51.54:743][765]LogSlate: FSceneViewport::OnFocusLost() reason 0
[2020.01.17-16.52.18:483][602]LogHttp: Warning: 00000151632F82C0: request failed, libcurl error: 6 (Couldn't resolve host name)
[2020.01.17-16.52.18:483][602]LogHttp: Warning: 00000151632F82C0: libcurl info message cache 0 (Could not resolve host: datarouter.ol.epicgames.com)
[2020.01.17-16.52.18:483][602]LogHttp: Warning: 00000151632F82C0: libcurl info message cache 1 (Closing connection 19)
[2020.01.17-16.53.04:518][123]LogSlate: FSceneViewport::OnFocusLost() reason 0
[2020.01.17-16.53.20:861][ 83]LogTemp: Repeating last play command: Selected Viewport
[2020.01.17-16.53.20:869][ 83]LogBlueprintUserMessages: Early PlayInEditor Detection: Level '/Game/StarterContent/Maps/Adam.Adam:PersistentLevel' has LevelScriptBlueprint '/Game/StarterContent/Maps/Adam.Adam:PersistentLevel.Adam' with GeneratedClass '/Game/StarterContent/Maps/Adam.Adam_C' with ClassGeneratedBy '/Game/StarterContent/Maps/Adam.Adam:PersistentLevel.Adam'
[2020.01.17-16.53.20:869][ 83]LogPlayLevel: PlayLevel: No blueprints needed recompiling
[2020.01.17-16.53.20:869][ 83]PIE: New page: PIE session: Adam (17 sty 2020, 18:53:20)
[2020.01.17-16.53.20:870][ 83]LogPlayLevel: Creating play world package: /Game/StarterContent/Maps/UEDPIE_0_Adam
[2020.01.17-16.53.20:872][ 83]LogPlayLevel: PIE: StaticDuplicateObject took: (0.002725s)
[2020.01.17-16.53.20:873][ 83]LogAIModule: Creating AISystem for world Adam
[2020.01.17-16.53.20:873][ 83]LogPlayLevel: PIE: World Init took: (0.000756s)
[2020.01.17-16.53.20:873][ 83]LogPlayLevel: PIE: Created PIE world by copying editor world from /Game/StarterContent/Maps/Adam.Adam to /Game/StarterContent/Maps/UEDPIE_0_Adam.Adam (0.003600s)
[2020.01.17-16.53.20:914][ 83]LogInit: XAudio2 using 'Głośniki (Realtek(R) Audio)' : 2 channels at 48 kHz using 32 bits per sample (channel mask 0x3)
[2020.01.17-16.53.20:956][ 83]LogInit: FAudioDevice initialized.
[2020.01.17-16.53.20:987][ 83]LogLoad: Game class is 'GameModeBase'
[2020.01.17-16.53.20:989][ 83]LogWorld: Bringing World /Game/StarterContent/Maps/UEDPIE_0_Adam.Adam up for play (max tick rate 0) at 2020.01.17-17.53.20
[2020.01.17-16.53.20:989][ 83]LogWorld: Bringing up level for play took: 0.000546
[2020.01.17-16.53.21:001][ 83]PIE: Play in editor start time for /Game/StarterContent/Maps/UEDPIE_0_Adam 0,267
[2020.01.17-16.53.21:001][ 83]LogBlueprintUserMessages: Late PlayInEditor Detection: Level '/Game/StarterContent/Maps/Adam.Adam:PersistentLevel' has LevelScriptBlueprint '/Game/StarterContent/Maps/Adam.Adam:PersistentLevel.Adam' with GeneratedClass '/Game/StarterContent/Maps/Adam.Adam_C' with ClassGeneratedBy '/Game/StarterContent/Maps/Adam.Adam:PersistentLevel.Adam'
[2020.01.17-16.53.33:409][569]LogBlueprintUserMessages: Early EndPlayMap Detection: Level '/Game/StarterContent/Maps/Adam.Adam:PersistentLevel' has LevelScriptBlueprint '/Game/StarterContent/Maps/Adam.Adam:PersistentLevel.Adam' with GeneratedClass '/Game/StarterContent/Maps/Adam.Adam_C' with ClassGeneratedBy '/Game/StarterContent/Maps/Adam.Adam:PersistentLevel.Adam'
[2020.01.17-16.53.33:409][569]LogSlate: Updating window title bar state: overlay mode, drag disabled, window buttons hidden, title bar hidden
[2020.01.17-16.53.33:441][569]LogPlayLevel: Display: Shutting down PIE online subsystems
[2020.01.17-16.53.33:442][569]LogBlueprintUserMessages: Late EndPlayMap Detection: Level '/Game/StarterContent/Maps/Adam.Adam:PersistentLevel' has LevelScriptBlueprint '/Game/StarterContent/Maps/Adam.Adam:PersistentLevel.Adam' with GeneratedClass '/Game/StarterContent/Maps/Adam.Adam_C' with ClassGeneratedBy '/Game/StarterContent/Maps/Adam.Adam:PersistentLevel.Adam'
[2020.01.17-16.53.33:470][569]LogSlate: Updating window title bar state: overlay mode, drag disabled, window buttons hidden, title bar hidden
[2020.01.17-16.53.33:515][574]LogPlayLevel: Display: Destroying online subsystem :Context_15
[2020.01.17-16.53.35:165][771]LogSlate: FSceneViewport::OnFocusLost() reason 0
[2020.01.17-16.53.35:240][780]LogTemp: Repeating last play command: Selected Viewport
[2020.01.17-16.53.35:248][780]LogBlueprintUserMessages: Early PlayInEditor Detection: Level '/Game/StarterContent/Maps/Adam.Adam:PersistentLevel' has LevelScriptBlueprint '/Game/StarterContent/Maps/Adam.Adam:PersistentLevel.Adam' with GeneratedClass '/Game/StarterContent/Maps/Adam.Adam_C' with ClassGeneratedBy '/Game/StarterContent/Maps/Adam.Adam:PersistentLevel.Adam'
[2020.01.17-16.53.35:248][780]LogPlayLevel: PlayLevel: No blueprints needed recompiling
[2020.01.17-16.53.35:248][780]PIE: New page: PIE session: Adam (17 sty 2020, 18:53:35)
[2020.01.17-16.53.35:248][780]LogPlayLevel: Creating play world package: /Game/StarterContent/Maps/UEDPIE_0_Adam
[2020.01.17-16.53.35:250][780]LogPlayLevel: PIE: StaticDuplicateObject took: (0.001934s)
[2020.01.17-16.53.35:252][780]LogAIModule: Creating AISystem for world Adam
[2020.01.17-16.53.35:252][780]LogPlayLevel: PIE: World Init took: (0.000976s)
[2020.01.17-16.53.35:252][780]LogPlayLevel: PIE: Created PIE world by copying editor world from /Game/StarterContent/Maps/Adam.Adam to /Game/StarterContent/Maps/UEDPIE_0_Adam.Adam (0.003005s)
[2020.01.17-16.53.35:289][780]LogInit: XAudio2 using 'Głośniki (Realtek(R) Audio)' : 2 channels at 48 kHz using 32 bits per sample (channel mask 0x3)
[2020.01.17-16.53.35:329][780]LogInit: FAudioDevice initialized.
[2020.01.17-16.53.35:357][780]LogLoad: Game class is 'GameModeBase'
[2020.01.17-16.53.35:358][780]LogWorld: Bringing World /Game/StarterContent/Maps/UEDPIE_0_Adam.Adam up for play (max tick rate 0) at 2020.01.17-17.53.35
[2020.01.17-16.53.35:358][780]LogWorld: Bringing up level for play took: 0.000482
[2020.01.17-16.53.35:371][780]PIE: Play in editor start time for /Game/StarterContent/Maps/UEDPIE_0_Adam 0,637
[2020.01.17-16.53.35:371][780]LogBlueprintUserMessages: Late PlayInEditor Detection: Level '/Game/StarterContent/Maps/Adam.Adam:PersistentLevel' has LevelScriptBlueprint '/Game/StarterContent/Maps/Adam.Adam:PersistentLevel.Adam' with GeneratedClass '/Game/StarterContent/Maps/Adam.Adam_C' with ClassGeneratedBy '/Game/StarterContent/Maps/Adam.Adam:PersistentLevel.Adam'
[2020.01.17-16.53.44:180][835]LogBlueprintUserMessages: Early EndPlayMap Detection: Level '/Game/StarterContent/Maps/Adam.Adam:PersistentLevel' has LevelScriptBlueprint '/Game/StarterContent/Maps/Adam.Adam:PersistentLevel.Adam' with GeneratedClass '/Game/StarterContent/Maps/Adam.Adam_C' with ClassGeneratedBy '/Game/StarterContent/Maps/Adam.Adam:PersistentLevel.Adam'
[2020.01.17-16.53.44:181][835]LogSlate: Updating window title bar state: overlay mode, drag disabled, window buttons hidden, title bar hidden
[2020.01.17-16.53.44:214][835]LogPlayLevel: Display: Shutting down PIE online subsystems
[2020.01.17-16.53.44:215][835]LogBlueprintUserMessages: Late EndPlayMap Detection: Level '/Game/StarterContent/Maps/Adam.Adam:PersistentLevel' has LevelScriptBlueprint '/Game/StarterContent/Maps/Adam.Adam:PersistentLevel.Adam' with GeneratedClass '/Game/StarterContent/Maps/Adam.Adam_C' with ClassGeneratedBy '/Game/StarterContent/Maps/Adam.Adam:PersistentLevel.Adam'
[2020.01.17-16.53.44:240][835]LogSlate: Updating window title bar state: overlay mode, drag disabled, window buttons hidden, title bar hidden
[2020.01.17-16.53.44:281][838]LogPlayLevel: Display: Destroying online subsystem :Context_16
[2020.01.17-16.54.18:514][945]LogHttp: Warning: 0000015163278540: request failed, libcurl error: 6 (Couldn't resolve host name)
[2020.01.17-16.54.18:514][945]LogHttp: Warning: 0000015163278540: libcurl info message cache 0 (Could not resolve host: datarouter.ol.epicgames.com)
[2020.01.17-16.54.18:514][945]LogHttp: Warning: 0000015163278540: libcurl info message cache 1 (Closing connection 20)
[2020.01.17-16.54.22:869][466]LogSlate: FSceneViewport::OnFocusLost() reason 2
[2020.01.17-16.54.24:679][678]LogSlate: FSceneViewport::OnFocusLost() reason 2
[2020.01.17-16.54.24:684][678]LogAssetEditorManager: Opening Asset editor for LevelScriptBlueprint /Game/StarterContent/Maps/Adam.Adam:PersistentLevel.Adam
[2020.01.17-16.54.59:037][621]LogTemp: Repeating last play command: Selected Viewport
[2020.01.17-16.54.59:046][621]LogBlueprintUserMessages: Early PlayInEditor Detection: Level '/Game/StarterContent/Maps/Adam.Adam:PersistentLevel' has LevelScriptBlueprint '/Game/StarterContent/Maps/Adam.Adam:PersistentLevel.Adam' with GeneratedClass '/Game/StarterContent/Maps/Adam.Adam_C' with ClassGeneratedBy '/Game/StarterContent/Maps/Adam.Adam:PersistentLevel.Adam'
[2020.01.17-16.54.59:046][621]BlueprintLog: New page: Pre-Play auto-recompile
[2020.01.17-16.54.59:049][621]LogPlayLevel: [PlayLevel] Compiling Adam before play...
[2020.01.17-16.54.59:159][621]LogPlayLevel: PlayLevel: Blueprint regeneration took 112 ms (1 blueprints)
[2020.01.17-16.54.59:159][621]PIE: New page: PIE session: Adam (17 sty 2020, 18:54:59)
[2020.01.17-16.54.59:159][621]LogPlayLevel: Creating play world package: /Game/StarterContent/Maps/UEDPIE_0_Adam
[2020.01.17-16.54.59:161][621]LogPlayLevel: PIE: StaticDuplicateObject took: (0.002056s)
[2020.01.17-16.54.59:162][621]LogAIModule: Creating AISystem for world Adam
[2020.01.17-16.54.59:162][621]LogPlayLevel: PIE: World Init took: (0.000618s)
[2020.01.17-16.54.59:162][621]LogPlayLevel: PIE: Created PIE world by copying editor world from /Game/StarterContent/Maps/Adam.Adam to /Game/StarterContent/Maps/UEDPIE_0_Adam.Adam (0.002780s)
[2020.01.17-16.54.59:200][621]LogInit: XAudio2 using 'Głośniki (Realtek(R) Audio)' : 2 channels at 48 kHz using 32 bits per sample (channel mask 0x3)
[2020.01.17-16.54.59:240][621]LogInit: FAudioDevice initialized.
[2020.01.17-16.54.59:272][621]LogLoad: Game class is 'GameModeBase'
[2020.01.17-16.54.59:273][621]LogWorld: Bringing World /Game/StarterContent/Maps/UEDPIE_0_Adam.Adam up for play (max tick rate 0) at 2020.01.17-17.54.59
[2020.01.17-16.54.59:274][621]LogWorld: Bringing up level for play took: 0.000694
[2020.01.17-16.54.59:286][621]PIE: Play in editor start time for /Game/StarterContent/Maps/UEDPIE_0_Adam 0,552
[2020.01.17-16.54.59:286][621]LogBlueprintUserMessages: Late PlayInEditor Detection: Level '/Game/StarterContent/Maps/Adam.Adam:PersistentLevel' has LevelScriptBlueprint '/Game/StarterContent/Maps/Adam.Adam:PersistentLevel.Adam' with GeneratedClass '/Game/StarterContent/Maps/Adam.Adam_C' with ClassGeneratedBy '/Game/StarterContent/Maps/Adam.Adam:PersistentLevel.Adam'
[2020.01.17-16.55.13:371][238]LogBlueprintUserMessages: Early EndPlayMap Detection: Level '/Game/StarterContent/Maps/Adam.Adam:PersistentLevel' has LevelScriptBlueprint '/Game/StarterContent/Maps/Adam.Adam:PersistentLevel.Adam' with GeneratedClass '/Game/StarterContent/Maps/Adam.Adam_C' with ClassGeneratedBy '/Game/StarterContent/Maps/Adam.Adam:PersistentLevel.Adam'
[2020.01.17-16.55.13:372][238]LogSlate: Updating window title bar state: overlay mode, drag disabled, window buttons hidden, title bar hidden
[2020.01.17-16.55.13:406][238]LogPlayLevel: Display: Shutting down PIE online subsystems
[2020.01.17-16.55.13:406][238]LogBlueprintUserMessages: Late EndPlayMap Detection: Level '/Game/StarterContent/Maps/Adam.Adam:PersistentLevel' has LevelScriptBlueprint '/Game/StarterContent/Maps/Adam.Adam:PersistentLevel.Adam' with GeneratedClass '/Game/StarterContent/Maps/Adam.Adam_C' with ClassGeneratedBy '/Game/StarterContent/Maps/Adam.Adam:PersistentLevel.Adam'
[2020.01.17-16.55.13:432][238]LogSlate: Updating window title bar state: overlay mode, drag disabled, window buttons hidden, title bar hidden
[2020.01.17-16.55.13:482][240]LogPlayLevel: Display: Destroying online subsystem :Context_18
[2020.01.17-16.55.14:427][353]LogSlate: FSceneViewport::OnFocusLost() reason 0
[2020.01.17-16.55.14:501][362]LogTemp: Repeating last play command: Selected Viewport
[2020.01.17-16.55.14:510][362]LogBlueprintUserMessages: Early PlayInEditor Detection: Level '/Game/StarterContent/Maps/Adam.Adam:PersistentLevel' has LevelScriptBlueprint '/Game/StarterContent/Maps/Adam.Adam:PersistentLevel.Adam' with GeneratedClass '/Game/StarterContent/Maps/Adam.Adam_C' with ClassGeneratedBy '/Game/StarterContent/Maps/Adam.Adam:PersistentLevel.Adam'
[2020.01.17-16.55.14:510][362]LogPlayLevel: PlayLevel: No blueprints needed recompiling
[2020.01.17-16.55.14:510][362]PIE: New page: PIE session: Adam (17 sty 2020, 18:55:14)
[2020.01.17-16.55.14:510][362]LogPlayLevel: Creating play world package: /Game/StarterContent/Maps/UEDPIE_0_Adam
[2020.01.17-16.55.14:512][362]LogPlayLevel: PIE: StaticDuplicateObject took: (0.002264s)
[2020.01.17-16.55.14:513][362]LogAIModule: Creating AISystem for world Adam
[2020.01.17-16.55.14:513][362]LogPlayLevel: PIE: World Init took: (0.000564s)
[2020.01.17-16.55.14:513][362]LogPlayLevel: PIE: Created PIE world by copying editor world from /Game/StarterContent/Maps/Adam.Adam to /Game/StarterContent/Maps/UEDPIE_0_Adam.Adam (0.002926s)
[2020.01.17-16.55.14:552][362]LogInit: XAudio2 using 'Głośniki (Realtek(R) Audio)' : 2 channels at 48 kHz using 32 bits per sample (channel mask 0x3)
[2020.01.17-16.55.14:591][362]LogInit: FAudioDevice initialized.
[2020.01.17-16.55.14:618][362]LogLoad: Game class is 'GameModeBase'
[2020.01.17-16.55.14:620][362]LogWorld: Bringing World /Game/StarterContent/Maps/UEDPIE_0_Adam.Adam up for play (max tick rate 0) at 2020.01.17-17.55.14
[2020.01.17-16.55.14:620][362]LogWorld: Bringing up level for play took: 0.000501
[2020.01.17-16.55.14:632][362]PIE: Play in editor start time for /Game/StarterContent/Maps/UEDPIE_0_Adam -0,103
[2020.01.17-16.55.14:632][362]LogBlueprintUserMessages: Late PlayInEditor Detection: Level '/Game/StarterContent/Maps/Adam.Adam:PersistentLevel' has LevelScriptBlueprint '/Game/StarterContent/Maps/Adam.Adam:PersistentLevel.Adam' with GeneratedClass '/Game/StarterContent/Maps/Adam.Adam_C' with ClassGeneratedBy '/Game/StarterContent/Maps/Adam.Adam:PersistentLevel.Adam'
[2020.01.17-16.55.26:041][726]LogBlueprintUserMessages: Early EndPlayMap Detection: Level '/Game/StarterContent/Maps/Adam.Adam:PersistentLevel' has LevelScriptBlueprint '/Game/StarterContent/Maps/Adam.Adam:PersistentLevel.Adam' with GeneratedClass '/Game/StarterContent/Maps/Adam.Adam_C' with ClassGeneratedBy '/Game/StarterContent/Maps/Adam.Adam:PersistentLevel.Adam'
[2020.01.17-16.55.26:041][726]LogSlate: Updating window title bar state: overlay mode, drag disabled, window buttons hidden, title bar hidden
[2020.01.17-16.55.26:074][726]LogPlayLevel: Display: Shutting down PIE online subsystems
[2020.01.17-16.55.26:074][726]LogBlueprintUserMessages: Late EndPlayMap Detection: Level '/Game/StarterContent/Maps/Adam.Adam:PersistentLevel' has LevelScriptBlueprint '/Game/StarterContent/Maps/Adam.Adam:PersistentLevel.Adam' with GeneratedClass '/Game/StarterContent/Maps/Adam.Adam_C' with ClassGeneratedBy '/Game/StarterContent/Maps/Adam.Adam:PersistentLevel.Adam'
[2020.01.17-16.55.26:101][726]LogSlate: Updating window title bar state: overlay mode, drag disabled, window buttons hidden, title bar hidden
[2020.01.17-16.55.26:152][728]LogPlayLevel: Display: Destroying online subsystem :Context_19
[2020.01.17-16.56.18:552][ 15]LogHttp: Warning: 0000015168062AC0: request failed, libcurl error: 6 (Couldn't resolve host name)
[2020.01.17-16.56.18:552][ 15]LogHttp: Warning: 0000015168062AC0: libcurl info message cache 0 (Could not resolve host: datarouter.ol.epicgames.com)
[2020.01.17-16.56.18:552][ 15]LogHttp: Warning: 0000015168062AC0: libcurl info message cache 1 (Closing connection 21)
[2020.01.17-16.57.40:246][795]LogSlate: FSceneViewport::OnFocusLost() reason 2
[2020.01.17-16.57.42:268][ 33]Cmd: STAT FPS
[2020.01.17-16.58.18:368][183]LogSlate: FSceneViewport::OnFocusLost() reason 0
[2020.01.17-16.58.18:633][198]LogHttp: Warning: 000001517B623D80: request failed, libcurl error: 6 (Couldn't resolve host name)
[2020.01.17-16.58.18:633][198]LogHttp: Warning: 000001517B623D80: libcurl info message cache 0 (Could not resolve host: datarouter.ol.epicgames.com)
[2020.01.17-16.58.18:633][198]LogHttp: Warning: 000001517B623D80: libcurl info message cache 1 (Closing connection 22)
[2020.01.17-16.59.27:220][ 53]LogSlate: Window 'Adam* - Level Blueprint Editor' being destroyed
[2020.01.17-16.59.27:227][ 53]LogSlate: Window 'Adam* - Level Blueprint Editor' being destroyed
[2020.01.17-16.59.28:514][203]LogSlate: FSceneViewport::OnFocusLost() reason 2
[2020.01.17-16.59.29:691][340]LogSlate: FSceneViewport::OnFocusLost() reason 2
[2020.01.17-16.59.29:926][340]LogSavePackage: Moving '../../../../../../Users/torra/Documents/Unreal Projects/ProjektAdamK/Saved/Adam735CFB37456B1874BD9DCDBEC8377D6A.tmp' to '../../../../../../Users/torra/Documents/Unreal Projects/ProjektAdamK/Content/StarterContent/Maps/Adam.umap'
[2020.01.17-16.59.29:941][340]LogFileHelpers: Saving map 'Adam' took 0.239
[2020.01.17-16.59.29:955][340]LogSavePackage: Moving '../../../../../../Users/torra/Documents/Unreal Projects/ProjektAdamK/Saved/Adam_BuiltData905DC9D345BAA96FCB477C8FAF1EC079.tmp' to '../../../../../../Users/torra/Documents/Unreal Projects/ProjektAdamK/Content/StarterContent/Maps/Adam_BuiltData.uasset'
[2020.01.17-16.59.31:512][526]LogSlate: FSceneViewport::OnFocusLost() reason 0
[2020.01.17-16.59.31:655][536]LogSlate: Window 'ProjektAdamK - Unreal Editor' being destroyed
[2020.01.17-16.59.31:827][537]Cmd: QUIT_EDITOR
[2020.01.17-16.59.32:828][537]LogWindowsTextInputMethodSystem: Display: IME system now deactivated.
[2020.01.17-16.59.32:838][537]LogExit: Preparing to exit.
