Log file open, 01/17/20 17:06:39
LogWindows: Failed to load 'aqProf.dll' (GetLastError=126)
LogWindows: File 'aqProf.dll' does not exist
LogWindows: Failed to load 'VSPerf140.dll' (GetLastError=126)
LogWindows: File 'VSPerf140.dll' does not exist
LogWindows: Failed to load 'VtuneApi.dll' (GetLastError=126)
LogWindows: File 'VtuneApi.dll' does not exist
LogWindows: Failed to load 'VtuneApi32e.dll' (GetLastError=126)
LogWindows: File 'VtuneApi32e.dll' does not exist
LogInit: Display: Running engine for game: ProjektAdamK
LogPlatformFile: Not using cached read wrapper
LogTaskGraph: Started task graph with 5 named threads and 35 total threads with 3 sets of task threads.
LogStats: Stats thread started at 0.515643
LogD3D11RHI: Loaded GFSDK_Aftermath_Lib.x64.dll
LogICUInternationalization: Display: ICU TimeZone Detection - Raw Offset: +1:00, Platform Override: ''
LogPluginManager: Mounting plugin Paper2D
LogPluginManager: Mounting plugin AISupport
LogPluginManager: Mounting plugin LightPropagationVolume
LogPluginManager: Mounting plugin CLionSourceCodeAccess
LogPluginManager: Mounting plugin CodeLiteSourceCodeAccess
LogPluginManager: Mounting plugin GitSourceControl
LogPluginManager: Mounting plugin KDevelopSourceCodeAccess
LogPluginManager: Mounting plugin NullSourceCodeAccess
LogPluginManager: Mounting plugin PerforceSourceControl
LogPluginManager: Mounting plugin SubversionSourceControl
LogPluginManager: Mounting plugin UObjectPlugin
LogPluginManager: Mounting plugin VisualStudioCodeSourceCodeAccess
LogPluginManager: Mounting plugin VisualStudioSourceCodeAccess
LogPluginManager: Mounting plugin XCodeSourceCodeAccess
LogPluginManager: Mounting plugin AssetManagerEditor
LogPluginManager: Mounting plugin CryptoKeys
LogPluginManager: Mounting plugin DataValidation
LogPluginManager: Mounting plugin FacialAnimation
LogPluginManager: Mounting plugin GameplayTagsEditor
LogPluginManager: Mounting plugin MacGraphicsSwitching
LogPluginManager: Mounting plugin MeshEditor
LogPluginManager: Mounting plugin MobileLauncherProfileWizard
LogPluginManager: Mounting plugin PluginBrowser
LogPluginManager: Mounting plugin SpeedTreeImporter
LogPluginManager: Mounting plugin DatasmithContent
LogPluginManager: Mounting plugin AlembicImporter
LogPluginManager: Mounting plugin AppleImageUtils
LogPluginManager: Mounting plugin AppleVision
LogPluginManager: Mounting plugin BackChannel
LogPluginManager: Mounting plugin CharacterAI
LogPluginManager: Mounting plugin GeometryCache
LogPluginManager: Mounting plugin HTML5Networking
LogPluginManager: Mounting plugin ProxyLODPlugin
LogPluginManager: Mounting plugin MagicLeap
LogPluginManager: Mounting plugin MagicLeapEmulator
LogPluginManager: Mounting plugin MagicLeapMedia
LogPluginManager: Mounting plugin AndroidMedia
LogPluginManager: Mounting plugin AvfMedia
LogPluginManager: Mounting plugin ImgMedia
LogPluginManager: Mounting plugin LinearTimecode
LogPluginManager: Mounting plugin MediaCompositing
LogPluginManager: Mounting plugin MediaPlayerEditor
LogPluginManager: Mounting plugin WmfMedia
LogPluginManager: Mounting plugin TcpMessaging
LogPluginManager: Mounting plugin UdpMessaging
LogPluginManager: Mounting plugin ActorSequence
LogPluginManager: Mounting plugin LevelSequenceEditor
LogPluginManager: Mounting plugin MatineeToLevelSequence
LogPluginManager: Mounting plugin NetcodeUnitTest
LogPluginManager: Mounting plugin NUTUnrealEngine4
LogPluginManager: Mounting plugin OnlineSubsystemGooglePlay
LogPluginManager: Mounting plugin OnlineSubsystemIOS
LogPluginManager: Mounting plugin OnlineSubsystem
LogPluginManager: Mounting plugin OnlineSubsystemNull
LogPluginManager: Mounting plugin OnlineSubsystemUtils
LogPluginManager: Mounting plugin LauncherChunkInstaller
LogPluginManager: Mounting plugin AndroidDeviceProfileSelector
LogPluginManager: Mounting plugin AndroidMoviePlayer
LogPluginManager: Mounting plugin AndroidPermission
LogPluginManager: Mounting plugin AppleMoviePlayer
LogPluginManager: Mounting plugin ArchVisCharacter
LogPluginManager: Mounting plugin AudioCapture
LogPluginManager: Mounting plugin CableComponent
LogPluginManager: Mounting plugin CustomMeshComponent
LogPluginManager: Mounting plugin EditableMesh
LogPluginManager: Mounting plugin ExampleDeviceProfileSelector
LogPluginManager: Mounting plugin GoogleCloudMessaging
LogPluginManager: Mounting plugin ImmediatePhysics
LogPluginManager: Mounting plugin IOSDeviceProfileSelector
LogPluginManager: Mounting plugin LinuxDeviceProfileSelector
LogPluginManager: Mounting plugin LocationServicesBPLibrary
LogPluginManager: Mounting plugin MobilePatchingUtils
LogPluginManager: Mounting plugin OculusVR
LogPluginManager: Plugin shader directory ../../../Engine/Plugins/Runtime/Oculus/OculusVR/Shaders found
LogPluginManager: Mapping shader source directory ../../../Engine/Plugins/Runtime/Oculus/OculusVR/Shaders to virtual directory /Plugin/OculusVR
LogPluginManager: Mounting plugin PhysXVehicles
LogPluginManager: Mounting plugin ProceduralMeshComponent
LogPluginManager: Mounting plugin RuntimePhysXCooking
LogPluginManager: Mounting plugin SteamVR
LogPluginManager: Mounting plugin WindowsMoviePlayer
LogStreaming: Display: Took  0.113s to configure plugins.
LogInit: Using libcurl 7.55.1-DEV
LogInit:  - built for x86_64-pc-win32
LogInit:  - supports SSL with OpenSSL/1.0.2h
LogInit:  - supports HTTP deflate (compression) using libz 1.2.8
LogInit:  - other features:
LogInit:      CURL_VERSION_SSL
LogInit:      CURL_VERSION_LIBZ
LogInit:      CURL_VERSION_IPV6
LogInit:      CURL_VERSION_ASYNCHDNS
LogInit:      CURL_VERSION_LARGEFILE
LogInit:      CURL_VERSION_IDN
LogInit:  CurlRequestOptions (configurable via config and command line):
LogInit:  - bVerifyPeer = false  - Libcurl will NOT verify peer certificate
LogInit:  - bUseHttpProxy = false  - Libcurl will NOT use HTTP proxy
LogInit:  - bDontReuseConnections = false  - Libcurl will reuse connections
LogInit:  - CertBundlePath = nullptr  - Libcurl will use whatever was configured at build time.
LogInit:  - MaxHostConnections = 16  - Libcurl will limit the number of connections to a host
LogInit:  - LocalHostAddr = Default
LogInit:  - BufferSize = 65536
LogInit: WinSock: version 1.1 (2.2), MaxSocks=32767, MaxUdp=65467
LogInit: Build: ++UE4+Release-4.20-CL-4369336
LogInit: Engine Version: 4.20.3-4369336+++UE4+Release-4.20
LogInit: Compatible Engine Version: 4.20.0-4212847+++UE4+Release-4.20
LogInit: Net CL: 4212847
LogInit: OS: Windows 10 (), CPU: Intel(R) Core(TM) i7-8750H CPU @ 2.20GHz, GPU: Intel(R) UHD Graphics 630
LogInit: Compiled (64-bit): Sep 17 2018 12:26:19
LogInit: Compiled with Visual C++: 19.13.26129.00
LogInit: Build Configuration: Development
LogInit: Branch Name: ++UE4+Release-4.20
LogInit: Command Line: 
LogInit: Base Directory: C:/Program Files/Epic Games/UE_4.20/Engine/Binaries/Win64/
LogInit: Installed Engine Build: 1
LogDevObjectVersion: Number of dev versions registered: 20
LogDevObjectVersion:   Dev-Blueprints (B0D832E4-1F89-4F0D-ACCF-7EB736FD4AA2): 10
LogDevObjectVersion:   Dev-Build (E1C64328-A22C-4D53-A36C-8E866417BD8C): 0
LogDevObjectVersion:   Dev-Core (375EC13C-06E4-48FB-B500-84F0262A717E): 2
LogDevObjectVersion:   Dev-Editor (E4B068ED-F494-42E9-A231-DA0B2E46BB41): 24
LogDevObjectVersion:   Dev-Framework (CFFC743F-43B0-4480-9391-14DF171D2073): 34
LogDevObjectVersion:   Dev-Mobile (B02B49B5-BB20-44E9-A304-32B752E40360): 2
LogDevObjectVersion:   Dev-Networking (A4E4105C-59A1-49B5-A7C5-40C4547EDFEE): 0
LogDevObjectVersion:   Dev-Online (39C831C9-5AE6-47DC-9A44-9C173E1C8E7C): 0
LogDevObjectVersion:   Dev-Physics (78F01B33-EBEA-4F98-B9B4-84EACCB95AA2): 0
LogDevObjectVersion:   Dev-Platform (6631380F-2D4D-43E0-8009-CF276956A95A): 0
LogDevObjectVersion:   Dev-Rendering (12F88B9F-8875-4AFC-A67C-D90C383ABD29): 26
LogDevObjectVersion:   Dev-Sequencer (7B5AE74C-D270-4C10-A958-57980B212A5A): 9
LogDevObjectVersion:   Dev-VR (D7296918-1DD6-4BDD-9DE2-64A83CC13884): 2
LogDevObjectVersion:   Dev-LoadTimes (C2A15278-BFE7-4AFE-6C17-90FF531DF755): 1
LogDevObjectVersion:   Private-Geometry (6EACA3D4-40EC-4CC1-B786-8BED09428FC5): 3
LogDevObjectVersion:   Dev-AnimPhys (29E575DD-E0A3-4627-9D10-D276232CDCEA): 17
LogDevObjectVersion:   Dev-ReflectionCapture (6B266CEC-1EC7-4B8F-A30B-E4D90942FC07): 1
LogDevObjectVersion:   Dev-Automation (0DF73D61-A23F-47EA-B727-89E90C41499A): 1
LogDevObjectVersion:   FortniteMain (601D1886-AC64-4F84-AA16-D3DE0DEAC7D6): 12
LogDevObjectVersion:   Dev-Enterprise (9DFFBCD6-494F-0158-E221-12823C92A888): 1
LogStreaming: Display: Took  0.001s to delete old logs.
LogInit: Presizing for max 8388607 objects, including 0 objects not considered by GC, pre-allocating 0 bytes for permanent pool.
LogInit: Object subsystem initialized
[2020.01.17-16.06.40:313][  0]LogInit: Selected Device Profile: [Windows]
[2020.01.17-16.06.40:313][  0]LogInit: Applying CVar settings loaded from the selected device profile: [Windows]
[2020.01.17-16.06.40:326][  0]LogHAL: Display: Platform has ~ 16 GB [17015590912 / 17179869184 / 16], which maps to Larger [LargestMinGB=32, LargerMinGB=12, DefaultMinGB=8, SmallerMinGB=6, SmallestMinGB=0)
[2020.01.17-16.06.40:327][  0]LogInit: Setting Device Profile CVar: [[r.Vulkan.UseRealUBs:1]]
[2020.01.17-16.06.40:327][  0]LogInit: Going up to parent DeviceProfile []
[2020.01.17-16.06.40:327][  0]LogInit: Computer: DESKTOP-UNUEO59
[2020.01.17-16.06.40:327][  0]LogInit: User: torra
[2020.01.17-16.06.40:327][  0]LogInit: CPU Page size=4096, Cores=6
[2020.01.17-16.06.40:327][  0]LogInit: High frequency timer resolution =10.000000 MHz
[2020.01.17-16.06.40:328][  0]LogMemory: Memory total: Physical=15.8GB (16GB approx)
[2020.01.17-16.06.40:328][  0]LogMemory: Platform Memory Stats for Windows
[2020.01.17-16.06.40:328][  0]LogMemory: Process Physical Memory: 101.55 MB used, 101.55 MB peak
[2020.01.17-16.06.40:328][  0]LogMemory: Process Virtual Memory: 85.77 MB used, 85.77 MB peak
[2020.01.17-16.06.40:328][  0]LogMemory: Physical Memory: 7325.86 MB used,  8901.48 MB free, 16227.33 MB total
[2020.01.17-16.06.40:328][  0]LogMemory: Virtual Memory: 4640.64 MB used,  8901.48 MB free, 134217728.00 MB total
[2020.01.17-16.06.40:353][  0]LogInit: Using OS detected language (pl-PL).
[2020.01.17-16.06.40:353][  0]LogInit: Using OS detected locale (pl-PL).
[2020.01.17-16.06.40:355][  0]LogTextLocalizationManager: No specific localization for 'pl-PL' exists, so the 'pl' localization will be used.
[2020.01.17-16.06.40:357][  0]LogStreaming: Display: Took  0.004s to InitEngineTextLocalization.
[2020.01.17-16.06.40:400][  0]LogSlate: New Slate User Created.  User Index 0, Is Virtual User: 0
[2020.01.17-16.06.40:400][  0]LogSlate: Slate User Registered.  User Index 0, Is Virtual User: 0
[2020.01.17-16.06.40:731][  0]LogHMD: Failed to initialize OpenVR with code 110
[2020.01.17-16.06.40:731][  0]LogD3D11RHI: D3D11 adapters:
[2020.01.17-16.06.40:900][  0]LogD3D11RHI:    0. 'NVIDIA GeForce GTX 1650' (Feature Level 11_0)
[2020.01.17-16.06.40:900][  0]LogD3D11RHI:       3962/0/8113 MB DedicatedVideo/DedicatedSystem/SharedSystem, Outputs:1, VendorId:0x10de
[2020.01.17-16.06.40:955][  0]LogD3D11RHI:    1. 'Intel(R) UHD Graphics 630' (Feature Level 11_0)
[2020.01.17-16.06.40:955][  0]LogD3D11RHI:       128/0/8113 MB DedicatedVideo/DedicatedSystem/SharedSystem, Outputs:0, VendorId:0x8086
[2020.01.17-16.06.40:963][  0]LogD3D11RHI:    2. 'Microsoft Basic Render Driver' (Feature Level 11_0)
[2020.01.17-16.06.40:963][  0]LogD3D11RHI:       0/0/8113 MB DedicatedVideo/DedicatedSystem/SharedSystem, Outputs:0, VendorId:0x1414
[2020.01.17-16.06.40:964][  0]LogD3D11RHI: Chosen D3D11 Adapter: 0
[2020.01.17-16.06.41:048][  0]LogD3D11RHI: Creating new Direct3DDevice
[2020.01.17-16.06.41:048][  0]LogD3D11RHI:     GPU DeviceId: 0x1f91 (for the marketing name, search the web for "GPU Device Id")
[2020.01.17-16.06.41:048][  0]LogWindows: EnumDisplayDevices:
[2020.01.17-16.06.41:048][  0]LogWindows:    0. 'Intel(R) UHD Graphics 630' (P:1 D:1)
[2020.01.17-16.06.41:049][  0]LogWindows:    1. 'Intel(R) UHD Graphics 630' (P:0 D:0)
[2020.01.17-16.06.41:050][  0]LogWindows:    2. 'Intel(R) UHD Graphics 630' (P:0 D:0)
[2020.01.17-16.06.41:050][  0]LogWindows: DebugString: PrimaryIsNotTheChoosenAdapter PrimaryIsNotTheChoosenAdapter PrimaryIsNotTheChoosenAdapter FoundDriverCount:0 
[2020.01.17-16.06.41:050][  0]LogD3D11RHI:     Adapter Name: NVIDIA GeForce GTX 1650
[2020.01.17-16.06.41:050][  0]LogD3D11RHI:   Driver Version: Unknown (internal:Unknown, unified:Unknown)
[2020.01.17-16.06.41:050][  0]LogD3D11RHI:      Driver Date: Unknown
[2020.01.17-16.06.41:050][  0]LogRHI: Texture pool is 2773 MB (70% of 3962 MB)
[2020.01.17-16.06.41:106][  0]LogD3D11RHI: Async texture creation enabled
[2020.01.17-16.06.41:125][  0]LogD3D11RHI: GPU Timing Frequency: 1000.000000 (Debug: 2 1)
[2020.01.17-16.06.41:127][  0]LogShaderCompilers: Guid format shader working directory is -23 characters bigger than the processId version (../../../../../../Users/torra/Documents/Unreal Projects/ProjektAdamK/Intermediate/Shaders/WorkingDirectory/11884/).
[2020.01.17-16.06.41:127][  0]LogShaderCompilers: Cleaned the shader compiler working directory 'C:/Users/torra/AppData/Local/Temp/UnrealShaderWorkingDir/D05029494B527053FA2EABAAC14D3D03/'.
[2020.01.17-16.06.42:069][  0]LogTemp: Display: Loaded TP AllDesktopTargetPlatform
[2020.01.17-16.06.42:117][  0]LogTemp: Display: Loaded TP MacClientTargetPlatform
[2020.01.17-16.06.42:152][  0]LogTemp: Display: Loaded TP MacNoEditorTargetPlatform
[2020.01.17-16.06.42:175][  0]LogTemp: Display: Loaded TP MacServerTargetPlatform
[2020.01.17-16.06.42:207][  0]LogTemp: Display: Loaded TP MacTargetPlatform
[2020.01.17-16.06.42:256][  0]LogTemp: Display: Loaded TP WindowsClientTargetPlatform
[2020.01.17-16.06.42:307][  0]LogTemp: Display: Loaded TP WindowsNoEditorTargetPlatform
[2020.01.17-16.06.42:336][  0]LogTemp: Display: Loaded TP WindowsServerTargetPlatform
[2020.01.17-16.06.42:350][  0]LogTemp: Display: Loaded TP WindowsTargetPlatform
[2020.01.17-16.06.42:454][  0]LogTemp: Display: Loaded TP AndroidTargetPlatform
[2020.01.17-16.06.42:454][  0]LogTemp: Display: Loaded TP AndroidTargetPlatform
[2020.01.17-16.06.42:454][  0]LogTemp: Display: Loaded TP AndroidTargetPlatform
[2020.01.17-16.06.42:454][  0]LogTemp: Display: Loaded TP AndroidTargetPlatform
[2020.01.17-16.06.42:454][  0]LogTemp: Display: Loaded TP AndroidTargetPlatform
[2020.01.17-16.06.42:454][  0]LogTemp: Display: Loaded TP AndroidTargetPlatform
[2020.01.17-16.06.42:454][  0]LogTemp: Display: Loaded TP AndroidTargetPlatform
[2020.01.17-16.06.42:454][  0]LogTemp: Display: Loaded TP AndroidTargetPlatform
[2020.01.17-16.06.42:454][  0]LogTemp: Display: Loaded TP AndroidTargetPlatform
[2020.01.17-16.06.42:454][  0]LogTemp: Display: Loaded TP AndroidTargetPlatform
[2020.01.17-16.06.42:454][  0]LogTemp: Display: Loaded TP AndroidTargetPlatform
[2020.01.17-16.06.42:454][  0]LogTemp: Display: Loaded TP AndroidTargetPlatform
[2020.01.17-16.06.42:454][  0]LogTemp: Display: Loaded TP AndroidTargetPlatform
[2020.01.17-16.06.42:454][  0]LogTemp: Display: Loaded TP AndroidTargetPlatform
[2020.01.17-16.06.42:454][  0]LogTemp: Display: Loaded TP AndroidTargetPlatform
[2020.01.17-16.06.42:454][  0]LogTemp: Display: Loaded TP AndroidTargetPlatform
[2020.01.17-16.06.42:454][  0]LogTemp: Display: Loaded TP AndroidTargetPlatform
[2020.01.17-16.06.42:454][  0]LogTemp: Display: Loaded TP AndroidTargetPlatform
[2020.01.17-16.06.42:455][  0]LogTemp: Display: Loaded TP HTML5TargetPlatform
[2020.01.17-16.06.42:517][  0]LogTemp: Display: Loaded TP IOSTargetPlatform
[2020.01.17-16.06.42:517][  0]LogTemp: Display: Loaded TP IOSTargetPlatform
[2020.01.17-16.06.42:578][  0]LogTemp: Display: Loaded TP TVOSTargetPlatform
[2020.01.17-16.06.42:578][  0]LogTemp: Display: Loaded TP TVOSTargetPlatform
[2020.01.17-16.06.42:602][  0]LogTemp: Display: Loaded TP LinuxClientTargetPlatform
[2020.01.17-16.06.42:619][  0]LogTemp: Display: Loaded TP LinuxNoEditorTargetPlatform
[2020.01.17-16.06.42:631][  0]LogTemp: Display: Loaded TP LinuxServerTargetPlatform
[2020.01.17-16.06.42:643][  0]LogTemp: Display: Loaded TP LinuxTargetPlatform
[2020.01.17-16.06.42:651][  0]LogTemp: Display: Loaded TP LuminTargetPlatform
[2020.01.17-16.06.42:651][  0]LogTargetPlatformManager: Display: Building Assets For Windows
[2020.01.17-16.06.42:723][  0]LogXGEController: Cannot use XGE Controller as Incredibuild is not installed on this machine.
[2020.01.17-16.06.42:723][  0]LogShaderCompilers: Cannot use XGE Shader Compiler as Incredibuild is not installed on this machine.
[2020.01.17-16.06.42:723][  0]LogShaderCompilers: Display: Using Local Shader Compiler.
[2020.01.17-16.06.43:425][  0]LogDerivedDataCache: Display: Max Cache Size: 512 MB
[2020.01.17-16.06.43:476][  0]LogDerivedDataCache: Loaded boot cache 0.05s 71MB C:/Users/torra/AppData/Local/UnrealEngine/4.20/DerivedDataCache/Boot.ddc.
[2020.01.17-16.06.43:477][  0]LogDerivedDataCache: Display: Loaded Boot cache: C:/Users/torra/AppData/Local/UnrealEngine/4.20/DerivedDataCache/Boot.ddc
[2020.01.17-16.06.43:477][  0]LogDerivedDataCache: FDerivedDataBackendGraph:  Pak pak cache file ../../../../../../Users/torra/Documents/Unreal Projects/ProjektAdamK/DerivedDataCache/DDC.ddp not found, will not use a pak cache.
[2020.01.17-16.06.43:477][  0]LogDerivedDataCache: Unable to find inner node Pak for hierarchical cache Hierarchy.
[2020.01.17-16.06.43:477][  0]LogDerivedDataCache: FDerivedDataBackendGraph:  CompressedPak pak cache file ../../../../../../Users/torra/Documents/Unreal Projects/ProjektAdamK/DerivedDataCache/Compressed.ddp not found, will not use a pak cache.
[2020.01.17-16.06.43:477][  0]LogDerivedDataCache: Unable to find inner node CompressedPak for hierarchical cache Hierarchy.
[2020.01.17-16.06.43:491][  0]LogDerivedDataCache: Display: Pak cache opened for reading ../../../Engine/DerivedDataCache/Compressed.ddp.
[2020.01.17-16.06.43:504][  0]LogDerivedDataCache: Using Local data cache path C:/Users/torra/AppData/Local/UnrealEngine/Common/DerivedDataCache: Writable
[2020.01.17-16.06.43:504][  0]LogDerivedDataCache: Shared data cache path not found in *engine.ini, will not use an Shared cache.
[2020.01.17-16.06.43:504][  0]LogDerivedDataCache: Unable to find inner node Shared for hierarchical cache Hierarchy.
[2020.01.17-16.06.43:522][  0]LogMaterial: Verifying Global Shaders for PCD3D_SM5
[2020.01.17-16.06.43:524][  0]LogSlate: Using FreeType 2.6.0
[2020.01.17-16.06.43:524][  0]LogSlate: SlateFontServices - WITH_FREETYPE: 1, WITH_HARFBUZZ: 1
[2020.01.17-16.06.43:602][  0]LogAssetRegistry: FAssetRegistry took 0.0257 seconds to start up
[2020.01.17-16.06.43:890][  0]LogInit: Selected Device Profile: [Windows]
[2020.01.17-16.06.44:018][  0]LogSimplygon: Simplygon DLL not present - disabling.
[2020.01.17-16.06.44:022][  0]LogMeshReduction: Using SimplygonSwarm for distributed automatic mesh merging
[2020.01.17-16.06.44:022][  0]LogMeshReduction: Using ProxyLODMeshReduction for automatic mesh merging
[2020.01.17-16.06.44:022][  0]LogMeshReduction: Using QuadricMeshReduction for automatic static mesh reduction
[2020.01.17-16.06.44:022][  0]LogMeshReduction: No automatic skeletal mesh reduction module available
[2020.01.17-16.06.44:043][  0]LogNetVersion: ProjektAdamK 1.0.0, NetCL: 4212847, EngineNetVer: 5, GameNetVer: 0 (Checksum: 1935249037)
[2020.01.17-16.06.44:572][  0]LogPackageLocalizationCache: Processed 11 localized package path(s) for 2 prioritized culture(s) in 0.099438 seconds
[2020.01.17-16.06.44:578][  0]LogUObjectArray: 38425 objects as part of root set at end of initial load.
[2020.01.17-16.06.44:578][  0]LogUObjectAllocator: 6690872 out of 0 bytes used by permanent object pool.
[2020.01.17-16.06.44:578][  0]LogUObjectArray: CloseDisregardForGC: 0/0 objects in disregard for GC pool
[2020.01.17-16.06.45:688][  0]LogTcpMessaging: Initializing TcpMessaging bridge
[2020.01.17-16.06.45:702][  0]LogUdpMessaging: Initializing bridge on interface 0.0.0.0:0 to multicast group 230.0.0.1:6666.
[2020.01.17-16.06.45:703][  0]FUdpSocketBuilder: Failed to subscribe UdpMessageMulticastSocket to multicast group 230.0.0.1
[2020.01.17-16.06.45:703][  0]FUdpSocketBuilder: Failed to create and initialize socket UdpMessageMulticastSocket (last error: 0)
[2020.01.17-16.06.45:703][  0]LogUdpMessaging: Warning: StartTransport failed to create multicast socket on 0.0.0.0:0, joined to 230.0.0.1:6666 with TTL 1
[2020.01.17-16.06.45:846][  0]SourceControl: Source control is disabled
[2020.01.17-16.06.45:846][  0]SourceControl: Source control is disabled
[2020.01.17-16.06.45:847][  0]SourceControl: Source control is disabled
[2020.01.17-16.06.45:849][  0]SourceControl: Source control is disabled
[2020.01.17-16.06.46:056][  0]LogAndroidPermission: UAndroidPermissionCallbackProxy::GetInstance
[2020.01.17-16.06.46:340][  0]LogOcInput: OculusInput pre-init called
[2020.01.17-16.06.46:455][  0]LogEngine: Initializing Engine...
[2020.01.17-16.06.46:456][  0]LogHMD: Failed to initialize OpenVR with code 110
[2020.01.17-16.06.46:457][  0]LogStats: UGameplayTagsManager::ConstructGameplayTagTree: ImportINI prefixes -  0.000 s
[2020.01.17-16.06.46:457][  0]LogStats: UGameplayTagsManager::ConstructGameplayTagTree: Construct from data asset -  0.000 s
[2020.01.17-16.06.46:457][  0]LogStats: UGameplayTagsManager::ConstructGameplayTagTree: ImportINI -  0.000 s
[2020.01.17-16.06.46:457][  0]LogStats: UGameplayTagsManager::ConstructGameplayTagTree: GameplayTagTreeChangedEvent.Broadcast -  0.000 s
[2020.01.17-16.06.46:732][  0]LogInit: Initializing FReadOnlyCVARCache
[2020.01.17-16.06.46:746][  0]LogAIModule: Creating AISystem for world Untitled
[2020.01.17-16.06.46:775][  0]LogInit: XAudio2 using 'Głośniki (Realtek(R) Audio)' : 2 channels at 48 kHz using 32 bits per sample (channel mask 0x3)
[2020.01.17-16.06.47:147][  0]LogInit: FAudioDevice initialized.
[2020.01.17-16.06.47:148][  0]LogNetVersion: Set ProjectVersion to 1.0.0.0. Version Checksum will be recalculated on next use.
[2020.01.17-16.06.47:311][  0]LogDerivedDataCache: Saved boot cache 0.16s 71MB C:/Users/torra/AppData/Local/UnrealEngine/4.20/DerivedDataCache/Boot.ddc.
[2020.01.17-16.06.47:334][  0]LogInit: Texture streaming: Enabled
[2020.01.17-16.06.47:412][  0]LogEngineSessionManager: EngineSessionManager initialized
[2020.01.17-16.06.47:412][  0]LogEngineSessionManager: EngineSessionManager sent abnormal shutdown report. Type=Crashed, SessionId={C6ED91FE-4497-02C1-66D2-77B5AC328193}
[2020.01.17-16.06.47:458][  0]LogInit: Transaction tracking system initialized
[2020.01.17-16.06.47:511][  0]BlueprintLog: New page: Editor Load
[2020.01.17-16.06.47:598][  0]LocalizationService: Localization service is disabled
[2020.01.17-16.06.47:898][  0]LogCook: Display: Max memory allowance for cook 16384mb min free memory 0mb
[2020.01.17-16.06.47:898][  0]LogCook: Display: Mobile HDR setting 1
[2020.01.17-16.06.47:898][  0]LogGameplayTags: Display: UGameplayTagsManager::DoneAddingNativeTags. DelegateIsBound: 0
[2020.01.17-16.06.47:898][  0]LogStats: UGameplayTagsManager::ConstructGameplayTagTree: ImportINI prefixes -  0.000 s
[2020.01.17-16.06.47:898][  0]LogStats: UGameplayTagsManager::ConstructGameplayTagTree: Construct from data asset -  0.000 s
[2020.01.17-16.06.47:899][  0]LogStats: UGameplayTagsManager::ConstructGameplayTagTree: ImportINI -  0.000 s
[2020.01.17-16.06.47:899][  0]LogStats: UGameplayTagsManager::ConstructGameplayTagTree: GameplayTagTreeChangedEvent.Broadcast -  0.000 s
[2020.01.17-16.06.48:042][  0]LogFileCache: Scanning file cache for directory 'C:/Users/torra/Documents/Unreal Projects/ProjektAdamK/Content/' took 0.02s
[2020.01.17-16.06.48:042][  0]SourceControl: Source control is disabled
[2020.01.17-16.06.48:043][  0]Cmd: MAP LOAD FILE="../../../../../../Users/torra/Documents/Unreal Projects/ProjektAdamK/Content/StarterContent/Maps/Minimal_Default.umap" TEMPLATE=0 SHOWPROGRESS=1 FEATURELEVEL=3
[2020.01.17-16.06.48:043][  0]LightingResults: New page: Lighting Build
[2020.01.17-16.06.48:046][  0]MapCheck: New page: Map Check
[2020.01.17-16.06.48:046][  0]LightingResults: New page: Lighting Build
[2020.01.17-16.06.48:478][  0]LogAIModule: Creating AISystem for world Minimal_Default
[2020.01.17-16.06.48:486][  0]LogEditorServer: Finished looking for orphan Actors (0.000 secs)
[2020.01.17-16.06.48:513][  0]Cmd: MAP CHECKDEP NOCLEARLOG
[2020.01.17-16.06.48:591][  0]MapCheck: Map check complete: 0 Error(s), 0 Warning(s), took 77,009ms to complete.
[2020.01.17-16.06.48:591][  0]LogFileHelpers: Loading map 'Minimal_Default' took 0.548
[2020.01.17-16.06.48:850][  0]LogSlate: Updating window title bar state: overlay mode, drag disabled, window buttons hidden, title bar hidden
[2020.01.17-16.06.48:859][  0]LogSlate: Updating window title bar state: overlay mode, drag disabled, window buttons hidden, title bar hidden
[2020.01.17-16.06.48:866][  0]LogSlate: Updating window title bar state: overlay mode, drag disabled, window buttons hidden, title bar hidden
[2020.01.17-16.06.48:874][  0]LogSlate: Updating window title bar state: overlay mode, drag disabled, window buttons hidden, title bar hidden
[2020.01.17-16.06.48:881][  0]LogCollectionManager: Loaded 0 collections in 0.002272 seconds
[2020.01.17-16.06.48:941][  0]LogFileCache: Scanning file cache for directory 'C:/Users/torra/Documents/Unreal Projects/ProjektAdamK/Saved/Collections/' took 0.01s
[2020.01.17-16.06.48:941][  0]LogFileCache: Scanning file cache for directory 'C:/Users/torra/Documents/Unreal Projects/ProjektAdamK/Content/Developers/torra/Collections/' took 0.01s
[2020.01.17-16.06.48:941][  0]LogFileCache: Scanning file cache for directory 'C:/Users/torra/Documents/Unreal Projects/ProjektAdamK/Content/Collections/' took 0.01s
[2020.01.17-16.06.48:941][  0]LogCollectionManager: Rebuilt the GUID cache for 0 collections in 0.000001 seconds
[2020.01.17-16.06.48:973][  0]LogContentBrowser: Native class hierarchy populated in 0.0309 seconds. Added 2572 classes and 603 folders.
[2020.01.17-16.06.48:989][  0]LogContentBrowser: Native class hierarchy updated for 'WidgetCarousel' in 0.0005 seconds. Added 0 classes and 0 folders.
[2020.01.17-16.06.49:104][  0]LogContentBrowser: Native class hierarchy updated for 'AddContentDialog' in 0.0003 seconds. Added 0 classes and 0 folders.
[2020.01.17-16.06.49:108][  0]LogContentBrowser: Native class hierarchy updated for 'SceneOutliner' in 0.0002 seconds. Added 1 classes and 2 folders.
[2020.01.17-16.06.49:122][  0]LogSlate: Took 0.000264 seconds to synchronously load lazily loaded font '../../../Engine/Content/Slate/Fonts/Roboto-Regular.ttf' (155K)
[2020.01.17-16.06.49:125][  0]LogSlate: Took 0.000227 seconds to synchronously load lazily loaded font '../../../Engine/Content/Slate/Fonts/Roboto-Bold.ttf' (160K)
[2020.01.17-16.06.49:131][  0]LogSlate: Took 0.000256 seconds to synchronously load lazily loaded font '../../../Engine/Content/Editor/Slate/Fonts/FontAwesome.ttf' (139K)
[2020.01.17-16.06.49:242][  0]LogRenderer: Reallocating scene render targets to support 964x488 Format 10 NumSamples 1 (Frame:1).
[2020.01.17-16.06.49:393][  0]LogContentBrowser: Native class hierarchy updated for 'HierarchicalLODOutliner' in 0.0008 seconds. Added 0 classes and 0 folders.
[2020.01.17-16.06.49:394][  0]LogLoad: (Engine Initialization) Total time: 11.71 seconds
[2020.01.17-16.06.49:394][  0]LogLoad: (Engine Initialization) Total Blueprint compile time: 0.00 seconds
[2020.01.17-16.06.49:451][  0]LogContentStreaming: Texture pool size now 1000 MB
[2020.01.17-16.06.49:484][  0]LogSlate: Took 0.000432 seconds to synchronously load lazily loaded font '../../../Engine/Content/Slate/Fonts/Roboto-Light.ttf' (167K)
[2020.01.17-16.06.49:692][  2]LogAssetRegistry: Asset discovery search completed in 6.1121 seconds
[2020.01.17-16.06.49:694][  2]LogCollectionManager: Rebuilt the object cache for 0 collections in 0.000000 seconds (found 0 objects)
[2020.01.17-16.06.49:694][  2]LogCollectionManager: Fixed up redirectors for 0 collections in 0.000056 seconds (updated 0 objects)
[2020.01.17-16.06.50:527][ 27]LogSlate: Took 0.000654 seconds to synchronously load lazily loaded font '../../../Engine/Content/Slate/Fonts/Roboto-Light.ttf' (167K)
[2020.01.17-16.06.52:106][ 63]LogSlate: FSceneViewport::OnFocusLost() reason 2
[2020.01.17-16.06.55:647][121]LogSlate: FSceneViewport::OnFocusLost() reason 2
[2020.01.17-16.06.56:192][121]LogD3D11RHI: Timed out while waiting for GPU to catch up. (0.5 s)
