Log file open, 01/17/20 17:04:16
LogWindows: Failed to load 'aqProf.dll' (GetLastError=126)
LogWindows: File 'aqProf.dll' does not exist
LogWindows: Failed to load 'VSPerf140.dll' (GetLastError=126)
LogWindows: File 'VSPerf140.dll' does not exist
LogWindows: Failed to load 'VtuneApi.dll' (GetLastError=126)
LogWindows: File 'VtuneApi.dll' does not exist
LogWindows: Failed to load 'VtuneApi32e.dll' (GetLastError=126)
LogWindows: File 'VtuneApi32e.dll' does not exist
LogInit: Display: Running engine for game: ProjektAdamK
LogPlatformFile: Not using cached read wrapper
LogTaskGraph: Started task graph with 5 named threads and 35 total threads with 3 sets of task threads.
LogStats: Stats thread started at 0.513017
LogD3D11RHI: Loaded GFSDK_Aftermath_Lib.x64.dll
LogICUInternationalization: Display: ICU TimeZone Detection - Raw Offset: +1:00, Platform Override: ''
LogPluginManager: Mounting plugin Paper2D
LogPluginManager: Mounting plugin AISupport
LogPluginManager: Mounting plugin LightPropagationVolume
LogPluginManager: Mounting plugin CLionSourceCodeAccess
LogPluginManager: Mounting plugin CodeLiteSourceCodeAccess
LogPluginManager: Mounting plugin GitSourceControl
LogPluginManager: Mounting plugin KDevelopSourceCodeAccess
LogPluginManager: Mounting plugin NullSourceCodeAccess
LogPluginManager: Mounting plugin PerforceSourceControl
LogPluginManager: Mounting plugin SubversionSourceControl
LogPluginManager: Mounting plugin UObjectPlugin
LogPluginManager: Mounting plugin VisualStudioCodeSourceCodeAccess
LogPluginManager: Mounting plugin VisualStudioSourceCodeAccess
LogPluginManager: Mounting plugin XCodeSourceCodeAccess
LogPluginManager: Mounting plugin AssetManagerEditor
LogPluginManager: Mounting plugin CryptoKeys
LogPluginManager: Mounting plugin DataValidation
LogPluginManager: Mounting plugin FacialAnimation
LogPluginManager: Mounting plugin GameplayTagsEditor
LogPluginManager: Mounting plugin MacGraphicsSwitching
LogPluginManager: Mounting plugin MeshEditor
LogPluginManager: Mounting plugin MobileLauncherProfileWizard
LogPluginManager: Mounting plugin PluginBrowser
LogPluginManager: Mounting plugin SpeedTreeImporter
LogPluginManager: Mounting plugin DatasmithContent
LogPluginManager: Mounting plugin AlembicImporter
LogPluginManager: Mounting plugin AppleImageUtils
LogPluginManager: Mounting plugin AppleVision
LogPluginManager: Mounting plugin BackChannel
LogPluginManager: Mounting plugin CharacterAI
LogPluginManager: Mounting plugin GeometryCache
LogPluginManager: Mounting plugin HTML5Networking
LogPluginManager: Mounting plugin ProxyLODPlugin
LogPluginManager: Mounting plugin MagicLeap
LogPluginManager: Mounting plugin MagicLeapEmulator
LogPluginManager: Mounting plugin MagicLeapMedia
LogPluginManager: Mounting plugin AndroidMedia
LogPluginManager: Mounting plugin AvfMedia
LogPluginManager: Mounting plugin ImgMedia
LogPluginManager: Mounting plugin LinearTimecode
LogPluginManager: Mounting plugin MediaCompositing
LogPluginManager: Mounting plugin MediaPlayerEditor
LogPluginManager: Mounting plugin WmfMedia
LogPluginManager: Mounting plugin TcpMessaging
LogPluginManager: Mounting plugin UdpMessaging
LogPluginManager: Mounting plugin ActorSequence
LogPluginManager: Mounting plugin LevelSequenceEditor
LogPluginManager: Mounting plugin MatineeToLevelSequence
LogPluginManager: Mounting plugin NetcodeUnitTest
LogPluginManager: Mounting plugin NUTUnrealEngine4
LogPluginManager: Mounting plugin OnlineSubsystemGooglePlay
LogPluginManager: Mounting plugin OnlineSubsystemIOS
LogPluginManager: Mounting plugin OnlineSubsystem
LogPluginManager: Mounting plugin OnlineSubsystemNull
LogPluginManager: Mounting plugin OnlineSubsystemUtils
LogPluginManager: Mounting plugin LauncherChunkInstaller
LogPluginManager: Mounting plugin AndroidDeviceProfileSelector
LogPluginManager: Mounting plugin AndroidMoviePlayer
LogPluginManager: Mounting plugin AndroidPermission
LogPluginManager: Mounting plugin AppleMoviePlayer
LogPluginManager: Mounting plugin ArchVisCharacter
LogPluginManager: Mounting plugin AudioCapture
LogPluginManager: Mounting plugin CableComponent
LogPluginManager: Mounting plugin CustomMeshComponent
LogPluginManager: Mounting plugin EditableMesh
LogPluginManager: Mounting plugin ExampleDeviceProfileSelector
LogPluginManager: Mounting plugin GoogleCloudMessaging
LogPluginManager: Mounting plugin ImmediatePhysics
LogPluginManager: Mounting plugin IOSDeviceProfileSelector
LogPluginManager: Mounting plugin LinuxDeviceProfileSelector
LogPluginManager: Mounting plugin LocationServicesBPLibrary
LogPluginManager: Mounting plugin MobilePatchingUtils
LogPluginManager: Mounting plugin OculusVR
LogPluginManager: Plugin shader directory ../../../Engine/Plugins/Runtime/Oculus/OculusVR/Shaders found
LogPluginManager: Mapping shader source directory ../../../Engine/Plugins/Runtime/Oculus/OculusVR/Shaders to virtual directory /Plugin/OculusVR
LogPluginManager: Mounting plugin PhysXVehicles
LogPluginManager: Mounting plugin ProceduralMeshComponent
LogPluginManager: Mounting plugin RuntimePhysXCooking
LogPluginManager: Mounting plugin SteamVR
LogPluginManager: Mounting plugin WindowsMoviePlayer
LogStreaming: Display: Took  0.420s to configure plugins.
LogInit: Using libcurl 7.55.1-DEV
LogInit:  - built for x86_64-pc-win32
LogInit:  - supports SSL with OpenSSL/1.0.2h
LogInit:  - supports HTTP deflate (compression) using libz 1.2.8
LogInit:  - other features:
LogInit:      CURL_VERSION_SSL
LogInit:      CURL_VERSION_LIBZ
LogInit:      CURL_VERSION_IPV6
LogInit:      CURL_VERSION_ASYNCHDNS
LogInit:      CURL_VERSION_LARGEFILE
LogInit:      CURL_VERSION_IDN
LogInit:  CurlRequestOptions (configurable via config and command line):
LogInit:  - bVerifyPeer = false  - Libcurl will NOT verify peer certificate
LogInit:  - bUseHttpProxy = false  - Libcurl will NOT use HTTP proxy
LogInit:  - bDontReuseConnections = false  - Libcurl will reuse connections
LogInit:  - CertBundlePath = nullptr  - Libcurl will use whatever was configured at build time.
LogInit:  - MaxHostConnections = 16  - Libcurl will limit the number of connections to a host
LogInit:  - LocalHostAddr = Default
LogInit:  - BufferSize = 65536
LogInit: WinSock: version 1.1 (2.2), MaxSocks=32767, MaxUdp=65467
LogInit: Build: ++UE4+Release-4.20-CL-4369336
LogInit: Engine Version: 4.20.3-4369336+++UE4+Release-4.20
LogInit: Compatible Engine Version: 4.20.0-4212847+++UE4+Release-4.20
LogInit: Net CL: 4212847
LogInit: OS: Windows 10 (), CPU: Intel(R) Core(TM) i7-8750H CPU @ 2.20GHz, GPU: Intel(R) UHD Graphics 630
LogInit: Compiled (64-bit): Sep 17 2018 12:26:19
LogInit: Compiled with Visual C++: 19.13.26129.00
LogInit: Build Configuration: Development
LogInit: Branch Name: ++UE4+Release-4.20
LogInit: Command Line: 
LogInit: Base Directory: C:/Program Files/Epic Games/UE_4.20/Engine/Binaries/Win64/
LogInit: Installed Engine Build: 1
LogDevObjectVersion: Number of dev versions registered: 20
LogDevObjectVersion:   Dev-Blueprints (B0D832E4-1F89-4F0D-ACCF-7EB736FD4AA2): 10
LogDevObjectVersion:   Dev-Build (E1C64328-A22C-4D53-A36C-8E866417BD8C): 0
LogDevObjectVersion:   Dev-Core (375EC13C-06E4-48FB-B500-84F0262A717E): 2
LogDevObjectVersion:   Dev-Editor (E4B068ED-F494-42E9-A231-DA0B2E46BB41): 24
LogDevObjectVersion:   Dev-Framework (CFFC743F-43B0-4480-9391-14DF171D2073): 34
LogDevObjectVersion:   Dev-Mobile (B02B49B5-BB20-44E9-A304-32B752E40360): 2
LogDevObjectVersion:   Dev-Networking (A4E4105C-59A1-49B5-A7C5-40C4547EDFEE): 0
LogDevObjectVersion:   Dev-Online (39C831C9-5AE6-47DC-9A44-9C173E1C8E7C): 0
LogDevObjectVersion:   Dev-Physics (78F01B33-EBEA-4F98-B9B4-84EACCB95AA2): 0
LogDevObjectVersion:   Dev-Platform (6631380F-2D4D-43E0-8009-CF276956A95A): 0
LogDevObjectVersion:   Dev-Rendering (12F88B9F-8875-4AFC-A67C-D90C383ABD29): 26
LogDevObjectVersion:   Dev-Sequencer (7B5AE74C-D270-4C10-A958-57980B212A5A): 9
LogDevObjectVersion:   Dev-VR (D7296918-1DD6-4BDD-9DE2-64A83CC13884): 2
LogDevObjectVersion:   Dev-LoadTimes (C2A15278-BFE7-4AFE-6C17-90FF531DF755): 1
LogDevObjectVersion:   Private-Geometry (6EACA3D4-40EC-4CC1-B786-8BED09428FC5): 3
LogDevObjectVersion:   Dev-AnimPhys (29E575DD-E0A3-4627-9D10-D276232CDCEA): 17
LogDevObjectVersion:   Dev-ReflectionCapture (6B266CEC-1EC7-4B8F-A30B-E4D90942FC07): 1
LogDevObjectVersion:   Dev-Automation (0DF73D61-A23F-47EA-B727-89E90C41499A): 1
LogDevObjectVersion:   FortniteMain (601D1886-AC64-4F84-AA16-D3DE0DEAC7D6): 12
LogDevObjectVersion:   Dev-Enterprise (9DFFBCD6-494F-0158-E221-12823C92A888): 1
LogStreaming: Display: Took  0.001s to delete old logs.
LogInit: Presizing for max 8388607 objects, including 0 objects not considered by GC, pre-allocating 0 bytes for permanent pool.
LogInit: Object subsystem initialized
[2020.01.17-16.04.17:151][  0]LogInit: Selected Device Profile: [Windows]
[2020.01.17-16.04.17:151][  0]LogInit: Applying CVar settings loaded from the selected device profile: [Windows]
[2020.01.17-16.04.17:187][  0]LogHAL: Display: Platform has ~ 16 GB [17015590912 / 17179869184 / 16], which maps to Larger [LargestMinGB=32, LargerMinGB=12, DefaultMinGB=8, SmallerMinGB=6, SmallestMinGB=0)
[2020.01.17-16.04.17:187][  0]LogInit: Setting Device Profile CVar: [[r.Vulkan.UseRealUBs:1]]
[2020.01.17-16.04.17:187][  0]LogInit: Going up to parent DeviceProfile []
[2020.01.17-16.04.17:188][  0]LogInit: Computer: DESKTOP-UNUEO59
[2020.01.17-16.04.17:188][  0]LogInit: User: torra
[2020.01.17-16.04.17:188][  0]LogInit: CPU Page size=4096, Cores=6
[2020.01.17-16.04.17:188][  0]LogInit: High frequency timer resolution =10.000000 MHz
[2020.01.17-16.04.17:189][  0]LogMemory: Memory total: Physical=15.8GB (16GB approx)
[2020.01.17-16.04.17:189][  0]LogMemory: Platform Memory Stats for Windows
[2020.01.17-16.04.17:189][  0]LogMemory: Process Physical Memory: 101.57 MB used, 101.57 MB peak
[2020.01.17-16.04.17:189][  0]LogMemory: Process Virtual Memory: 85.95 MB used, 85.95 MB peak
[2020.01.17-16.04.17:189][  0]LogMemory: Physical Memory: 7257.48 MB used,  8969.86 MB free, 16227.33 MB total
[2020.01.17-16.04.17:189][  0]LogMemory: Virtual Memory: 4640.64 MB used,  8969.86 MB free, 134217728.00 MB total
[2020.01.17-16.04.17:271][  0]LogInit: Using OS detected language (pl-PL).
[2020.01.17-16.04.17:271][  0]LogInit: Using OS detected locale (pl-PL).
[2020.01.17-16.04.17:276][  0]LogTextLocalizationManager: No specific localization for 'pl-PL' exists, so the 'pl' localization will be used.
[2020.01.17-16.04.17:284][  0]LogStreaming: Display: Took  0.014s to InitEngineTextLocalization.
[2020.01.17-16.04.17:436][  0]LogSlate: New Slate User Created.  User Index 0, Is Virtual User: 0
[2020.01.17-16.04.17:436][  0]LogSlate: Slate User Registered.  User Index 0, Is Virtual User: 0
[2020.01.17-16.04.17:982][  0]LogHMD: Failed to initialize OpenVR with code 110
[2020.01.17-16.04.17:982][  0]LogD3D11RHI: D3D11 adapters:
[2020.01.17-16.04.18:091][  0]LogD3D11RHI:    0. 'NVIDIA GeForce GTX 1650' (Feature Level 11_0)
[2020.01.17-16.04.18:091][  0]LogD3D11RHI:       3962/0/8113 MB DedicatedVideo/DedicatedSystem/SharedSystem, Outputs:1, VendorId:0x10de
[2020.01.17-16.04.18:112][  0]LogD3D11RHI:    1. 'Intel(R) UHD Graphics 630' (Feature Level 11_0)
[2020.01.17-16.04.18:112][  0]LogD3D11RHI:       128/0/8113 MB DedicatedVideo/DedicatedSystem/SharedSystem, Outputs:0, VendorId:0x8086
[2020.01.17-16.04.18:114][  0]LogD3D11RHI:    2. 'Microsoft Basic Render Driver' (Feature Level 11_0)
[2020.01.17-16.04.18:114][  0]LogD3D11RHI:       0/0/8113 MB DedicatedVideo/DedicatedSystem/SharedSystem, Outputs:0, VendorId:0x1414
[2020.01.17-16.04.18:114][  0]LogD3D11RHI: Chosen D3D11 Adapter: 0
[2020.01.17-16.04.18:155][  0]LogD3D11RHI: Creating new Direct3DDevice
[2020.01.17-16.04.18:155][  0]LogD3D11RHI:     GPU DeviceId: 0x1f91 (for the marketing name, search the web for "GPU Device Id")
[2020.01.17-16.04.18:155][  0]LogWindows: EnumDisplayDevices:
[2020.01.17-16.04.18:155][  0]LogWindows:    0. 'Intel(R) UHD Graphics 630' (P:1 D:1)
[2020.01.17-16.04.18:155][  0]LogWindows:    1. 'Intel(R) UHD Graphics 630' (P:0 D:0)
[2020.01.17-16.04.18:156][  0]LogWindows:    2. 'Intel(R) UHD Graphics 630' (P:0 D:0)
[2020.01.17-16.04.18:156][  0]LogWindows: DebugString: PrimaryIsNotTheChoosenAdapter PrimaryIsNotTheChoosenAdapter PrimaryIsNotTheChoosenAdapter FoundDriverCount:0 
[2020.01.17-16.04.18:156][  0]LogD3D11RHI:     Adapter Name: NVIDIA GeForce GTX 1650
[2020.01.17-16.04.18:156][  0]LogD3D11RHI:   Driver Version: Unknown (internal:Unknown, unified:Unknown)
[2020.01.17-16.04.18:156][  0]LogD3D11RHI:      Driver Date: Unknown
[2020.01.17-16.04.18:156][  0]LogRHI: Texture pool is 2773 MB (70% of 3962 MB)
[2020.01.17-16.04.18:220][  0]LogD3D11RHI: Async texture creation enabled
[2020.01.17-16.04.18:241][  0]LogD3D11RHI: GPU Timing Frequency: 1000.000000 (Debug: 2 1)
[2020.01.17-16.04.18:242][  0]LogShaderCompilers: Guid format shader working directory is -22 characters bigger than the processId version (../../../../../../Users/torra/Documents/Unreal Projects/ProjektAdamK/Intermediate/Shaders/WorkingDirectory/7672/).
[2020.01.17-16.04.18:243][  0]LogShaderCompilers: Cleaned the shader compiler working directory 'C:/Users/torra/AppData/Local/Temp/UnrealShaderWorkingDir/6C9D5E134ED19B775A466EBF7667A244/'.
[2020.01.17-16.04.19:041][  0]LogTemp: Display: Loaded TP AllDesktopTargetPlatform
[2020.01.17-16.04.19:070][  0]LogTemp: Display: Loaded TP MacClientTargetPlatform
[2020.01.17-16.04.19:096][  0]LogTemp: Display: Loaded TP MacNoEditorTargetPlatform
[2020.01.17-16.04.19:120][  0]LogTemp: Display: Loaded TP MacServerTargetPlatform
[2020.01.17-16.04.19:143][  0]LogTemp: Display: Loaded TP MacTargetPlatform
[2020.01.17-16.04.19:169][  0]LogTemp: Display: Loaded TP WindowsClientTargetPlatform
[2020.01.17-16.04.19:191][  0]LogTemp: Display: Loaded TP WindowsNoEditorTargetPlatform
[2020.01.17-16.04.19:214][  0]LogTemp: Display: Loaded TP WindowsServerTargetPlatform
[2020.01.17-16.04.19:225][  0]LogTemp: Display: Loaded TP WindowsTargetPlatform
[2020.01.17-16.04.19:354][  0]LogTemp: Display: Loaded TP AndroidTargetPlatform
[2020.01.17-16.04.19:354][  0]LogTemp: Display: Loaded TP AndroidTargetPlatform
[2020.01.17-16.04.19:354][  0]LogTemp: Display: Loaded TP AndroidTargetPlatform
[2020.01.17-16.04.19:354][  0]LogTemp: Display: Loaded TP AndroidTargetPlatform
[2020.01.17-16.04.19:354][  0]LogTemp: Display: Loaded TP AndroidTargetPlatform
[2020.01.17-16.04.19:354][  0]LogTemp: Display: Loaded TP AndroidTargetPlatform
[2020.01.17-16.04.19:354][  0]LogTemp: Display: Loaded TP AndroidTargetPlatform
[2020.01.17-16.04.19:354][  0]LogTemp: Display: Loaded TP AndroidTargetPlatform
[2020.01.17-16.04.19:354][  0]LogTemp: Display: Loaded TP AndroidTargetPlatform
[2020.01.17-16.04.19:354][  0]LogTemp: Display: Loaded TP AndroidTargetPlatform
[2020.01.17-16.04.19:354][  0]LogTemp: Display: Loaded TP AndroidTargetPlatform
[2020.01.17-16.04.19:354][  0]LogTemp: Display: Loaded TP AndroidTargetPlatform
[2020.01.17-16.04.19:354][  0]LogTemp: Display: Loaded TP AndroidTargetPlatform
[2020.01.17-16.04.19:354][  0]LogTemp: Display: Loaded TP AndroidTargetPlatform
[2020.01.17-16.04.19:354][  0]LogTemp: Display: Loaded TP AndroidTargetPlatform
[2020.01.17-16.04.19:354][  0]LogTemp: Display: Loaded TP AndroidTargetPlatform
[2020.01.17-16.04.19:354][  0]LogTemp: Display: Loaded TP AndroidTargetPlatform
[2020.01.17-16.04.19:354][  0]LogTemp: Display: Loaded TP AndroidTargetPlatform
[2020.01.17-16.04.19:354][  0]LogTemp: Display: Loaded TP HTML5TargetPlatform
[2020.01.17-16.04.19:429][  0]LogTemp: Display: Loaded TP IOSTargetPlatform
[2020.01.17-16.04.19:429][  0]LogTemp: Display: Loaded TP IOSTargetPlatform
[2020.01.17-16.04.19:498][  0]LogTemp: Display: Loaded TP TVOSTargetPlatform
[2020.01.17-16.04.19:498][  0]LogTemp: Display: Loaded TP TVOSTargetPlatform
[2020.01.17-16.04.19:520][  0]LogTemp: Display: Loaded TP LinuxClientTargetPlatform
[2020.01.17-16.04.19:539][  0]LogTemp: Display: Loaded TP LinuxNoEditorTargetPlatform
[2020.01.17-16.04.19:559][  0]LogTemp: Display: Loaded TP LinuxServerTargetPlatform
[2020.01.17-16.04.19:583][  0]LogTemp: Display: Loaded TP LinuxTargetPlatform
[2020.01.17-16.04.19:597][  0]LogTemp: Display: Loaded TP LuminTargetPlatform
[2020.01.17-16.04.19:597][  0]LogTargetPlatformManager: Display: Building Assets For Windows
[2020.01.17-16.04.19:694][  0]LogXGEController: Cannot use XGE Controller as Incredibuild is not installed on this machine.
[2020.01.17-16.04.19:694][  0]LogShaderCompilers: Cannot use XGE Shader Compiler as Incredibuild is not installed on this machine.
[2020.01.17-16.04.19:694][  0]LogShaderCompilers: Display: Using Local Shader Compiler.
[2020.01.17-16.04.21:059][  0]LogDerivedDataCache: Display: Max Cache Size: 512 MB
[2020.01.17-16.04.21:148][  0]LogDerivedDataCache: Loaded boot cache 0.09s 71MB C:/Users/torra/AppData/Local/UnrealEngine/4.20/DerivedDataCache/Boot.ddc.
[2020.01.17-16.04.21:148][  0]LogDerivedDataCache: Display: Loaded Boot cache: C:/Users/torra/AppData/Local/UnrealEngine/4.20/DerivedDataCache/Boot.ddc
[2020.01.17-16.04.21:148][  0]LogDerivedDataCache: FDerivedDataBackendGraph:  Pak pak cache file ../../../../../../Users/torra/Documents/Unreal Projects/ProjektAdamK/DerivedDataCache/DDC.ddp not found, will not use a pak cache.
[2020.01.17-16.04.21:148][  0]LogDerivedDataCache: Unable to find inner node Pak for hierarchical cache Hierarchy.
[2020.01.17-16.04.21:148][  0]LogDerivedDataCache: FDerivedDataBackendGraph:  CompressedPak pak cache file ../../../../../../Users/torra/Documents/Unreal Projects/ProjektAdamK/DerivedDataCache/Compressed.ddp not found, will not use a pak cache.
[2020.01.17-16.04.21:148][  0]LogDerivedDataCache: Unable to find inner node CompressedPak for hierarchical cache Hierarchy.
[2020.01.17-16.04.21:175][  0]LogDerivedDataCache: Display: Pak cache opened for reading ../../../Engine/DerivedDataCache/Compressed.ddp.
[2020.01.17-16.04.21:189][  0]LogDerivedDataCache: Using Local data cache path C:/Users/torra/AppData/Local/UnrealEngine/Common/DerivedDataCache: Writable
[2020.01.17-16.04.21:189][  0]LogDerivedDataCache: Shared data cache path not found in *engine.ini, will not use an Shared cache.
[2020.01.17-16.04.21:189][  0]LogDerivedDataCache: Unable to find inner node Shared for hierarchical cache Hierarchy.
[2020.01.17-16.04.21:219][  0]LogMaterial: Verifying Global Shaders for PCD3D_SM5
[2020.01.17-16.04.21:220][  0]LogSlate: Using FreeType 2.6.0
[2020.01.17-16.04.21:221][  0]LogSlate: SlateFontServices - WITH_FREETYPE: 1, WITH_HARFBUZZ: 1
[2020.01.17-16.04.21:346][  0]LogAssetRegistry: FAssetRegistry took 0.0297 seconds to start up
[2020.01.17-16.04.21:793][  0]LogInit: Selected Device Profile: [Windows]
[2020.01.17-16.04.22:017][  0]LogSimplygon: Simplygon DLL not present - disabling.
[2020.01.17-16.04.22:025][  0]LogMeshReduction: Using SimplygonSwarm for distributed automatic mesh merging
[2020.01.17-16.04.22:025][  0]LogMeshReduction: Using ProxyLODMeshReduction for automatic mesh merging
[2020.01.17-16.04.22:025][  0]LogMeshReduction: Using QuadricMeshReduction for automatic static mesh reduction
[2020.01.17-16.04.22:025][  0]LogMeshReduction: No automatic skeletal mesh reduction module available
[2020.01.17-16.04.22:053][  0]LogNetVersion: ProjektAdamK 1.0.0, NetCL: 4212847, EngineNetVer: 5, GameNetVer: 0 (Checksum: 1935249037)
[2020.01.17-16.04.22:699][  0]LogPackageLocalizationCache: Processed 11 localized package path(s) for 2 prioritized culture(s) in 0.094737 seconds
[2020.01.17-16.04.22:705][  0]LogUObjectArray: 38425 objects as part of root set at end of initial load.
[2020.01.17-16.04.22:705][  0]LogUObjectAllocator: 6690872 out of 0 bytes used by permanent object pool.
[2020.01.17-16.04.22:705][  0]LogUObjectArray: CloseDisregardForGC: 0/0 objects in disregard for GC pool
[2020.01.17-16.04.23:954][  0]LogTcpMessaging: Initializing TcpMessaging bridge
[2020.01.17-16.04.23:969][  0]LogUdpMessaging: Initializing bridge on interface 0.0.0.0:0 to multicast group 230.0.0.1:6666.
[2020.01.17-16.04.23:970][  0]FUdpSocketBuilder: Failed to subscribe UdpMessageMulticastSocket to multicast group 230.0.0.1
[2020.01.17-16.04.23:970][  0]FUdpSocketBuilder: Failed to create and initialize socket UdpMessageMulticastSocket (last error: 0)
[2020.01.17-16.04.23:970][  0]LogUdpMessaging: Warning: StartTransport failed to create multicast socket on 0.0.0.0:0, joined to 230.0.0.1:6666 with TTL 1
[2020.01.17-16.04.24:279][  0]SourceControl: Source control is disabled
[2020.01.17-16.04.24:280][  0]SourceControl: Source control is disabled
[2020.01.17-16.04.24:283][  0]SourceControl: Source control is disabled
[2020.01.17-16.04.24:287][  0]SourceControl: Source control is disabled
[2020.01.17-16.04.24:614][  0]LogAndroidPermission: UAndroidPermissionCallbackProxy::GetInstance
[2020.01.17-16.04.24:870][  0]LogOcInput: OculusInput pre-init called
[2020.01.17-16.04.25:040][  0]LogEngine: Initializing Engine...
[2020.01.17-16.04.25:041][  0]LogHMD: Failed to initialize OpenVR with code 110
[2020.01.17-16.04.25:044][  0]LogStats: UGameplayTagsManager::ConstructGameplayTagTree: ImportINI prefixes -  0.000 s
[2020.01.17-16.04.25:044][  0]LogStats: UGameplayTagsManager::ConstructGameplayTagTree: Construct from data asset -  0.000 s
[2020.01.17-16.04.25:044][  0]LogStats: UGameplayTagsManager::ConstructGameplayTagTree: ImportINI -  0.000 s
[2020.01.17-16.04.25:044][  0]LogStats: UGameplayTagsManager::ConstructGameplayTagTree: GameplayTagTreeChangedEvent.Broadcast -  0.000 s
[2020.01.17-16.04.25:644][  0]LogInit: Initializing FReadOnlyCVARCache
[2020.01.17-16.04.25:667][  0]LogAIModule: Creating AISystem for world Untitled
[2020.01.17-16.04.25:695][  0]LogInit: XAudio2 using 'Głośniki (Realtek(R) Audio)' : 2 channels at 48 kHz using 32 bits per sample (channel mask 0x3)
[2020.01.17-16.04.26:124][  0]LogInit: FAudioDevice initialized.
[2020.01.17-16.04.26:125][  0]LogNetVersion: Set ProjectVersion to 1.0.0.0. Version Checksum will be recalculated on next use.
[2020.01.17-16.04.26:313][  0]LogDerivedDataCache: Saved boot cache 0.19s 71MB C:/Users/torra/AppData/Local/UnrealEngine/4.20/DerivedDataCache/Boot.ddc.
[2020.01.17-16.04.26:339][  0]LogInit: Texture streaming: Enabled
[2020.01.17-16.04.26:394][  0]LogEngineSessionManager: EngineSessionManager initialized
[2020.01.17-16.04.26:441][  0]LogInit: Transaction tracking system initialized
[2020.01.17-16.04.26:504][  0]BlueprintLog: New page: Editor Load
[2020.01.17-16.04.26:703][  0]LocalizationService: Localization service is disabled
[2020.01.17-16.04.27:142][  0]LogCook: Display: Max memory allowance for cook 16384mb min free memory 0mb
[2020.01.17-16.04.27:142][  0]LogCook: Display: Mobile HDR setting 1
[2020.01.17-16.04.27:142][  0]LogGameplayTags: Display: UGameplayTagsManager::DoneAddingNativeTags. DelegateIsBound: 0
[2020.01.17-16.04.27:142][  0]LogStats: UGameplayTagsManager::ConstructGameplayTagTree: ImportINI prefixes -  0.000 s
[2020.01.17-16.04.27:142][  0]LogStats: UGameplayTagsManager::ConstructGameplayTagTree: Construct from data asset -  0.000 s
[2020.01.17-16.04.27:142][  0]LogStats: UGameplayTagsManager::ConstructGameplayTagTree: ImportINI -  0.000 s
[2020.01.17-16.04.27:142][  0]LogStats: UGameplayTagsManager::ConstructGameplayTagTree: GameplayTagTreeChangedEvent.Broadcast -  0.000 s
[2020.01.17-16.04.27:386][  0]LogFileCache: Scanning file cache for directory 'C:/Users/torra/Documents/Unreal Projects/ProjektAdamK/Content/' took 0.01s
[2020.01.17-16.04.27:386][  0]SourceControl: Source control is disabled
[2020.01.17-16.04.27:387][  0]Cmd: MAP LOAD FILE="../../../../../../Users/torra/Documents/Unreal Projects/ProjektAdamK/Content/StarterContent/Maps/Minimal_Default.umap" TEMPLATE=0 SHOWPROGRESS=1 FEATURELEVEL=3
[2020.01.17-16.04.27:387][  0]LightingResults: New page: Lighting Build
[2020.01.17-16.04.27:390][  0]MapCheck: New page: Map Check
[2020.01.17-16.04.27:390][  0]LightingResults: New page: Lighting Build
[2020.01.17-16.04.28:034][  0]LogAIModule: Creating AISystem for world Minimal_Default
[2020.01.17-16.04.28:061][  0]LogEditorServer: Finished looking for orphan Actors (0.000 secs)
[2020.01.17-16.04.28:123][  0]Cmd: MAP CHECKDEP NOCLEARLOG
[2020.01.17-16.04.28:203][  0]MapCheck: Map check complete: 0 Error(s), 0 Warning(s), took 79,077ms to complete.
[2020.01.17-16.04.28:203][  0]LogFileHelpers: Loading map 'Minimal_Default' took 0.816
[2020.01.17-16.04.28:315][  0]LogSlate: Updating window title bar state: overlay mode, drag disabled, window buttons hidden, title bar hidden
[2020.01.17-16.04.28:322][  0]LogSlate: Updating window title bar state: overlay mode, drag disabled, window buttons hidden, title bar hidden
[2020.01.17-16.04.28:329][  0]LogSlate: Updating window title bar state: overlay mode, drag disabled, window buttons hidden, title bar hidden
[2020.01.17-16.04.28:337][  0]LogSlate: Updating window title bar state: overlay mode, drag disabled, window buttons hidden, title bar hidden
[2020.01.17-16.04.28:345][  0]LogCollectionManager: Loaded 0 collections in 0.002545 seconds
[2020.01.17-16.04.28:398][  0]LogFileCache: Scanning file cache for directory 'C:/Users/torra/Documents/Unreal Projects/ProjektAdamK/Saved/Collections/' took 0.01s
[2020.01.17-16.04.28:398][  0]LogFileCache: Scanning file cache for directory 'C:/Users/torra/Documents/Unreal Projects/ProjektAdamK/Content/Developers/torra/Collections/' took 0.01s
[2020.01.17-16.04.28:398][  0]LogFileCache: Scanning file cache for directory 'C:/Users/torra/Documents/Unreal Projects/ProjektAdamK/Content/Collections/' took 0.01s
[2020.01.17-16.04.28:398][  0]LogCollectionManager: Rebuilt the GUID cache for 0 collections in 0.000001 seconds
[2020.01.17-16.04.28:431][  0]LogContentBrowser: Native class hierarchy populated in 0.0321 seconds. Added 2572 classes and 603 folders.
[2020.01.17-16.04.28:453][  0]LogContentBrowser: Native class hierarchy updated for 'WidgetCarousel' in 0.0005 seconds. Added 0 classes and 0 folders.
[2020.01.17-16.04.28:531][  0]LogContentBrowser: Native class hierarchy updated for 'AddContentDialog' in 0.0002 seconds. Added 0 classes and 0 folders.
[2020.01.17-16.04.28:536][  0]LogContentBrowser: Native class hierarchy updated for 'SceneOutliner' in 0.0002 seconds. Added 1 classes and 2 folders.
[2020.01.17-16.04.28:550][  0]LogSlate: Took 0.000215 seconds to synchronously load lazily loaded font '../../../Engine/Content/Slate/Fonts/Roboto-Regular.ttf' (155K)
[2020.01.17-16.04.28:552][  0]LogSlate: Took 0.000215 seconds to synchronously load lazily loaded font '../../../Engine/Content/Slate/Fonts/Roboto-Bold.ttf' (160K)
[2020.01.17-16.04.28:557][  0]LogSlate: Took 0.000192 seconds to synchronously load lazily loaded font '../../../Engine/Content/Editor/Slate/Fonts/FontAwesome.ttf' (139K)
[2020.01.17-16.04.28:653][  0]LogRenderer: Reallocating scene render targets to support 964x488 Format 10 NumSamples 1 (Frame:1).
[2020.01.17-16.04.28:904][  0]LogContentBrowser: Native class hierarchy updated for 'HierarchicalLODOutliner' in 0.0003 seconds. Added 0 classes and 0 folders.
[2020.01.17-16.04.28:904][  0]LogLoad: (Engine Initialization) Total time: 17.78 seconds
[2020.01.17-16.04.28:904][  0]LogLoad: (Engine Initialization) Total Blueprint compile time: 0.00 seconds
[2020.01.17-16.04.28:945][  0]LogContentStreaming: Texture pool size now 1000 MB
[2020.01.17-16.04.28:955][  0]LogSlate: Took 0.000177 seconds to synchronously load lazily loaded font '../../../Engine/Content/Slate/Fonts/Roboto-Light.ttf' (167K)
[2020.01.17-16.04.28:969][  1]LogAssetRegistry: Asset discovery search completed in 7.6447 seconds
[2020.01.17-16.04.28:970][  1]LogCollectionManager: Rebuilt the object cache for 0 collections in 0.000000 seconds (found 0 objects)
[2020.01.17-16.04.28:970][  1]LogCollectionManager: Fixed up redirectors for 0 collections in 0.000043 seconds (updated 0 objects)
[2020.01.17-16.04.38:922][252]LogSlate: FSceneViewport::OnFocusLost() reason 0
[2020.01.17-16.05.27:822][472]LogSlate: Window 'Open Level' being destroyed
[2020.01.17-16.05.29:032][498]LogHttp: Warning: 000001DFA41B65C0: request failed, libcurl error: 6 (Couldn't resolve host name)
[2020.01.17-16.05.29:032][498]LogHttp: Warning: 000001DFA41B65C0: libcurl info message cache 0 (Could not resolve host: datarouter.ol.epicgames.com)
[2020.01.17-16.05.29:032][498]LogHttp: Warning: 000001DFA41B65C0: libcurl info message cache 1 (Closing connection 0)
[2020.01.17-16.05.42:677][764]LogSlate: Window 'New Level' being destroyed
[2020.01.17-16.05.42:689][764]Cmd: MAP LOAD FILE="../../../Engine/Content/Maps/Templates/Template_Default.umap" TEMPLATE=1 SHOWPROGRESS=1 FEATURELEVEL=3
[2020.01.17-16.05.42:693][764]LogSlate: Took 0.000224 seconds to synchronously load lazily loaded font '../../../Engine/Content/Slate/Fonts/Roboto-Light.ttf' (167K)
[2020.01.17-16.05.42:716][764]LightingResults: New page: Lighting Build
[2020.01.17-16.05.42:717][764]LoadErrors: New page: Loading map: Template_Default.umap
[2020.01.17-16.05.42:721][764]MapCheck: New page: Map Check
[2020.01.17-16.05.42:721][764]LightingResults: New page: Lighting Build
[2020.01.17-16.05.42:774][764]LogAIModule: Creating AISystem for world Untitled_1
[2020.01.17-16.05.42:786][764]LogEditorServer: Finished looking for orphan Actors (0.000 secs)
[2020.01.17-16.05.42:820][764]Cmd: MAP CHECKDEP NOCLEARLOG
[2020.01.17-16.05.42:899][764]MapCheck: Map check complete: 0 Error(s), 0 Warning(s), took 78,406ms to complete.
[2020.01.17-16.05.42:899][764]LogFileHelpers: Loading map 'Template_Default' took 0.212
[2020.01.17-16.06.04:662][292]LogAssetEditorManager: Opening Asset editor for LevelScriptBlueprint /Temp/Untitled_1.Untitled_1:PersistentLevel.Untitled
[2020.01.17-16.06.05:777][292]LogContentBrowser: Native class hierarchy updated for 'BlueprintGraph' in 0.0023 seconds. Added 116 classes and 0 folders.
[2020.01.17-16.06.07:290][292]LogSlate: Took 0.004323 seconds to synchronously load lazily loaded font '../../../Engine/Content/Slate/Fonts/Roboto-BoldCondensed.ttf' (158K)
[2020.01.17-16.06.28:357][709]LogD3D11RHI: Error: Result failed 
 at D:\Build\++UE4\Sync\Engine\Source\Runtime\Windows\D3D11RHI\Private\D3D11Viewport.cpp:304 
 with error DXGI_ERROR_DEVICE_REMOVED DXGI_ERROR_DEVICE_HUNG
[2020.01.17-16.06.28:357][709]LogD3D11RHI: [Aftermath] GDynamicRHI=000001DF93D74180, GDX11NVAfterMathEnabled=0, Result=0xFFFFFFFF, bDeviceActive=0
[2020.01.17-16.06.28:357][709]LogWindows: Windows GetLastError: Operacja ukończona pomyślnie. (0)
[2020.01.17-16.06.33:220][709]LogWindows: Windows GetLastError: Operacja ukończona pomyślnie. (0)
[2020.01.17-16.06.33:220][709]LogWindows: Error: === Critical error: ===
[2020.01.17-16.06.33:220][709]LogWindows: Error: 
[2020.01.17-16.06.33:220][709]LogWindows: Error: Fatal error: [File:D:\Build\++UE4\Sync\Engine\Source\Runtime\RenderCore\Private\RenderingThread.cpp] [Line: 826] 
[2020.01.17-16.06.33:220][709]LogWindows: Error: Rendering thread exception:
[2020.01.17-16.06.33:220][709]LogWindows: Error: Fatal error: [File:D:\Build\++UE4\Sync\Engine\Source\Runtime\Windows\D3D11RHI\Private\D3D11Util.cpp] [Line: 200] 
[2020.01.17-16.06.33:220][709]LogWindows: Error: Unreal Engine is exiting due to D3D device being lost. (Error: 0x887A0006 - 'HUNG')
[2020.01.17-16.06.33:220][709]LogWindows: Error: 
[2020.01.17-16.06.33:220][709]LogWindows: Error: 
[2020.01.17-16.06.33:221][709]LogWindows: Error: [Callstack] 0x00007ffa96c49159 KERNELBASE.dll!UnknownFunction []
[2020.01.17-16.06.33:221][709]LogWindows: Error: [Callstack] 0x00007ffa6c116850 UE4Editor-ApplicationCore.dll!UnknownFunction []
[2020.01.17-16.06.33:221][709]LogWindows: Error: [Callstack] 0x00007ffa5b0062fc UE4Editor-Core.dll!UnknownFunction []
[2020.01.17-16.06.33:221][709]LogWindows: Error: [Callstack] 0x00007ffa5af951db UE4Editor-Core.dll!UnknownFunction []
[2020.01.17-16.06.33:221][709]LogWindows: Error: [Callstack] 0x00007ffa2292adea UE4Editor-D3D11RHI.dll!UnknownFunction []
[2020.01.17-16.06.33:221][709]LogWindows: Error: [Callstack] 0x00007ffa2292e6e4 UE4Editor-D3D11RHI.dll!UnknownFunction []
[2020.01.17-16.06.33:221][709]LogWindows: Error: [Callstack] 0x00007ffa2290d0aa UE4Editor-D3D11RHI.dll!UnknownFunction []
[2020.01.17-16.06.33:221][709]LogWindows: Error: [Callstack] 0x00007ffa2291ab70 UE4Editor-D3D11RHI.dll!UnknownFunction []
[2020.01.17-16.06.33:221][709]LogWindows: Error: [Callstack] 0x00007ffa63c2b106 UE4Editor-RHI.dll!UnknownFunction []
[2020.01.17-16.06.33:221][709]LogWindows: Error: [Callstack] 0x00007ffa226c1b42 UE4Editor-SlateRHIRenderer.dll!UnknownFunction []
[2020.01.17-16.06.33:221][709]LogWindows: Error: [Callstack] 0x00007ffa226c7d0a UE4Editor-SlateRHIRenderer.dll!UnknownFunction []
[2020.01.17-16.06.33:221][709]LogWindows: Error: [Callstack] 0x00007ffa5ae21f92 UE4Editor-Core.dll!UnknownFunction []
[2020.01.17-16.06.33:221][709]LogWindows: Error: [Callstack] 0x00007ffa5ae22456 UE4Editor-Core.dll!UnknownFunction []
[2020.01.17-16.06.33:221][709]LogWindows: Error: [Callstack] 0x00007ffa842e75f9 UE4Editor-RenderCore.dll!UnknownFunction []
[2020.01.17-16.06.33:221][709]LogWindows: Error: [Callstack] 0x00007ffa842e8574 UE4Editor-RenderCore.dll!UnknownFunction []
[2020.01.17-16.06.33:221][709]LogWindows: Error: [Callstack] 0x00007ffa5b266b7c UE4Editor-Core.dll!UnknownFunction []
[2020.01.17-16.06.33:221][709]LogWindows: Error: [Callstack] 0x00007ffa5b2617c7 UE4Editor-Core.dll!UnknownFunction []
[2020.01.17-16.06.33:221][709]LogWindows: Error: [Callstack] 0x00007ffa99a07974 KERNEL32.DLL!UnknownFunction []
[2020.01.17-16.06.33:222][709]LogWindows: Error: [Callstack] 0x00007ffa9a67a271 ntdll.dll!UnknownFunction []
[2020.01.17-16.06.33:222][709]LogWindows: Error: 
[2020.01.17-16.06.33:222][709]LogWindows: Error: 
[2020.01.17-16.06.33:222][709]LogWindows: Error: 
[2020.01.17-16.06.33:222][709]LogWindows: Error: 
[2020.01.17-16.06.33:256][709]LogExit: Executing StaticShutdownAfterError
[2020.01.17-16.06.33:265][709]LogWindows: FPlatformMisc::RequestExit(1)
[2020.01.17-16.06.33:274][709]Log file closed, 01/17/20 17:06:33
